C251 COMPILER V5.60.0,  seekfree_assistant                                                 25/02/26  13:17:01  PAGE 1   


C251 COMPILER V5.60.0, COMPILATION OF MODULE seekfree_assistant
OBJECT MODULE PLACED IN .\out_file\seekfree_assistant.obj
COMPILER INVOKED BY: D:\keil\C251\BIN\C251.EXE ..\..\libraries\zf_components\seekfree_assistant.c LARGE NOALIAS WARNINGL
                    -EVEL(3) OPTIMIZE(0,SIZE) BROWSE INCDIR(..\..\libraries\zf_common;..\..\libraries\zf_components;..\..\libraries\zf_device
                    -;..\..\libraries\zf_driver;..\user;..\code) DEBUG PRINT(.\out_file\seekfree_assistant.lst) OBJECT(.\out_file\seekfree_as
                    -sistant.obj) 

stmt  level    source

    1          /********************************************************************************************************
             -*************
    2          * STC32G Opensourec Library МДЃЈSTC32G ПЊдДПтЃЉЪЧвЛИіЛљгкЙйЗН SDK НгПкЕФЕкШ§ЗНПЊдДПт
    3          * Copyright (c) 2022 SEEKFREE ж№ЗЩПЦММ
    4          *
    5          * БОЮФМўЪЧSTC ПЊдДПтЕФвЛВПЗж
    6          *
    7          * STC32G ПЊдДПт ЪЧУтЗбШэМў
    8          * ФњПЩвдИљОнздгЩШэМўЛљН№ЛсЗЂВМЕФ GPLЃЈGNU General Public LicenseЃЌМД GNUЭЈгУЙЋЙВаэПЩжЄЃЉЕФЬѕПю
    9          * МД GPL ЕФЕк3АцЃЈМД GPL3.0ЃЉЛђЃЈФњбЁдёЕФЃЉШЮКЮКѓРДЕФАцБОЃЌжиаТЗЂВМКЭ/ЛђаоИФЫќ
   10          *
   11          * БОПЊдДПтЕФЗЂВМЪЧЯЃЭћЫќФмЗЂЛгзїгУЃЌЕЋВЂЮДЖдЦфзїШЮКЮЕФБЃжЄ
   12          * ЩѕжСУЛгавўКЌЕФЪЪЯњадЛђЪЪКЯЬиЖЈгУЭОЕФБЃжЄ
   13          * ИќЖрЯИНкЧыВЮМћ GPL
   14          *
   15          * ФњгІИУдкЪеЕНБОПЊдДПтЕФЭЌЪБЪеЕНвЛЗн GPL ЕФИББО
   16          * ШчЙћУЛгаЃЌЧыВЮдФ<https://www.gnu.org/licenses/>
   17          *
   18          * ЖюЭтзЂУїЃК
   19          * БОПЊдДПтЪЙгУ GPL3.0 ПЊдДаэПЩжЄа­вщ вдЩЯаэПЩЩъУїЮЊвыЮФАцБО
   20          * аэПЩЩъУїгЂЮФАцдк libraries/doc ЮФМўМаЯТЕФ GPL3_permission_statement.txt ЮФМўжа
   21          * аэПЩжЄИББОдк libraries ЮФМўМаЯТ МДИУЮФМўМаЯТЕФ LICENSE ЮФМў
   22          * ЛЖг­ИїЮЛЪЙгУВЂДЋВЅБОГЬађ ЕЋаоИФФкШнЪББиаыБЃСєж№ЗЩПЦММЕФАцШЈЩљУїЃЈМДБОЩљУїЃЉ
   23          *
   24          * ЮФМўУћГЦ          
   25          * ЙЋЫОУћГЦ          ГЩЖМж№ЗЩПЦММгаЯоЙЋЫО
   26          * АцБОаХЯЂ          ВщПД libraries/doc ЮФМўМаФк version ЮФМў АцБОЫЕУї
   27          * ПЊЗЂЛЗОГ          MDK FOR C251
   28          * ЪЪгУЦНЬЈ          STC32G
   29          * ЕъЦЬСДНг          https://seekfree.taobao.com/
   30          *
   31          * аоИФМЧТМ
   32          * ШеЦк              зїеп           БИзЂ
   33          * 2024-08-01        ДѓW            first version
   34          *********************************************************************************************************
             -***********/
   35          
   36          
   37          #include "seekfree_assistant.h"
   38          
   39          #pragma warning disable = 183
   40          
   41          static seekfree_assistant_camera_struct         seekfree_assistant_camera_data = {0};   
   42          seekfree_assistant_oscilloscope_struct          seekfree_assistant_oscilloscope_data = {0};              
             -          // ащФтЪОВЈЦїЪ§Он
   43          static seekfree_assistant_camera_dot_struct      seekfree_assistant_camera_dot_data = {0};               
             -           // ЭМЯёЩЯЮЛЛњДђЕуа­вщЪ§Он
   44          static seekfree_assistant_camera_buffer_struct   seekfree_assistant_camera_buffer = {0};                 
             -           // ЭМЯёвдМАБпНчЛКГхЧјаХЯЂ
   45          
   46          static fifo_struct      seekfree_assistant_fifo = {0};
   47          static uint8            seekfree_assistant_buffer[SEEKFREE_ASSISTANT_BUFFER_SIZE] = {0};                        /
             -/ Ъ§ОнДцЗХЪ§зщ
   48          float                   seekfree_assistant_parameter[SEEKFREE_ASSISTANT_SET_PARAMETR_COUNT] = {0};      //
             - БЃДцНгЪеЕНЕФВЮЪ§
   49          vuint8                                  seekfree_assistant_parameter_update_flag[SEEKFREE_ASSISTANT_SET_PARAMETR_COUNT] = {0};
C251 COMPILER V5.60.0,  seekfree_assistant                                                 25/02/26  13:17:01  PAGE 2   

   50          //-------------------------------------------------------------------------------------------------------
             -------------
   51          // КЏЪ§МђНщ     ж№ЗЩжњЪжЧѓКЭКЏЪ§
   52          // ВЮЪ§ЫЕУї     *buffer         ашвЊаЃбщЕФЪ§ОнЕижЗ
   53          // ВЮЪ§ЫЕУї     length          аЃбщГЄЖШ
   54          // ЗЕЛиВЮЪ§     uint8           КЭжЕ
   55          // ЪЙгУЪОР§
   56          //-------------------------------------------------------------------------------------------------------
             -------------
   57          static uint8 seekfree_assistant_sum (uint8 *buffer, uint32 length)
   58          {
   59   1          uint8 temp_sum = 0;
   60   1      
   61   1          while(length--)
   62   1          {
   63   2              temp_sum += *buffer++;
   64   2          }
   65   1      
   66   1          return temp_sum;
   67   1      }
   68          
   69          //-------------------------------------------------------------------------------------------------------
             -------------
   70          // КЏЪ§МђНщ     ж№ЗЩжњЪж ЭМЯёЗЂЫЭКЏЪ§
   71          // ВЮЪ§ЫЕУї     camera_type     ЩуЯёЭЗРраЭ
   72          // ВЮЪ§ЫЕУї     *image_addr     ЭМЯёЪзЕижЗ
   73          // ВЮЪ§ЫЕУї     boundary_num    ЭМЯёжаАќКЌБпНчЪ§СП
   74          // ВЮЪ§ЫЕУї     width           ЭМЯёПэЖШ
   75          // ВЮЪ§ЫЕУї     height          ЭМЯёИпЖШ
   76          // ЗЕЛиВЮЪ§     void
   77          // ЪЙгУЪОР§
   78          //-------------------------------------------------------------------------------------------------------
             -------------
   79          void seekfree_assistant_camera_data_send (seekfree_assistant_image_type_enum camera_type, void *image_add
             -r, uint8 boundary_num, uint16 width, uint16 height)
   80          {
   81   1          uint32 image_size = 0;
   82   1      
   83   1          seekfree_assistant_camera_data.head           = SEEKFREE_ASSISTANT_SEND_HEAD;
   84   1          seekfree_assistant_camera_data.function       = SEEKFREE_ASSISTANT_CAMERA_FUNCTION;
   85   1          seekfree_assistant_camera_data.camera_type    = (camera_type << 5) | ((image_addr != NULL ? 0 : 1) <<
             - 4) | boundary_num;
   86   1          // аДШыАќГЄЖШаХЯЂЃЌНіАќКЌа­вщВПЗж
   87   1          seekfree_assistant_camera_data.length         = sizeof(seekfree_assistant_camera_struct);
   88   1          seekfree_assistant_camera_data.image_width    = ((((uint16)width << 8)&0xFF00) | ((uint16)width >> 8)
             -);
   89   1          seekfree_assistant_camera_data.image_height   = ((((uint16)height << 8)&0xFF00) | ((uint16)height >> 
             -8));
   90   1      
   91   1          // ЪзЯШЗЂЫЭжЁЭЗЁЂЙІФмЁЂЩуЯёЭЗРраЭЁЂвдМАПэЖШИпЖШЕШаХЯЂ
   92   1          seekfree_assistant_transfer_callback((const uint8 *)&seekfree_assistant_camera_data, sizeof(seekfree_
             -assistant_camera_struct));
   93   1      
   94   1          // ИљОнЩуЯёЭЗРраЭМЦЫуЭМЯёДѓаЁ
   95   1          switch(camera_type)
   96   1          {
   97   2              case SEEKFREE_ASSISTANT_OV7725_BIN:
   98   2              {
   99   3                  image_size = width * height / 8;
  100   3              }break;
  101   2      
  102   2              case SEEKFREE_ASSISTANT_MT9V03X:
  103   2              {
  104   3                  image_size = width * height;
  105   3              }break;
  106   2      
C251 COMPILER V5.60.0,  seekfree_assistant                                                 25/02/26  13:17:01  PAGE 3   

  107   2              case SEEKFREE_ASSISTANT_SCC8660:
  108   2              {
  109   3                  image_size = width * height * 2;
  110   3              }break;
  111   2          }
  112   1      
  113   1          // ЗЂЫЭЭМЯёЪ§Он
  114   1          if(NULL != image_addr)
  115   1          {
  116   2              seekfree_assistant_transfer_callback(image_addr, image_size);
  117   2          }
  118   1      }
  119          
  120          //-------------------------------------------------------------------------------------------------------
             -------------
  121          // КЏЪ§МђНщ     ж№ЗЩжњЪжЭМЯёаХЯЂХфжУКЏЪ§
  122          // ВЮЪ§ЫЕУї     camera_type     ЭМЯёРраЭ
  123          // ВЮЪ§ЫЕУї     image_addr      ЭМЯёЕижЗ    ШчЙћДЋЕнNULLВЮЪ§дђБэЪОжЛЗЂЫЭБпЯпаХЯЂЕНЩЯЮЛЛњ
  124          // ВЮЪ§ЫЕУї     width           ЭМЯёПэЖШ
  125          // ВЮЪ§ЫЕУї     height          ЭМЯёИпЖШ
  126          // ЗЕЛиВЮЪ§     void
  127          // ЪЙгУЪОР§                     seekfree_assistant_camera_information_config(SEEKFREE_ASSISTANT_MT9V03X, 
             -mt9v03x_image[0], MT9V03X_W, MT9V03X_H);
  128          // БИзЂаХЯЂ
  129          //-------------------------------------------------------------------------------------------------------
             -------------
  130          void seekfree_assistant_camera_information_config (seekfree_assistant_image_type_enum camera_type, void *
             -image_addr, uint16 width, uint16 height)
  131          {
  132   1          seekfree_assistant_camera_dot_data.head       = SEEKFREE_ASSISTANT_SEND_HEAD;
  133   1          seekfree_assistant_camera_dot_data.function   = SEEKFREE_ASSISTANT_CAMERA_DOT_FUNCTION;
  134   1          // аДШыАќГЄЖШаХЯЂ
  135   1          seekfree_assistant_camera_dot_data.length     = sizeof(seekfree_assistant_camera_dot_struct);
  136   1      
  137   1          seekfree_assistant_camera_buffer.camera_type  = camera_type;
  138   1          seekfree_assistant_camera_buffer.image_addr   = image_addr;
  139   1          seekfree_assistant_camera_buffer.width        = width;
  140   1          seekfree_assistant_camera_buffer.height       = height;
  141   1      }
  142          
  143          //-------------------------------------------------------------------------------------------------------
             -------------
  144          // КЏЪ§МђНщ     ж№ЗЩжњЪж ащФтЪОВЈЦїЗЂЫЭКЏЪ§
  145          // ВЮЪ§ЫЕУї     *seekfree_assistant_oscilloscope  ЪОВЈЦїЪ§ОнНсЙЙЬх
  146          // ЗЕЛиВЮЪ§     void
  147          // ЪЙгУЪОР§     seekfree_assistant_oscilloscope_send(&seekfree_assistant_oscilloscope_data);
  148          //-------------------------------------------------------------------------------------------------------
             -------------
  149          void seekfree_assistant_oscilloscope_send (seekfree_assistant_oscilloscope_struct *seekfree_assistant_osc
             -illoscope)
  150          {
  151   1          uint8 packet_size = 0;
  152   1              uint8 i = 0;
  153   1              seekfree_assistant_oscilloscope_struct temp_oscilloscope = {0};
  154   1              
  155   1              temp_oscilloscope.channel_num = seekfree_assistant_oscilloscope->channel_num & 0x0f;
  156   1              
  157   1              // гЩгкДѓаЁЖЫВЛЦЅХфЃЌЫљвдашвЊНЛЛЛЁЃ
  158   1              for(i = 0; i < temp_oscilloscope.channel_num; i++)
  159   1              {
  160   2                      ((uint8 *)&temp_oscilloscope.dat[i])[0] = ((uint8 *)&seekfree_assistant_oscilloscope->dat[i])[3];
  161   2                      ((uint8 *)&temp_oscilloscope.dat[i])[1] = ((uint8 *)&seekfree_assistant_oscilloscope->dat[i])[2];
  162   2                      ((uint8 *)&temp_oscilloscope.dat[i])[2] = ((uint8 *)&seekfree_assistant_oscilloscope->dat[i])[1];
  163   2                      ((uint8 *)&temp_oscilloscope.dat[i])[3] = ((uint8 *)&seekfree_assistant_oscilloscope->dat[i])[0];
  164   2              }
  165   1      
C251 COMPILER V5.60.0,  seekfree_assistant                                                 25/02/26  13:17:01  PAGE 4   

  166   1          // жЁЭЗ
  167   1          temp_oscilloscope.head         = SEEKFREE_ASSISTANT_SEND_HEAD;
  168   1      
  169   1          // аДШыАќГЄЖШаХЯЂ
  170   1          packet_size                     = sizeof(temp_oscilloscope) - (SEEKFREE_ASSISTANT_SET_OSCILLOSCOPE_CO
             -UNT - temp_oscilloscope.channel_num) * 4;
  171   1          temp_oscilloscope.length       = packet_size;
  172   1      
  173   1          // аДШыЙІФмзжгыЭЈЕРЪ§СП
  174   1          temp_oscilloscope.channel_num |= SEEKFREE_ASSISTANT_CAMERA_OSCILLOSCOPE;
  175   1      
  176   1          // КЭаЃбщМЦЫу
  177   1          temp_oscilloscope.check_sum    = 0;
  178   1          temp_oscilloscope.check_sum    = seekfree_assistant_sum((uint8 *)&temp_oscilloscope, packet_size);
  179   1      
  180   1          // Ъ§ОндкЕїгУБОКЏЪ§жЎЧАЃЌгЩгУЛЇНЋашвЊЗЂЫЭЕФЪ§ОнаДШыtemp_oscilloscope.data[]
  181   1      
  182   1          seekfree_assistant_transfer_callback((const uint8 *)&temp_oscilloscope, packet_size);
  183   1      }
  184          
  185          void seekfree_assistant_camera_dot_send (seekfree_assistant_camera_buffer_struct *buffer)
  186          {
  187   1          uint8  i;
  188   1          uint16 dot_bytes = 0;   // ЕузжНкЪ§СП
  189   1      
  190   1          dot_bytes = seekfree_assistant_camera_dot_data.dot_num;
  191   1              dot_bytes = ((((uint16)dot_bytes << 8)&0xFF00) | ((uint16)dot_bytes >> 8));
  192   1          if(seekfree_assistant_camera_dot_data.dot_type & (1 << 5))
  193   1          {
  194   2              dot_bytes *= 2;
  195   2          }
  196   1      
  197   1          // ЪзЯШЗЂЫЭжЁЭЗЁЂЙІФмЁЂБпНчБрКХЁЂзјБъГЄЖШЁЂЕуИіЪ§
  198   1          seekfree_assistant_transfer_callback((const uint8 *)&seekfree_assistant_camera_dot_data, sizeof(seekf
             -ree_assistant_camera_dot_struct));
  199   1      
  200   1          for(i=0; i < SEEKFREE_ASSISTANT_CAMERA_MAX_BOUNDARY; i++)
  201   1          {
  202   2              // ХаЖЯЪЧЗёЗЂЫЭКсзјБъЪ§Он
  203   2              if(NULL != buffer->boundary_x[i])
  204   2              {
  205   3                  seekfree_assistant_transfer_callback((const uint8 *)buffer->boundary_x[i], dot_bytes);
  206   3              }
  207   2      
  208   2              // ХаЖЯЪЧЗёЗЂЫЭзнзјБъЪ§Он
  209   2              if(NULL != buffer->boundary_y[i])
  210   2              {
  211   3                  // ШчЙћУЛгазнзјБъЪ§ОнЃЌдђБэЪОУПвЛаажЛгавЛИіБпНч
  212   3                  // жИЖЈСЫКсзнзјБъЪ§ОнЃЌетжжЗНЪНПЩвдЪЕЯжЭЌвЛааЖрИіБпНчЕФЧщПіЃЌР§ШчЫбЯпЫуЗЈФмЙЛЫбЫїГіЛиЭфЁЃ
  213   3                  seekfree_assistant_transfer_callback((const uint8 *)buffer->boundary_y[i], dot_bytes);
  214   3              }
  215   2          }
  216   1      }
  217          
  218          //-------------------------------------------------------------------------------------------------------
             -------------
  219          // КЏЪ§МђНщ     ж№ЗЩжњЪжЭМЯёБпЯпЗЂЫЭХфжУКЏЪ§
  220          // ВЮЪ§ЫЕУї     boundary_type   БпНчРраЭ
  221          // ВЮЪ§ЫЕУї     dot_num         вЛЬѕБпНчгаЖрЩйИіЕу
  222          // ВЮЪ§ЫЕУї     dot_x1          ДцЗХБпЯп1КсзјБъЕФЕижЗ  ШчЙћДЋЕнNULLВЮЪ§дђБэЪОВЛЗЂЫЭБпЯп1
  223          // ВЮЪ§ЫЕУї     dot_x2          ДцЗХБпЯп2КсзјБъЕФЕижЗ  ШчЙћДЋЕнNULLВЮЪ§дђБэЪОВЛЗЂЫЭБпЯп2
  224          // ВЮЪ§ЫЕУї     dot_x3          ДцЗХБпЯп3КсзјБъЕФЕижЗ  ШчЙћДЋЕнNULLВЮЪ§дђБэЪОВЛЗЂЫЭБпЯп3
  225          // ВЮЪ§ЫЕУї     dot_y1          ДцЗХБпЯп1знзјБъЕФЕижЗ  ШчЙћДЋЕнNULLВЮЪ§дђБэЪОВЛЗЂЫЭБпЯп1
  226          // ВЮЪ§ЫЕУї     dot_y2          ДцЗХБпЯп2знзјБъЕФЕижЗ  ШчЙћДЋЕнNULLВЮЪ§дђБэЪОВЛЗЂЫЭБпЯп2
  227          // ВЮЪ§ЫЕУї     dot_y3          ДцЗХБпЯп3знзјБъЕФЕижЗ  ШчЙћДЋЕнNULLВЮЪ§дђБэЪОВЛЗЂЫЭБпЯп3
  228          // ЗЕЛиВЮЪ§     void
C251 COMPILER V5.60.0,  seekfree_assistant                                                 25/02/26  13:17:01  PAGE 5   

  229          // ЪЙгУЪОР§                     seekfree_assistant_camera_config(X_BOUNDARY, MT9V03X_H, x1_boundary, x2_b
             -oundary, x3_boundary, NULL, NULL, NULL);     // ЭМЯёЗЂЫЭЪБАќКЌШ§ЬѕБпЯпЃЌБпЯпжЛгаКсзјБъ
  230          // ЪЙгУЪОР§                     seekfree_assistant_camera_config(Y_BOUNDARY, MT9V03X_W, NULL, NULL, NULL,
             - y1_boundary, y2_boundary, y3_boundary);     // ЭМЯёЗЂЫЭЪБАќКЌШ§ЬѕБпЯпЃЌБпЯпжЛгазнзјБъ
  231          // ЪЙгУЪОР§                     seekfree_assistant_camera_config(XY_BOUNDARY, 160, xy_x1_boundary, xy_x2_
             -boundary, xy_x3_boundary, xy_y1_boundary, xy_y2_boundary, xy_y3_boundary);   // ЭМЯёЗЂЫЭЪБАќКЌШ§ЬѕБпЯпЃЌБпЯпАќКЌКсзнзјБъ
  232          // БИзЂаХЯЂ
  233          //-------------------------------------------------------------------------------------------------------
             -------------
  234          void seekfree_assistant_camera_boundary_config (seekfree_assistant_boundary_type_enum boundary_type, uint
             -16 dot_num, void *dot_x1, void *dot_x2, void *dot_x3, void *dot_y1, void *dot_y2, void *dot_y3)
  235          {
  236   1          uint8 i = 0;
  237   1          uint8 boundary_num = 0;
  238   1          uint8 boundary_data_type = 0;
  239   1      
  240   1          seekfree_assistant_camera_dot_data.dot_num    = ((((uint16)dot_num << 8)&0xFF00) | ((uint16)dot_num >
             -> 8));;
  241   1          seekfree_assistant_camera_dot_data.valid_flag = 0;
  242   1          for(i = 0; i < 3; i++)
  243   1          {
  244   2              seekfree_assistant_camera_buffer.boundary_x[i] = NULL;
  245   2              seekfree_assistant_camera_buffer.boundary_y[i] = NULL;
  246   2          }
  247   1      
  248   1          switch(boundary_type)
  249   1          {
  250   2              case X_BOUNDARY:
  251   2              {
  252   3                  if(NULL != dot_x1)
  253   3                  {
  254   4                      boundary_num++;
  255   4                      seekfree_assistant_camera_dot_data.valid_flag |= 1 << 0;
  256   4                      seekfree_assistant_camera_buffer.boundary_x[i++] = dot_x1;
  257   4                  }
  258   3                  if(NULL != dot_x2)
  259   3                  {
  260   4                      boundary_num++;
  261   4                      seekfree_assistant_camera_dot_data.valid_flag |= 1 << 1;
  262   4                      seekfree_assistant_camera_buffer.boundary_x[i++] = dot_x2;
  263   4                  }
  264   3                  if(NULL != dot_x3)
  265   3                  {
  266   4                      boundary_num++;
  267   4                      seekfree_assistant_camera_dot_data.valid_flag |= 1 << 2;
  268   4                      seekfree_assistant_camera_buffer.boundary_x[i++] = dot_x3;
  269   4                  }
  270   3      
  271   3                  if(255 < seekfree_assistant_camera_buffer.height)
  272   3                  {
  273   4                      boundary_data_type = 1;
  274   4                  }
  275   3              }break;
  276   2      
  277   2              case Y_BOUNDARY:
  278   2              {
  279   3                  if(NULL != dot_y1)
  280   3                  {
  281   4                      boundary_num++;
  282   4                      seekfree_assistant_camera_dot_data.valid_flag |= 1 << 0;
  283   4                      seekfree_assistant_camera_buffer.boundary_y[i++] = dot_y1;
  284   4                  }
  285   3                  if(NULL != dot_y2)
  286   3                  {
  287   4                      boundary_num++;
  288   4                      seekfree_assistant_camera_dot_data.valid_flag |= 1 << 1;
C251 COMPILER V5.60.0,  seekfree_assistant                                                 25/02/26  13:17:01  PAGE 6   

  289   4                      seekfree_assistant_camera_buffer.boundary_y[i++] = dot_y2;
  290   4                  }
  291   3                  if(NULL != dot_y3)
  292   3                  {
  293   4                      boundary_num++;
  294   4                      seekfree_assistant_camera_dot_data.valid_flag |= 1 << 2;
  295   4                      seekfree_assistant_camera_buffer.boundary_y[i++] = dot_y3;
  296   4                  }
  297   3      
  298   3                  if(255 < seekfree_assistant_camera_buffer.width)
  299   3                  {
  300   4                      boundary_data_type = 1;
  301   4                  }
  302   3              }break;
  303   2      
  304   2              case XY_BOUNDARY:
  305   2              {
  306   3                  if((NULL != dot_x1) && (NULL != dot_y1))
  307   3                  {
  308   4                      boundary_num++;
  309   4                      seekfree_assistant_camera_dot_data.valid_flag |= 1 << 0;
  310   4                      seekfree_assistant_camera_buffer.boundary_x[i]   = dot_x1;
  311   4                      seekfree_assistant_camera_buffer.boundary_y[i++] = dot_y1;
  312   4                  }
  313   3                  if((NULL != dot_x2) && (NULL != dot_y2))
  314   3                  {
  315   4                      boundary_num++;
  316   4                      seekfree_assistant_camera_dot_data.valid_flag |= 1 << 1;
  317   4                      seekfree_assistant_camera_buffer.boundary_x[i]   = dot_x2;
  318   4                      seekfree_assistant_camera_buffer.boundary_y[i++] = dot_y2;
  319   4                  }
  320   3                  if((NULL != dot_x3) && (NULL != dot_y3))
  321   3                  {
  322   4                      boundary_num++;
  323   4                      seekfree_assistant_camera_dot_data.valid_flag |= 1 << 2;
  324   4                      seekfree_assistant_camera_buffer.boundary_x[i]   = dot_x3;
  325   4                      seekfree_assistant_camera_buffer.boundary_y[i++] = dot_y3;
  326   4                  }
  327   3      
  328   3                  if((255 < seekfree_assistant_camera_buffer.width) || (255 < seekfree_assistant_camera_buffer.
             -height))
  329   3                  {
  330   4                      boundary_data_type = 1;
  331   4                  }
  332   3              }break;
  333   2      
  334   2              case NO_BOUNDARY:break;
  335   2          }
  336   1      
  337   1          seekfree_assistant_camera_dot_data.dot_type   = (boundary_type << 6) | (boundary_data_type << 5) | bo
             -undary_num;
  338   1      }
  339          //-------------------------------------------------------------------------------------------------------
             -------------
  340          // КЏЪ§МђНщ     ж№ЗЩжњЪжНтЮіНгЪеЕНЕФЪ§Он
  341          // ВЮЪ§ЫЕУї     void
  342          // ЗЕЛиВЮЪ§     void
  343          // ЪЙгУЪОР§     КЏЪ§жЛашвЊЗХЕНжмЦкдЫааЕФPITжаЖЯЛђепжїб­ЛЗМДПЩ
  344          //-------------------------------------------------------------------------------------------------------
             -------------
  345          void seekfree_assistant_data_analysis (void)
  346          {
  347   1      
  348   1          uint8  temp_sum = 0;
  349   1          uint32 read_length = 0;
  350   1              uint16 struct_len = sizeof(seekfree_assistant_parameter_struct);
C251 COMPILER V5.60.0,  seekfree_assistant                                                 25/02/26  13:17:01  PAGE 7   

  351   1          seekfree_assistant_parameter_struct *receive_packet;
  352   1              
  353   1          // етРяЪЙгУuint32НјааЖЈвхЃЌФПЕФЪЧЮЊСЫБЃжЄЪ§зщЫФзжНкЖдЦы
  354   1          uint32  temp_buffer[SEEKFREE_ASSISTANT_BUFFER_SIZE / 4] = {0};
  355   1      
  356   1              uint32 i = 0;
  357   1              
  358   1              bit flag = 0;
  359   1              flag = EA;
  360   1              // ЗРжЙfifoдкЖСШЁЕФЭЌЪБЃЌгжЭЈЙ§жаЖЯаДШыЖјЪ§ОнДэТвЁЃ
  361   1              EA = 0;
  362   1              
  363   1          // ГЂЪдЖСШЁЪ§Он, ШчЙћВЛЪЧздЖЈвхЕФДЋЪфЗНЪНдђДгНгЪеЛиЕїжаЖСШЁЪ§Он
  364   1          read_length = seekfree_assistant_receive_callback((uint8 *)temp_buffer, SEEKFREE_ASSISTANT_BUFFER_SIZ
             -E);
  365   1              
  366   1          if(read_length)
  367   1          {
  368   2              // НЋЖСШЁЕНЕФЪ§ОнаДШыFIFO
  369   2              fifo_write_buffer(&seekfree_assistant_fifo, (uint8 *)temp_buffer, read_length);
  370   2          }
  371   1              
  372   1          while(struct_len <= fifo_used(&seekfree_assistant_fifo))
  373   1          {
  374   2      
  375   2              read_length = sizeof(seekfree_assistant_parameter_struct);
  376   2              fifo_read_buffer(&seekfree_assistant_fifo, (uint8 *)temp_buffer, &read_length, FIFO_READ_ONLY);
  377   2              if(SEEKFREE_ASSISTANT_RECEIVE_HEAD != ((uint8 *)temp_buffer)[0])
  378   2              {
  379   3                  // УЛгажЁЭЗдђДгFIFOжаШЅЕєЕквЛИіЪ§Он
  380   3                  read_length = 1;
  381   3              }
  382   2              else
  383   2              {
  384   3      
  385   3                  // евЕНжЁЭЗ
  386   3                  receive_packet = (seekfree_assistant_parameter_struct *)temp_buffer;
  387   3                  temp_sum = receive_packet->check_sum;
  388   3                  receive_packet->check_sum = 0;
  389   3      
  390   3                  if(temp_sum == seekfree_assistant_sum((uint8 *)temp_buffer, sizeof(seekfree_assistant_paramet
             -er_struct)))
  391   3                  {
  392   4                      // КЭаЃбщГЩЙІБЃДцЪ§Он
  393   4                              
  394   4                                      // гЩгкДѓаЁЖЫВЛЦЅХфЃЌЫљвдашвЊНЛЛЛЁЃ
  395   4                                      ((uint8 *)&seekfree_assistant_parameter[receive_packet->channel - 1])[3] = ((uint8 *)&receive_packet-
             ->dat)[0];
  396   4                                      ((uint8 *)&seekfree_assistant_parameter[receive_packet->channel - 1])[2] = ((uint8 *)&receive_packet-
             ->dat)[1];
  397   4                                      ((uint8 *)&seekfree_assistant_parameter[receive_packet->channel - 1])[1] = ((uint8 *)&receive_packet-
             ->dat)[2];
  398   4                                      ((uint8 *)&seekfree_assistant_parameter[receive_packet->channel - 1])[0] = ((uint8 *)&receive_packet-
             ->dat)[3];
  399   4                                      seekfree_assistant_parameter_update_flag[receive_packet->channel - 1] = 1;
  400   4                  }
  401   3                  else
  402   3                  {
  403   4                      read_length = 1;
  404   4                  }
  405   3              }
  406   2              
  407   2              // ЖЊЦњЮоашЪЙгУЕФЪ§Он
  408   2              fifo_read_buffer(&seekfree_assistant_fifo, (uint8 *)temp_buffer, &read_length, FIFO_READ_AND_CLEA
             -N);
  409   2          }
C251 COMPILER V5.60.0,  seekfree_assistant                                                 25/02/26  13:17:01  PAGE 8   

  410   1              EA = flag;
  411   1      }
  412          //-------------------------------------------------------------------------------------------------------
             -------------
  413          // КЏЪ§МђНщ     ж№ЗЩжњЪжЗЂЫЭЩуЯёЭЗЭМЯё
  414          // ВЮЪ§ЫЕУї     void
  415          // ЗЕЛиВЮЪ§     void
  416          // ЪЙгУЪОР§
  417          // БИзЂаХЯЂ     дкЕїгУЭМЯёЗЂЫЭКЏЪ§жЎЧАЃЌЧыЮёБиЕїгУвЛДЮseekfree_assistant_camera_configКЏЪ§ЃЌНЋЖдгІЕФВЮЪ§Щ
             -шжУКУ
  418          //-------------------------------------------------------------------------------------------------------
             -------------
  419          void seekfree_assistant_camera_send (void)
  420          {
  421   1      
  422   1          seekfree_assistant_camera_data_send(seekfree_assistant_camera_buffer.camera_type, seekfree_assistant_
             -camera_buffer.image_addr, seekfree_assistant_camera_dot_data.dot_type & 0x0f, seekfree_assistant_camera_buffer.width, se
             -ekfree_assistant_camera_buffer.height);
  423   1      
  424   1          if(seekfree_assistant_camera_dot_data.dot_type & 0x0f)
  425   1          {
  426   2              seekfree_assistant_camera_dot_send(&seekfree_assistant_camera_buffer);
  427   2          }
  428   1      }
  429          
  430          //-------------------------------------------------------------------------------------------------------
             -------------
  431          // КЏЪ§МђНщ     ж№ЗЩжњЪж ГѕЪМЛЏ
  432          // ВЮЪ§ЫЕУї
  433          // ЗЕЛиВЮЪ§     void
  434          // ЪЙгУЪОР§
  435          //-------------------------------------------------------------------------------------------------------
             -------------
  436          void seekfree_assistant_init ()
  437          {
  438   1          fifo_init(&seekfree_assistant_fifo,  FIFO_DATA_8BIT, seekfree_assistant_buffer, SEEKFREE_ASSISTANT_BU
             -FFER_SIZE);
  439   1      }
  440          
  441          


Module Information          Static   Overlayable
------------------------------------------------
  code size            =      3271     ------
  ecode size           =    ------     ------
  data size            =    ------     ------
  idata size           =    ------     ------
  pdata size           =    ------     ------
  xdata size           =       574     ------
  xdata-const size     =    ------     ------
  edata size           =    ------     ------
  bit size             =         1     ------
  ebit size            =    ------     ------
  bitaddressable size  =    ------     ------
  ebitaddressable size =    ------     ------
  far data size        =    ------     ------
  huge data size       =    ------     ------
  const size           =    ------     ------
  hconst size          =       521     ------
End of Module Information.


C251 COMPILATION COMPLETE.  0 WARNING(S),  0 ERROR(S)
