C251 COMPILER V5.60.0,  sensor                                                             25/02/26  13:17:01  PAGE 1   


C251 COMPILER V5.60.0, COMPILATION OF MODULE sensor
OBJECT MODULE PLACED IN .\out_file\sensor.obj
COMPILER INVOKED BY: D:\keil\C251\BIN\C251.EXE sensor.c LARGE NOALIAS WARNINGLEVEL(3) OPTIMIZE(0,SIZE) BROWSE INCDIR(..\
                    -..\libraries\zf_common;..\..\libraries\zf_components;..\..\libraries\zf_device;..\..\libraries\zf_driver;..\user;..\code
                    -) DEBUG PRINT(.\out_file\sensor.lst) OBJECT(.\out_file\sensor.obj) 

stmt  level    source

    1          #include "sensor.h"
    2          
    3          int L1, L2, L3, L4;
    4          
    5          // 读取指定ADC通道
    6          u16 Get_ADC_Channel(u8 channel) {
*** ERROR C25 IN LINE 6 OF sensor.c: syntax error near 'channel'
*** ERROR C42 IN LINE 6 OF sensor.c: 'Get_ADC_Channel': not in formal parameter list
    7              // 选择通道并启动转换
    8              ADC_CONTR = ADC_POWER | ADC_START | (channel << 1);
    9              
   10              _nop_(); _nop_();
   11              
   12              // 等待转换完成
   13              while(!(ADC_CONTR & ADC_FLAG));
   14              
   15              // 读取结果（10位）
   16              u16 value = (ADC_RES << 8) | ADC_RESL;
   17              
   18              // 清除标志位
   19              ADC_CONTR &= ~ADC_FLAG;
   20              
   21              return value;
   22          }
   23          
   24          void Sensor_Init(void) {
   25              // 1. 设置P1.0-P1.3为高阻输入
   26              P1M1 |= 0x0F;   // M1=1
   27              P1M0 &= ~0x0F;  // M0=0
   28              
   29              // 2. 配置ADC（右对齐，时钟分频）
   30              ADCCFG = 0x20;
   31              
   32              // 3. 使能ADC电源
   33              ADC_CONTR = ADC_POWER;
   34              
   35              // 4. 等待电源稳定
   36              for(int i = 0; i < 1000; i++);
   37              
   38              // 5. 进行一次空读
   39              Get_ADC_Channel(0);
   40          }
   41          
   42          void Sensor_Read(void) {
   43              // get_sensor() -> L1 L2 L3 L4
   44              L1 = Get_ADC_Channel(SENSOR_L1_CH);
   45              L2 = Get_ADC_Channel(SENSOR_L2_CH);
   46              L3 = Get_ADC_Channel(SENSOR_L3_CH);
   47              L4 = Get_ADC_Channel(SENSOR_L4_CH);
   48          }
*** ERROR C7 IN LINE 48 OF sensor.c: compilation aborted

C251 COMPILATION COMPLETE.  0 WARNING(S),  3 ERROR(S)
