C251 COMPILER V5.60.0,  zf_common_fifo                                                     25/02/26  13:16:51  PAGE 1   


C251 COMPILER V5.60.0, COMPILATION OF MODULE zf_common_fifo
OBJECT MODULE PLACED IN .\out_file\zf_common_fifo.obj
COMPILER INVOKED BY: D:\keil\C251\BIN\C251.EXE ..\..\libraries\zf_common\zf_common_fifo.c LARGE NOALIAS WARNINGLEVEL(3) 
                    -OPTIMIZE(0,SIZE) BROWSE INCDIR(..\..\libraries\zf_common;..\..\libraries\zf_components;..\..\libraries\zf_device;..\..\l
                    -ibraries\zf_driver;..\user;..\code) DEBUG PRINT(.\out_file\zf_common_fifo.lst) OBJECT(.\out_file\zf_common_fifo.obj) 

stmt  level    source

    1          /********************************************************************************************************
             -*************
    2          * STC32G Opensourec Library МДЃЈSTC32G ПЊдДПтЃЉЪЧвЛИіЛљгкЙйЗН SDK НгПкЕФЕкШ§ЗНПЊдДПт
    3          * Copyright (c) 2022 SEEKFREE ж№ЗЩПЦММ
    4          *
    5          * БОЮФМўЪЧSTC ПЊдДПтЕФвЛВПЗж
    6          *
    7          * STC32G ПЊдДПт ЪЧУтЗбШэМў
    8          * ФњПЩвдИљОнздгЩШэМўЛљН№ЛсЗЂВМЕФ GPLЃЈGNU General Public LicenseЃЌМД GNUЭЈгУЙЋЙВаэПЩжЄЃЉЕФЬѕПю
    9          * МД GPL ЕФЕк3АцЃЈМД GPL3.0ЃЉЛђЃЈФњбЁдёЕФЃЉШЮКЮКѓРДЕФАцБОЃЌжиаТЗЂВМКЭ/ЛђаоИФЫќ
   10          *
   11          * БОПЊдДПтЕФЗЂВМЪЧЯЃЭћЫќФмЗЂЛгзїгУЃЌЕЋВЂЮДЖдЦфзїШЮКЮЕФБЃжЄ
   12          * ЩѕжСУЛгавўКЌЕФЪЪЯњадЛђЪЪКЯЬиЖЈгУЭОЕФБЃжЄ
   13          * ИќЖрЯИНкЧыВЮМћ GPL
   14          *
   15          * ФњгІИУдкЪеЕНБОПЊдДПтЕФЭЌЪБЪеЕНвЛЗн GPL ЕФИББО
   16          * ШчЙћУЛгаЃЌЧыВЮдФ<https://www.gnu.org/licenses/>
   17          *
   18          * ЖюЭтзЂУїЃК
   19          * БОПЊдДПтЪЙгУ GPL3.0 ПЊдДаэПЩжЄа­вщ вдЩЯаэПЩЩъУїЮЊвыЮФАцБО
   20          * аэПЩЩъУїгЂЮФАцдк libraries/doc ЮФМўМаЯТЕФ GPL3_permission_statement.txt ЮФМўжа
   21          * аэПЩжЄИББОдк libraries ЮФМўМаЯТ МДИУЮФМўМаЯТЕФ LICENSE ЮФМў
   22          * ЛЖг­ИїЮЛЪЙгУВЂДЋВЅБОГЬађ ЕЋаоИФФкШнЪББиаыБЃСєж№ЗЩПЦММЕФАцШЈЩљУїЃЈМДБОЩљУїЃЉ
   23          *
   24          * ЮФМўУћГЦ          
   25          * ЙЋЫОУћГЦ          ГЩЖМж№ЗЩПЦММгаЯоЙЋЫО
   26          * АцБОаХЯЂ          ВщПД libraries/doc ЮФМўМаФк version ЮФМў АцБОЫЕУї
   27          * ПЊЗЂЛЗОГ          MDK FOR C251
   28          * ЪЪгУЦНЬЈ          STC32G
   29          * ЕъЦЬСДНг          https://seekfree.taobao.com/
   30          *
   31          * аоИФМЧТМ
   32          * ШеЦк              зїеп           БИзЂ
   33          * 2024-08-01        ДѓW            first version
   34          *********************************************************************************************************
             -***********/
   35          
   36          
   37          
   38          #include "zf_common_fifo.h"
   39          #include "zf_common_debug.h"
   40          
   41          #pragma warning disable = 188
   42          
   43          //-------------------------------------------------------------------------------------------------------
             -------------
   44          // КЏЪ§МђНщ     FIFO ЭЗжИеыЮЛвЦ
   45          // ВЮЪ§ЫЕУї     *fifo               FIFO ЖдЯѓжИеы
   46          // ВЮЪ§ЫЕУї     offset              ЦЋвЦСП
   47          // ЗЕЛиВЮЪ§     void
   48          // ЪЙгУЪОР§     fifo_head_offset(fifo, 1);
   49          // БИзЂаХЯЂ     БОКЏЪ§дкЮФМўФкВПЕїгУ гУЛЇВЛгУЙизЂ вВВЛПЩаоИФ
   50          //-------------------------------------------------------------------------------------------------------
             -------------
   51          static void fifo_head_offset (fifo_struct *fifo, uint32 offset)
   52          {
   53   1          fifo->head += offset;
C251 COMPILER V5.60.0,  zf_common_fifo                                                     25/02/26  13:16:51  PAGE 2   

   54   1          
   55   1          while(fifo->max <= fifo->head)                                              // ШчЙћЗЖЮЇГЌЙ§дђМѕЛКГхЧј
             -ДѓаЁ жБЕНаЁгкзюДѓЛКГхЧјДѓаЁ
   56   1          {
   57   2              fifo->head -= fifo->max;
   58   2          }
   59   1      }
   60          
   61          //-------------------------------------------------------------------------------------------------------
             -------------
   62          // КЏЪ§МђНщ     FIFO ЮВжИеыЮЛвЦ
   63          // ВЮЪ§ЫЕУї     *fifo               FIFO ЖдЯѓжИеы
   64          // ВЮЪ§ЫЕУї     offset              ЦЋвЦСП
   65          // ЗЕЛиВЮЪ§     void
   66          // ЪЙгУЪОР§     fifo_end_offset(fifo, 1);
   67          // БИзЂаХЯЂ     БОКЏЪ§дкЮФМўФкВПЕїгУ гУЛЇВЛгУЙизЂ вВВЛПЩаоИФ
   68          //-------------------------------------------------------------------------------------------------------
             -------------
   69          static void fifo_end_offset (fifo_struct *fifo, uint32 offset)
   70          {
   71   1          fifo->end += offset;
   72   1          
   73   1          while(fifo->max <= fifo->end)                                               // ШчЙћЗЖЮЇГЌЙ§дђМѕЛКГхЧј
             -ДѓаЁ жБЕНаЁгкзюДѓЛКГхЧјДѓаЁ
   74   1          {
   75   2              fifo->end -= fifo->max;
   76   2          }
   77   1      }
   78          
   79          //-------------------------------------------------------------------------------------------------------
             -------------
   80          // КЏЪ§МђНщ     FIFO жижУЛКГхЦї
   81          // ВЮЪ§ЫЕУї     *fifo               FIFO ЖдЯѓжИеы
   82          // ЗЕЛиВЮЪ§     void
   83          // ЪЙгУЪОР§     fifo_clear(fifo);
   84          // БИзЂаХЯЂ     ЧхПеЕБЧА FIFO ЖдЯѓЕФФкДц
   85          //-------------------------------------------------------------------------------------------------------
             -------------
   86          fifo_state_enum fifo_clear (fifo_struct *fifo)
   87          {
   88   1              fifo_state_enum return_state = FIFO_SUCCESS;                                // ВйзїНсЙћГѕжЕ
   89   1          zf_assert(NULL != fifo);
   90   1              
   91   1          do
   92   1          {
   93   2              if(FIFO_IDLE != fifo->execution)                                        // ХаЖЯЪЧЗёЕБЧА FIFO ЪЧЗё
             -ПеЯа
   94   2              {
   95   3                  return_state = FIFO_RESET_UNDO;                                     // жижУВйзїЮДЭъГЩ
   96   3                  break;
   97   3              }
   98   2              fifo->execution |= FIFO_RESET;                                          // жижУВйзїжУЮЛ
   99   2              fifo->head      = 0;                                                    // жижУ FIFO ЫљгаЪ§жЕИДЮЛ
  100   2              fifo->end       = 0;                                                    // жижУ FIFO ЫљгаЪ§жЕИДЮЛ
  101   2              fifo->siz      = fifo->max;                                            // жижУ FIFO ЫљгаЪ§жЕИДЮЛ
  102   2              switch(fifo->type)
  103   2              {
  104   3                  case FIFO_DATA_8BIT:    memset(fifo->buffer, 0, fifo->max);     break;
  105   3                  case FIFO_DATA_16BIT:   memset(fifo->buffer, 0, fifo->max * 2); break;
  106   3                  case FIFO_DATA_32BIT:   memset(fifo->buffer, 0, fifo->max * 4); break;
  107   3              }
  108   2              fifo->execution = FIFO_IDLE;                                            // ВйзїзДЬЌИДЮЛ
  109   2          }while(0);
  110   1          return return_state;
  111   1      }
  112          
C251 COMPILER V5.60.0,  zf_common_fifo                                                     25/02/26  13:16:51  PAGE 3   

  113          //-------------------------------------------------------------------------------------------------------
             -------------
  114          // КЏЪ§МђНщ     FIFO ВщбЏЕБЧАЪ§ОнИіЪ§
  115          // ВЮЪ§ЫЕУї     *fifo               FIFO ЖдЯѓжИеы
  116          // ЗЕЛиВЮЪ§     uint32              вбЪЙгУГЄЖШ
  117          // ЪЙгУЪОР§     uint32 len = fifo_used(fifo);
  118          // БИзЂаХЯЂ
  119          //-------------------------------------------------------------------------------------------------------
             -------------
  120          uint32 fifo_used (fifo_struct *fifo)
  121          {
  122   1          zf_assert(fifo != NULL);
  123   1          return (fifo->max - fifo->siz);                                            // ЗЕЛиЕБЧА FIFO ЛКГхЧјжаЪ
             -§ОнИіЪ§
  124   1      }
  125          
  126          ////-----------------------------------------------------------------------------------------------------
             ---------------
  127          //// КЏЪ§МђНщ     Яђ FIFO жааДШыЪ§Он
  128          //// ВЮЪ§ЫЕУї     *fifo               FIFO ЖдЯѓжИеы
  129          //// ВЮЪ§ЫЕУї     dat                 Ъ§Он
  130          //// ЗЕЛиВЮЪ§     fifo_state_enum     ВйзїзДЬЌ
  131          //// ЪЙгУЪОР§     zf_log(fifo_write_element(&fifo, data) == FIFO_SUCCESS, "fifo_write_byte error");
  132          //// БИзЂаХЯЂ
  133          ////-----------------------------------------------------------------------------------------------------
             ---------------
  134          //fifo_state_enum fifo_write_element (fifo_struct *fifo, uint32 dat)
  135          //{
  136          //    zf_assert(NULL != fifo);
  137          //    fifo_state_enum return_state = FIFO_SUCCESS;                                // ВйзїНсЙћГѕжЕ
  138          
  139          //    do
  140          //    {
  141          //        if((FIFO_RESET | FIFO_WRITE) & fifo->execution)                         // ВЛдкаДШыгыжижУзДЬЌ Б
             -мУтаДШыОКељгыжИЯђДэЮѓ
  142          //        {
  143          //            return_state = FIFO_WRITE_UNDO;                                     // аДШыВйзїЮДЭъГЩ
  144          //            break;
  145          //        }
  146          //        fifo->execution |= FIFO_WRITE;                                          // аДШыВйзїжУЮЛ
  147          
  148          //        if(1 <= fifo->siz)                                                     // ЪЃгрПеМфзуЙЛзАЯТБОДЮЪ
             -§Он
  149          //        {
  150          //            switch(fifo->type)
  151          //            {
  152          //                case FIFO_DATA_8BIT:    ((uint8 *)fifo->buffer)[fifo->head]  = dat;  break;
  153          //                case FIFO_DATA_16BIT:   ((uint16 *)fifo->buffer)[fifo->head] = dat; break;
  154          //                case FIFO_DATA_32BIT:   ((uint32 *)fifo->buffer)[fifo->head] = dat; break;
  155          //            }
  156          //            fifo_head_offset(fifo, 1);                                          // ЭЗжИеыЦЋвЦ
  157          //            fifo->siz -= 1;                                                    // ЛКГхЧјЪЃгрГЄЖШМѕаЁ
  158          //        }
  159          //        else
  160          //        {
  161          //            return_state = FIFO_SPACE_NO_ENOUGH;                                // ЕБЧА FIFO ЛКГхЧјТњ В
             -ЛФмдйаДШыЪ§Он ЗЕЛиПеМфВЛзу
  162          //        }
  163          //        fifo->execution &= ~FIFO_WRITE;                                         // аДШыВйзїИДЮЛ
  164          //    }while(0);
  165          
  166          //    return return_state;
  167          //}
  168          
  169          //-------------------------------------------------------------------------------------------------------
             -------------
C251 COMPILER V5.60.0,  zf_common_fifo                                                     25/02/26  13:16:51  PAGE 4   

  170          // КЏЪ§МђНщ     Яђ FIFO жааДШыЪ§Он
  171          // ВЮЪ§ЫЕУї     *fifo               FIFO ЖдЯѓжИеы
  172          // ВЮЪ§ЫЕУї     *dat                Ъ§ОнРДдДЛКГхЧјжИеы
  173          // ВЮЪ§ЫЕУї     length              ашвЊаДШыЕФЪ§ОнГЄЖШ
  174          // ЗЕЛиВЮЪ§     fifo_state_enum     ВйзїзДЬЌ
  175          // ЪЙгУЪОР§     zf_log(fifo_write_buffer(&fifo, data, 32) == FIFO_SUCCESS, "fifo_write_buffer error");
  176          // БИзЂаХЯЂ
  177          //-------------------------------------------------------------------------------------------------------
             -------------
  178          fifo_state_enum fifo_write_buffer (fifo_struct *fifo, void *dat, uint32 length)
  179          {
  180   1          fifo_state_enum return_state = FIFO_SUCCESS;                                // ВйзїНсЙћГѕжЕ
  181   1          uint32 temp_length = 0;
  182   1              zf_assert(NULL != fifo);
  183   1              
  184   1          do
  185   1          {
  186   2              if(NULL == dat)
  187   2              {
  188   3                  return_state = FIFO_BUFFER_NULL;                                    // гУЛЇЛКГхЧјвьГЃ
  189   3                  break;
  190   3              }
  191   2              if((FIFO_RESET | FIFO_WRITE) & fifo->execution)                         // ВЛдкаДШыгыжижУзДЬЌ БмУ
             -таДШыОКељгыжИЯђДэЮѓ
  192   2              {
  193   3                  return_state = FIFO_WRITE_UNDO;                                     // аДШыВйзїЮДЭъГЩ
  194   3                  break;
  195   3              }
  196   2              fifo->execution |= FIFO_WRITE;                                          // аДШыВйзїжУЮЛ
  197   2      
  198   2              if(length <= fifo->siz)                                                // ЪЃгрПеМфзуЙЛзАЯТБОДЮЪ§О
             -н
  199   2              {
  200   3                  temp_length = fifo->max - fifo->head;                               // МЦЫуЭЗжИеыОрРыЛКГхЧјЮВ
             -ЛЙгаЖрЩйПеМф
  201   3      
  202   3                  if(length > temp_length)                                            // ОрРыЛКГхЧјЮВГЄЖШВЛзуаД
             -ШыЪ§Он ЛЗаЮЛКГхЧјЗжЖЮВйзї
  203   3                  {
  204   4                      switch(fifo->type)
  205   4                      {
  206   5                          case FIFO_DATA_8BIT:
  207   5                          {
  208   6                              memcpy(
  209   6                                  &(((uint8 *)fifo->buffer)[fifo->head]),
  210   6                                  dat, temp_length);                                  // ПНБДЕквЛЖЮЪ§Он
  211   6                              fifo_head_offset(fifo, temp_length);                    // ЭЗжИеыЦЋвЦ
  212   6                              memcpy(
  213   6                                  &(((uint8 *)fifo->buffer)[fifo->head]),
  214   6                                  &(((uint8 *)dat)[temp_length]),
  215   6                                  length - temp_length);                              // ПНБДЕкЖўЖЮЪ§Он
  216   6                              fifo_head_offset(fifo, length - temp_length);           // ЭЗжИеыЦЋвЦ
  217   6                          }break;
  218   5                          case FIFO_DATA_16BIT:
  219   5                          {
  220   6                              memcpy(
  221   6                                  &(((uint16 *)fifo->buffer)[fifo->head]),
  222   6                                  dat, temp_length * 2);                              // ПНБДЕквЛЖЮЪ§Он
  223   6                              fifo_head_offset(fifo, temp_length);                    // ЭЗжИеыЦЋвЦ
  224   6                              memcpy(
  225   6                                  &(((uint16 *)fifo->buffer)[fifo->head]),
  226   6                                  &(((uint16 *)dat)[temp_length]),
  227   6                                  (length - temp_length) * 2);                        // ПНБДЕкЖўЖЮЪ§Он
  228   6                              fifo_head_offset(fifo, length - temp_length);           // ЭЗжИеыЦЋвЦ
  229   6                          }break;
  230   5                          case FIFO_DATA_32BIT:
C251 COMPILER V5.60.0,  zf_common_fifo                                                     25/02/26  13:16:51  PAGE 5   

  231   5                          {
  232   6                              memcpy(
  233   6                                  &(((uint32 *)fifo->buffer)[fifo->head]),
  234   6                                  dat, temp_length * 4);                              // ПНБДЕквЛЖЮЪ§Он
  235   6                              fifo_head_offset(fifo, temp_length);                    // ЭЗжИеыЦЋвЦ
  236   6                              memcpy(
  237   6                                  &(((uint32 *)fifo->buffer)[fifo->head]),
  238   6                                  &(((uint32 *)dat)[temp_length]),
  239   6                                  (length - temp_length) * 4);                        // ПНБДЕкЖўЖЮЪ§Он
  240   6                              fifo_head_offset(fifo, length - temp_length);           // ЭЗжИеыЦЋвЦ
  241   6                          }break;
  242   5                      }
  243   4                  }
  244   3                  else
  245   3                  {
  246   4                      switch(fifo->type)
  247   4                      {
  248   5                          case FIFO_DATA_8BIT:
  249   5                          {
  250   6                              memcpy(
  251   6                                  &(((uint8 *)fifo->buffer)[fifo->head]),
  252   6                                  dat, length);                                       // вЛДЮЭъећаДШы
  253   6                              fifo_head_offset(fifo, length);                         // ЭЗжИеыЦЋвЦ
  254   6                          }break;
  255   5                          case FIFO_DATA_16BIT:
  256   5                          {
  257   6                              memcpy(
  258   6                                  &(((uint16 *)fifo->buffer)[fifo->head]),
  259   6                                  dat, length * 2);                                   // вЛДЮЭъећаДШы
  260   6                              fifo_head_offset(fifo, length);                         // ЭЗжИеыЦЋвЦ
  261   6                          }break;
  262   5                          case FIFO_DATA_32BIT:
  263   5                          {
  264   6                              memcpy(
  265   6                                  &(((uint32 *)fifo->buffer)[fifo->head]),
  266   6                                  dat, length * 4);                                   // вЛДЮЭъећаДШы
  267   6                              fifo_head_offset(fifo, length);                         // ЭЗжИеыЦЋвЦ
  268   6                          }break;
  269   5                      }
  270   4                  }
  271   3      
  272   3                  fifo->siz -= length;                                               // ЛКГхЧјЪЃгрГЄЖШМѕаЁ
  273   3              }
  274   2              else
  275   2              {
  276   3                  return_state = FIFO_SPACE_NO_ENOUGH;                                // ЕБЧА FIFO ЛКГхЧјТњ ВЛФ
             -мдйаДШыЪ§Он ЗЕЛиПеМфВЛзу
  277   3              }
  278   2              fifo->execution &= ~FIFO_WRITE;                                         // аДШыВйзїИДЮЛ
  279   2          }while(0);
  280   1      
  281   1          return return_state;
  282   1      }
  283          
  284          ////-----------------------------------------------------------------------------------------------------
             ---------------
  285          //// КЏЪ§МђНщ     Дг FIFO ЖСШЁЪ§Он
  286          //// ВЮЪ§ЫЕУї     *fifo               FIFO ЖдЯѓжИеы
  287          //// ВЮЪ§ЫЕУї     *dat                ФПБъЛКГхЧјжИеы
  288          //// ВЮЪ§ЫЕУї     flag                ЪЧЗёБфИќ FIFO зДЬЌ ПЩбЁдёЪЧЗёЧхПеЖСШЁЕФЪ§Он
  289          //// ЗЕЛиВЮЪ§     fifo_state_enum     ВйзїзДЬЌ
  290          //// ЪЙгУЪОР§     zf_log(fifo_read_element(&fifo, data, FIFO_READ_ONLY) == FIFO_SUCCESS, "fifo_read_byte 
             -error");
  291          //// БИзЂаХЯЂ
  292          ////-----------------------------------------------------------------------------------------------------
             ---------------
C251 COMPILER V5.60.0,  zf_common_fifo                                                     25/02/26  13:16:51  PAGE 6   

  293          //fifo_state_enum fifo_read_element (fifo_struct *fifo, void *dat, fifo_operation_enum flag)
  294          //{
  295          //    zf_assert(NULL != fifo);
  296          //    fifo_state_enum return_state = FIFO_SUCCESS;                                // ВйзїНсЙћГѕжЕ
  297          
  298          //    do
  299          //    {
  300          //        if(NULL == dat)
  301          //        {
  302          //            return_state = FIFO_BUFFER_NULL;                                    // гУЛЇЛКГхЧјвьГЃ
  303          //        }
  304          //        else
  305          //        {
  306          //            if((FIFO_RESET | FIFO_CLEAR) & fifo->execution)                     // ХаЖЯЪЧЗёЕБЧА FIFO ЪЧ
             -ЗёдкжДааЧхПеЛђжижУВйзї
  307          //            {
  308          //                return_state = FIFO_READ_UNDO;                                  // ЖСШЁВйзїЮДЭъГЩ
  309          //                break;
  310          //            }
  311          
  312          //            if(1 > fifo_used(fifo))
  313          //            {
  314          //                return_state = FIFO_DATA_NO_ENOUGH;                             // ЛКГхЧјУЛгаЪ§Он ЗЕЛиЪ
             -§ОнГЄЖШВЛзу
  315          //                break;                                                          // жБНгЭЫГіВйзї
  316          //            }
  317          
  318          //            fifo->execution |= FIFO_READ;                                       // ЖСВйзїжУЮЛ
  319          //            switch(fifo->type)
  320          //            {
  321          //                case FIFO_DATA_8BIT:    *((uint8 *)dat) = ((uint8 *)fifo->buffer)[fifo->end];   break;
  322          //                case FIFO_DATA_16BIT:   *((uint16 *)dat) = ((uint16 *)fifo->buffer)[fifo->end]; break;
  323          //                case FIFO_DATA_32BIT:   *((uint32 *)dat) = ((uint32 *)fifo->buffer)[fifo->end]; break;
  324          //            }
  325          //            fifo->execution &= ~FIFO_READ;                                      // ЖСВйзїИДЮЛ
  326          //        }
  327          
  328          //        if(FIFO_READ_AND_CLEAN == flag)                                         // ШчЙћбЁдёЖСШЁВЂИќИФ F
             -IFO зДЬЌ
  329          //        {
  330          //            if((FIFO_RESET | FIFO_CLEAR | FIFO_READ) == fifo->execution)        // ВЛдк жижУ ЧхПе ЖСШЁ 
             -зДЬЌ БмУтвьГЃ
  331          //            {
  332          //                return_state = FIFO_CLEAR_UNDO;                                 // ЧхПеВйзїЮДЭъГЩ
  333          //                break;
  334          //            }
  335          //            fifo->execution |= FIFO_CLEAR;                                      // ЧхПезїжУЮЛ
  336          //            fifo_end_offset(fifo, 1);                                           // вЦЖЏ FIFO ЭЗжИеы
  337          //            fifo->siz += 1;                                                    // ЪЭЗХЖдгІГЄЖШПеМф
  338          //            fifo->execution &= ~FIFO_CLEAR;                                     // ЧхПезїИДЮЛ
  339          //        }
  340          //    }while(0);
  341          
  342          //    return return_state;
  343          //}
  344          
  345          //-------------------------------------------------------------------------------------------------------
             -------------
  346          // КЏЪ§МђНщ     Дг FIFO ЖСШЁЪ§Он
  347          // ВЮЪ§ЫЕУї     *fifo               FIFO ЖдЯѓжИеы
  348          // ВЮЪ§ЫЕУї     *dat                ФПБъЛКГхЧјжИеы
  349          // ВЮЪ§ЫЕУї     *length             ЖСШЁЕФЪ§ОнГЄЖШ ШчЙћУЛгаетУДЖрЪ§ОнетРяЛсБЛаоИФ
  350          // ВЮЪ§ЫЕУї     flag                ЪЧЗёБфИќ FIFO зДЬЌ ПЩбЁдёЪЧЗёЧхПеЖСШЁЕФЪ§Он
  351          // ЗЕЛиВЮЪ§     fifo_state_enum     ВйзїзДЬЌ
  352          // ЪЙгУЪОР§     zf_log(fifo_read_buffer(&fifo, data, &length, FIFO_READ_ONLY) == FIFO_SUCCESS, "fifo_read
             -_buffer error");
C251 COMPILER V5.60.0,  zf_common_fifo                                                     25/02/26  13:16:51  PAGE 7   

  353          // БИзЂаХЯЂ
  354          //-------------------------------------------------------------------------------------------------------
             -------------
  355          fifo_state_enum fifo_read_buffer (fifo_struct *fifo, void *dat, uint32 *length, fifo_operation_enum flag)
  356          {
  357   1          fifo_state_enum return_state = FIFO_SUCCESS;                                // ВйзїНсЙћГѕжЕ
  358   1          uint32 temp_length = 0;
  359   1          uint32 fifo_data_length = 0;
  360   1              
  361   1          zf_assert(NULL != fifo);
  362   1          zf_assert(NULL != length);
  363   1              
  364   1          do
  365   1          {
  366   2              if(NULL == dat)
  367   2              {
  368   3                  return_state = FIFO_BUFFER_NULL;
  369   3              }
  370   2              else
  371   2              {
  372   3                  if((FIFO_RESET | FIFO_CLEAR) & fifo->execution)                     // ХаЖЯЪЧЗёЕБЧА FIFO ЪЧЗё
             -дкжДааЧхПеЛђжижУВйзї
  373   3                  {
  374   4                      *length = fifo_data_length;                                     // ОРе§ЖСШЁЕФГЄЖШ
  375   4                      return_state = FIFO_READ_UNDO;                                  // ЖСШЁВйзїЮДЭъГЩ
  376   4                      break;
  377   4                  }
  378   3      
  379   3                  fifo_data_length = fifo_used(fifo);                                 // ЛёШЁЕБЧАЪ§ОнгаЖрЩй
  380   3                  if(*length > fifo_data_length)                                      // ХаЖЯГЄЖШЪЧЗёзуЙЛ
  381   3                  {
  382   4                      *length = fifo_data_length;                                     // ОРе§ЖСШЁЕФГЄЖШ
  383   4                      return_state = FIFO_DATA_NO_ENOUGH;                             // БъжОЪ§ОнВЛЙЛ
  384   4                      if(0 == fifo_data_length)                                       // ШчЙћУЛгаЪ§Он ОЭжБНгЭЫГ
             -і
  385   4                      {
  386   5                          fifo->execution &= ~FIFO_READ;                              // ЖСВйзїИДЮЛ
  387   5                          break;
  388   5                      }
  389   4                  }
  390   3      
  391   3                  fifo->execution |= FIFO_READ;                                       // ЖСВйзїжУЮЛ
  392   3                  temp_length = fifo->max - fifo->end;                                // МЦЫуЮВжИеыОрРыЛКГхЧјЮВ
             -ЛЙгаЖрЩйПеМф
  393   3                  if(*length <= temp_length)                                          // зуЙЛвЛДЮадЖСШЁЭъБЯ
  394   3                  {
  395   4                      switch(fifo->type)
  396   4                      {
  397   5                          case FIFO_DATA_8BIT:    memcpy(dat, &(((uint8 *)fifo->buffer)[fifo->end]), *length); 
             -       break;
  398   5                          case FIFO_DATA_16BIT:   memcpy(dat, &(((uint16 *)fifo->buffer)[fifo->end]), *length *
             - 2);   break;
  399   5                          case FIFO_DATA_32BIT:   memcpy(dat, &(((uint32 *)fifo->buffer)[fifo->end]), *length *
             - 4);   break;
  400   5                      }
  401   4                  }
  402   3                  else
  403   3                  {
  404   4                      switch(fifo->type)
  405   4                      {
  406   5                          case FIFO_DATA_8BIT:
  407   5                          {
  408   6                              memcpy(dat, &(((uint8 *)fifo->buffer)[fifo->end]), temp_length);
  409   6                              memcpy(&(((uint8 *)dat)[temp_length]), fifo->buffer, *length - temp_length);
  410   6                          }break;
  411   5                          case FIFO_DATA_16BIT:
C251 COMPILER V5.60.0,  zf_common_fifo                                                     25/02/26  13:16:51  PAGE 8   

  412   5                          {
  413   6                              memcpy(dat, &(((uint16 *)fifo->buffer)[fifo->end]), temp_length * 2);
  414   6                              memcpy(&(((uint16 *)dat)[temp_length]), fifo->buffer, (*length - temp_length) * 2
             -);
  415   6                          }break;
  416   5                          case FIFO_DATA_32BIT:
  417   5                          {
  418   6                              memcpy(dat, &(((uint32 *)fifo->buffer)[fifo->end]), temp_length * 4);
  419   6                              memcpy(&(((uint32 *)dat)[temp_length]), fifo->buffer, (*length - temp_length) * 4
             -);
  420   6                          }break;
  421   5                      }
  422   4                  }
  423   3                  fifo->execution &= ~FIFO_READ;                                      // ЖСВйзїИДЮЛ
  424   3              }
  425   2      
  426   2              if(FIFO_READ_AND_CLEAN == flag)                                         // ШчЙћбЁдёЖСШЁВЂИќИФ FIF
             -O зДЬЌ
  427   2              {
  428   3                  if((FIFO_RESET | FIFO_CLEAR | FIFO_READ) == fifo->execution)        // ВЛдк жижУ ЧхПе ЖСШЁ зД
             -ЬЌ БмУтвьГЃ
  429   3                  {
  430   4                      return_state = FIFO_CLEAR_UNDO;                                 // ЧхПеВйзїЮДЭъГЩ
  431   4                      break;
  432   4                  }
  433   3                  fifo->execution |= FIFO_CLEAR;                                      // ЧхПезїжУЮЛ
  434   3                  fifo_end_offset(fifo, *length);                                     // вЦЖЏ FIFO ЭЗжИеы
  435   3                  fifo->siz += *length;                                              // ЪЭЗХЖдгІГЄЖШПеМф
  436   3                  fifo->execution &= ~FIFO_CLEAR;                                     // ЧхПезїИДЮЛ
  437   3              }
  438   2          }while(0);
  439   1      
  440   1          return return_state;
  441   1      }
  442          
  443          ////-----------------------------------------------------------------------------------------------------
             ---------------
  444          //// КЏЪ§МђНщ     Дг FIFO ЮВВПЖСШЁжИЖЈГЄЖШ buffer
  445          //// ВЮЪ§ЫЕУї     *fifo               FIFO ЖдЯѓжИеы
  446          //// ВЮЪ§ЫЕУї     *dat                ФПБъЛКГхЧјжИеы
  447          //// ВЮЪ§ЫЕУї     *length             ЖСШЁЕФЪ§ОнГЄЖШ ШчЙћУЛгаетУДЖрЪ§ОнетРяЛсБЛаоИФ
  448          //// ВЮЪ§ЫЕУї     flag                ЪЧЗёБфИќ FIFO зДЬЌ ПЩбЁдёЪЧЗёЧхПеЖСШЁЕФЪ§Он
  449          //// ЗЕЛиВЮЪ§     fifo_state_enum     ВйзїзДЬЌ
  450          //// ЪЙгУЪОР§     zf_log(fifo_read_tail_buffer(&fifo, data, &length, FIFO_READ_ONLY) == FIFO_SUCCESS, "fi
             -fo_read_buffer error");
  451          //// БИзЂаХЯЂ     ШчЙћЪЙгУ FIFO_READ_AND_CLEAN Вйзї НЋЛсЖЊЦњЫљгаЪ§ОнВЂЧхПеећИі FIFO
  452          ////              ШчЙћЪЙгУ FIFO_READ_AND_CLEAN Вйзї НЋЛсЖЊЦњЫљгаЪ§ОнВЂЧхПеећИі FIFO
  453          ////              ШчЙћЪЙгУ FIFO_READ_AND_CLEAN Вйзї НЋЛсЖЊЦњЫљгаЪ§ОнВЂЧхПеећИі FIFO
  454          ////-----------------------------------------------------------------------------------------------------
             ---------------
  455          //fifo_state_enum fifo_read_tail_buffer (fifo_struct *fifo, void *dat, uint32 *length, fifo_operation_enu
             -m flag)
  456          //{
  457          //    zf_assert(NULL != fifo);
  458          //    zf_assert(NULL != length);
  459          //    fifo_state_enum return_state = FIFO_SUCCESS;                                // ВйзїНсЙћГѕжЕ
  460          //    uint32 temp_length = 0;
  461          //    uint32 fifo_data_length = 0;
  462          
  463          //    do
  464          //    {
  465          //        if(NULL == dat)
  466          //        {
  467          //            return_state = FIFO_BUFFER_NULL;
  468          //        }
  469          //        else
C251 COMPILER V5.60.0,  zf_common_fifo                                                     25/02/26  13:16:51  PAGE 9   

  470          //        {
  471          //            if((FIFO_RESET | FIFO_CLEAR | FIFO_WRITE) & fifo->execution)        // ХаЖЯЪЧЗёЕБЧА FIFO ЪЧ
             -ЗёдкжДааЧхПеЛђжижУВйзї
  472          //            {
  473          //                *length = fifo_data_length;                                     // ОРе§ЖСШЁЕФГЄЖШ
  474          //                return_state = FIFO_READ_UNDO;                                  // ЖСШЁВйзїЮДЭъГЩ
  475          //                break;
  476          //            }
  477          
  478          //            fifo_data_length = fifo_used(fifo);                                 // ЛёШЁЕБЧАЪ§ОнгаЖрЩй
  479          //            if(*length > fifo_data_length)                                      // ХаЖЯГЄЖШЪЧЗёзуЙЛ
  480          //            {
  481          //                *length = fifo_data_length;                                     // ОРе§ЖСШЁЕФГЄЖШ
  482          //                return_state = FIFO_DATA_NO_ENOUGH;                             // БъжОЪ§ОнВЛЙЛ
  483          //                if(0 == fifo_data_length)                                       // ШчЙћУЛгаЪ§Он ОЭжБНгЭ
             -ЫГі
  484          //                {
  485          //                    fifo->execution &= ~FIFO_READ;                              // ЖСВйзїИДЮЛ
  486          //                    break;
  487          //                }
  488          //            }
  489          
  490          //            fifo->execution |= FIFO_READ;                                       // ЖСВйзїжУЮЛ
  491          //            if((fifo->head > fifo->end) || (fifo->head >= *length))
  492          //            {
  493          //                switch(fifo->type)
  494          //                {
  495          //                    case FIFO_DATA_8BIT:    memcpy(dat, &(((uint8 *)fifo->buffer)[fifo->head - *length]
             -), *length);     break;
  496          //                    case FIFO_DATA_16BIT:   memcpy(dat, &(((uint16 *)fifo->buffer)[fifo->head - *length
             -]), *length * 2);break;
  497          //                    case FIFO_DATA_32BIT:   memcpy(dat, &(((uint32 *)fifo->buffer)[fifo->head - *length
             -]), *length * 4);break;
  498          //                }
  499          //            }
  500          //            else
  501          //            {
  502          //                temp_length = *length - fifo->head;                             // МЦЫуЮВжИеыОрРыЛКГхЧј
             -ЮВЛЙгаЖрЩйПеМф
  503          //                switch(fifo->type)
  504          //                {
  505          //                    case FIFO_DATA_8BIT:
  506          //                    {
  507          //                        memcpy(dat, &(((uint8 *)fifo->buffer)[fifo->max - temp_length]), temp_length);
  508          //                        memcpy(&(((uint8 *)dat)[temp_length]), &(((uint8 *)fifo->buffer)[fifo->head - *
             -length]), (*length - temp_length));
  509          //                    }break;
  510          //                    case FIFO_DATA_16BIT:
  511          //                    {
  512          //                        memcpy(dat, &(((uint16 *)fifo->buffer)[fifo->max - temp_length]), temp_length *
             - 2);
  513          //                        memcpy(&(((uint16 *)dat)[temp_length]), &(((uint16 *)fifo->buffer)[fifo->head -
             - *length]), (*length - temp_length) * 2);
  514          //                    }break;
  515          //                    case FIFO_DATA_32BIT:
  516          //                    {
  517          //                        memcpy(dat, &(((uint32 *)fifo->buffer)[fifo->max - temp_length]), temp_length *
             - 4);
  518          //                        memcpy(&(((uint32 *)dat)[temp_length]), &(((uint32 *)fifo->buffer)[fifo->head -
             - *length]), (*length - temp_length) * 4);
  519          //                    }break;
  520          //                }
  521          //            }
  522          //            fifo->execution &= ~FIFO_READ;                                      // ЖСВйзїИДЮЛ
  523          //        }
  524          
C251 COMPILER V5.60.0,  zf_common_fifo                                                     25/02/26  13:16:51  PAGE 10  

  525          //        if(FIFO_READ_AND_CLEAN == flag)                                         // ШчЙћбЁдёЖСШЁВЂИќИФ F
             -IFO зДЬЌ
  526          //        {
  527          //            if((FIFO_RESET | FIFO_CLEAR | FIFO_READ) == fifo->execution)        // ВЛдк жижУ ЧхПе ЖСШЁ 
             -зДЬЌ БмУтвьГЃ
  528          //            {
  529          //                return_state = FIFO_CLEAR_UNDO;                                 // ЧхПеВйзїЮДЭъГЩ
  530          //                break;
  531          //            }
  532          //            fifo_clear(fifo);
  533          //        }
  534          //    }while(0);
  535          
  536          //    return return_state;
  537          //}
  538          
  539          //-------------------------------------------------------------------------------------------------------
             -------------
  540          // КЏЪ§МђНщ     FIFO ГѕЪМЛЏ ЙвдиЖдгІЛКГхЧј
  541          // ВЮЪ§ЫЕУї     *fifo               FIFO ЖдЯѓжИеы
  542          // ВЮЪ§ЫЕУї     type                FIFO Ъ§ОнЮЛЪ§
  543          // ВЮЪ§ЫЕУї     *buffer_addr        вЊЙвдиЕФЛКГхЧј
  544          // ВЮЪ§ЫЕУї     siz                ЛКГхЧјДѓаЁ
  545          // ЗЕЛиВЮЪ§     fifo_state_enum     ВйзїзДЬЌ
  546          // ЪЙгУЪОР§     fifo_init(&user_fifo, user_buffer, 64);
  547          // БИзЂаХЯЂ
  548          //-------------------------------------------------------------------------------------------------------
             -------------
  549          fifo_state_enum fifo_init (fifo_struct *fifo, fifo_data_type_enum type, void *buffer_addr, uint32 siz)
  550          {
  551   1          zf_assert(NULL != fifo);
  552   1          do
  553   1          {
  554   2              fifo->buffer    = buffer_addr;
  555   2              fifo->execution = FIFO_IDLE;
  556   2              fifo->type      = type;
  557   2              fifo->head      = 0;
  558   2              fifo->end       = 0;
  559   2              fifo->siz      = siz;
  560   2              fifo->max       = siz;
  561   2          }while(0);
  562   1          return FIFO_SUCCESS;
  563   1      }


Module Information          Static   Overlayable
------------------------------------------------
  code size            =      3931     ------
  ecode size           =    ------     ------
  data size            =    ------     ------
  idata size           =    ------     ------
  pdata size           =    ------     ------
  xdata size           =        82     ------
  xdata-const size     =    ------     ------
  edata size           =    ------     ------
  bit size             =    ------     ------
  ebit size            =    ------     ------
  bitaddressable size  =    ------     ------
  ebitaddressable size =    ------     ------
  far data size        =    ------     ------
  huge data size       =    ------     ------
  const size           =    ------     ------
  hconst size          =        43     ------
End of Module Information.


C251 COMPILATION COMPLETE.  0 WARNING(S),  0 ERROR(S)
