C251 COMPILER V5.60.0,  zf_driver_soft_spi                                                 25/02/26  13:16:55  PAGE 1   


C251 COMPILER V5.60.0, COMPILATION OF MODULE zf_driver_soft_spi
OBJECT MODULE PLACED IN .\out_file\zf_driver_soft_spi.obj
COMPILER INVOKED BY: D:\keil\C251\BIN\C251.EXE ..\..\libraries\zf_driver\zf_driver_soft_spi.c LARGE NOALIAS WARNINGLEVEL
                    -(3) OPTIMIZE(0,SIZE) BROWSE INCDIR(..\..\libraries\zf_common;..\..\libraries\zf_components;..\..\libraries\zf_device;..\
                    -..\libraries\zf_driver;..\user;..\code) DEBUG PRINT(.\out_file\zf_driver_soft_spi.lst) OBJECT(.\out_file\zf_driver_soft_
                    -spi.obj) 

stmt  level    source

    1          /********************************************************************************************************
             -*************
    2          * CH32V307VCT6 Opensourec Library еҚіпјҲCH32V307VCT6 ејҖжәҗеә“пјүжҳҜдёҖдёӘеҹәдәҺе®ҳж–№ SDK жҺҘеҸЈзҡ„з¬¬дё
             -үж–№ејҖжәҗеә“
    3          * Copyright (c) 2022 SEEKFREE йҖҗйЈһз§‘жҠҖ
    4          *
    5          * жң¬ж–Үд»¶жҳҜCH32V307VCT6 ејҖжәҗеә“зҡ„дёҖйғЁеҲҶ
    6          *
    7          * CH32V307VCT6 ејҖжәҗеә“ жҳҜе…Қиҙ№иҪҜд»¶
    8          * жӮЁеҸҜд»Ҙж №жҚ®иҮӘз”ұиҪҜд»¶еҹәйҮ‘дјҡеҸ‘еёғзҡ„ GPLпјҲGNU General Public LicenseпјҢеҚі GNUйҖҡз”Ёе…¬е…ұи®ё
             -еҸҜиҜҒпјүзҡ„жқЎж¬ҫ
    9          * еҚі GPL зҡ„з¬¬3зүҲпјҲеҚі GPL3.0пјүжҲ–пјҲжӮЁйҖүжӢ©зҡ„пјүд»»дҪ•еҗҺжқҘзҡ„зүҲжң¬пјҢйҮҚж–°еҸ‘еёғе’Ң/жҲ–дҝ®ж”
             -№е®ғ
   10          *
   11          * жң¬ејҖжәҗеә“зҡ„еҸ‘еёғжҳҜеёҢжңӣе®ғиғҪеҸ‘жҢҘдҪңз”ЁпјҢдҪҶе№¶жңӘеҜ№е…¶дҪңд»»дҪ•зҡ„дҝқиҜҒ
   12          * з”ҡиҮіжІЎжңүйҡҗеҗ«зҡ„йҖӮй”ҖжҖ§жҲ–йҖӮеҗҲзү№е®ҡз”ЁйҖ”зҡ„дҝқиҜҒ
   13          * жӣҙеӨҡз»ҶиҠӮиҜ·еҸӮи§Ғ GPL
   14          *
   15          * жӮЁеә”иҜҘеңЁж”¶еҲ°жң¬ејҖжәҗеә“зҡ„еҗҢж—¶ж”¶еҲ°дёҖд»Ҫ GPL зҡ„еүҜжң¬
   16          * еҰӮжһңжІЎжңүпјҢиҜ·еҸӮйҳ…<https://www.gnu.org/licenses/>
   17          *
   18          * йўқеӨ–жіЁжҳҺпјҡ
   19          * жң¬ејҖжәҗеә“дҪҝз”Ё GPL3.0 ејҖжәҗи®ёеҸҜиҜҒеҚҸи®® д»ҘдёҠи®ёеҸҜз”іжҳҺдёәиҜ‘ж–ҮзүҲжң¬
   20          * и®ёеҸҜз”іжҳҺиӢұж–ҮзүҲеңЁ libraries/doc ж–Үд»¶еӨ№дёӢзҡ„ GPL3_permission_statement.txt ж–Үд»¶дёӯ
   21          * и®ёеҸҜиҜҒеүҜжң¬еңЁ libraries ж–Үд»¶еӨ№дёӢ еҚіиҜҘж–Үд»¶еӨ№дёӢзҡ„ LICENSE ж–Үд»¶
   22          * ж¬ўиҝҺеҗ„дҪҚдҪҝз”Ёе№¶дј ж’ӯжң¬зЁӢеәҸ дҪҶдҝ®ж”№еҶ…е®№ж—¶еҝ…йЎ»дҝқз•ҷйҖҗйЈһз§‘жҠҖзҡ„зүҲжқғеЈ°жҳҺпјҲеҚіжң¬
             -еЈ°жҳҺпјү
   23          *
   24          * ж–Үд»¶еҗҚз§°          zf_driver_soft_spi
   25          * е…¬еҸёеҗҚз§°          жҲҗйғҪйҖҗйЈһз§‘жҠҖжңүйҷҗе…¬еҸё
   26          * зүҲжң¬дҝЎжҒҜ          жҹҘзңӢ libraries/doc ж–Үд»¶еӨ№еҶ… version ж–Үд»¶ зүҲжң¬иҜҙжҳҺ
   27          * ејҖеҸ‘зҺҜеўғ          MounRiver Studio V1.8.1
   28          * йҖӮз”Ёе№іеҸ°          CH32V307VCT6
   29          * еә—й“әй“ҫжҺҘ          https://seekfree.taobao.com/
   30          *
   31          * дҝ®ж”№и®°еҪ•
   32          * ж—Ҙжңҹ                                      дҪңиҖ…                              еӨҮжіЁ
   33          * 2022-09-15        еӨ§W            first version
   34          *********************************************************************************************************
             -***********/
   35          
   36          #include "zf_common_debug.h"
   37          
   38          #include "zf_driver_soft_spi.h"
   39          
   40          //-------------------------------------------------------------------------------------------------------
             -------------
   41          // еҮҪж•°з®Җд»Ӣ     иҪҜд»¶ SPI е»¶ж—¶
   42          // еҸӮж•°иҜҙжҳҺ     void
   43          // иҝ”еӣһеҸӮж•°     void
   44          // дҪҝз”ЁзӨәдҫӢ     //soft_spi_delay(1);
   45          // еӨҮжіЁдҝЎжҒҜ     еҶ…йғЁи°ғз”Ё
   46          //-------------------------------------------------------------------------------------------------------
             -------------
   47          void soft_spi_delay(uint32 x)  
   48          {
C251 COMPILER V5.60.0,  zf_driver_soft_spi                                                 25/02/26  13:16:55  PAGE 2   

   49   1              vuint32 i = x;
   50   1              while(i--);
   51   1      }
   52          
   53          //-------------------------------------------------------------------------------------------------------
             -------------
   54          // еҮҪж•°з®Җд»Ӣ     иҪҜд»¶ SPI 8bit ж•°жҚ®иҜ»еҶҷ
   55          // еҸӮж•°иҜҙжҳҺ     *soft_spi_obj   иҪҜд»¶ SPI жҢҮе®ҡдҝЎжҒҜеӯҳж”ҫз»“жһ„дҪ“зҡ„жҢҮй’Ҳ
   56          // еҸӮж•°иҜҙжҳҺ     dat            ж•°жҚ®
   57          // иҝ”еӣһеҸӮж•°     uint8           иҜ»еҸ–зҡ„ж•°жҚ®
   58          // дҪҝз”ЁзӨәдҫӢ     soft_spi_8bit_data_handler(soft_spi_obj, 1);
   59          // еӨҮжіЁдҝЎжҒҜ     еҶ…йғЁи°ғз”Ё
   60          //-------------------------------------------------------------------------------------------------------
             -------------
   61          static uint8 soft_spi_8bit_data_handler (soft_spi_info_struct *soft_spi_obj, const uint8 dat)
   62          {
   63   1          uint8 temp = 0;
   64   1          uint8 write_data = dat;
   65   1          uint8 read_data = 0;
   66   1      
   67   1      //    if(soft_spi_obj->config.use_cs)
   68   1      //    {
   69   1      //        gpio_low(soft_spi_obj->cs_pin);
   70   1      //    }
   71   1      
   72   1          if(0 == soft_spi_obj->config.mode || 1 == soft_spi_obj->config.mode)        // CPOL = 0 SCK з©әй—ІдҪҺ
             -з”өе№і
   73   1          {
   74   2              gpio_low(soft_spi_obj->sck_pin);
   75   2          }
   76   1          else                                                                        // CPOL = 1 SCK з©әй—Ій«ҳ
             -з”өе№і
   77   1          {
   78   2              gpio_high(soft_spi_obj->sck_pin);
   79   2          }
   80   1      
   81   1          if(!(soft_spi_obj->config.mode % 2))                                      // CPHA = 0 з¬¬дёҖдёӘиҫ№жІҝ
             -йҮҮж ·
   82   1          {
   83   2              for(temp = 8; temp > 0; temp --)
   84   2              {
   85   3                  if(0x80 & write_data)
   86   3                  {
   87   4                      gpio_high(soft_spi_obj->mosi_pin);
   88   4                  }
   89   3                  else
   90   3                  {
   91   4                      gpio_low(soft_spi_obj->mosi_pin);
   92   4                  }
   93   3                  //soft_spi_delay(soft_spi_obj->delay);
   94   3                  gpio_toggle_level(soft_spi_obj->sck_pin);
   95   3                  write_data = write_data << 1;
   96   3                  read_data = read_data << 1;
   97   3                  if(soft_spi_obj->config.use_miso)
   98   3                  {
   99   4                      read_data |= gpio_get_level(soft_spi_obj->miso_pin);
  100   4                  }
  101   3                  //soft_spi_delay(soft_spi_obj->delay);
  102   3                  gpio_toggle_level(soft_spi_obj->sck_pin);
  103   3              }
  104   2          }
  105   1          else                                                                        // CPHA = 1 з¬¬дәҢдёӘиҫ№ж
             -ІҝйҮҮж ·
  106   1          {
  107   2              for(temp = 8; 0 < temp; temp --)
  108   2              {
C251 COMPILER V5.60.0,  zf_driver_soft_spi                                                 25/02/26  13:16:55  PAGE 3   

  109   3                  gpio_toggle_level(soft_spi_obj->sck_pin);
  110   3                  if(0x80 & write_data)
  111   3                  {
  112   4                      gpio_high(soft_spi_obj->mosi_pin);
  113   4                  }
  114   3                  else
  115   3                  {
  116   4                      gpio_low(soft_spi_obj->mosi_pin);
  117   4                  }
  118   3                  //soft_spi_delay(soft_spi_obj->delay);
  119   3                  gpio_toggle_level(soft_spi_obj->sck_pin);
  120   3                  write_data = write_data << 1;
  121   3                  read_data = read_data << 1;
  122   3                  if(soft_spi_obj->config.use_miso)
  123   3                  {
  124   4                      read_data |= gpio_get_level(soft_spi_obj->miso_pin);
  125   4                  }
  126   3                  //soft_spi_delay(soft_spi_obj->delay);
  127   3              }
  128   2          }
  129   1      
  130   1      //    if(soft_spi_obj->config.use_cs)
  131   1      //    {
  132   1      //        gpio_high(soft_spi_obj->cs_pin);
  133   1      //    }
  134   1          return read_data;
  135   1      }
  136          
  137          //-------------------------------------------------------------------------------------------------------
             -------------
  138          // еҮҪж•°з®Җд»Ӣ     иҪҜд»¶ SPI 16bit ж•°жҚ®иҜ»еҶҷ
  139          // еҸӮж•°иҜҙжҳҺ     *soft_spi_obj   иҪҜд»¶ SPI жҢҮе®ҡдҝЎжҒҜеӯҳж”ҫз»“жһ„дҪ“зҡ„жҢҮй’Ҳ
  140          // еҸӮж•°иҜҙжҳҺ     dat            ж•°жҚ®
  141          // иҝ”еӣһеҸӮж•°     uint16          иҜ»еҸ–зҡ„ж•°жҚ®
  142          // дҪҝз”ЁзӨәдҫӢ     soft_spi_16bit_data_handler(soft_spi_obj, 1);
  143          // еӨҮжіЁдҝЎжҒҜ     еҶ…йғЁи°ғз”Ё
  144          //-------------------------------------------------------------------------------------------------------
             -------------
  145          static uint16 soft_spi_16bit_data_handler (soft_spi_info_struct *soft_spi_obj, const uint16 dat)
  146          {
  147   1          uint8 temp = 0;
  148   1          uint16 write_data = dat;
  149   1          uint16 read_data = 0;
  150   1      
  151   1      //    if(soft_spi_obj->config.use_cs)
  152   1      //    {
  153   1      //        gpio_low(soft_spi_obj->cs_pin);
  154   1      //    }
  155   1      
  156   1          if(0 == soft_spi_obj->config.mode || 1 == soft_spi_obj->config.mode)        // CPOL = 0 SCK з©әй—ІдҪҺ
             -з”өе№і
  157   1          {
  158   2              gpio_low(soft_spi_obj->sck_pin);
  159   2          }
  160   1          else                                                                        // CPOL = 1 SCK з©әй—Ій«ҳ
             -з”өе№і
  161   1          {
  162   2              gpio_high(soft_spi_obj->sck_pin);
  163   2          }
  164   1      
  165   1          if(!(soft_spi_obj->config.mode % 2))                                      // CPHA = 0 з¬¬дёҖдёӘиҫ№жІҝ
             -йҮҮж ·
  166   1          {
  167   2              for(temp = 16; 0 < temp; temp --)
  168   2              {
  169   3                  if(0x8000 & write_data)
C251 COMPILER V5.60.0,  zf_driver_soft_spi                                                 25/02/26  13:16:55  PAGE 4   

  170   3                  {
  171   4                      gpio_high(soft_spi_obj->mosi_pin);
  172   4                  }
  173   3                  else
  174   3                  {
  175   4                      gpio_low(soft_spi_obj->mosi_pin);
  176   4                  }
  177   3                  //soft_spi_delay(soft_spi_obj->delay);
  178   3                  gpio_toggle_level(soft_spi_obj->sck_pin);
  179   3                  write_data = write_data << 1;
  180   3                  read_data = read_data << 1;
  181   3                  if(soft_spi_obj->config.use_miso)
  182   3                  {
  183   4                      read_data |= gpio_get_level(soft_spi_obj->miso_pin);
  184   4                  }
  185   3                  //soft_spi_delay(soft_spi_obj->delay);
  186   3                  gpio_toggle_level(soft_spi_obj->sck_pin);
  187   3              }
  188   2          }
  189   1          else                                                                        // CPHA = 1 з¬¬дәҢдёӘиҫ№ж
             -ІҝйҮҮж ·
  190   1          {
  191   2              for(temp = 16; 0 < temp; temp --)
  192   2              {
  193   3                  gpio_toggle_level(soft_spi_obj->sck_pin);
  194   3                  if(write_data & 0x8000)
  195   3                  {
  196   4                      gpio_high(soft_spi_obj->mosi_pin);
  197   4                  }
  198   3                  else
  199   3                  {
  200   4                      gpio_low(soft_spi_obj->mosi_pin);
  201   4                  }
  202   3                  //soft_spi_delay(soft_spi_obj->delay);
  203   3                  gpio_toggle_level(soft_spi_obj->sck_pin);
  204   3                  write_data = write_data << 1;
  205   3                  read_data = read_data << 1;
  206   3                  if(soft_spi_obj->config.use_miso)
  207   3                  {
  208   4                      read_data |= gpio_get_level(soft_spi_obj->miso_pin);
  209   4                  }
  210   3                  //soft_spi_delay(soft_spi_obj->delay);
  211   3              }
  212   2          }
  213   1      
  214   1      //    if(soft_spi_obj->config.use_cs)
  215   1      //    {
  216   1      //        gpio_high(soft_spi_obj->cs_pin);
  217   1      //    }
  218   1          return read_data;
  219   1      }
  220          
  221          //-------------------------------------------------------------------------------------------------------
             -------------
  222          // еҮҪж•°з®Җд»Ӣ     иҪҜд»¶ SPI жҺҘеҸЈеҶҷ 8bit ж•°жҚ®
  223          // еҸӮж•°иҜҙжҳҺ     *soft_spi_obj   иҪҜд»¶ SPI жҢҮе®ҡдҝЎжҒҜеӯҳж”ҫз»“жһ„дҪ“зҡ„жҢҮй’Ҳ
  224          // еҸӮж•°иҜҙжҳҺ     dat            еҸ‘йҖҒзҡ„ж•°жҚ®
  225          // иҝ”еӣһеҸӮж•°     void
  226          // дҪҝз”ЁзӨәдҫӢ     soft_spi_write_8bit(&soft_spi_obj, 1);
  227          // еӨҮжіЁдҝЎжҒҜ     
  228          //-------------------------------------------------------------------------------------------------------
             -------------
  229          void soft_spi_write_8bit (soft_spi_info_struct *soft_spi_obj, const uint8 dat)
  230          {
  231   1              zf_assert(soft_spi_obj != NULL);
  232   1              if(soft_spi_obj->config.use_cs)
C251 COMPILER V5.60.0,  zf_driver_soft_spi                                                 25/02/26  13:16:55  PAGE 5   

  233   1          {
  234   2              gpio_low(soft_spi_obj->cs_pin);
  235   2          }
  236   1      
  237   1          soft_spi_8bit_data_handler(soft_spi_obj, dat);
  238   1              
  239   1              if(soft_spi_obj->config.use_cs)
  240   1          {
  241   2              gpio_high(soft_spi_obj->cs_pin);
  242   2          }
  243   1      }
  244          
  245          //-------------------------------------------------------------------------------------------------------
             -------------
  246          // еҮҪж•°з®Җд»Ӣ     иҪҜд»¶ SPI жҺҘеҸЈеҶҷ 8bit ж•°з»„
  247          // еҸӮж•°иҜҙжҳҺ     *soft_spi_obj   иҪҜд»¶ SPI жҢҮе®ҡдҝЎжҒҜеӯҳж”ҫз»“жһ„дҪ“зҡ„жҢҮй’Ҳ
  248          // еҸӮж•°иҜҙжҳҺ     *dat           ж•°жҚ®еӯҳж”ҫзј“еҶІеҢә
  249          // еҸӮж•°иҜҙжҳҺ     len             зј“еҶІеҢәй•ҝеәҰ
  250          // иҝ”еӣһеҸӮж•°     void
  251          // дҪҝз”ЁзӨәдҫӢ     soft_spi_write_8bit_array(&soft_spi_obj, buf, 16);
  252          // еӨҮжіЁдҝЎжҒҜ     
  253          //-------------------------------------------------------------------------------------------------------
             -------------
  254          void soft_spi_write_8bit_array (soft_spi_info_struct *soft_spi_obj, const uint8 *dat, uint32 len)
  255          {
  256   1          zf_assert(soft_spi_obj != NULL);
  257   1          zf_assert(dat != NULL);
  258   1              if(soft_spi_obj->config.use_cs)
  259   1          {
  260   2              gpio_low(soft_spi_obj->cs_pin);
  261   2          }
  262   1              
  263   1          while(len --)
  264   1          {
  265   2              soft_spi_8bit_data_handler(soft_spi_obj, *dat ++);
  266   2          }
  267   1              
  268   1              if(soft_spi_obj->config.use_cs)
  269   1          {
  270   2              gpio_high(soft_spi_obj->cs_pin);
  271   2          }
  272   1      }
  273          
  274          //-------------------------------------------------------------------------------------------------------
             -------------
  275          // еҮҪж•°з®Җд»Ӣ     иҪҜд»¶ SPI жҺҘеҸЈеҶҷ 16bit ж•°жҚ®
  276          // еҸӮж•°иҜҙжҳҺ     *soft_spi_obj   иҪҜд»¶ SPI жҢҮе®ҡдҝЎжҒҜеӯҳж”ҫз»“жһ„дҪ“зҡ„жҢҮй’Ҳ
  277          // еҸӮж•°иҜҙжҳҺ     dat            еҸ‘йҖҒзҡ„ж•°жҚ®
  278          // иҝ”еӣһеҸӮж•°     void
  279          // дҪҝз”ЁзӨәдҫӢ     soft_spi_write_16bit(&soft_spi_obj, 1);
  280          // еӨҮжіЁдҝЎжҒҜ     
  281          //-------------------------------------------------------------------------------------------------------
             -------------
  282          void soft_spi_write_16bit (soft_spi_info_struct *soft_spi_obj, uint16 dat)
  283          {
  284   1          zf_assert(soft_spi_obj != NULL);
  285   1              if(soft_spi_obj->config.use_cs)
  286   1          {
  287   2              gpio_low(soft_spi_obj->cs_pin);
  288   2          }
  289   1              
  290   1          soft_spi_16bit_data_handler(soft_spi_obj, dat);
  291   1              
  292   1              if(soft_spi_obj->config.use_cs)
  293   1          {
  294   2              gpio_high(soft_spi_obj->cs_pin);
C251 COMPILER V5.60.0,  zf_driver_soft_spi                                                 25/02/26  13:16:55  PAGE 6   

  295   2          }
  296   1      }
  297          
  298          //-------------------------------------------------------------------------------------------------------
             -------------
  299          // еҮҪж•°з®Җд»Ӣ     иҪҜд»¶ SPI жҺҘеҸЈеҶҷ 16bit ж•°з»„
  300          // еҸӮж•°иҜҙжҳҺ     *soft_spi_obj   иҪҜд»¶ SPI жҢҮе®ҡдҝЎжҒҜеӯҳж”ҫз»“жһ„дҪ“зҡ„жҢҮй’Ҳ
  301          // еҸӮж•°иҜҙжҳҺ     *dat           ж•°жҚ®еӯҳж”ҫзј“еҶІеҢә
  302          // еҸӮж•°иҜҙжҳҺ     len             зј“еҶІеҢәй•ҝеәҰ
  303          // иҝ”еӣһеҸӮж•°     void
  304          // дҪҝз”ЁзӨәдҫӢ     soft_spi_write_16bit_array(&soft_spi_obj, buf, 16);
  305          // еӨҮжіЁдҝЎжҒҜ     
  306          //-------------------------------------------------------------------------------------------------------
             -------------
  307          void soft_spi_write_16bit_array (soft_spi_info_struct *soft_spi_obj, const uint16 *dat, uint32 len)
  308          {
  309   1          zf_assert(soft_spi_obj != NULL);
  310   1          zf_assert(dat != NULL);
  311   1              if(soft_spi_obj->config.use_cs)
  312   1          {
  313   2              gpio_low(soft_spi_obj->cs_pin);
  314   2          }
  315   1              
  316   1          while(len --)
  317   1          {
  318   2              soft_spi_16bit_data_handler(soft_spi_obj, *dat ++);
  319   2          }
  320   1              
  321   1              if(soft_spi_obj->config.use_cs)
  322   1          {
  323   2              gpio_high(soft_spi_obj->cs_pin);
  324   2          }
  325   1      }
  326          
  327          //-------------------------------------------------------------------------------------------------------
             -------------
  328          // еҮҪж•°з®Җд»Ӣ     иҪҜд»¶ SPI жҺҘеҸЈеҗ‘дј ж„ҹеҷЁзҡ„еҜ„еӯҳеҷЁеҶҷ 8bit ж•°жҚ®
  329          // еҸӮж•°иҜҙжҳҺ     *soft_spi_obj   иҪҜд»¶ SPI жҢҮе®ҡдҝЎжҒҜеӯҳж”ҫз»“жһ„дҪ“зҡ„жҢҮй’Ҳ
  330          // еҸӮж•°иҜҙжҳҺ     register_name   еҜ„еӯҳеҷЁең°еқҖ
  331          // еҸӮж•°иҜҙжҳҺ     dat            еҸ‘йҖҒзҡ„ж•°жҚ®
  332          // иҝ”еӣһеҸӮж•°     void
  333          // дҪҝз”ЁзӨәдҫӢ     soft_spi_write_8bit_register(&soft_spi_obj, 1, 1);
  334          // еӨҮжіЁдҝЎжҒҜ     
  335          //-------------------------------------------------------------------------------------------------------
             -------------
  336          void soft_spi_write_8bit_register (soft_spi_info_struct *soft_spi_obj, const uint8 register_name, const u
             -int8 dat)
  337          {
  338   1          zf_assert(soft_spi_obj != NULL);
  339   1              if(soft_spi_obj->config.use_cs)
  340   1          {
  341   2              gpio_low(soft_spi_obj->cs_pin);
  342   2          }
  343   1              
  344   1          soft_spi_8bit_data_handler(soft_spi_obj, register_name);
  345   1          soft_spi_8bit_data_handler(soft_spi_obj, dat);
  346   1              
  347   1              if(soft_spi_obj->config.use_cs)
  348   1          {
  349   2              gpio_high(soft_spi_obj->cs_pin);
  350   2          }
  351   1      }
  352          
  353          //-------------------------------------------------------------------------------------------------------
             -------------
  354          // еҮҪж•°з®Җд»Ӣ     иҪҜд»¶ SPI жҺҘеҸЈеҗ‘дј ж„ҹеҷЁзҡ„еҜ„еӯҳеҷЁеҶҷ 8bit ж•°з»„
C251 COMPILER V5.60.0,  zf_driver_soft_spi                                                 25/02/26  13:16:55  PAGE 7   

  355          // еҸӮж•°иҜҙжҳҺ     *soft_spi_obj   иҪҜд»¶ SPI жҢҮе®ҡдҝЎжҒҜеӯҳж”ҫз»“жһ„дҪ“зҡ„жҢҮй’Ҳ
  356          // еҸӮж•°иҜҙжҳҺ     register_name   еҜ„еӯҳеҷЁең°еқҖ
  357          // еҸӮж•°иҜҙжҳҺ     *dat           ж•°жҚ®еӯҳж”ҫзј“еҶІеҢә
  358          // еҸӮж•°иҜҙжҳҺ     len             зј“еҶІеҢәй•ҝеәҰ
  359          // иҝ”еӣһеҸӮж•°     void
  360          // дҪҝз”ЁзӨәдҫӢ     soft_spi_write_8bit_registers(&soft_spi_obj, 1, buf, 16);
  361          //-------------------------------------------------------------------------------------------------------
             -------------
  362          void soft_spi_write_8bit_registers (soft_spi_info_struct *soft_spi_obj, const uint8 register_name, const 
             -uint8 *dat, uint32 len)
  363          {
  364   1          zf_assert(soft_spi_obj != NULL);
  365   1          zf_assert(dat != NULL);
  366   1              if(soft_spi_obj->config.use_cs)
  367   1          {
  368   2              gpio_low(soft_spi_obj->cs_pin);
  369   2          }
  370   1              
  371   1          soft_spi_8bit_data_handler(soft_spi_obj, register_name);
  372   1          while(len --)
  373   1          {
  374   2              soft_spi_8bit_data_handler(soft_spi_obj, *dat ++);
  375   2          }
  376   1              
  377   1              if(soft_spi_obj->config.use_cs)
  378   1          {
  379   2              gpio_high(soft_spi_obj->cs_pin);
  380   2          }
  381   1      }
  382          
  383          //-------------------------------------------------------------------------------------------------------
             -------------
  384          // еҮҪж•°з®Җд»Ӣ     иҪҜд»¶ SPI жҺҘеҸЈеҗ‘дј ж„ҹеҷЁзҡ„еҜ„еӯҳеҷЁеҶҷ 16bit ж•°жҚ®
  385          // еҸӮж•°иҜҙжҳҺ     *soft_spi_obj   иҪҜд»¶ SPI жҢҮе®ҡдҝЎжҒҜеӯҳж”ҫз»“жһ„дҪ“зҡ„жҢҮй’Ҳ
  386          // еҸӮж•°иҜҙжҳҺ     register_name   еҜ„еӯҳеҷЁең°еқҖ
  387          // еҸӮж•°иҜҙжҳҺ     dat            еҸ‘йҖҒзҡ„ж•°жҚ®
  388          // иҝ”еӣһеҸӮж•°     void
  389          // дҪҝз”ЁзӨәдҫӢ     soft_spi_write_16bit_register(&soft_spi_obj, 1, 1);
  390          // еӨҮжіЁдҝЎжҒҜ     
  391          //-------------------------------------------------------------------------------------------------------
             -------------
  392          void soft_spi_write_16bit_register (soft_spi_info_struct *soft_spi_obj, const uint16 register_name, uint1
             -6 dat)
  393          {
  394   1          zf_assert(soft_spi_obj != NULL);
  395   1              if(soft_spi_obj->config.use_cs)
  396   1          {
  397   2              gpio_low(soft_spi_obj->cs_pin);
  398   2          }
  399   1              
  400   1          soft_spi_16bit_data_handler(soft_spi_obj, register_name);
  401   1          soft_spi_16bit_data_handler(soft_spi_obj, dat);
  402   1              
  403   1              if(soft_spi_obj->config.use_cs)
  404   1          {
  405   2              gpio_high(soft_spi_obj->cs_pin);
  406   2          }
  407   1      }
  408          
  409          //-------------------------------------------------------------------------------------------------------
             -------------
  410          // еҮҪж•°з®Җд»Ӣ     иҪҜд»¶ SPI жҺҘеҸЈеҗ‘дј ж„ҹеҷЁзҡ„еҜ„еӯҳеҷЁеҶҷ 16bit ж•°з»„
  411          // еҸӮж•°иҜҙжҳҺ     *soft_spi_obj   иҪҜд»¶ SPI жҢҮе®ҡдҝЎжҒҜеӯҳж”ҫз»“жһ„дҪ“зҡ„жҢҮй’Ҳ
  412          // еҸӮж•°иҜҙжҳҺ     register_name   еҜ„еӯҳеҷЁең°еқҖ
  413          // еҸӮж•°иҜҙжҳҺ     *dat           ж•°жҚ®еӯҳж”ҫзј“еҶІеҢә
  414          // еҸӮж•°иҜҙжҳҺ     len             зј“еҶІеҢәй•ҝеәҰ
C251 COMPILER V5.60.0,  zf_driver_soft_spi                                                 25/02/26  13:16:55  PAGE 8   

  415          // иҝ”еӣһеҸӮж•°     void
  416          // дҪҝз”ЁзӨәдҫӢ     soft_spi_write_16bit_registers(&soft_spi_obj, 1, buf, 16);
  417          // еӨҮжіЁдҝЎжҒҜ     
  418          //-------------------------------------------------------------------------------------------------------
             -------------
  419          void soft_spi_write_16bit_registers (soft_spi_info_struct *soft_spi_obj, const uint16 register_name, cons
             -t uint16 *dat, uint32 len)
  420          {
  421   1          zf_assert(soft_spi_obj != NULL);
  422   1          zf_assert(dat != NULL);
  423   1              if(soft_spi_obj->config.use_cs)
  424   1          {
  425   2              gpio_low(soft_spi_obj->cs_pin);
  426   2          }
  427   1              
  428   1          soft_spi_16bit_data_handler(soft_spi_obj, register_name);
  429   1          while(len --)
  430   1          {
  431   2              soft_spi_16bit_data_handler(soft_spi_obj, *dat ++);
  432   2          }
  433   1              
  434   1              if(soft_spi_obj->config.use_cs)
  435   1          {
  436   2              gpio_high(soft_spi_obj->cs_pin);
  437   2          }
  438   1      }
  439          
  440          //-------------------------------------------------------------------------------------------------------
             -------------
  441          // еҮҪж•°з®Җд»Ӣ     иҪҜд»¶ SPI жҺҘеҸЈиҜ» 8bit ж•°жҚ®
  442          // еҸӮж•°иҜҙжҳҺ     *soft_spi_obj   иҪҜд»¶ SPI жҢҮе®ҡдҝЎжҒҜеӯҳж”ҫз»“жһ„дҪ“зҡ„жҢҮй’Ҳ
  443          // еҸӮж•°иҜҙжҳҺ     dat            еҸ‘йҖҒзҡ„ж•°жҚ®
  444          // иҝ”еӣһеҸӮж•°     uint8           иҝ”еӣһиҜ»еҸ–зҡ„ 8bit ж•°жҚ®
  445          // дҪҝз”ЁзӨәдҫӢ     soft_spi_read_8bit(&soft_spi_obj);
  446          // еӨҮжіЁдҝЎжҒҜ     
  447          //-------------------------------------------------------------------------------------------------------
             -------------
  448          uint8 soft_spi_read_8bit (soft_spi_info_struct *soft_spi_obj)
  449          {
  450   1              uint8 dat = 0;
  451   1          zf_assert(soft_spi_obj != NULL);
  452   1              if(soft_spi_obj->config.use_cs)
  453   1          {
  454   2              gpio_low(soft_spi_obj->cs_pin);
  455   2          }
  456   1              
  457   1              dat = soft_spi_8bit_data_handler(soft_spi_obj, 0);
  458   1      
  459   1              if(soft_spi_obj->config.use_cs)
  460   1          {
  461   2              gpio_high(soft_spi_obj->cs_pin);
  462   2          }
  463   1          return dat;
  464   1      }
  465          
  466          //-------------------------------------------------------------------------------------------------------
             -------------
  467          // еҮҪж•°з®Җд»Ӣ     иҪҜд»¶ SPI жҺҘеҸЈиҜ» 8bit ж•°з»„
  468          // еҸӮж•°иҜҙжҳҺ     *soft_spi_obj   иҪҜд»¶ SPI жҢҮе®ҡдҝЎжҒҜеӯҳж”ҫз»“жһ„дҪ“зҡ„жҢҮй’Ҳ
  469          // еҸӮж•°иҜҙжҳҺ     *dat           ж•°жҚ®еӯҳж”ҫзј“еҶІеҢә
  470          // еҸӮж•°иҜҙжҳҺ     len             зј“еҶІеҢәй•ҝеәҰ
  471          // иҝ”еӣһеҸӮж•°     void
  472          // дҪҝз”ЁзӨәдҫӢ     soft_spi_read_8bit_array(&soft_spi_obj, buf, 16);
  473          // еӨҮжіЁдҝЎжҒҜ     
  474          //-------------------------------------------------------------------------------------------------------
             -------------
C251 COMPILER V5.60.0,  zf_driver_soft_spi                                                 25/02/26  13:16:55  PAGE 9   

  475          void soft_spi_read_8bit_array (soft_spi_info_struct *soft_spi_obj, uint8 *dat, uint32 len)
  476          {
  477   1          zf_assert(soft_spi_obj != NULL);
  478   1          zf_assert(dat != NULL);
  479   1              if(soft_spi_obj->config.use_cs)
  480   1          {
  481   2              gpio_low(soft_spi_obj->cs_pin);
  482   2          }
  483   1              
  484   1          while(len --)
  485   1          {
  486   2              *dat ++ = soft_spi_8bit_data_handler(soft_spi_obj, 0);
  487   2          }
  488   1              
  489   1              if(soft_spi_obj->config.use_cs)
  490   1          {
  491   2              gpio_high(soft_spi_obj->cs_pin);
  492   2          }
  493   1      }
  494          
  495          //-------------------------------------------------------------------------------------------------------
             -------------
  496          // еҮҪж•°з®Җд»Ӣ     иҪҜд»¶ SPI жҺҘеҸЈиҜ» 16bit ж•°жҚ®
  497          // еҸӮж•°иҜҙжҳҺ     *soft_spi_obj   иҪҜд»¶ SPI жҢҮе®ҡдҝЎжҒҜеӯҳж”ҫз»“жһ„дҪ“зҡ„жҢҮй’Ҳ
  498          // еҸӮж•°иҜҙжҳҺ     dat            еҸ‘йҖҒзҡ„ж•°жҚ®
  499          // иҝ”еӣһеҸӮж•°     uint16          иҝ”еӣһиҜ»еҸ–зҡ„ 16bit ж•°жҚ®
  500          // дҪҝз”ЁзӨәдҫӢ     soft_spi_read_16bit(&soft_spi_obj);
  501          // еӨҮжіЁдҝЎжҒҜ     
  502          //-------------------------------------------------------------------------------------------------------
             -------------
  503          uint16 soft_spi_read_16bit (soft_spi_info_struct *soft_spi_obj)
  504          {
  505   1              uint8 dat = 0;
  506   1              
  507   1              zf_assert(soft_spi_obj != NULL);
  508   1              
  509   1              if(soft_spi_obj->config.use_cs)
  510   1          {
  511   2              gpio_low(soft_spi_obj->cs_pin);
  512   2          }
  513   1              
  514   1              dat = soft_spi_16bit_data_handler(soft_spi_obj, 0);
  515   1              
  516   1              if(soft_spi_obj->config.use_cs)
  517   1          {
  518   2              gpio_high(soft_spi_obj->cs_pin);
  519   2          }
  520   1              
  521   1          return dat;
  522   1      }
  523          
  524          //-------------------------------------------------------------------------------------------------------
             -------------
  525          // еҮҪж•°з®Җд»Ӣ     иҪҜд»¶ SPI жҺҘеҸЈиҜ» 16bit ж•°з»„
  526          // еҸӮж•°иҜҙжҳҺ     *soft_spi_obj   иҪҜд»¶ SPI жҢҮе®ҡдҝЎжҒҜеӯҳж”ҫз»“жһ„дҪ“зҡ„жҢҮй’Ҳ
  527          // еҸӮж•°иҜҙжҳҺ     *dat           ж•°жҚ®еӯҳж”ҫзј“еҶІеҢә
  528          // еҸӮж•°иҜҙжҳҺ     len             зј“еҶІеҢәй•ҝеәҰ
  529          // иҝ”еӣһеҸӮж•°     void
  530          // дҪҝз”ЁзӨәдҫӢ     soft_spi_read_16bit_array(&soft_spi_obj, buf, 16);
  531          // еӨҮжіЁдҝЎжҒҜ     
  532          //-------------------------------------------------------------------------------------------------------
             -------------
  533          void soft_spi_read_16bit_array (soft_spi_info_struct *soft_spi_obj, uint16 *dat, uint32 len)
  534          {
  535   1          zf_assert(soft_spi_obj != NULL);
  536   1          zf_assert(dat != NULL);
C251 COMPILER V5.60.0,  zf_driver_soft_spi                                                 25/02/26  13:16:55  PAGE 10  

  537   1              if(soft_spi_obj->config.use_cs)
  538   1          {
  539   2              gpio_low(soft_spi_obj->cs_pin);
  540   2          }
  541   1              
  542   1          while(len --)
  543   1          {
  544   2              *dat ++ = soft_spi_16bit_data_handler(soft_spi_obj, 0);
  545   2          }
  546   1              
  547   1              if(soft_spi_obj->config.use_cs)
  548   1          {
  549   2              gpio_high(soft_spi_obj->cs_pin);
  550   2          }
  551   1      }
  552          
  553          //-------------------------------------------------------------------------------------------------------
             -------------
  554          // еҮҪж•°з®Җд»Ӣ     иҪҜд»¶ SPI жҺҘеҸЈд»Һдј ж„ҹеҷЁзҡ„еҜ„еӯҳеҷЁиҜ» 8bit ж•°жҚ®
  555          // еҸӮж•°иҜҙжҳҺ     *soft_spi_obj   иҪҜд»¶ SPI жҢҮе®ҡдҝЎжҒҜеӯҳж”ҫз»“жһ„дҪ“зҡ„жҢҮй’Ҳ
  556          // еҸӮж•°иҜҙжҳҺ     register_name   еҜ„еӯҳеҷЁең°еқҖ
  557          // еҸӮж•°иҜҙжҳҺ     dat            еҸ‘йҖҒзҡ„ж•°жҚ®
  558          // иҝ”еӣһеҸӮж•°     uint8           иҝ”еӣһиҜ»еҸ–зҡ„ 8bit ж•°жҚ®
  559          // дҪҝз”ЁзӨәдҫӢ     soft_spi_read_8bit_register(&soft_spi_obj, 0x01, 0x01);
  560          // еӨҮжіЁдҝЎжҒҜ     
  561          //-------------------------------------------------------------------------------------------------------
             -------------
  562          uint8 soft_spi_read_8bit_register (soft_spi_info_struct *soft_spi_obj, const uint8 register_name)
  563          {
  564   1              uint8 dat = 0;
  565   1          zf_assert(soft_spi_obj != NULL);
  566   1              if(soft_spi_obj->config.use_cs)
  567   1          {
  568   2              gpio_low(soft_spi_obj->cs_pin);
  569   2          }
  570   1              
  571   1          soft_spi_8bit_data_handler(soft_spi_obj, register_name);
  572   1              dat = soft_spi_8bit_data_handler(soft_spi_obj, 0);
  573   1              
  574   1              if(soft_spi_obj->config.use_cs)
  575   1          {
  576   2              gpio_high(soft_spi_obj->cs_pin);
  577   2          }
  578   1          return dat;
  579   1      }
  580          
  581          //-------------------------------------------------------------------------------------------------------
             -------------
  582          // еҮҪж•°з®Җд»Ӣ     иҪҜд»¶ SPI жҺҘеҸЈд»Һдј ж„ҹеҷЁзҡ„еҜ„еӯҳеҷЁиҜ» 8bit ж•°з»„
  583          // еҸӮж•°иҜҙжҳҺ     *soft_spi_obj   иҪҜд»¶ SPI жҢҮе®ҡдҝЎжҒҜеӯҳж”ҫз»“жһ„дҪ“зҡ„жҢҮй’Ҳ
  584          // еҸӮж•°иҜҙжҳҺ     register_name   еҜ„еӯҳеҷЁең°еқҖ
  585          // еҸӮж•°иҜҙжҳҺ     *dat           ж•°жҚ®еӯҳж”ҫзј“еҶІеҢә
  586          // еҸӮж•°иҜҙжҳҺ     len             зј“еҶІеҢәй•ҝеәҰ
  587          // иҝ”еӣһеҸӮж•°     void
  588          // дҪҝз”ЁзӨәдҫӢ     soft_spi_read_8bit_registers(&soft_spi_obj, 0x01, buf, 16);
  589          // еӨҮжіЁдҝЎжҒҜ     
  590          //-------------------------------------------------------------------------------------------------------
             -------------
  591          void soft_spi_read_8bit_registers (soft_spi_info_struct *soft_spi_obj, const uint8 register_name, uint8 *
             -dat, uint32 len)
  592          {
  593   1          zf_assert(soft_spi_obj != NULL);
  594   1          zf_assert(dat != NULL);
  595   1              if(soft_spi_obj->config.use_cs)
  596   1          {
  597   2              gpio_low(soft_spi_obj->cs_pin);
C251 COMPILER V5.60.0,  zf_driver_soft_spi                                                 25/02/26  13:16:55  PAGE 11  

  598   2          }
  599   1              
  600   1          soft_spi_8bit_data_handler(soft_spi_obj, register_name);
  601   1          while(len --)
  602   1          {
  603   2              *dat ++ = soft_spi_8bit_data_handler(soft_spi_obj, 0);
  604   2          }
  605   1              
  606   1              if(soft_spi_obj->config.use_cs)
  607   1          {
  608   2              gpio_high(soft_spi_obj->cs_pin);
  609   2          }
  610   1      }
  611          
  612          //-------------------------------------------------------------------------------------------------------
             -------------
  613          // еҮҪж•°з®Җд»Ӣ     иҪҜд»¶ SPI жҺҘеҸЈд»Һдј ж„ҹеҷЁзҡ„еҜ„еӯҳеҷЁиҜ» 16bit ж•°жҚ®
  614          // еҸӮж•°иҜҙжҳҺ     *soft_spi_obj   иҪҜд»¶ SPI жҢҮе®ҡдҝЎжҒҜеӯҳж”ҫз»“жһ„дҪ“зҡ„жҢҮй’Ҳ
  615          // еҸӮж•°иҜҙжҳҺ     register_name   еҜ„еӯҳеҷЁең°еқҖ
  616          // еҸӮж•°иҜҙжҳҺ     dat            еҸ‘йҖҒзҡ„ж•°жҚ®
  617          // иҝ”еӣһеҸӮж•°     uint16          иҝ”еӣһиҜ»еҸ–зҡ„ 16bit ж•°жҚ®
  618          // дҪҝз”ЁзӨәдҫӢ     soft_spi_read_16bit_register(&soft_spi_obj, 0x0101);
  619          // еӨҮжіЁдҝЎжҒҜ     
  620          //-------------------------------------------------------------------------------------------------------
             -------------
  621          uint16 soft_spi_read_16bit_register (soft_spi_info_struct *soft_spi_obj, const uint16 register_name)
  622          {
  623   1              uint16 dat = 0;
  624   1              
  625   1          zf_assert(soft_spi_obj != NULL);
  626   1              
  627   1              if(soft_spi_obj->config.use_cs)
  628   1          {
  629   2              gpio_low(soft_spi_obj->cs_pin);
  630   2          }
  631   1          soft_spi_16bit_data_handler(soft_spi_obj, register_name);
  632   1              dat = soft_spi_16bit_data_handler(soft_spi_obj, 0);
  633   1              
  634   1              if(soft_spi_obj->config.use_cs)
  635   1          {
  636   2              gpio_high(soft_spi_obj->cs_pin);
  637   2          }
  638   1          return dat;
  639   1      }
  640          
  641          //-------------------------------------------------------------------------------------------------------
             -------------
  642          // еҮҪж•°з®Җд»Ӣ     иҪҜд»¶ SPI жҺҘеҸЈд»Һдј ж„ҹеҷЁзҡ„еҜ„еӯҳеҷЁиҜ» 16bit ж•°з»„
  643          // еҸӮж•°иҜҙжҳҺ     *soft_spi_obj   иҪҜд»¶ SPI жҢҮе®ҡдҝЎжҒҜеӯҳж”ҫз»“жһ„дҪ“зҡ„жҢҮй’Ҳ
  644          // еҸӮж•°иҜҙжҳҺ     register_name   еҜ„еӯҳеҷЁең°еқҖ
  645          // еҸӮж•°иҜҙжҳҺ     *dat           ж•°жҚ®еӯҳж”ҫзј“еҶІеҢә
  646          // еҸӮж•°иҜҙжҳҺ     len             зј“еҶІеҢәй•ҝеәҰ
  647          // иҝ”еӣһеҸӮж•°     void
  648          // дҪҝз”ЁзӨәдҫӢ     soft_spi_read_16bit_registers(&soft_spi_obj, 0x0101, buf, 16);
  649          // еӨҮжіЁдҝЎжҒҜ     
  650          //-------------------------------------------------------------------------------------------------------
             -------------
  651          void soft_spi_read_16bit_registers (soft_spi_info_struct *soft_spi_obj, const uint16 register_name, uint1
             -6 *dat, uint32 len)
  652          {
  653   1          zf_assert(soft_spi_obj != NULL);
  654   1          zf_assert(dat != NULL);
  655   1              if(soft_spi_obj->config.use_cs)
  656   1          {
  657   2              gpio_low(soft_spi_obj->cs_pin);
  658   2          }
C251 COMPILER V5.60.0,  zf_driver_soft_spi                                                 25/02/26  13:16:55  PAGE 12  

  659   1          soft_spi_16bit_data_handler(soft_spi_obj, register_name);
  660   1          while(len --)
  661   1          {
  662   2              *dat ++ = soft_spi_16bit_data_handler(soft_spi_obj, 0);
  663   2          }
  664   1              
  665   1              if(soft_spi_obj->config.use_cs)
  666   1          {
  667   2              gpio_high(soft_spi_obj->cs_pin);
  668   2          }
  669   1      }
  670          
  671          //-------------------------------------------------------------------------------------------------------
             -------------
  672          // еҮҪж•°з®Җд»Ӣ     иҪҜд»¶ SPI 8bit ж•°жҚ®дј иҫ“ еҸ‘йҖҒдёҺжҺҘж”¶ж•°жҚ®жҳҜеҗҢж—¶иҝӣиЎҢзҡ„
  673          // еҸӮж•°иҜҙжҳҺ     *soft_spi_obj   иҪҜд»¶ SPI жҢҮе®ҡдҝЎжҒҜеӯҳж”ҫз»“жһ„дҪ“зҡ„жҢҮй’Ҳ
  674          // еҸӮж•°иҜҙжҳҺ     write_buffer    еҸ‘йҖҒзҡ„ж•°жҚ®зј“еҶІеҢәең°еқҖ
  675          // еҸӮж•°иҜҙжҳҺ     read_buffer     еҸ‘йҖҒж•°жҚ®ж—¶жҺҘж”¶еҲ°зҡ„ж•°жҚ®зҡ„еӯҳеӮЁең°еқҖ(дёҚйңҖиҰҒжҺҘж”¶еҲҷдј
             -  NULL)
  676          // еҸӮж•°иҜҙжҳҺ     len             еҸ‘йҖҒзҡ„еӯ—иҠӮж•°
  677          // иҝ”еӣһеҸӮж•°     void
  678          // дҪҝз”ЁзӨәдҫӢ     soft_spi_transfer_8bit(&soft_spi_obj, buf, buf, 1);
  679          // еӨҮжіЁдҝЎжҒҜ     
  680          //-------------------------------------------------------------------------------------------------------
             -------------
  681          void soft_spi_transfer_8bit (soft_spi_info_struct *soft_spi_obj, const uint8 *write_buffer, uint8 *read_b
             -uffer, uint32 len)
  682          {
  683   1          zf_assert(soft_spi_obj != NULL);
  684   1          zf_assert(write_buffer != NULL);
  685   1              if(soft_spi_obj->config.use_cs)
  686   1          {
  687   2              gpio_low(soft_spi_obj->cs_pin);
  688   2          }
  689   1              
  690   1          while(len --)
  691   1          {
  692   2              if(read_buffer != NULL)
  693   2              {
  694   3                  *read_buffer = soft_spi_8bit_data_handler(soft_spi_obj, *write_buffer);
  695   3                  write_buffer ++;
  696   3                  read_buffer ++;
  697   3              }
  698   2              else
  699   2              {
  700   3                  soft_spi_8bit_data_handler(soft_spi_obj, *write_buffer);
  701   3                  write_buffer ++;
  702   3              }
  703   2          }
  704   1              
  705   1              if(soft_spi_obj->config.use_cs)
  706   1          {
  707   2              gpio_high(soft_spi_obj->cs_pin);
  708   2          }
  709   1      }
  710          
  711          //-------------------------------------------------------------------------------------------------------
             -------------
  712          // еҮҪж•°з®Җд»Ӣ     иҪҜд»¶ SPI 16bit ж•°жҚ®дј иҫ“ еҸ‘йҖҒдёҺжҺҘж”¶ж•°жҚ®жҳҜеҗҢж—¶иҝӣиЎҢзҡ„
  713          // еҸӮж•°иҜҙжҳҺ     *soft_spi_obj   иҪҜд»¶ SPI жҢҮе®ҡдҝЎжҒҜеӯҳж”ҫз»“жһ„дҪ“зҡ„жҢҮй’Ҳ
  714          // еҸӮж•°иҜҙжҳҺ     write_buffer    еҸ‘йҖҒзҡ„ж•°жҚ®зј“еҶІеҢәең°еқҖ
  715          // еҸӮж•°иҜҙжҳҺ     read_buffer     еҸ‘йҖҒж•°жҚ®ж—¶жҺҘж”¶еҲ°зҡ„ж•°жҚ®зҡ„еӯҳеӮЁең°еқҖ(дёҚйңҖиҰҒжҺҘж”¶еҲҷдј
             -  NULL)
  716          // еҸӮж•°иҜҙжҳҺ     len             еҸ‘йҖҒзҡ„еӯ—иҠӮж•°
  717          // иҝ”еӣһеҸӮж•°     void
  718          // дҪҝз”ЁзӨәдҫӢ     soft_spi_transfer_16bit(&soft_spi_obj, buf, buf, 1);
C251 COMPILER V5.60.0,  zf_driver_soft_spi                                                 25/02/26  13:16:55  PAGE 13  

  719          // еӨҮжіЁдҝЎжҒҜ     
  720          //-------------------------------------------------------------------------------------------------------
             -------------
  721          void soft_spi_transfer_16bit (soft_spi_info_struct *soft_spi_obj, const uint16 *write_buffer, uint16 *rea
             -d_buffer, uint32 len)
  722          {
  723   1          zf_assert(soft_spi_obj != NULL);
  724   1          zf_assert(write_buffer != NULL);
  725   1              if(soft_spi_obj->config.use_cs)
  726   1          {
  727   2              gpio_low(soft_spi_obj->cs_pin);
  728   2          }
  729   1              
  730   1          while(len --)
  731   1          {
  732   2              if(read_buffer != NULL)
  733   2              {
  734   3                  *read_buffer = soft_spi_16bit_data_handler(soft_spi_obj, *write_buffer);
  735   3                  write_buffer ++;
  736   3                  read_buffer ++;
  737   3              }
  738   2              else
  739   2              {
  740   3                  soft_spi_16bit_data_handler(soft_spi_obj, *write_buffer);
  741   3                  write_buffer ++;
  742   3              }
  743   2          }
  744   1              
  745   1              if(soft_spi_obj->config.use_cs)
  746   1          {
  747   2              gpio_high(soft_spi_obj->cs_pin);
  748   2          }
  749   1      }
  750          
  751          //-------------------------------------------------------------------------------------------------------
             -------------
  752          // еҮҪж•°з®Җд»Ӣ     иҪҜд»¶ SPI жҺҘеҸЈеҲқе§ӢеҢ–
  753          // еҸӮж•°иҜҙжҳҺ     *soft_spi_obj   иҪҜд»¶ SPI жҢҮе®ҡдҝЎжҒҜеӯҳж”ҫз»“жһ„дҪ“зҡ„жҢҮй’Ҳ
  754          // еҸӮж•°иҜҙжҳҺ     mode            SPI жЁЎејҸ еҸӮз…§ zf_driver_spi.h еҶ… spi_mode_enum жһҡдёҫдҪ“е®ҡд№ү
  755          // еҸӮж•°иҜҙжҳҺ     delay           иҪҜд»¶ SPI е»¶ж—¶ е°ұжҳҜж—¶й’ҹй«ҳз”өе№іж—¶й—ҙ и¶Ҡзҹӯ SPI йҖҹзҺҮи¶Ҡй«ҳ
  756          // еҸӮж•°иҜҙжҳҺ     sck_pin         йҖүжӢ© SCK еј•и„ҡ еҸӮз…§ zf_driver_gpio.h еҶ… gpio_pin_enum жһҡдёҫдҪ“
             -е®ҡд№ү
  757          // еҸӮж•°иҜҙжҳҺ     mosi_pin        йҖүжӢ© MOSI еј•и„ҡ еҸӮз…§ zf_driver_gpio.h еҶ… gpio_pin_enum жһҡдёҫдҪ
             -“е®ҡд№ү
  758          // еҸӮж•°иҜҙжҳҺ     miso_pin        йҖүжӢ© MISO еј•и„ҡ еҰӮжһңдёҚйңҖиҰҒиҝҷдёӘеј•и„ҡ е°ұеЎ« SOFT_SPI_PIN_NU
             -LL
  759          // еҸӮж•°иҜҙжҳҺ     cs_pin          йҖүжӢ© CS еј•и„ҡ еҰӮжһңдёҚйңҖиҰҒиҝҷдёӘеј•и„ҡ е°ұеЎ« SOFT_SPI_PIN_NULL
  760          // иҝ”еӣһеҸӮж•°     void
  761          // дҪҝз”ЁзӨәдҫӢ     spi_init(SPI_1, 0, 1*1000*1000, A5, A7, A6, A4);
  762          // еӨҮжіЁдҝЎжҒҜ     
  763          //-------------------------------------------------------------------------------------------------------
             -------------
  764          void soft_spi_init (soft_spi_info_struct *soft_spi_obj, uint8 mode, uint32 delay, gpio_pin_enum sck_pin, 
             -gpio_pin_enum mosi_pin, uint32 miso_pin, uint32 cs_pin)
  765          {
  766   1          zf_assert(soft_spi_obj != NULL);
  767   1          zf_assert(sck_pin != mosi_pin);                                             // sck_pin  дёҺ mosi_pin 
             -жҖҺд№ҲиғҪеЎ«еҗҢдёҖдёӘеј•и„ҡпјҹ
  768   1          zf_assert(sck_pin != miso_pin);                                             // sck_pin  дёҺ miso_pin 
             -жҖҺд№ҲиғҪеЎ«еҗҢдёҖдёӘеј•и„ҡпјҹ
  769   1          zf_assert(sck_pin != cs_pin);                                               // sck_pin  дёҺ cs_pin   
             -жҖҺд№ҲиғҪеЎ«еҗҢдёҖдёӘеј•и„ҡпјҹ
  770   1          zf_assert(mosi_pin != miso_pin);                                            // mosi_pin дёҺ miso_pin 
             -жҖҺд№ҲиғҪеЎ«еҗҢдёҖдёӘеј•и„ҡпјҹ
  771   1          zf_assert(mosi_pin != cs_pin);                                              // mosi_pin дёҺ cs_pin   
             -жҖҺд№ҲиғҪеЎ«еҗҢдёҖдёӘеј•и„ҡпјҹ
C251 COMPILER V5.60.0,  zf_driver_soft_spi                                                 25/02/26  13:16:55  PAGE 14  

  772   1          zf_assert((miso_pin != cs_pin) || (cs_pin == SOFT_SPI_PIN_NULL));           // miso_pin дёҺ cs_pin   
             -жҖҺд№ҲиғҪеЎ«еҗҢдёҖдёӘеј•и„ҡпјҹ
  773   1      
  774   1          zf_assert(4 > mode);                                                        // еҸӮз…§ zf_driver_spi.h
             - еҶ… spi_mode_enum жһҡдёҫдҪ“е®ҡд№ү
  775   1      
  776   1          soft_spi_obj->config.mode = mode;
  777   1          soft_spi_obj->delay = delay;
  778   1      
  779   1          soft_spi_obj->sck_pin = sck_pin;
  780   1          soft_spi_obj->mosi_pin = mosi_pin;
  781   1          if(0 == mode || 1 == mode)
  782   1          {
  783   2              gpio_init(sck_pin, GPO, GPIO_LOW, GPO_PUSH_PULL);                       // IO еҲқе§ӢеҢ–
  784   2          }
  785   1          else
  786   1          {
  787   2              gpio_init(sck_pin, GPO, GPIO_HIGH, GPO_PUSH_PULL);                      // IO еҲқе§ӢеҢ–
  788   2          }
  789   1          gpio_init(mosi_pin, GPO, GPIO_HIGH, GPO_PUSH_PULL);                         // IO еҲқе§ӢеҢ–
  790   1      
  791   1          if(SOFT_SPI_PIN_NULL == miso_pin)
  792   1          {
  793   2              soft_spi_obj->config.use_miso = 0;
  794   2          }
  795   1          else
  796   1          {
  797   2              soft_spi_obj->config.use_miso = 1;
  798   2              soft_spi_obj->miso_pin = miso_pin;
  799   2              gpio_init(soft_spi_obj->miso_pin, GPI, GPIO_HIGH, GPI_PULL_UP);     // IO еҲқе§ӢеҢ–
  800   2          }
  801   1          if(SOFT_SPI_PIN_NULL == cs_pin)
  802   1          {
  803   2              soft_spi_obj->config.use_cs = 0;
  804   2          }
  805   1          else
  806   1          {
  807   2              soft_spi_obj->config.use_cs = 1;
  808   2              soft_spi_obj->cs_pin = cs_pin;
  809   2              gpio_init(soft_spi_obj->cs_pin, GPO, GPIO_HIGH, GPO_PUSH_PULL);         // IO еҲқе§ӢеҢ–
  810   2          }
  811   1      }


Module Information          Static   Overlayable
------------------------------------------------
  code size            =      5998     ------
  ecode size           =    ------     ------
  data size            =    ------     ------
  idata size           =    ------     ------
  pdata size           =    ------     ------
  xdata size           =       231     ------
  xdata-const size     =    ------     ------
  edata size           =    ------     ------
  bit size             =    ------     ------
  ebit size            =    ------     ------
  bitaddressable size  =    ------     ------
  ebitaddressable size =    ------     ------
  far data size        =    ------     ------
  huge data size       =    ------     ------
  const size           =    ------     ------
  hconst size          =        47     ------
End of Module Information.


C251 COMPILATION COMPLETE.  0 WARNING(S),  0 ERROR(S)
