C251 COMPILER V5.60.0,  zf_driver_soft_iic                                                 25/02/26  13:16:54  PAGE 1   


C251 COMPILER V5.60.0, COMPILATION OF MODULE zf_driver_soft_iic
OBJECT MODULE PLACED IN .\out_file\zf_driver_soft_iic.obj
COMPILER INVOKED BY: D:\keil\C251\BIN\C251.EXE ..\..\libraries\zf_driver\zf_driver_soft_iic.c LARGE NOALIAS WARNINGLEVEL
                    -(3) OPTIMIZE(0,SIZE) BROWSE INCDIR(..\..\libraries\zf_common;..\..\libraries\zf_components;..\..\libraries\zf_device;..\
                    -..\libraries\zf_driver;..\user;..\code) DEBUG PRINT(.\out_file\zf_driver_soft_iic.lst) OBJECT(.\out_file\zf_driver_soft_
                    -iic.obj) 

stmt  level    source

    1          /********************************************************************************************************
             -*************
    2          * STC32G Opensourec Library МДЃЈSTC32G ПЊдДПтЃЉЪЧвЛИіЛљгкЙйЗН SDK НгПкЕФЕкШ§ЗНПЊдДПт
    3          * Copyright (c) 2022 SEEKFREE ж№ЗЩПЦММ
    4          *
    5          * БОЮФМўЪЧSTC ПЊдДПтЕФвЛВПЗж
    6          *
    7          * STC32G ПЊдДПт ЪЧУтЗбШэМў
    8          * ФњПЩвдИљОнздгЩШэМўЛљН№ЛсЗЂВМЕФ GPLЃЈGNU General Public LicenseЃЌМД GNUЭЈгУЙЋЙВаэПЩжЄЃЉЕФЬѕПю
    9          * МД GPL ЕФЕк3АцЃЈМД GPL3.0ЃЉЛђЃЈФњбЁдёЕФЃЉШЮКЮКѓРДЕФАцБОЃЌжиаТЗЂВМКЭ/ЛђаоИФЫќ
   10          *
   11          * БОПЊдДПтЕФЗЂВМЪЧЯЃЭћЫќФмЗЂЛгзїгУЃЌЕЋВЂЮДЖдЦфзїШЮКЮЕФБЃжЄ
   12          * ЩѕжСУЛгавўКЌЕФЪЪЯњадЛђЪЪКЯЬиЖЈгУЭОЕФБЃжЄ
   13          * ИќЖрЯИНкЧыВЮМћ GPL
   14          *
   15          * ФњгІИУдкЪеЕНБОПЊдДПтЕФЭЌЪБЪеЕНвЛЗн GPL ЕФИББО
   16          * ШчЙћУЛгаЃЌЧыВЮдФ<https://www.gnu.org/licenses/>
   17          *
   18          * ЖюЭтзЂУїЃК
   19          * БОПЊдДПтЪЙгУ GPL3.0 ПЊдДаэПЩжЄа­вщ вдЩЯаэПЩЩъУїЮЊвыЮФАцБО
   20          * аэПЩЩъУїгЂЮФАцдк libraries/doc ЮФМўМаЯТЕФ GPL3_permission_statement.txt ЮФМўжа
   21          * аэПЩжЄИББОдк libraries ЮФМўМаЯТ МДИУЮФМўМаЯТЕФ LICENSE ЮФМў
   22          * ЛЖг­ИїЮЛЪЙгУВЂДЋВЅБОГЬађ ЕЋаоИФФкШнЪББиаыБЃСєж№ЗЩПЦММЕФАцШЈЩљУїЃЈМДБОЩљУїЃЉ
   23          *
   24          * ЮФМўУћГЦ          
   25          * ЙЋЫОУћГЦ          ГЩЖМж№ЗЩПЦММгаЯоЙЋЫО
   26          * АцБОаХЯЂ          ВщПД libraries/doc ЮФМўМаФк version ЮФМў АцБОЫЕУї
   27          * ПЊЗЂЛЗОГ          MDK FOR C251
   28          * ЪЪгУЦНЬЈ          STC32G
   29          * ЕъЦЬСДНг          https://seekfree.taobao.com/
   30          *
   31          * аоИФМЧТМ
   32          * ШеЦк              зїеп           БИзЂ
   33          * 2024-08-01        ДѓW            first version
   34          *********************************************************************************************************
             -***********/
   35          
   36          #include "zf_common_debug.h"
   37          
   38          #include "zf_driver_soft_iic.h"
   39          
   40          #pragma warning disable = 183
   41          #pragma warning disable = 177
   42          
   43          
   44          #define SOFT_IIC_SDA_IO_SWITCH          (0)                                     // ЪЧЗёашвЊ SDA Нјаа I/O 
             -ЧаЛЛ 0-ВЛашвЊ 1-ашвЊ
   45          
   46          //-------------------------------------------------------------------------------------------------------
             -------------
   47          // КЏЪ§МђНщ     ШэМў IIC бгЪБ
   48          // ВЮЪ§ЫЕУї     delay           бгЪБДЮЪ§
   49          // ЗЕЛиВЮЪ§     void
   50          // ЪЙгУЪОР§     soft_iic_delay(1);
   51          // БИзЂаХЯЂ     ФкВПЕїгУ
   52          //-------------------------------------------------------------------------------------------------------
C251 COMPILER V5.60.0,  zf_driver_soft_iic                                                 25/02/26  13:16:54  PAGE 2   

             -------------
   53          void soft_iic_delay (vuint32 delay)
   54          {
   55   1          volatile uint32 count = delay;
   56   1          while(count --);
   57   1      }
   58          //#define soft_iic_delay(x)  for(uint32 i = x; i--; )
   59          
   60          //-------------------------------------------------------------------------------------------------------
             -------------
   61          // КЏЪ§МђНщ     ШэМў IIC START аХКХ
   62          // ВЮЪ§ЫЕУї     *soft_iic_obj   ШэМў IIC жИЖЈаХЯЂ ПЩвдВЮее zf_driver_soft_iic.h РяЕФИёЪНПДПД
   63          // ЗЕЛиВЮЪ§     void
   64          // ЪЙгУЪОР§     soft_iic_start(soft_iic_obj);
   65          // БИзЂаХЯЂ     ФкВПЕїгУ
   66          //-------------------------------------------------------------------------------------------------------
             -------------
   67          void soft_iic_start (soft_iic_info_struct *soft_iic_obj)
   68          {
   69   1          zf_assert(soft_iic_obj != NULL);
   70   1          gpio_high(soft_iic_obj->scl_pin);                                           // SCL ИпЕчЦН
   71   1          gpio_high(soft_iic_obj->sda_pin);                                           // SDA ИпЕчЦН
   72   1      
   73   1          soft_iic_delay(soft_iic_obj->delay);
   74   1          gpio_low(soft_iic_obj->sda_pin);                                            // SDA ЯШР­ЕЭ
   75   1          soft_iic_delay(soft_iic_obj->delay);
   76   1          gpio_low(soft_iic_obj->scl_pin);                                            // SCL дйР­ЕЭ
   77   1      }
   78          
   79          //-------------------------------------------------------------------------------------------------------
             -------------
   80          // КЏЪ§МђНщ     ШэМў IIC STOP аХКХ
   81          // ВЮЪ§ЫЕУї     *soft_iic_obj   ШэМў IIC жИЖЈаХЯЂ ПЩвдВЮее zf_driver_soft_iic.h РяЕФИёЪНПДПД
   82          // ЗЕЛиВЮЪ§     void
   83          // ЪЙгУЪОР§     soft_iic_stop(soft_iic_obj);
   84          // БИзЂаХЯЂ     ФкВПЕїгУ
   85          //-------------------------------------------------------------------------------------------------------
             -------------
   86          void soft_iic_stop (soft_iic_info_struct *soft_iic_obj)
   87          {
   88   1          zf_assert(soft_iic_obj != NULL);
   89   1          gpio_low(soft_iic_obj->sda_pin);                                            // SDA ЕЭЕчЦН
   90   1          gpio_low(soft_iic_obj->scl_pin);                                            // SCL ЕЭЕчЦН
   91   1      
   92   1          soft_iic_delay(soft_iic_obj->delay);
   93   1          gpio_high(soft_iic_obj->scl_pin);                                           // SCL ЯШР­Ип
   94   1          soft_iic_delay(soft_iic_obj->delay);
   95   1          gpio_high(soft_iic_obj->sda_pin);                                           // SDA дйР­Ип
   96   1          soft_iic_delay(soft_iic_obj->delay);
   97   1      }
   98          
   99          //-------------------------------------------------------------------------------------------------------
             -------------
  100          // КЏЪ§МђНщ     ШэМў IIC ЗЂЫЭ ACK/NAKC аХКХ ФкВПЕїгУ
  101          // ВЮЪ§ЫЕУї     *soft_iic_obj   ШэМў IIC жИЖЈаХЯЂ ПЩвдВЮее zf_driver_soft_iic.h РяЕФИёЪНПДПД
  102          // ВЮЪ§ЫЕУї     ack             ACK ЕчЦН
  103          // ЗЕЛиВЮЪ§     void
  104          // ЪЙгУЪОР§     soft_iic_send_ack(soft_iic_obj, 1);
  105          // БИзЂаХЯЂ     ФкВПЕїгУ
  106          //-------------------------------------------------------------------------------------------------------
             -------------
  107          void soft_iic_send_ack (soft_iic_info_struct *soft_iic_obj, uint8 ack)
  108          {
  109   1          zf_assert(soft_iic_obj != NULL);
  110   1          gpio_low(soft_iic_obj->scl_pin);                                            // SCL ЕЭЕчЦН
  111   1      
C251 COMPILER V5.60.0,  zf_driver_soft_iic                                                 25/02/26  13:16:54  PAGE 3   

  112   1          if(ack)
  113   1          {
  114   2              gpio_high(soft_iic_obj->sda_pin);                                       // SDA Р­Ип
  115   2          }
  116   1          else
  117   1          {
  118   2              gpio_low(soft_iic_obj->sda_pin);                                        // SDA Р­ЕЭ
  119   2          }
  120   1      
  121   1          soft_iic_delay(soft_iic_obj->delay);
  122   1          gpio_high(soft_iic_obj->scl_pin);                                           // SCL Р­Ип
  123   1          soft_iic_delay(soft_iic_obj->delay);
  124   1          gpio_low(soft_iic_obj->scl_pin);                                            // SCL Р­ЕЭ
  125   1          gpio_high(soft_iic_obj->sda_pin);                                           // SDA Р­Ип
  126   1      }
  127          
  128          //-------------------------------------------------------------------------------------------------------
             -------------
  129          // КЏЪ§МђНщ     ШэМў IIC ЛёШЁ ACK/NAKC аХКХ
  130          // ВЮЪ§ЫЕУї     *soft_iic_obj   ШэМў IIC жИЖЈаХЯЂ ПЩвдВЮее zf_driver_soft_iic.h РяЕФИёЪНПДПД
  131          // ЗЕЛиВЮЪ§     uint8           ACK зДЬЌ
  132          // ЪЙгУЪОР§     soft_iic_wait_ack(soft_iic_obj);
  133          // БИзЂаХЯЂ     ФкВПЕїгУ
  134          //-------------------------------------------------------------------------------------------------------
             -------------
  135          uint8 soft_iic_wait_ack (soft_iic_info_struct *soft_iic_obj)
  136          {
  137   1              uint8 temp = 0;
  138   1          zf_assert(soft_iic_obj != NULL);
  139   1        
  140   1          gpio_low(soft_iic_obj->scl_pin);                                            // SCL ЕЭЕчЦН
  141   1          gpio_high(soft_iic_obj->sda_pin);                                           // SDA ИпЕчЦН ЪЭЗХ SDA
  142   1      #if SOFT_IIC_SDA_IO_SWITCH
                   gpio_set_dir(soft_iic_obj->sda_pin, GPI, GPI_FLOATING_IN);
               #endif
  145   1          soft_iic_delay(soft_iic_obj->delay);
  146   1      
  147   1          gpio_high(soft_iic_obj->scl_pin);                                           // SCL ИпЕчЦН
  148   1          soft_iic_delay(soft_iic_obj->delay);
  149   1      
  150   1          if(gpio_get_level((gpio_pin_enum)soft_iic_obj->sda_pin))
  151   1          {
  152   2              temp = 1;
  153   2          }
  154   1          gpio_low(soft_iic_obj->scl_pin);                                            // SCL ЕЭЕчЦН
  155   1      #if SOFT_IIC_SDA_IO_SWITCH
                   gpio_set_dir(soft_iic_obj->sda_pin, GPO, GPO_OPEN_DTAIN);
               #endif
  158   1          soft_iic_delay(soft_iic_obj->delay);
  159   1      
  160   1          return temp;
  161   1      }
  162          
  163          //-------------------------------------------------------------------------------------------------------
             -------------
  164          // КЏЪ§МђНщ     ШэМў IIC ЗЂЫЭ 8bit Ъ§Он
  165          // ВЮЪ§ЫЕУї     *soft_iic_obj   ШэМў IIC жИЖЈаХЯЂ ПЩвдВЮее zf_driver_soft_iic.h РяЕФИёЪНПДПД
  166          // ВЮЪ§ЫЕУї     dat            Ъ§Он
  167          // ЗЕЛиВЮЪ§     uint8           ACK зДЬЌ
  168          // БИзЂаХЯЂ     ФкВПЕїгУ
  169          //-------------------------------------------------------------------------------------------------------
             -------------
  170          uint8 soft_iic_send_data (soft_iic_info_struct *soft_iic_obj, const uint8 dat)
  171          {
  172   1              uint8 temp = 0x80;
  173   1              
C251 COMPILER V5.60.0,  zf_driver_soft_iic                                                 25/02/26  13:16:54  PAGE 4   

  174   1          zf_assert(soft_iic_obj != NULL);
  175   1      
  176   1          while(temp)
  177   1          {
  178   2      //        gpio_set_level(soft_iic_obj->sda_pin, dat & temp);
  179   2              ((dat & temp) ? (gpio_high(soft_iic_obj->sda_pin)) : (gpio_low(soft_iic_obj->sda_pin)));
  180   2              temp >>= 1;
  181   2      
  182   2              soft_iic_delay(soft_iic_obj->delay);
  183   2              gpio_high(soft_iic_obj->scl_pin);                                       // SCL Р­Ип
  184   2              soft_iic_delay(soft_iic_obj->delay);
  185   2              gpio_low(soft_iic_obj->scl_pin);                                        // SCL Р­ЕЭ
  186   2          }
  187   1          return ((soft_iic_wait_ack(soft_iic_obj) == 1) ? 0 : 1 );
  188   1      }
  189          
  190          //-------------------------------------------------------------------------------------------------------
             -------------
  191          // КЏЪ§МђНщ     ШэМў IIC ЖСШЁ 8bit Ъ§Он
  192          // ВЮЪ§ЫЕУї     *soft_iic_obj   ШэМў IIC жИЖЈаХЯЂ ПЩвдВЮее zf_driver_soft_iic.h РяЕФИёЪНПДПД
  193          // ВЮЪ§ЫЕУї     ack             ACK Лђ NACK
  194          // ЗЕЛиВЮЪ§     uint8           Ъ§Он
  195          // БИзЂаХЯЂ     ФкВПЕїгУ
  196          //-------------------------------------------------------------------------------------------------------
             -------------
  197          uint8 soft_iic_read_data (soft_iic_info_struct *soft_iic_obj, uint8 ack)
  198          {
  199   1          uint8 dat = 0x00;
  200   1          uint8 temp = 8;
  201   1              zf_assert(soft_iic_obj != NULL);
  202   1          gpio_low(soft_iic_obj->scl_pin);                                            // SCL ЕЭЕчЦН
  203   1          soft_iic_delay(soft_iic_obj->delay);
  204   1          gpio_high(soft_iic_obj->sda_pin);                                           // SDA ИпЕчЦН ЪЭЗХ SDA
  205   1      #if SOFT_IIC_SDA_IO_SWITCH
                   gpio_set_dir(soft_iic_obj->sda_pin, GPI, GPI_FLOATING_IN);
               #endif
  208   1      
  209   1          while(temp --)
  210   1          {
  211   2              gpio_low(soft_iic_obj->scl_pin);                                        // SCL Р­ЕЭ
  212   2              soft_iic_delay(soft_iic_obj->delay);
  213   2              gpio_high(soft_iic_obj->scl_pin);                                       // SCL Р­Ип
  214   2              soft_iic_delay(soft_iic_obj->delay);
  215   2              dat = ((dat << 1) | gpio_get_level((gpio_pin_enum)soft_iic_obj->sda_pin));
  216   2          }
  217   1          gpio_low(soft_iic_obj->scl_pin);                                            // SCL ЕЭЕчЦН
  218   1      #if SOFT_IIC_SDA_IO_SWITCH
                   gpio_set_dir(soft_iic_obj->sda_pin, GPO, GPO_OPEN_DTAIN);
               #endif
  221   1          soft_iic_delay(soft_iic_obj->delay);
  222   1          soft_iic_send_ack(soft_iic_obj, ack);
  223   1          return dat;
  224   1      }
  225          
  226          //-------------------------------------------------------------------------------------------------------
             -------------
  227          // КЏЪ§МђНщ     ШэМў IIC НгПкаД 8bit Ъ§Он
  228          // ВЮЪ§ЫЕУї     *soft_iic_obj   ШэМў IIC жИЖЈаХЯЂ ПЩвдВЮее zf_driver_soft_iic.h РяЕФИёЪНПДПД
  229          // ВЮЪ§ЫЕУї     dat            вЊаДШыЕФЪ§Он
  230          // ЗЕЛиВЮЪ§     void            
  231          // ЪЙгУЪОР§     soft_iic_write_8bit_register(soft_iic_obj, 0x01);
  232          // БИзЂаХЯЂ     
  233          //-------------------------------------------------------------------------------------------------------
             -------------
  234          void soft_iic_write_8bit (soft_iic_info_struct *soft_iic_obj, const uint8 dat)
  235          {
C251 COMPILER V5.60.0,  zf_driver_soft_iic                                                 25/02/26  13:16:54  PAGE 5   

  236   1          zf_assert(soft_iic_obj != NULL);
  237   1          soft_iic_start(soft_iic_obj);
  238   1          soft_iic_send_data(soft_iic_obj, soft_iic_obj->addr << 1);
  239   1          soft_iic_send_data(soft_iic_obj, dat);
  240   1          soft_iic_stop(soft_iic_obj);
  241   1      }
  242          
  243          //-------------------------------------------------------------------------------------------------------
             -------------
  244          // КЏЪ§МђНщ     ШэМў IIC НгПкаД 8bit Ъ§зщ
  245          // ВЮЪ§ЫЕУї     *soft_iic_obj   ШэМў IIC жИЖЈаХЯЂ ПЩвдВЮее zf_driver_soft_iic.h РяЕФИёЪНПДПД
  246          // ВЮЪ§ЫЕУї     *dat           Ъ§ОнДцЗХЛКГхЧј
  247          // ВЮЪ§ЫЕУї     len             ЛКГхЧјГЄЖШ
  248          // ЗЕЛиВЮЪ§     void            
  249          // ЪЙгУЪОР§     soft_iic_write_8bit_array(soft_iic_obj, dat, 6);
  250          // БИзЂаХЯЂ     
  251          //-------------------------------------------------------------------------------------------------------
             -------------
  252          void soft_iic_write_8bit_array (soft_iic_info_struct *soft_iic_obj, const uint8 *dat, uint32 len)
  253          {
  254   1          zf_assert(soft_iic_obj != NULL);
  255   1          zf_assert(dat != NULL);
  256   1          soft_iic_start(soft_iic_obj);
  257   1          soft_iic_send_data(soft_iic_obj, soft_iic_obj->addr << 1);
  258   1          while(len --)
  259   1          {
  260   2              soft_iic_send_data(soft_iic_obj, *dat ++);
  261   2          }
  262   1          soft_iic_stop(soft_iic_obj);
  263   1      }
  264          
  265          //-------------------------------------------------------------------------------------------------------
             -------------
  266          // КЏЪ§МђНщ     ШэМў IIC НгПкЦїаД 16bit Ъ§Он
  267          // ВЮЪ§ЫЕУї     *soft_iic_obj   ШэМў IIC жИЖЈаХЯЂ ПЩвдВЮее zf_driver_soft_iic.h РяЕФИёЪНПДПД
  268          // ВЮЪ§ЫЕУї     dat            вЊаДШыЕФЪ§Он
  269          // ЗЕЛиВЮЪ§     void            
  270          // ЪЙгУЪОР§     soft_iic_write_16bit(soft_iic_obj, 0x0101);
  271          // БИзЂаХЯЂ     
  272          //-------------------------------------------------------------------------------------------------------
             -------------
  273          void soft_iic_write_16bit (soft_iic_info_struct *soft_iic_obj, const uint16 dat)
  274          {
  275   1          zf_assert(soft_iic_obj != NULL);
  276   1          soft_iic_start(soft_iic_obj);
  277   1          soft_iic_send_data(soft_iic_obj, soft_iic_obj->addr << 1);
  278   1          soft_iic_send_data(soft_iic_obj, (uint8)((dat & 0xFF00) >> 8));
  279   1          soft_iic_send_data(soft_iic_obj, (uint8)(dat & 0x00FF));
  280   1          soft_iic_stop(soft_iic_obj);
  281   1      }
  282          
  283          //-------------------------------------------------------------------------------------------------------
             -------------
  284          // КЏЪ§МђНщ     ШэМў IIC НгПкаД 16bit Ъ§зщ
  285          // ВЮЪ§ЫЕУї     *soft_iic_obj   ШэМў IIC жИЖЈаХЯЂ ПЩвдВЮее zf_driver_soft_iic.h РяЕФИёЪНПДПД
  286          // ВЮЪ§ЫЕУї     *dat           Ъ§ОнДцЗХЛКГхЧј
  287          // ВЮЪ§ЫЕУї     len             ЛКГхЧјГЄЖШ
  288          // ЗЕЛиВЮЪ§     void            
  289          // ЪЙгУЪОР§     soft_iic_write_16bit_array(soft_iic_obj, dat, 6);
  290          // БИзЂаХЯЂ     
  291          //-------------------------------------------------------------------------------------------------------
             -------------
  292          void soft_iic_write_16bit_array (soft_iic_info_struct *soft_iic_obj, const uint16 *dat, uint32 len)
  293          {
  294   1          zf_assert(soft_iic_obj != NULL);
  295   1          zf_assert(dat != NULL);
C251 COMPILER V5.60.0,  zf_driver_soft_iic                                                 25/02/26  13:16:54  PAGE 6   

  296   1          soft_iic_start(soft_iic_obj);
  297   1          soft_iic_send_data(soft_iic_obj, soft_iic_obj->addr << 1);
  298   1          while(len --)
  299   1          {
  300   2              soft_iic_send_data(soft_iic_obj, (uint8)((*dat & 0xFF00) >> 8));
  301   2              soft_iic_send_data(soft_iic_obj, (uint8)(*dat ++ & 0x00FF));
  302   2          }
  303   1          soft_iic_stop(soft_iic_obj);
  304   1      }
  305          
  306          //-------------------------------------------------------------------------------------------------------
             -------------
  307          // КЏЪ§МђНщ     ШэМў IIC НгПкЯђДЋИаЦїМФДцЦїаД 8bit Ъ§Он
  308          // ВЮЪ§ЫЕУї     *soft_iic_obj   ШэМў IIC жИЖЈаХЯЂ ПЩвдВЮее zf_driver_soft_iic.h РяЕФИёЪНПДПД
  309          // ВЮЪ§ЫЕУї     register_name   ДЋИаЦїЕФМФДцЦїЕижЗ
  310          // ВЮЪ§ЫЕУї     dat            вЊаДШыЕФЪ§Он
  311          // ЗЕЛиВЮЪ§     void            
  312          // ЪЙгУЪОР§     soft_iic_write_8bit_register(soft_iic_obj, 0x01, 0x01);
  313          // БИзЂаХЯЂ     
  314          //-------------------------------------------------------------------------------------------------------
             -------------
  315          void soft_iic_write_8bit_register (soft_iic_info_struct *soft_iic_obj, const uint8 register_name, const u
             -int8 dat)
  316          {
  317   1          zf_assert(soft_iic_obj != NULL);
  318   1          soft_iic_start(soft_iic_obj);
  319   1          soft_iic_send_data(soft_iic_obj, soft_iic_obj->addr << 1);
  320   1          soft_iic_send_data(soft_iic_obj, register_name);
  321   1          soft_iic_send_data(soft_iic_obj, dat);
  322   1          soft_iic_stop(soft_iic_obj);
  323   1      }
  324          
  325          //-------------------------------------------------------------------------------------------------------
             -------------
  326          // КЏЪ§МђНщ     ШэМў IIC НгПкЯђДЋИаЦїМФДцЦїаД 8bit Ъ§зщ
  327          // ВЮЪ§ЫЕУї     *soft_iic_obj   ШэМў IIC жИЖЈаХЯЂ ПЩвдВЮее zf_driver_soft_iic.h РяЕФИёЪНПДПД
  328          // ВЮЪ§ЫЕУї     register_name   ДЋИаЦїЕФМФДцЦїЕижЗ
  329          // ВЮЪ§ЫЕУї     *dat           Ъ§ОнДцЗХЛКГхЧј
  330          // ВЮЪ§ЫЕУї     len             ЛКГхЧјГЄЖШ
  331          // ЗЕЛиВЮЪ§     void            
  332          // ЪЙгУЪОР§     soft_iic_write_8bit_registers(soft_iic_obj, 0x01, dat, 6);
  333          // БИзЂаХЯЂ     
  334          //-------------------------------------------------------------------------------------------------------
             -------------
  335          void soft_iic_write_8bit_registers (soft_iic_info_struct *soft_iic_obj, const uint8 register_name, const 
             -uint8 *dat, uint32 len)
  336          {
  337   1          zf_assert(soft_iic_obj != NULL);
  338   1          zf_assert(dat != NULL);
  339   1          soft_iic_start(soft_iic_obj);
  340   1          soft_iic_send_data(soft_iic_obj, soft_iic_obj->addr << 1);
  341   1          soft_iic_send_data(soft_iic_obj, register_name);
  342   1          while(len --)
  343   1          {
  344   2              soft_iic_send_data(soft_iic_obj, *dat ++);
  345   2          }
  346   1          soft_iic_stop(soft_iic_obj);
  347   1      }
  348          
  349          //-------------------------------------------------------------------------------------------------------
             -------------
  350          // КЏЪ§МђНщ     ШэМў IIC НгПкЯђДЋИаЦїМФДцЦїаД 16bit Ъ§Он
  351          // ВЮЪ§ЫЕУї     *soft_iic_obj   ШэМў IIC жИЖЈаХЯЂ ПЩвдВЮее zf_driver_soft_iic.h РяЕФИёЪНПДПД
  352          // ВЮЪ§ЫЕУї     register_name   ДЋИаЦїЕФМФДцЦїЕижЗ
  353          // ВЮЪ§ЫЕУї     dat            вЊаДШыЕФЪ§Он
  354          // ЗЕЛиВЮЪ§     void            
C251 COMPILER V5.60.0,  zf_driver_soft_iic                                                 25/02/26  13:16:54  PAGE 7   

  355          // ЪЙгУЪОР§     soft_iic_write_16bit_register(soft_iic_obj, 0x0101, 0x0101);
  356          // БИзЂаХЯЂ     
  357          //-------------------------------------------------------------------------------------------------------
             -------------
  358          void soft_iic_write_16bit_register (soft_iic_info_struct *soft_iic_obj, const uint16 register_name, const
             - uint16 dat)
  359          {
  360   1          zf_assert(soft_iic_obj != NULL);
  361   1          soft_iic_start(soft_iic_obj);
  362   1          soft_iic_send_data(soft_iic_obj, soft_iic_obj->addr << 1);
  363   1          soft_iic_send_data(soft_iic_obj, (uint8)((register_name & 0xFF00) >> 8));
  364   1          soft_iic_send_data(soft_iic_obj, (uint8)(register_name & 0x00FF));
  365   1          soft_iic_send_data(soft_iic_obj, (uint8)((dat & 0xFF00) >> 8));
  366   1          soft_iic_send_data(soft_iic_obj, (uint8)(dat & 0x00FF));
  367   1          soft_iic_stop(soft_iic_obj);
  368   1      }
  369          
  370          //-------------------------------------------------------------------------------------------------------
             -------------
  371          // КЏЪ§МђНщ     ШэМў IIC НгПкЯђДЋИаЦїМФДцЦїаД 16bit Ъ§зщ
  372          // ВЮЪ§ЫЕУї     *soft_iic_obj   ШэМў IIC жИЖЈаХЯЂ ПЩвдВЮее zf_driver_soft_iic.h РяЕФИёЪНПДПД
  373          // ВЮЪ§ЫЕУї     register_name   ДЋИаЦїЕФМФДцЦїЕижЗ
  374          // ВЮЪ§ЫЕУї     *dat           Ъ§ОнДцЗХЛКГхЧј
  375          // ВЮЪ§ЫЕУї     len             ЛКГхЧјГЄЖШ
  376          // ЗЕЛиВЮЪ§     void            
  377          // ЪЙгУЪОР§     soft_iic_write_16bit_registers(soft_iic_obj, 0x0101, dat, 6);
  378          // БИзЂаХЯЂ     
  379          //-------------------------------------------------------------------------------------------------------
             -------------
  380          void soft_iic_write_16bit_registers (soft_iic_info_struct *soft_iic_obj, const uint16 register_name, cons
             -t uint16 *dat, uint32 len)
  381          {
  382   1          zf_assert(soft_iic_obj != NULL);
  383   1          zf_assert(dat != NULL);
  384   1          soft_iic_start(soft_iic_obj);
  385   1          soft_iic_send_data(soft_iic_obj, soft_iic_obj->addr << 1);
  386   1          soft_iic_send_data(soft_iic_obj, (uint8)((register_name & 0xFF00) >> 8));
  387   1          soft_iic_send_data(soft_iic_obj, (uint8)(register_name & 0x00FF));
  388   1          while(len--)
  389   1          {
  390   2              soft_iic_send_data(soft_iic_obj, (uint8)((*dat & 0xFF00) >> 8));
  391   2              soft_iic_send_data(soft_iic_obj, (uint8)(*dat ++ & 0x00FF));
  392   2          }
  393   1          soft_iic_stop(soft_iic_obj);
  394   1      }
  395          
  396          //-------------------------------------------------------------------------------------------------------
             -------------
  397          // КЏЪ§МђНщ     ШэМў IIC НгПкЖСШЁ 8bit Ъ§Он
  398          // ВЮЪ§ЫЕУї     *soft_iic_obj   ШэМў IIC жИЖЈаХЯЂ ПЩвдВЮее zf_driver_soft_iic.h РяЕФИёЪНПДПД
  399          // ЗЕЛиВЮЪ§     uint8           ЗЕЛиЖСШЁЕФ 8bit Ъ§Он
  400          // ЪЙгУЪОР§     soft_iic_read_8bit(soft_iic_obj);
  401          // БИзЂаХЯЂ     
  402          //-------------------------------------------------------------------------------------------------------
             -------------
  403          uint8 soft_iic_read_8bit (soft_iic_info_struct *soft_iic_obj)
  404          {
  405   1          uint8 temp = 0;
  406   1              zf_assert(soft_iic_obj != NULL);
  407   1          soft_iic_start(soft_iic_obj);
  408   1          soft_iic_send_data(soft_iic_obj, soft_iic_obj->addr << 1 | 0x01);
  409   1          temp = soft_iic_read_data(soft_iic_obj, 1);
  410   1          soft_iic_stop(soft_iic_obj);
  411   1          return temp;
  412   1      }
  413          
C251 COMPILER V5.60.0,  zf_driver_soft_iic                                                 25/02/26  13:16:54  PAGE 8   

  414          //-------------------------------------------------------------------------------------------------------
             -------------
  415          // КЏЪ§МђНщ     ШэМў IIC НгПкДгДЋИаЦїМФДцЦїЖСШЁ 8bit Ъ§зщ
  416          // ВЮЪ§ЫЕУї     *soft_iic_obj   ШэМў IIC жИЖЈаХЯЂ ПЩвдВЮее zf_driver_soft_iic.h РяЕФИёЪНПДПД
  417          // ВЮЪ§ЫЕУї     register_name   ДЋИаЦїЕФМФДцЦїЕижЗ
  418          // ВЮЪ§ЫЕУї     *dat           вЊЖСШЁЕФЪ§ОнЕФЛКГхЧјжИеы
  419          // ВЮЪ§ЫЕУї     len             вЊЖСШЁЕФЪ§ОнГЄЖШ
  420          // ЗЕЛиВЮЪ§     void            
  421          // ЪЙгУЪОР§     soft_iic_read_8bit_array(soft_iic_obj, dat, 8);
  422          // БИзЂаХЯЂ     
  423          //-------------------------------------------------------------------------------------------------------
             -------------
  424          void soft_iic_read_8bit_array (soft_iic_info_struct *soft_iic_obj, uint8 *dat, uint32 len)
  425          {
  426   1          zf_assert(soft_iic_obj != NULL);
  427   1          zf_assert(dat != NULL);
  428   1          soft_iic_start(soft_iic_obj);
  429   1          soft_iic_send_data(soft_iic_obj, soft_iic_obj->addr << 1 | 0x01);
  430   1          while(len --)
  431   1          {
  432   2              *dat ++ = soft_iic_read_data(soft_iic_obj, len == 0);
  433   2          }
  434   1          soft_iic_stop(soft_iic_obj);
  435   1      }
  436          
  437          //-------------------------------------------------------------------------------------------------------
             -------------
  438          // КЏЪ§МђНщ     ШэМў IIC НгПкЖСШЁ 16bit Ъ§Он
  439          // ВЮЪ§ЫЕУї     *soft_iic_obj   ШэМў IIC жИЖЈаХЯЂ ПЩвдВЮее zf_driver_soft_iic.h РяЕФИёЪНПДПД
  440          // ВЮЪ§ЫЕУї     register_name   ДЋИаЦїЕФМФДцЦїЕижЗ
  441          // ЗЕЛиВЮЪ§     uint16          ЗЕЛиЖСШЁЕФ 16bit Ъ§Он
  442          // ЪЙгУЪОР§     soft_iic_read_16bit(soft_iic_obj);
  443          // БИзЂаХЯЂ     
  444          //-------------------------------------------------------------------------------------------------------
             -------------
  445          uint16 soft_iic_read_16bit (soft_iic_info_struct *soft_iic_obj)
  446          {
  447   1          uint16 temp = 0;
  448   1              zf_assert(soft_iic_obj != NULL);
  449   1          soft_iic_start(soft_iic_obj);
  450   1          soft_iic_send_data(soft_iic_obj, soft_iic_obj->addr << 1 | 0x01);
  451   1          temp = soft_iic_read_data(soft_iic_obj, 0);
  452   1          temp = ((temp << 8)| soft_iic_read_data(soft_iic_obj, 1));
  453   1          soft_iic_stop(soft_iic_obj);
  454   1          return temp;
  455   1      }
  456          
  457          //-------------------------------------------------------------------------------------------------------
             -------------
  458          // КЏЪ§МђНщ     ШэМў IIC НгПкЖСШЁ 16bit Ъ§зщ
  459          // ВЮЪ§ЫЕУї     *soft_iic_obj   ШэМў IIC жИЖЈаХЯЂ ПЩвдВЮее zf_driver_soft_iic.h РяЕФИёЪНПДПД
  460          // ВЮЪ§ЫЕУї     *dat           вЊЖСШЁЕФЪ§ОнЕФЛКГхЧјжИеы
  461          // ВЮЪ§ЫЕУї     len             вЊЖСШЁЕФЪ§ОнГЄЖШ
  462          // ЗЕЛиВЮЪ§     void            
  463          // ЪЙгУЪОР§     soft_iic_read_16bit_array(soft_iic_obj, dat, 8);
  464          // БИзЂаХЯЂ     
  465          //-------------------------------------------------------------------------------------------------------
             -------------
  466          void soft_iic_read_16bit_array (soft_iic_info_struct *soft_iic_obj, uint16 *dat, uint32 len)
  467          {
  468   1          zf_assert(soft_iic_obj != NULL);
  469   1          zf_assert(dat != NULL);
  470   1          soft_iic_start(soft_iic_obj);
  471   1          soft_iic_send_data(soft_iic_obj, soft_iic_obj->addr << 1 | 0x01);
  472   1          while(len --)
  473   1          {
C251 COMPILER V5.60.0,  zf_driver_soft_iic                                                 25/02/26  13:16:54  PAGE 9   

  474   2              *dat = soft_iic_read_data(soft_iic_obj, 0);
  475   2              *dat = ((*dat << 8)| soft_iic_read_data(soft_iic_obj, len == 0));
  476   2              dat ++;
  477   2          }
  478   1          soft_iic_stop(soft_iic_obj);
  479   1      }
  480          
  481          //-------------------------------------------------------------------------------------------------------
             -------------
  482          // КЏЪ§МђНщ     ШэМў IIC НгПкДгДЋИаЦїМФДцЦїЖСШЁ 8bit Ъ§Он
  483          // ВЮЪ§ЫЕУї     *soft_iic_obj   ШэМў IIC жИЖЈаХЯЂ ПЩвдВЮее zf_driver_soft_iic.h РяЕФИёЪНПДПД
  484          // ВЮЪ§ЫЕУї     register_name   ДЋИаЦїЕФМФДцЦїЕижЗ
  485          // ЗЕЛиВЮЪ§     uint8           ЗЕЛиЖСШЁЕФ 8bit Ъ§Он
  486          // ЪЙгУЪОР§     soft_iic_read_8bit_register(soft_iic_obj, 0x01);
  487          // БИзЂаХЯЂ     
  488          //-------------------------------------------------------------------------------------------------------
             -------------
  489          uint8 soft_iic_read_8bit_register (soft_iic_info_struct *soft_iic_obj, const uint8 register_name)
  490          {
  491   1          uint8 temp = 0;
  492   1              zf_assert(soft_iic_obj != NULL);
  493   1          soft_iic_start(soft_iic_obj);
  494   1          soft_iic_send_data(soft_iic_obj, soft_iic_obj->addr << 1);
  495   1          soft_iic_send_data(soft_iic_obj, register_name);
  496   1          soft_iic_start(soft_iic_obj);
  497   1          soft_iic_send_data(soft_iic_obj, soft_iic_obj->addr << 1 | 0x01);
  498   1          temp = soft_iic_read_data(soft_iic_obj, 1);
  499   1          soft_iic_stop(soft_iic_obj);
  500   1          return temp;
  501   1      }
  502          
  503          //-------------------------------------------------------------------------------------------------------
             -------------
  504          // КЏЪ§МђНщ     ШэМў IIC НгПкДгДЋИаЦїМФДцЦїЖСШЁ 8bit Ъ§зщ
  505          // ВЮЪ§ЫЕУї     *soft_iic_obj   ШэМў IIC жИЖЈаХЯЂ ПЩвдВЮее zf_driver_soft_iic.h РяЕФИёЪНПДПД
  506          // ВЮЪ§ЫЕУї     register_name   ДЋИаЦїЕФМФДцЦїЕижЗ
  507          // ВЮЪ§ЫЕУї     *dat           вЊЖСШЁЕФЪ§ОнЕФЛКГхЧјжИеы
  508          // ВЮЪ§ЫЕУї     len             вЊЖСШЁЕФЪ§ОнГЄЖШ
  509          // ЗЕЛиВЮЪ§     void            
  510          // ЪЙгУЪОР§     soft_iic_read_8bit_registers(soft_iic_obj, 0x01, dat, 8);
  511          // БИзЂаХЯЂ     
  512          //-------------------------------------------------------------------------------------------------------
             -------------
  513          void soft_iic_read_8bit_registers (soft_iic_info_struct *soft_iic_obj, const uint8 register_name, uint8 *
             -dat, uint32 len)
  514          {
  515   1          zf_assert(soft_iic_obj != NULL);
  516   1          zf_assert(dat != NULL);
  517   1          soft_iic_start(soft_iic_obj);
  518   1          soft_iic_send_data(soft_iic_obj, soft_iic_obj->addr << 1);
  519   1          soft_iic_send_data(soft_iic_obj, register_name);
  520   1          soft_iic_start(soft_iic_obj);
  521   1          soft_iic_send_data(soft_iic_obj, soft_iic_obj->addr << 1 | 0x01);
  522   1          while(len --)
  523   1          {
  524   2              *dat ++ = soft_iic_read_data(soft_iic_obj, len == 0);
  525   2          }
  526   1          soft_iic_stop(soft_iic_obj);
  527   1      }
  528          
  529          //-------------------------------------------------------------------------------------------------------
             -------------
  530          // КЏЪ§МђНщ     ШэМў IIC НгПкДгДЋИаЦїМФДцЦїЖСШЁ 16bit Ъ§Он
  531          // ВЮЪ§ЫЕУї     *soft_iic_obj   ШэМў IIC жИЖЈаХЯЂ ПЩвдВЮее zf_driver_soft_iic.h РяЕФИёЪНПДПД
  532          // ВЮЪ§ЫЕУї     register_name   ДЋИаЦїЕФМФДцЦїЕижЗ
  533          // ЗЕЛиВЮЪ§     uint16          ЗЕЛиЖСШЁЕФ 16bit Ъ§Он
C251 COMPILER V5.60.0,  zf_driver_soft_iic                                                 25/02/26  13:16:54  PAGE 10  

  534          // ЪЙгУЪОР§     soft_iic_read_16bit_register(soft_iic_obj, 0x0101);
  535          // БИзЂаХЯЂ     
  536          //-------------------------------------------------------------------------------------------------------
             -------------
  537          uint16 soft_iic_read_16bit_register (soft_iic_info_struct *soft_iic_obj, const uint16 register_name)
  538          {
  539   1          uint16 temp = 0;
  540   1              zf_assert(soft_iic_obj != NULL);
  541   1          soft_iic_start(soft_iic_obj);
  542   1          soft_iic_send_data(soft_iic_obj, soft_iic_obj->addr << 1);
  543   1          soft_iic_send_data(soft_iic_obj, (uint8)((register_name & 0xFF00) >> 8));
  544   1          soft_iic_send_data(soft_iic_obj, (uint8)(register_name & 0x00FF));
  545   1          soft_iic_start(soft_iic_obj);
  546   1          soft_iic_send_data(soft_iic_obj, soft_iic_obj->addr << 1 | 0x01);
  547   1          temp = soft_iic_read_data(soft_iic_obj, 0);
  548   1          temp = ((temp << 8)| soft_iic_read_data(soft_iic_obj, 1));
  549   1          soft_iic_stop(soft_iic_obj);
  550   1          return temp;
  551   1      }
  552          
  553          //-------------------------------------------------------------------------------------------------------
             -------------
  554          // КЏЪ§МђНщ     ШэМў IIC НгПкДгДЋИаЦїМФДцЦїЖСШЁ 16bit Ъ§зщ
  555          // ВЮЪ§ЫЕУї     *soft_iic_obj   ШэМў IIC жИЖЈаХЯЂ ПЩвдВЮее zf_driver_soft_iic.h РяЕФИёЪНПДПД
  556          // ВЮЪ§ЫЕУї     register_name   ДЋИаЦїЕФМФДцЦїЕижЗ
  557          // ВЮЪ§ЫЕУї     *dat           вЊЖСШЁЕФЪ§ОнЕФЛКГхЧјжИеы
  558          // ВЮЪ§ЫЕУї     len             вЊЖСШЁЕФЪ§ОнГЄЖШ
  559          // ЗЕЛиВЮЪ§     void            
  560          // ЪЙгУЪОР§     soft_iic_read_16bit_registers(soft_iic_obj, 0x0101, dat, 8);
  561          // БИзЂаХЯЂ     
  562          //-------------------------------------------------------------------------------------------------------
             -------------
  563          void soft_iic_read_16bit_registers (soft_iic_info_struct *soft_iic_obj, const uint16 register_name, uint1
             -6 *dat, uint32 len)
  564          {
  565   1          zf_assert(soft_iic_obj != NULL);
  566   1          zf_assert(dat != NULL);
  567   1          soft_iic_start(soft_iic_obj);
  568   1          soft_iic_send_data(soft_iic_obj, soft_iic_obj->addr << 1);
  569   1          soft_iic_send_data(soft_iic_obj, (uint8)((register_name & 0xFF00) >> 8));
  570   1          soft_iic_send_data(soft_iic_obj, (uint8)(register_name & 0x00FF));
  571   1          soft_iic_start(soft_iic_obj);
  572   1          soft_iic_send_data(soft_iic_obj, soft_iic_obj->addr << 1 | 0x01);
  573   1          while(len --)
  574   1          {
  575   2              *dat = soft_iic_read_data(soft_iic_obj, 0);
  576   2              *dat = ((*dat << 8)| soft_iic_read_data(soft_iic_obj, len == 0));
  577   2              dat ++;
  578   2          }
  579   1          soft_iic_stop(soft_iic_obj);
  580   1      }
  581          
  582          //-------------------------------------------------------------------------------------------------------
             -------------
  583          // КЏЪ§МђНщ     ШэМў IIC НгПкДЋЪф 8bit Ъ§зщ ЯШаДКѓЖСШЁ
  584          // ВЮЪ§ЫЕУї     *soft_iic_obj   ШэМў IIC жИЖЈаХЯЂ ПЩвдВЮее zf_driver_soft_iic.h РяЕФИёЪНПДПД
  585          // ВЮЪ§ЫЕУї     *write_data     ЗЂЫЭЪ§ОнДцЗХЛКГхЧј
  586          // ВЮЪ§ЫЕУї     write_len       ЗЂЫЭЛКГхЧјГЄЖШ
  587          // ВЮЪ§ЫЕУї     *read_data      ЖСШЁЪ§ОнДцЗХЛКГхЧј
  588          // ВЮЪ§ЫЕУї     read_len        ЖСШЁЛКГхЧјГЄЖШ
  589          // ЗЕЛиВЮЪ§     void            
  590          // ЪЙгУЪОР§     iic_transfer_8bit_array(IIC_1, addr, dat, 64, dat, 64);
  591          // БИзЂаХЯЂ     
  592          //-------------------------------------------------------------------------------------------------------
             -------------
  593          void soft_iic_transfer_8bit_array (soft_iic_info_struct *soft_iic_obj, const uint8 *write_data, uint32 wr
C251 COMPILER V5.60.0,  zf_driver_soft_iic                                                 25/02/26  13:16:54  PAGE 11  

             -ite_len, uint8 *read_data, uint32 read_len)
  594          {
  595   1          zf_assert(soft_iic_obj != NULL);
  596   1          zf_assert(write_data != NULL);
  597   1          zf_assert(read_data != NULL);
  598   1          soft_iic_start(soft_iic_obj);
  599   1          soft_iic_send_data(soft_iic_obj, soft_iic_obj->addr << 1);
  600   1          while(write_len --)
  601   1          {
  602   2              soft_iic_send_data(soft_iic_obj, *write_data ++);
  603   2          }
  604   1      
  605   1          if(read_len)
  606   1          {
  607   2              soft_iic_start(soft_iic_obj);
  608   2              soft_iic_send_data(soft_iic_obj, soft_iic_obj->addr << 1 | 0x01);
  609   2              while(read_len --)
  610   2              {
  611   3                  *read_data ++ = soft_iic_read_data(soft_iic_obj, read_len == 0);
  612   3              }
  613   2          }
  614   1          soft_iic_stop(soft_iic_obj);
  615   1      }
  616          
  617          //-------------------------------------------------------------------------------------------------------
             -------------
  618          // КЏЪ§МђНщ     ШэМў IIC НгПкДЋЪф 16bit Ъ§зщ ЯШаДКѓЖСШЁ
  619          // ВЮЪ§ЫЕУї     *soft_iic_obj   ШэМў IIC жИЖЈаХЯЂ ПЩвдВЮее zf_driver_soft_iic.h РяЕФИёЪНПДПД
  620          // ВЮЪ§ЫЕУї     *write_data     ЗЂЫЭЪ§ОнДцЗХЛКГхЧј
  621          // ВЮЪ§ЫЕУї     write_len       ЗЂЫЭЛКГхЧјГЄЖШ
  622          // ВЮЪ§ЫЕУї     *read_data      ЖСШЁЪ§ОнДцЗХЛКГхЧј
  623          // ВЮЪ§ЫЕУї     read_len        ЖСШЁЛКГхЧјГЄЖШ
  624          // ЗЕЛиВЮЪ§     void            
  625          // ЪЙгУЪОР§     iic_transfer_16bit_array(IIC_1, addr, dat, 64, dat, 64);
  626          // БИзЂаХЯЂ     
  627          //-------------------------------------------------------------------------------------------------------
             -------------
  628          void soft_iic_transfer_16bit_array (soft_iic_info_struct *soft_iic_obj, const uint16 *write_data, uint32 
             -write_len, uint16 *read_data, uint32 read_len)
  629          {
  630   1          zf_assert(soft_iic_obj != NULL);
  631   1          zf_assert(write_data != NULL);
  632   1          zf_assert(read_data != NULL);
  633   1          soft_iic_start(soft_iic_obj);
  634   1          soft_iic_send_data(soft_iic_obj, soft_iic_obj->addr << 1);
  635   1          while(write_len--)
  636   1          {
  637   2              soft_iic_send_data(soft_iic_obj, (uint8)((*write_data & 0xFF00) >> 8));
  638   2              soft_iic_send_data(soft_iic_obj, (uint8)(*write_data ++ & 0x00FF));
  639   2          }
  640   1          if(read_len)
  641   1          {
  642   2              soft_iic_start(soft_iic_obj);
  643   2              soft_iic_send_data(soft_iic_obj, soft_iic_obj->addr << 1 | 0x01);
  644   2              while(read_len --)
  645   2              {
  646   3                  *read_data = soft_iic_read_data(soft_iic_obj, 0);
  647   3                  *read_data = ((*read_data << 8)| soft_iic_read_data(soft_iic_obj, read_len == 0));
  648   3                  read_data ++;
  649   3              }
  650   2          }
  651   1          soft_iic_stop(soft_iic_obj);
  652   1      }
  653          
  654          //-------------------------------------------------------------------------------------------------------
             -------------
C251 COMPILER V5.60.0,  zf_driver_soft_iic                                                 25/02/26  13:16:54  PAGE 12  

  655          // КЏЪ§МђНщ     ШэМў IIC НгПк SCCB ФЃЪНЯђДЋИаЦїМФДцЦїаД 8bit Ъ§Он
  656          // ВЮЪ§ЫЕУї     *soft_iic_obj   ШэМў IIC жИЖЈаХЯЂ ПЩвдВЮее zf_driver_soft_iic.h РяЕФИёЪНПДПД
  657          // ВЮЪ§ЫЕУї     register_name   ДЋИаЦїЕФМФДцЦїЕижЗ
  658          // ВЮЪ§ЫЕУї     dat            вЊаДШыЕФЪ§Он
  659          // ЗЕЛиВЮЪ§     void            
  660          // ЪЙгУЪОР§     soft_iic_sccb_write_register(soft_iic_obj, 0x01, 0x01);
  661          // БИзЂаХЯЂ     
  662          //-------------------------------------------------------------------------------------------------------
             -------------
  663          void soft_iic_sccb_write_register (soft_iic_info_struct *soft_iic_obj, const uint8 register_name, uint8 d
             -at)
  664          {
  665   1          zf_assert(soft_iic_obj != NULL);
  666   1          soft_iic_start(soft_iic_obj);
  667   1          soft_iic_send_data(soft_iic_obj, soft_iic_obj->addr << 1);
  668   1          soft_iic_send_data(soft_iic_obj, register_name);
  669   1          soft_iic_send_data(soft_iic_obj, dat);
  670   1          soft_iic_stop(soft_iic_obj);
  671   1      }
  672          
  673          //-------------------------------------------------------------------------------------------------------
             -------------
  674          // КЏЪ§МђНщ     ШэМў IIC НгПк SCCB ФЃЪНДгДЋИаЦїМФДцЦїЖСШЁ 8bit Ъ§Он
  675          // ВЮЪ§ЫЕУї     *soft_iic_obj   ШэМў IIC жИЖЈаХЯЂ ПЩвдВЮее zf_driver_soft_iic.h РяЕФИёЪНПДПД
  676          // ВЮЪ§ЫЕУї     register_name   ДЋИаЦїЕФМФДцЦїЕижЗ
  677          // ЗЕЛиВЮЪ§     uint8           ЗЕЛиЖСШЁЕФ 8bit Ъ§Он
  678          // ЪЙгУЪОР§     soft_iic_sccb_read_register(soft_iic_obj, 0x01);
  679          // БИзЂаХЯЂ     
  680          //-------------------------------------------------------------------------------------------------------
             -------------
  681          uint8 soft_iic_sccb_read_register (soft_iic_info_struct *soft_iic_obj, const uint8 register_name)
  682          {
  683   1          uint8 temp = 0;
  684   1              zf_assert(soft_iic_obj != NULL);
  685   1          soft_iic_start(soft_iic_obj);
  686   1          soft_iic_send_data(soft_iic_obj, soft_iic_obj->addr << 1);
  687   1          soft_iic_send_data(soft_iic_obj, register_name);
  688   1          soft_iic_stop(soft_iic_obj);
  689   1      
  690   1          soft_iic_start(soft_iic_obj);
  691   1          soft_iic_send_data(soft_iic_obj, soft_iic_obj->addr << 1 | 0x01);
  692   1          temp = soft_iic_read_data(soft_iic_obj, 1);
  693   1          soft_iic_stop(soft_iic_obj);
  694   1          return temp;
  695   1      }
  696          
  697          //-------------------------------------------------------------------------------------------------------
             -------------
  698          // КЏЪ§МђНщ     ШэМў IIC НгПкГѕЪМЛЏ ФЌШЯ MASTER ФЃЪН ВЛЬсЙЉ SLAVE ФЃЪН
  699          // ВЮЪ§ЫЕУї     *soft_iic_obj   ШэМў IIC жИЖЈаХЯЂДцЗХНсЙЙЬхЕФжИеы
  700          // ВЮЪ§ЫЕУї     addr            ШэМў IIC ЕижЗ етРяашвЊзЂвт БъзМЦпЮЛЕижЗ зюИпЮЛКіТд аДШыЪБЧыЮёБиШЗШЯЮоЮѓ
  701          // ВЮЪ§ЫЕУї     delay           ШэМў IIC бгЪБ ОЭЪЧЪБжгИпЕчЦНЪБМф дНЖЬ IIC ЫйТЪдНИп
  702          // ВЮЪ§ЫЕУї     scl_pin         ШэМў IIC ЪБжгв§НХ ВЮее zf_driver_gpio.h Фк gpio_pin_enum УЖОйЬхЖЈвх
  703          // ВЮЪ§ЫЕУї     sda_pin         ШэМў IIC Ъ§Онв§НХ ВЮее zf_driver_gpio.h Фк gpio_pin_enum УЖОйЬхЖЈвх
  704          // ЗЕЛиВЮЪ§     void            
  705          // ЪЙгУЪОР§     soft_iic_init(&soft_iic_obj, addr, 100, B6, B7);
  706          // БИзЂаХЯЂ     
  707          //-------------------------------------------------------------------------------------------------------
             -------------
  708          void soft_iic_init (soft_iic_info_struct *soft_iic_obj, uint8 addr, uint32 delay, gpio_pin_enum scl_pin, 
             -gpio_pin_enum sda_pin)
  709          {
  710   1          zf_assert(soft_iic_obj != NULL);
  711   1          zf_assert(scl_pin != sda_pin);                                 // абабЃЁ scl_pin гы sda_pin дѕУДФмЬюЭ
             -ЌвЛИів§НХЃП
  712   1          soft_iic_obj->scl_pin = scl_pin;
C251 COMPILER V5.60.0,  zf_driver_soft_iic                                                 25/02/26  13:16:54  PAGE 13  

  713   1          soft_iic_obj->sda_pin = sda_pin;
  714   1          soft_iic_obj->addr = addr;
  715   1          soft_iic_obj->delay = delay;
  716   1          gpio_init(scl_pin, GPO, 1, GPO_OPEN_DTAIN);                                 // ЬсШЁЖдгІIOЫїв§ AFЙІФмБрТы
  717   1          gpio_init(sda_pin, GPO, 1, GPO_OPEN_DTAIN);                                 // ЬсШЁЖдгІIOЫїв§ AFЙІФмБрТы
  718   1      }


Module Information          Static   Overlayable
------------------------------------------------
  code size            =      6592     ------
  ecode size           =    ------     ------
  data size            =    ------     ------
  idata size           =    ------     ------
  pdata size           =    ------     ------
  xdata size           =       256     ------
  xdata-const size     =    ------     ------
  edata size           =    ------     ------
  bit size             =    ------     ------
  ebit size            =    ------     ------
  bitaddressable size  =    ------     ------
  ebitaddressable size =    ------     ------
  far data size        =    ------     ------
  huge data size       =    ------     ------
  const size           =    ------     ------
  hconst size          =        47     ------
End of Module Information.


C251 COMPILATION COMPLETE.  0 WARNING(S),  0 ERROR(S)
