C251 COMPILER V5.60.0,  zf_device_tft180                                                   25/02/26  13:16:59  PAGE 1   


C251 COMPILER V5.60.0, COMPILATION OF MODULE zf_device_tft180
OBJECT MODULE PLACED IN .\out_file\zf_device_tft180.obj
COMPILER INVOKED BY: D:\keil\C251\BIN\C251.EXE ..\..\libraries\zf_device\zf_device_tft180.c LARGE NOALIAS WARNINGLEVEL(3
                    -) OPTIMIZE(0,SIZE) BROWSE INCDIR(..\..\libraries\zf_common;..\..\libraries\zf_components;..\..\libraries\zf_device;..\..
                    -\libraries\zf_driver;..\user;..\code) DEBUG PRINT(.\out_file\zf_device_tft180.lst) OBJECT(.\out_file\zf_device_tft180.ob
                    -j) 

stmt  level    source

    1          /********************************************************************************************************
             -*************
    2          * STC32G Opensourec Library еН≥пЉИSTC32G еЉАжЇРеЇУпЉЙжШѓдЄАдЄ™еЯЇдЇОеЃШжЦє SDK жО•еП£зЪДзђђдЄЙжЦєеЉАжЇРеЇ
             -У
    3          * Copyright (c) 2022 SEEKFREE йАРй£ЮзІСжКА
    4          *
    5          * жЬђжЦЗдїґжШѓSTC еЉАжЇРеЇУзЪДдЄАйГ®еИЖ
    6          *
    7          * STC32G еЉАжЇРеЇУ жШѓеЕНиієиљѓдїґ
    8          * жВ®еПѓдї•ж†єжНЃиЗ™зФ±иљѓдїґеЯЇйЗСдЉЪеПСеЄГзЪД GPLпЉИGNU General Public LicenseпЉМеН≥ GNUйАЪзФ®еЕђеЕ±иЃЄ
             -еПѓиѓБпЉЙзЪДжЭ°жђЊ
    9          * еН≥ GPL зЪДзђђ3зЙИпЉИеН≥ GPL3.0пЉЙжИЦпЉИжВ®йАЙжЛ©зЪДпЉЙдїїдљХеРОжЭ•зЪДзЙИжЬђпЉМйЗНжЦ∞еПСеЄГеТМ/жИЦдњЃжФ
             -єеЃГ
   10          *
   11          * жЬђеЉАжЇРеЇУзЪДеПСеЄГжШѓеЄМжЬЫеЃГиГљеПСжМ•дљЬзФ®пЉМдљЖеєґжЬ™еѓєеЕґдљЬдїїдљХзЪДдњЭиѓБ
   12          * зФЪиЗ≥ж≤°жЬЙйЪРеРЂзЪДйАВйФАжАІжИЦйАВеРИзЙєеЃЪзФ®йАФзЪДдњЭиѓБ
   13          * жЫіе§ЪзїЖиКВиѓЈеПВиІБ GPL
   14          *
   15          * жВ®еЇФиѓ•еЬ®жФґеИ∞жЬђеЉАжЇРеЇУзЪДеРМжЧґжФґеИ∞дЄАдїљ GPL зЪДеЙѓжЬђ
   16          * е¶ВжЮЬж≤°жЬЙпЉМиѓЈеПВйШЕ<https://www.gnu.org/licenses/>
   17          *
   18          * йҐЭе§Цж≥®жШОпЉЪ
   19          * жЬђеЉАжЇРеЇУдљњзФ® GPL3.0 еЉАжЇРиЃЄеПѓиѓБеНПиЃЃ дї•дЄКиЃЄеПѓзФ≥жШОдЄЇиѓСжЦЗзЙИжЬђ
   20          * иЃЄеПѓзФ≥жШОиЛ±жЦЗзЙИеЬ® libraries/doc жЦЗдїґе§єдЄЛзЪД GPL3_permission_statement.txt жЦЗдїґдЄ≠
   21          * иЃЄеПѓиѓБеЙѓжЬђеЬ® libraries жЦЗдїґе§єдЄЛ еН≥иѓ•жЦЗдїґе§єдЄЛзЪД LICENSE жЦЗдїґ
   22          * жђҐињОеРДдљНдљњзФ®еєґдЉ†жТ≠жЬђз®ЛеЇП дљЖдњЃжФєеЖЕеЃєжЧґењЕй°їдњЭзХЩйАРй£ЮзІСжКАзЪДзЙИжЭГе£∞жШОпЉИеН≥жЬђ
             -е£∞жШОпЉЙ
   23          *
   24          * жЦЗдїґеРНзІ∞          
   25          * еЕђеПЄеРНзІ∞          жИРйГљйАРй£ЮзІСжКАжЬЙйЩРеЕђеПЄ
   26          * зЙИжЬђдњ°жБѓ          жЯ•зЬЛ libraries/doc жЦЗдїґе§єеЖЕ version жЦЗдїґ зЙИжЬђиѓіжШО
   27          * еЉАеПСзОѓеҐГ          MDK FOR C251
   28          * йАВзФ®еє≥еП∞          STC32G
   29          * еЇЧйУЇйУЊжО•          https://seekfree.taobao.com/
   30          *
   31          * дњЃжФєиЃ∞ељХ
   32          * жЧ•жЬЯ              дљЬиАЕ           е§Зж≥®
   33          * 2024-08-01        е§ІW            first version
   34          *********************************************************************************************************
             -***********/
   35          /********************************************************************************************************
             -*************
   36          * жО•зЇњеЃЪдєЙпЉЪ
   37          *                   ------------------------------------
   38          *                   ж®°еЭЧзЃ°иДЪ             еНХзЙЗжЬЇзЃ°иДЪ
   39          *                   SCL                  жЯ•зЬЛ zf_device_tft180.h дЄ≠ TFT180_SCL_PIN еЃПеЃЪдєЙ
   40          *                   SDA                  жЯ•зЬЛ zf_device_tft180.h дЄ≠ TFT180_SDA_PIN еЃПеЃЪдєЙ
   41          *                   RES                  жЯ•зЬЛ zf_device_tft180.h дЄ≠ TFT180_RES_PIN еЃПеЃЪдєЙ
   42          *                   DC                   жЯ•зЬЛ zf_device_tft180.h дЄ≠ TFT180_DC_PIN еЃПеЃЪдєЙ
   43          *                   CS                   жЯ•зЬЛ zf_device_tft180.h дЄ≠ TFT180_CS_PIN еЃПеЃЪдєЙ
   44          *                   BL                   жЯ•зЬЛ zf_device_tft180.h дЄ≠ TFT180_BL_PIN еЃПеЃЪдєЙ
   45          *                   VCC                 3.3VзФµжЇР
   46          *                   GND                 зФµжЇРеЬ∞
   47          *                   жЬАе§ІеИЖиЊ®зОЗ160*128
   48          *                   ------------------------------------
   49          *********************************************************************************************************
C251 COMPILER V5.60.0,  zf_device_tft180                                                   25/02/26  13:16:59  PAGE 2   

             -***********/
   50          
   51          #include "zf_common_clock.h"
   52          #include "zf_common_debug.h"
   53          #include "zf_common_font.h"
   54          #include "zf_common_function.h"
   55          #include "zf_driver_delay.h"
   56          #include "zf_driver_spi.h"
   57          
   58          #include "zf_device_tft180.h"
   59          
   60          uint16 tft180_pencolor = TFT180_DEFAULT_PENCOLOR;
   61          uint16 tft180_bgcolor = TFT180_DEFAULT_BGCOLOR;
   62          
   63          tft180_dir_enum tft180_display_dir = TFT180_DEFAULT_DISPLAY_DIR;
   64          uint8 tft180_x_max = 240;
   65          uint8 tft180_y_max = 135;
   66          
   67          #if (TFT180_USE_INTERFACE==SOFT_SPI)  
                       static soft_spi_info_struct             tft180_spi;
                       #define tft180_write_8bit_data(dat)    soft_spi_write_8bit(&TFT180_spi, dat)
                       #define tft180_write_16bit_data(dat)   soft_spi_write_16bit(&TFT180_spi, dat)
               #elif (TFT180_USE_INTERFACE==HARDWARE_SPI)
   72                  #define tft180_write_8bit_data(dat)    spi_write_8bit(TFT180_SPI, dat)
   73                  #define tft180_write_16bit_data(dat)   spi_write_16bit(TFT180_SPI, dat)
   74          #endif
   75          
   76          //-------------------------------------------------------------------------------------------------------
             -------------
   77          // еЗљжХ∞зЃАдїЛ       еЖЩеСљдї§ еЖЕйГ®и∞ГзФ®
   78          // @note        еЖЕйГ®и∞ГзФ® зФ®жИЈжЧ†йЬАеЕ≥ењГ
   79          //-------------------------------------------------------------------------------------------------------
             -------------
   80          static void tft180_write_index (uint8 dat)
   81          {
   82   1          TFT180_CS(1);
   83   1          TFT180_CS(0);
   84   1          TFT180_DC(0);
   85   1          tft180_write_8bit_data(dat);
   86   1          TFT180_CS(1);
   87   1          TFT180_DC(1);
   88   1          TFT180_CS(0);
   89   1      }
   90          
   91          //-------------------------------------------------------------------------------------------------------
             -------------
   92          // еЗљжХ∞зЃАдїЛ       иЃЊзљЃжШЊз§ЇеМЇеЯЯ еЖЕйГ®и∞ГзФ®
   93          // еПВжХ∞иѓіжШО       x1              иµЈеІЛxиљіеЭРж†З
   94          // еПВжХ∞иѓіжШО       y1              иµЈеІЛyиљіеЭРж†З
   95          // еПВжХ∞иѓіжШО       x2              зїУжЭЯxиљіеЭРж†З
   96          // еПВжХ∞иѓіжШО       y2              зїУжЭЯyиљіеЭРж†З
   97          // ињФеЫЮеПВжХ∞      void
   98          // @note        еЖЕйГ®и∞ГзФ® зФ®жИЈжЧ†йЬАеЕ≥ењГ
   99          //-------------------------------------------------------------------------------------------------------
             -------------
  100          static void tft180_set_region (uint16 x1, uint16 y1, uint16 x2, uint16 y2)
  101          {
  102   1          zf_assert(x1 < tft180_x_max);
  103   1          zf_assert(y1 < tft180_y_max);
  104   1          zf_assert(x2 < tft180_x_max);
  105   1          zf_assert(y2 < tft180_y_max);
  106   1      
  107   1          if(tft180_display_dir==TFT180_PORTAIT || tft180_display_dir==TFT180_PORTAIT_180)
  108   1          {
  109   2              tft180_write_index(0x2a);
  110   2              tft180_write_16bit_data(x1+2);
C251 COMPILER V5.60.0,  zf_device_tft180                                                   25/02/26  13:16:59  PAGE 3   

  111   2              tft180_write_16bit_data(x2+2);
  112   2      
  113   2              tft180_write_index(0x2b);
  114   2              tft180_write_16bit_data(y1+1);
  115   2              tft180_write_16bit_data(y2+1);
  116   2          }
  117   1          else
  118   1          {
  119   2              tft180_write_index(0x2a);
  120   2              tft180_write_16bit_data(x1+1);
  121   2              tft180_write_16bit_data(x2+1);
  122   2      
  123   2              tft180_write_index(0x2b);
  124   2              tft180_write_16bit_data(y1+2);
  125   2              tft180_write_16bit_data(y2+2);
  126   2          }
  127   1          tft180_write_index(0x2c);
  128   1      }
  129          
  130          
  131          
  132          //-------------------------------------------------------------------------------------------------------
             -------------
  133          // еЗљжХ∞зЃАдїЛ       жґ≤жЩґжЄЕе±ПеЗљжХ∞
  134          // еПВжХ∞иѓіжШО       color           йҐЬиЙ≤ж†ЉеЉП RGB565 жИЦиАЕеПѓдї•дљњзФ® zf_common_font.h еЖЕеЄЄзФ®йҐ
             -ЬиЙ≤еЃПеЃЪдєЙ
  135          // ињФеЫЮеПВжХ∞      void
  136          // дљњзФ®з§ЇдЊЛ                tft180_clear(YELLOW);
  137          //-------------------------------------------------------------------------------------------------------
             -------------
  138          void tft180_clear (uint16 color)
  139          {
  140   1          uint32 i = tft180_x_max*tft180_y_max;
  141   1      
  142   1          tft180_set_region(0,0,tft180_x_max-1,tft180_y_max-1);
  143   1          for( ; i>0; i--)
  144   1          {
  145   2              tft180_write_16bit_data(color);
  146   2          }
  147   1      }
  148          
  149          //-------------------------------------------------------------------------------------------------------
             -------------
  150          // еЗљжХ∞зЃАдїЛ       иЃЊзљЃжШЊз§ЇжЦєеРС ињЩдЄ™еЗљжХ∞еП™жЬЙеЬ®еИЭеІЛеМЦе±ПеєХдєЛеЙНи∞ГзФ®жЙНзФЯжХИ
  151          // еПВжХ∞иѓіжШО       dir             жШЊз§ЇжЦєеРС  еПВзЕІ zf_device_ips114.h еЖЕ tft180_dir_enum жЮЪдЄЊд
             -љУеЃЪдєЙ
  152          // ињФеЫЮеПВжХ∞      void
  153          // дљњзФ®з§ЇдЊЛ                tft180_set_dir(TFT180_CROSSWISE);
  154          //-------------------------------------------------------------------------------------------------------
             -------------
  155          void tft180_set_dir (tft180_dir_enum dir)
  156          {
  157   1          tft180_display_dir = dir;
  158   1          if(dir < 2)
  159   1          {
  160   2              tft180_x_max = 128;
  161   2              tft180_y_max = 160;
  162   2          }
  163   1          else
  164   1          {
  165   2              tft180_x_max = 160;
  166   2              tft180_y_max = 128;
  167   2          }
  168   1      }
  169          
  170          //-------------------------------------------------------------------------------------------------------
C251 COMPILER V5.60.0,  zf_device_tft180                                                   25/02/26  13:16:59  PAGE 4   

             -------------
  171          // еЗљжХ∞зЃАдїЛ       иЃЊзљЃжШЊз§ЇйҐЬиЙ≤
  172          // еПВжХ∞иѓіжШО       pen             йҐЬиЙ≤ж†ЉеЉП RGB565 жИЦиАЕеПѓдї•дљњзФ® zf_common_font.h еЖЕеЄЄзФ®йҐ
             -ЬиЙ≤еЃПеЃЪдєЙ
  173          // еПВжХ∞иѓіжШО       bgcolor         йҐЬиЙ≤ж†ЉеЉП RGB565 жИЦиАЕеПѓдї•дљњзФ® zf_common_font.h еЖЕеЄЄзФ®йҐ
             -ЬиЙ≤еЃПеЃЪдєЙ
  174          // ињФеЫЮеПВжХ∞      void
  175          // дљњзФ®з§ЇдЊЛ                tft180_set_color(WHITE,BLACK);
  176          //-------------------------------------------------------------------------------------------------------
             -------------
  177          void tft180_set_color (uint16 pen, uint16 bgcolor)
  178          {
  179   1          tft180_pencolor = pen;
  180   1          tft180_bgcolor = bgcolor;
  181   1      }
  182          
  183          //-------------------------------------------------------------------------------------------------------
             -------------
  184          // еЗљжХ∞зЃАдїЛ       жґ≤жЩґзФїзВє
  185          // еПВжХ∞иѓіжШО       x               еЭРж†ЗxжЦєеРСзЪДиµЈзВє еПВжХ∞иМГеЫі [0, tft180_x_max-1]
  186          // еПВжХ∞иѓіжШО       y               еЭРж†ЗyжЦєеРСзЪДиµЈзВє еПВжХ∞иМГеЫі [0, tft180_y_max-1]
  187          // еПВжХ∞иѓіжШО       dat             йЬАи¶БжШЊз§ЇзЪДйҐЬиЙ≤
  188          // ињФеЫЮеПВжХ∞      void
  189          // дљњзФ®з§ЇдЊЛ                tft180_draw_point(0,0,RED);                     // еЭРж†З 0,0 зФїдЄАдЄ™зЇҐ
             -иЙ≤зЪДзВє
  190          //-------------------------------------------------------------------------------------------------------
             -------------
  191          void tft180_draw_point (uint16 x,uint16 y,uint16 color)
  192          {
  193   1          zf_assert(x < tft180_x_max);
  194   1          zf_assert(y < tft180_y_max);
  195   1      
  196   1          tft180_set_region(x,y,x,y);
  197   1          tft180_write_16bit_data(color);
  198   1      }
  199          
  200          //-------------------------------------------------------------------------------------------------------
             -------------
  201          // еЗљжХ∞зЃАдїЛ       жґ≤жЩґжШЊз§Їе≠Чзђ¶
  202          // еПВжХ∞иѓіжШО       x               еЭРж†ЗxжЦєеРСзЪДиµЈзВє еПВжХ∞иМГеЫі [0, tft180_x_max-1]
  203          // еПВжХ∞иѓіжШО       y               еЭРж†ЗyжЦєеРСзЪДиµЈзВє еПВжХ∞иМГеЫі [0, tft180_y_max-1]
  204          // еПВжХ∞иѓіжШО       dat             йЬАи¶БжШЊз§ЇзЪДе≠Чзђ¶
  205          // ињФеЫЮеПВжХ∞      void
  206          // дљњзФ®з§ЇдЊЛ                tft180_show_char(0,0,'x');                      // еЭРж†З 0,0 еЖЩдЄАдЄ™е≠Ч
             -зђ¶ x
  207          //-------------------------------------------------------------------------------------------------------
             -------------
  208          void tft180_show_char (uint16 x,uint16 y,const char dat)
  209          {
  210   1          uint8 i,j;
  211   1          uint8 temp;
  212   1              
  213   1          zf_assert(x < tft180_x_max);
  214   1          zf_assert(y < tft180_y_max);
  215   1              
  216   1          for(i=0; i<16; i++)
  217   1          {
  218   2              tft180_set_region(x,y+i,x+7,y+i);
  219   2              temp = ascii_font_8x16[dat-32][i];                                            //еЗП 32 еЫ†дЄЇжШѓе
             -ПЦж®°жШѓдїОз©Їж†ЉеЉАеІЛеПЦеЊЧ з©Їж†ЉеЬ® ascii дЄ≠еЇПеПЈжШѓ 32
  220   2              for(j=0; j<8; j++)
  221   2              {
  222   3                  if(temp&0x01)   
  223   3                      tft180_write_16bit_data(tft180_pencolor);
  224   3                  else
  225   3                      tft180_write_16bit_data(tft180_bgcolor);
C251 COMPILER V5.60.0,  zf_device_tft180                                                   25/02/26  13:16:59  PAGE 5   

  226   3                  temp>>=1;
  227   3              }
  228   2          }
  229   1      }
  230          
  231          //-------------------------------------------------------------------------------------------------------
             -------------
  232          // еЗљжХ∞зЃАдїЛ       жґ≤жЩґжШЊз§Їе≠Чзђ¶дЄ≤
  233          // еПВжХ∞иѓіжШО       x               еЭРж†ЗxжЦєеРСзЪДиµЈзВє еПВжХ∞иМГеЫі [0, tft180_x_max-1]
  234          // еПВжХ∞иѓіжШО       y               еЭРж†ЗyжЦєеРСзЪДиµЈзВє еПВжХ∞иМГеЫі [0, tft180_y_max-1]
  235          // еПВжХ∞иѓіжШО       dat             йЬАи¶БжШЊз§ЇзЪДе≠Чзђ¶дЄ≤
  236          // ињФеЫЮеПВжХ∞      void
  237          // дљњзФ®з§ЇдЊЛ                tft180_show_string(0,0,"seekfree");
  238          //-------------------------------------------------------------------------------------------------------
             -------------
  239          void tft180_show_string (uint16 x,uint16 y,const char dat[])
  240          {
  241   1          uint16 j = 0;
  242   1              
  243   1          zf_assert(x < tft180_x_max);
  244   1          zf_assert(y < tft180_y_max);
  245   1          
  246   1      
  247   1          while(dat[j] != '\0')
  248   1          {
  249   2              tft180_show_char(x+8*j,y,dat[j]);
  250   2              j++;
  251   2          }
  252   1      }
  253          
  254          //-------------------------------------------------------------------------------------------------------
             -------------
  255          //  @brief      жґ≤жЩґжШЊз§Ї8дљНжЬЙзђ¶еПЈ
  256          // еПВжХ∞иѓіжШО       x               еЭРж†ЗxжЦєеРСзЪДиµЈзВє еПВжХ∞иМГеЫі [0, tft180_x_max-1]
  257          // еПВжХ∞иѓіжШО       y               еЭРж†ЗyжЦєеРСзЪДиµЈзВє еПВжХ∞иМГеЫі [0, tft180_y_max-1]
  258          //  @param      dat             йЬАи¶БжШЊз§ЇзЪДеПШйЗПпЉМжХ∞жНЃз±їеЮЛint8
  259          //  @return     void
  260          //  Sample usage:               tft180_show_int8(0,0,x);                        // xдЄЇ int8 з±їеЮЛ
  261          //-------------------------------------------------------------------------------------------------------
             -------------
  262          void tft180_show_int8(uint16 x,uint16 y,int8 dat)
  263          {
  264   1          uint8 a[3];
  265   1          uint8 i;
  266   1              
  267   1          zf_assert(x < tft180_x_max);
  268   1          zf_assert(y < tft180_y_max);
  269   1      
  270   1      
  271   1          if(dat<0)
  272   1          {
  273   2              tft180_show_char(x,y,'-');
  274   2              dat = -dat;
  275   2          }
  276   1          else
  277   1              tft180_show_char(x,y,' ');
  278   1          
  279   1          a[0] = dat/100;
  280   1          a[1] = dat/10%10;
  281   1          a[2] = dat%10;
  282   1          i = 0;
  283   1          while(i<3)
  284   1          {
  285   2              tft180_show_char(x+(8*(i+1)),y,(uint8)('0' + a[i]));
  286   2              i++;
  287   2          }
C251 COMPILER V5.60.0,  zf_device_tft180                                                   25/02/26  13:16:59  PAGE 6   

  288   1      }
  289          
  290          //-------------------------------------------------------------------------------------------------------
             -------------
  291          // еЗљжХ∞зЃАдїЛ       жґ≤жЩґжШЊз§Ї8дљНжЧ†зђ¶еПЈ
  292          // еПВжХ∞иѓіжШО       x               еЭРж†ЗxжЦєеРСзЪДиµЈзВє еПВжХ∞иМГеЫі [0, tft180_x_max-1]
  293          // еПВжХ∞иѓіжШО       y               еЭРж†ЗyжЦєеРСзЪДиµЈзВє еПВжХ∞иМГеЫі [0, tft180_y_max-1]
  294          // еПВжХ∞иѓіжШО       dat             йЬАи¶БжШЊз§ЇзЪДеПШйЗП жХ∞жНЃз±їеЮЛuint8
  295          // ињФеЫЮеПВжХ∞      void
  296          // дљњзФ®з§ЇдЊЛ                tft180_show_uint8(0,0,x);                       // x дЄЇ uint8 з±їеЮЛ
  297          //-------------------------------------------------------------------------------------------------------
             -------------
  298          void tft180_show_uint8(uint16 x,uint16 y,uint8 dat)
  299          {
  300   1          uint8 a[3];
  301   1          uint8 i;
  302   1              
  303   1          zf_assert(x < tft180_x_max);
  304   1          zf_assert(y < tft180_y_max);
  305   1      
  306   1          a[0] = dat/100;
  307   1          a[1] = dat/10%10;
  308   1          a[2] = dat%10;
  309   1          i = 0;
  310   1          while(i<3)
  311   1          {
  312   2              tft180_show_char(x+(8*i),y,(uint8)('0' + a[i]));
  313   2              i++;
  314   2          }
  315   1          
  316   1      }
  317          
  318          //-------------------------------------------------------------------------------------------------------
             -------------
  319          // еЗљжХ∞зЃАдїЛ       жґ≤жЩґжШЊз§Ї16дљНжЬЙзђ¶еПЈ
  320          // еПВжХ∞иѓіжШО       x               еЭРж†ЗxжЦєеРСзЪДиµЈзВє еПВжХ∞иМГеЫі [0, tft180_x_max-1]
  321          // еПВжХ∞иѓіжШО       y               еЭРж†ЗyжЦєеРСзЪДиµЈзВє еПВжХ∞иМГеЫі [0, tft180_y_max-1]
  322          // еПВжХ∞иѓіжШО       dat             йЬАи¶БжШЊз§ЇзЪДеПШйЗП жХ∞жНЃз±їеЮЛint16
  323          // ињФеЫЮеПВжХ∞      void
  324          // дљњзФ®з§ЇдЊЛ                tft180_show_int16(0,0,x);                       // x дЄЇ int16 з±їеЮЛ
  325          //-------------------------------------------------------------------------------------------------------
             -------------
  326          void tft180_show_int16(uint16 x,uint16 y,int16 dat)
  327          {
  328   1          uint8 a[5];
  329   1          uint8 i;
  330   1      
  331   1          zf_assert(x < tft180_x_max);
  332   1          zf_assert(y < tft180_y_max);
  333   1      
  334   1          if(dat<0)
  335   1          {
  336   2              tft180_show_char(x,y,'-');
  337   2              dat = -dat;
  338   2          }
  339   1          else    tft180_show_char(x,y,' ');
  340   1      
  341   1          a[0] = dat/10000;
  342   1          a[1] = dat/1000%10;
  343   1          a[2] = dat/100%10;
  344   1          a[3] = dat/10%10;
  345   1          a[4] = dat%10;
  346   1          
  347   1          i = 0;
  348   1          while(i<5)
  349   1          {
C251 COMPILER V5.60.0,  zf_device_tft180                                                   25/02/26  13:16:59  PAGE 7   

  350   2              tft180_show_char(x+(8*(i+1)),y,(uint8)('0' + a[i]));
  351   2              i++;
  352   2          }
  353   1      }
  354          
  355          //-------------------------------------------------------------------------------------------------------
             -------------
  356          // еЗљжХ∞зЃАдїЛ       жґ≤жЩґжШЊз§Ї16дљНжЧ†зђ¶еПЈ
  357          // еПВжХ∞иѓіжШО       x               еЭРж†ЗxжЦєеРСзЪДиµЈзВє еПВжХ∞иМГеЫі [0, tft180_x_max-1]
  358          // еПВжХ∞иѓіжШО       y               еЭРж†ЗyжЦєеРСзЪДиµЈзВє еПВжХ∞иМГеЫі [0, tft180_y_max-1]
  359          // еПВжХ∞иѓіжШО       dat             йЬАи¶БжШЊз§ЇзЪДеПШйЗПпЉМжХ∞жНЃз±їеЮЛuint16
  360          // ињФеЫЮеПВжХ∞      void
  361          // дљњзФ®з§ЇдЊЛ                tft180_show_uint16(0,0,x);                      // x дЄЇ uint16 з±їеЮЛ
  362          //-------------------------------------------------------------------------------------------------------
             -------------
  363          void tft180_show_uint16(uint16 x,uint16 y,uint16 dat)
  364          {
  365   1          uint8 a[5];
  366   1          uint8 i;
  367   1              
  368   1          zf_assert(x < tft180_x_max);
  369   1          zf_assert(y < tft180_y_max);
  370   1      
  371   1          a[0] = dat/10000;
  372   1          a[1] = dat/1000%10;
  373   1          a[2] = dat/100%10;
  374   1          a[3] = dat/10%10;
  375   1          a[4] = dat%10;
  376   1          
  377   1          i = 0;
  378   1          while(i<5)
  379   1          {
  380   2              tft180_show_char(x+(8*i),y,(uint8)('0' + a[i]));
  381   2              i++;
  382   2          }
  383   1      }
  384          
  385          //-------------------------------------------------------------------------------------------------------
             -------------
  386          // еЗљжХ∞зЃАдїЛ       жґ≤жЩґжШЊз§Ї32дљНжЬЙзђ¶еПЈ(еОїйЩ§жХіжХ∞йГ®еИЖжЧ†жХИзЪД0)
  387          // еПВжХ∞иѓіжШО       x               еЭРж†ЗxжЦєеРСзЪДиµЈзВє еПВжХ∞иМГеЫі [0, tft180_x_max-1]
  388          // еПВжХ∞иѓіжШО       y               еЭРж†ЗyжЦєеРСзЪДиµЈзВє еПВжХ∞иМГеЫі [0, tft180_y_max-1]
  389          // еПВжХ∞иѓіжШО       dat             йЬАи¶БжШЊз§ЇзЪДеПШйЗПпЉМжХ∞жНЃз±їеЮЛuint32
  390          // еПВжХ∞иѓіжШО       num             йЬАи¶БжШЊз§ЇзЪДдљНжХ∞ жЬАйЂШ10дљН  дЄНеМЕеРЂж≠£иіЯеПЈ
  391          // ињФеЫЮеПВжХ∞      void
  392          // дљњзФ®з§ЇдЊЛ                tft180_showuint32(0,0,x,3);                     // x еПѓдї•дЄЇ int32 uint1
             -6 int16 uint8 int8 з±їеЮЛ
  393          // note:                        иіЯжХ∞дЉЪжШЊз§ЇдЄАдЄ™ вАШ-вАЩеПЈ   ж≠£жХ∞жШЊз§ЇдЄАдЄ™з©Їж†Љ
  394          //-------------------------------------------------------------------------------------------------------
             -------------
  395          void tft180_show_int32(uint16 x,uint16 y,int32 dat,uint8 num)
  396          {
  397   1          int8    buff[34];
  398   1          uint8   length;
  399   1              
  400   1          zf_assert(x < tft180_x_max);
  401   1          zf_assert(y < tft180_y_max);
  402   1      
  403   1          if(10<num)      num = 10;
  404   1          
  405   1          num++;
  406   1          if(0>dat)   length = zf_sprintf( &buff[0],(const int8 *)"%d",dat);        // иіЯжХ∞
  407   1          else
  408   1          {
  409   2              buff[0] = ' ';
  410   2              length = zf_sprintf( &buff[1],(const int8 *)"%d",dat);
C251 COMPILER V5.60.0,  zf_device_tft180                                                   25/02/26  13:16:59  PAGE 8   

  411   2              length++;
  412   2          }
  413   1          while(length < num)
  414   1          {
  415   2              buff[length] = ' ';
  416   2              length++;
  417   2          }
  418   1          buff[num] = '\0';
  419   1      
  420   1          tft180_show_string(x, y, (const char *)buff);                               // жШЊз§ЇжХ∞е≠Ч
  421   1      }
  422          
  423          //-------------------------------------------------------------------------------------------------------
             -------------
  424          // еЗљжХ∞зЃАдїЛ       жґ≤жЩґжШЊз§ЇжµЃзВєжХ∞(еОїйЩ§жХіжХ∞йГ®еИЖжЧ†жХИзЪД0)
  425          // еПВжХ∞иѓіжШО       x               еЭРж†ЗxжЦєеРСзЪДиµЈзВє еПВжХ∞иМГеЫі [0, tft180_x_max-1]
  426          // еПВжХ∞иѓіжШО       y               еЭРж†ЗyжЦєеРСзЪДиµЈзВє еПВжХ∞иМГеЫі [0, tft180_y_max-1]
  427          // еПВжХ∞иѓіжШО       dat             йЬАи¶БжШЊз§ЇзЪДеПШйЗПпЉМжХ∞жНЃз±їеЮЛfloatжИЦdouble
  428          // еПВжХ∞иѓіжШО       num             жХіжХ∞дљНжШЊз§ЇйХњеЇ¶   жЬАйЂШ10дљН
  429          // еПВжХ∞иѓіжШО       pointnum        е∞ПжХ∞дљНжШЊз§ЇйХњеЇ¶   жЬАйЂШ6дљН
  430          // ињФеЫЮеПВжХ∞      void
  431          // дљњзФ®з§ЇдЊЛ                tft180_showfloat(0,0,x,2,3);                    // жШЊз§ЇжµЃзВєжХ∞   жХіжХ
             -∞жШЊз§Ї2дљН   е∞ПжХ∞жШЊз§ЇдЄЙдљН
  432          // @note                        зЙєеИЂж≥®жДПељУеПСзО∞е∞ПжХ∞йГ®еИЖжШЊз§ЇзЪДеАЉдЄОдљ†еЖЩеЕ•зЪДеАЉдЄНдЄАж†Јз
             -ЪДжЧґеАЩпЉМ
  433          //                              еПѓиГљжШѓзФ±дЇОжµЃзВєжХ∞з≤ЊеЇ¶дЄҐе§±йЧЃйҐШеѓЉиЗізЪДпЉМињЩеєґдЄНжШѓжШЊз§Їе
             -ЗљжХ∞зЪДйЧЃйҐШпЉМ
  434          //                              жЬЙеЕ≥йЧЃйҐШзЪДиѓ¶жГЕпЉМиѓЈиЗ™и°МзЩЊеЇ¶е≠¶дє†   жµЃзВєжХ∞з≤ЊеЇ¶дЄҐе§±йЧЃй
             -ҐШгАВ
  435          //                              иіЯжХ∞дЉЪжШЊз§ЇдЄАдЄ™ вАШ-вАЩеПЈ   ж≠£жХ∞жШЊз§ЇдЄАдЄ™з©Їж†Љ
  436          //-------------------------------------------------------------------------------------------------------
             -------------
  437          void tft180_show_float(uint16 x,uint16 y,double dat,uint8 num,uint8 pointnum)
  438          {
  439   1          uint8   length;
  440   1          int8    buff[34];
  441   1          int8    start,end,point;
  442   1              
  443   1          zf_assert(x < tft180_x_max);
  444   1          zf_assert(y < tft180_y_max);
  445   1              
  446   1          if(6<pointnum)  pointnum = 6;
  447   1          if(10<num)      num = 10;
  448   1              
  449   1          if(0>dat)   length = zf_sprintf( &buff[0],(const int8 *)"%f",dat);        // иіЯжХ∞
  450   1          else
  451   1          {
  452   2              length = zf_sprintf( &buff[1],(const int8 *)"%f",dat);
  453   2              length++;
  454   2          }
  455   1          point = length - 7;                                                         // иЃ°зЃЧе∞ПжХ∞зВєдљНзљЃ
  456   1          start = point - num - 1;                                                    // иЃ°зЃЧиµЈеІЛдљН
  457   1          end = point + pointnum + 1;                                                 // иЃ°зЃЧзїУжЭЯдљН
  458   1          while(0>start)                                                              // жХіжХ∞дљНдЄНе§Я  жЬЂе∞
             -ЊеЇФиѓ•е°ЂеЕЕз©Їж†Љ
  459   1          {
  460   2              buff[end] = ' ';
  461   2              end++;
  462   2              start++;
  463   2          }
  464   1          
  465   1          if(0>dat)   buff[start] = '-';
  466   1          else        buff[start] = ' ';
  467   1          
  468   1          buff[end] = '\0';
  469   1      
C251 COMPILER V5.60.0,  zf_device_tft180                                                   25/02/26  13:16:59  PAGE 9   

  470   1          tft180_show_string(x, y, (const char *)buff);                               // жШЊз§ЇжХ∞е≠Ч
  471   1      }
  472          
  473          //-------------------------------------------------------------------------------------------------------
             -------------
  474          // еЗљжХ∞зЃАдїЛ       TFT180 жШЊз§Їж≥ҐељҐ2
  475          // еПВжХ∞иѓіжШО       x               еЭРж†ЗxжЦєеРСзЪДиµЈзВє еПВжХ∞иМГеЫі [0, tft180_x_max-1]
  476          // еПВжХ∞иѓіжШО       y               еЭРж†ЗyжЦєеРСзЪДиµЈзВє еПВжХ∞иМГеЫі [0, tft180_y_max-1]
  477          // еПВжХ∞иѓіжШО       *p              ж≥ҐељҐжХ∞зїДжМЗйТИ
  478          // еПВжХ∞иѓіжШО       width           ж≥ҐељҐеЃЮйЩЕеЃљеЇ¶
  479          // еПВжХ∞иѓіжШО       value_max       ж≥ҐељҐеЃЮйЩЕжЬАе§ІеАЉ
  480          // еПВжХ∞иѓіжШО       dis_width       ж≥ҐељҐжШЊз§ЇеЃљеЇ¶ еПВжХ∞иМГеЫі [0, tft180_x_max]
  481          // еПВжХ∞иѓіжШО       dis_value_max   ж≥ҐељҐжШЊз§ЇжЬАе§ІеАЉ еПВжХ∞иМГеЫі [0, tft180_y_max]
  482          // ињФеЫЮеПВжХ∞      void
  483          // дљњзФ®з§ЇдЊЛ                tft180_show_gray_image(0,0,camera_buffer_addr,MT9V03X_W,MT9V03X_H,240,135,
             -128);
  484          //-------------------------------------------------------------------------------------------------------
             -------------
  485          void tft180_show_wave(uint16 x, uint16 y, uint8 *p, uint16 width, uint16 value_max, uint16 dis_width, uin
             -t16 dis_value_max)
  486          {
  487   1          uint32 i = 0, j = 0;
  488   1          uint32 width_index, value_max_index;
  489   1              
  490   1          zf_assert(x < tft180_x_max);
  491   1          zf_assert(y < tft180_y_max);
  492   1              
  493   1          tft180_set_region(x, y, x+dis_width-1, y+dis_value_max-1);                  // иЃЊзљЃжШЊз§ЇеМЇеЯЯ
  494   1          for(i=0;i<dis_value_max;i++)
  495   1          {
  496   2              for(j=0;j<dis_width;j++)
  497   2              {
  498   3                  tft180_write_16bit_data(tft180_bgcolor); 
  499   3              }
  500   2          }
  501   1      
  502   1          for(i=0;i<dis_width;i++)
  503   1          {
  504   2              width_index = i*width/dis_width;
  505   2              value_max_index = *(p+width_index)*(dis_value_max-1)/value_max;
  506   2              tft180_draw_point(i+x, (dis_value_max-1)-value_max_index+y, tft180_pencolor);
  507   2          }
  508   1      }
  509          
  510          //-------------------------------------------------------------------------------------------------------
             -------------
  511          // еЗљжХ∞зЃАдїЛ       1.8еѓЄ TFTжґ≤жЩґеИЭеІЛеМЦ
  512          // ињФеЫЮеПВжХ∞      void
  513          // дљњзФ®з§ЇдЊЛ                tft180_init();
  514          //-------------------------------------------------------------------------------------------------------
             -------------
  515          void tft180_init (void)
  516          {
  517   1      #if (TFT180_USE_INTERFACE==SOFT_SPI)  
                   soft_spi_init(&tft180_spi, SPI_MODE0, TFT180_SOFT_SPI_DELAY, TFT180_SCL_PIN, TFT180_SDA_PIN, SOFT_SPI
             -_PIN_NULL, SOFT_SPI_PIN_NULL);
               #elif (TFT180_USE_INTERFACE==HARDWARE_SPI)
  520   1          spi_init(TFT180_SPI, SPI_MODE0, TFT180_SPI_SPEED, TFT180_SCL_PIN, TFT180_SDA_PIN, SPI_MISO_NULL, SPI_
             -CS_NULL);
  521   1      #endif
  522   1      
  523   1      //    gpio_init(TFT180_DC_PIN, GPO, GPIO_LOW, GPO_PUSH_PULL);
  524   1      //    gpio_init(TFT180_RES_PIN, GPO, GPIO_LOW, GPO_PUSH_PULL);
  525   1      //    gpio_init(TFT180_CS_PIN, GPO, GPIO_LOW, GPO_PUSH_PULL);
  526   1      //    gpio_init(TFT180_BL_PIN, GPO, GPIO_HIGH, GPO_PUSH_PULL);
  527   1      
C251 COMPILER V5.60.0,  zf_device_tft180                                                   25/02/26  13:16:59  PAGE 10  

  528   1          tft180_set_dir(tft180_display_dir);
  529   1          tft180_set_color(tft180_pencolor, tft180_bgcolor);
  530   1      
  531   1          TFT180_RES(0);
  532   1          system_delay_ms(10);
  533   1      
  534   1          TFT180_RES(1);
  535   1          system_delay_ms(120);
  536   1      
  537   1          tft180_write_index(0x11);
  538   1          system_delay_ms(120);
  539   1      
  540   1          tft180_write_index(0xB1);
  541   1          tft180_write_8bit_data(0x01);
  542   1          tft180_write_8bit_data(0x2C);
  543   1          tft180_write_8bit_data(0x2D);
  544   1      
  545   1          tft180_write_index(0xB2);
  546   1          tft180_write_8bit_data(0x01);
  547   1          tft180_write_8bit_data(0x2C);
  548   1          tft180_write_8bit_data(0x2D);
  549   1      
  550   1          tft180_write_index(0xB3);
  551   1          tft180_write_8bit_data(0x01);
  552   1          tft180_write_8bit_data(0x2C);
  553   1          tft180_write_8bit_data(0x2D);
  554   1          tft180_write_8bit_data(0x01);
  555   1          tft180_write_8bit_data(0x2C);
  556   1          tft180_write_8bit_data(0x2D);
  557   1      
  558   1          tft180_write_index(0xB4);
  559   1          tft180_write_8bit_data(0x07);
  560   1      
  561   1          tft180_write_index(0xC0);
  562   1          tft180_write_8bit_data(0xA2);
  563   1          tft180_write_8bit_data(0x02);
  564   1          tft180_write_8bit_data(0x84);
  565   1          tft180_write_index(0xC1);
  566   1          tft180_write_8bit_data(0xC5);
  567   1      
  568   1          tft180_write_index(0xC2);
  569   1          tft180_write_8bit_data(0x0A);
  570   1          tft180_write_8bit_data(0x00);
  571   1      
  572   1          tft180_write_index(0xC3);
  573   1          tft180_write_8bit_data(0x8A);
  574   1          tft180_write_8bit_data(0x2A);
  575   1          tft180_write_index(0xC4);
  576   1          tft180_write_8bit_data(0x8A);
  577   1          tft180_write_8bit_data(0xEE);
  578   1      
  579   1          tft180_write_index(0xC5);
  580   1          tft180_write_8bit_data(0x0E);
  581   1      
  582   1          tft180_write_index(0x36);
  583   1          switch(tft180_display_dir)                                                         // y x v
  584   1          {
  585   2              case 0: tft180_write_8bit_data(1<<7 | 1<<6 | 0<<5);  break;                          // зЂЦе±Пж®°
             -еЉП
  586   2              case 1: tft180_write_8bit_data(0<<7 | 0<<6 | 0<<5);  break;                          // зЂЦе±Пж®°
             -еЉП  жЧЛиљђ180
  587   2              case 2: tft180_write_8bit_data(1<<7 | 0<<6 | 1<<5);  break;                          // ж®™е±Пж®°
             -еЉП
  588   2              case 3: tft180_write_8bit_data(0<<7 | 1<<6 | 1<<5);  break;                          // ж®™е±Пж®°
             -еЉП  жЧЛиљђ180
  589   2          }
C251 COMPILER V5.60.0,  zf_device_tft180                                                   25/02/26  13:16:59  PAGE 11  

  590   1      
  591   1          tft180_write_index(0xe0);
  592   1          tft180_write_8bit_data(0x0f);
  593   1          tft180_write_8bit_data(0x1a);
  594   1          tft180_write_8bit_data(0x0f);
  595   1          tft180_write_8bit_data(0x18);
  596   1          tft180_write_8bit_data(0x2f);
  597   1          tft180_write_8bit_data(0x28);
  598   1          tft180_write_8bit_data(0x20);
  599   1          tft180_write_8bit_data(0x22);
  600   1          tft180_write_8bit_data(0x1f);
  601   1          tft180_write_8bit_data(0x1b);
  602   1          tft180_write_8bit_data(0x23);
  603   1          tft180_write_8bit_data(0x37);
  604   1          tft180_write_8bit_data(0x00);
  605   1          tft180_write_8bit_data(0x07);
  606   1          tft180_write_8bit_data(0x02);
  607   1          tft180_write_8bit_data(0x10);
  608   1      
  609   1          tft180_write_index(0xe1);
  610   1          tft180_write_8bit_data(0x0f);
  611   1          tft180_write_8bit_data(0x1b);
  612   1          tft180_write_8bit_data(0x0f);
  613   1          tft180_write_8bit_data(0x17);
  614   1          tft180_write_8bit_data(0x33);
  615   1          tft180_write_8bit_data(0x2c);
  616   1          tft180_write_8bit_data(0x29);
  617   1          tft180_write_8bit_data(0x2e);
  618   1          tft180_write_8bit_data(0x30);
  619   1          tft180_write_8bit_data(0x30);
  620   1          tft180_write_8bit_data(0x39);
  621   1          tft180_write_8bit_data(0x3f);
  622   1          tft180_write_8bit_data(0x00);
  623   1          tft180_write_8bit_data(0x07);
  624   1          tft180_write_8bit_data(0x03);
  625   1          tft180_write_8bit_data(0x10);
  626   1      
  627   1          tft180_write_index(0x2a);
  628   1          tft180_write_8bit_data(0x00);
  629   1          tft180_write_8bit_data(0x00+2);
  630   1          tft180_write_8bit_data(0x00);
  631   1          tft180_write_8bit_data(0x80+2);
  632   1      
  633   1          tft180_write_index(0x2b);
  634   1          tft180_write_8bit_data(0x00);
  635   1          tft180_write_8bit_data(0x00+3);
  636   1          tft180_write_8bit_data(0x00);
  637   1          tft180_write_8bit_data(0x80+3);
  638   1      
  639   1          tft180_write_index(0xF0);
  640   1          tft180_write_8bit_data(0x01);
  641   1          tft180_write_index(0xF6);
  642   1          tft180_write_8bit_data(0x00);
  643   1      
  644   1          tft180_write_index(0x3A);
  645   1          tft180_write_8bit_data(0x05);
  646   1          tft180_write_index(0x29);
  647   1      
  648   1          tft180_clear(tft180_bgcolor);
  649   1      }


Module Information          Static   Overlayable
------------------------------------------------
  code size            =      4668     ------
  ecode size           =    ------     ------
  data size            =    ------     ------
C251 COMPILER V5.60.0,  zf_device_tft180                                                   25/02/26  13:16:59  PAGE 12  

  idata size           =    ------     ------
  pdata size           =    ------     ------
  xdata size           =       219     ------
  xdata-const size     =    ------     ------
  edata size           =    ------     ------
  bit size             =    ------     ------
  ebit size            =    ------     ------
  bitaddressable size  =    ------     ------
  ebitaddressable size =    ------     ------
  far data size        =    ------     ------
  huge data size       =    ------     ------
  const size           =    ------     ------
  hconst size          =        84     ------
End of Module Information.


C251 COMPILATION COMPLETE.  0 WARNING(S),  0 ERROR(S)
