C251 COMPILER V5.60.0,  zf_device_ips200                                                   25/02/26  13:16:59  PAGE 1   


C251 COMPILER V5.60.0, COMPILATION OF MODULE zf_device_ips200
OBJECT MODULE PLACED IN .\out_file\zf_device_ips200.obj
COMPILER INVOKED BY: D:\keil\C251\BIN\C251.EXE ..\..\libraries\zf_device\zf_device_ips200.c LARGE NOALIAS WARNINGLEVEL(3
                    -) OPTIMIZE(0,SIZE) BROWSE INCDIR(..\..\libraries\zf_common;..\..\libraries\zf_components;..\..\libraries\zf_device;..\..
                    -\libraries\zf_driver;..\user;..\code) DEBUG PRINT(.\out_file\zf_device_ips200.lst) OBJECT(.\out_file\zf_device_ips200.ob
                    -j) 

stmt  level    source

    1          /********************************************************************************************************
             -*************
    2          * STC32G Opensourec Library ๅณ๏ผSTC32G ๅผๆบๅบ๏ผๆฏไธไธชๅบไบๅฎๆน SDK ๆฅๅฃ็็ฌฌไธๆนๅผๆบๅบ
             -
    3          * Copyright (c) 2022 SEEKFREE ้้ฃ็งๆ
    4          *
    5          * ๆฌๆไปถๆฏSTC ๅผๆบๅบ็ไธ้จๅ
    6          *
    7          * STC32G ๅผๆบๅบ ๆฏๅ่ดน่ฝฏไปถ
    8          * ๆจๅฏไปฅๆ นๆฎ่ช็ฑ่ฝฏไปถๅบ้ไผๅๅธ็ GPL๏ผGNU General Public License๏ผๅณ GNU้็จๅฌๅฑ่ฎธ
             -ๅฏ่ฏ๏ผ็ๆกๆฌพ
    9          * ๅณ GPL ็็ฌฌ3็๏ผๅณ GPL3.0๏ผๆ๏ผๆจ้ๆฉ็๏ผไปปไฝๅๆฅ็็ๆฌ๏ผ้ๆฐๅๅธๅ/ๆไฟฎๆ
             -นๅฎ
   10          *
   11          * ๆฌๅผๆบๅบ็ๅๅธๆฏๅธๆๅฎ่ฝๅๆฅไฝ็จ๏ผไฝๅนถๆชๅฏนๅถไฝไปปไฝ็ไฟ่ฏ
   12          * ็่ณๆฒกๆ้ๅซ็้้ๆงๆ้ๅ็นๅฎ็จ้็ไฟ่ฏ
   13          * ๆดๅค็ป่่ฏทๅ่ง GPL
   14          *
   15          * ๆจๅบ่ฏฅๅจๆถๅฐๆฌๅผๆบๅบ็ๅๆถๆถๅฐไธไปฝ GPL ็ๅฏๆฌ
   16          * ๅฆๆๆฒกๆ๏ผ่ฏทๅ้<https://www.gnu.org/licenses/>
   17          *
   18          * ้ขๅคๆณจๆ๏ผ
   19          * ๆฌๅผๆบๅบไฝฟ็จ GPL3.0 ๅผๆบ่ฎธๅฏ่ฏๅ่ฎฎ ไปฅไธ่ฎธๅฏ็ณๆไธบ่ฏๆ็ๆฌ
   20          * ่ฎธๅฏ็ณๆ่ฑๆ็ๅจ libraries/doc ๆไปถๅคนไธ็ GPL3_permission_statement.txt ๆไปถไธญ
   21          * ่ฎธๅฏ่ฏๅฏๆฌๅจ libraries ๆไปถๅคนไธ ๅณ่ฏฅๆไปถๅคนไธ็ LICENSE ๆไปถ
   22          * ๆฌข่ฟๅไฝไฝฟ็จๅนถไผ ๆญๆฌ็จๅบ ไฝไฟฎๆนๅๅฎนๆถๅฟ้กปไฟ็้้ฃ็งๆ็็ๆๅฃฐๆ๏ผๅณๆฌ
             -ๅฃฐๆ๏ผ
   23          *
   24          * ๆไปถๅ็งฐ          
   25          * ๅฌๅธๅ็งฐ          ๆ้ฝ้้ฃ็งๆๆ้ๅฌๅธ
   26          * ็ๆฌไฟกๆฏ          ๆฅ็ libraries/doc ๆไปถๅคนๅ version ๆไปถ ็ๆฌ่ฏดๆ
   27          * ๅผๅ็ฏๅข          MDK FOR C251
   28          * ้็จๅนณๅฐ          STC32G
   29          * ๅบ้บ้พๆฅ          https://seekfree.taobao.com/
   30          *
   31          * ไฟฎๆน่ฎฐๅฝ
   32          * ๆฅๆ              ไฝ่           ๅคๆณจ
   33          * 2024-08-01        ๅคงW            first version
   34          *********************************************************************************************************
             -***********/
   35          /********************************************************************************************************
             -*************
   36          * ๆฅ็บฟๅฎไน๏ผ
   37          *                   ------------------------------------
   38          *                   ๆจกๅ็ฎก่             ๅ็ๆบ็ฎก่
   39          *                   SCL                  ๆฅ็ zf_device_ips200.h ไธญ IPS200_SCL_PIN ๅฎๅฎไน
   40          *                   SDA                  ๆฅ็ zf_device_ips200.h ไธญ IPS200_SDA_PIN ๅฎๅฎไน
   41          *                   RST                  ๆฅ็ zf_device_ips200.h ไธญ IPS200_RST_PIN ๅฎๅฎไน
   42          *                   DC                   ๆฅ็ zf_device_ips200.h ไธญ IPS200_DC_PIN  ๅฎๅฎไน
   43          *                   CS                   ๆฅ็ zf_device_ips200.h ไธญ IPS200_CS_PIN  ๅฎๅฎไน
   44          *                   BLK                  ๆฅ็ zf_device_ips200.h ไธญ IPS200_BLK_PIN ๅฎๅฎไน
   45          *                   VCC                 3.3V็ตๆบ
   46          *                   GND                 ็ตๆบๅฐ
   47          *                   ๆๅคงๅ่พจ็ 135 * 240
   48          *                   ------------------------------------
   49          *********************************************************************************************************
C251 COMPILER V5.60.0,  zf_device_ips200                                                   25/02/26  13:16:59  PAGE 2   

             -***********/
   50          
   51          #include "zf_common_clock.h"
   52          #include "zf_common_debug.h"
   53          #include "zf_common_font.h"
   54          #include "zf_common_function.h"
   55          #include "zf_driver_delay.h"
   56          #include "zf_driver_spi.h"
   57          
   58          #include "zf_device_ips200.h"
   59          
   60          #define IPS_LEN   240
   61          #define IPS_WIGHT 320
   62          
   63          uint16 ips200_pencolor = IPS200_DEFAULT_PENCOLOR;
   64          uint16 ips200_bgcolor = IPS200_DEFAULT_BGCOLOR;
   65          
   66          ips200_dir_enum ips200_display_dir = IPS200_DEFAULT_DISPLAY_DIR;
   67          uint16 ips200_x_max = IPS_LEN;
   68          uint16 ips200_y_max = IPS_WIGHT;
   69          
   70          #if (IPS200_USE_INTERFACE==SOFT_SPI) 
                       static soft_spi_info_struct            ips200_spi;
                       #define ips200_write_8bit_data(dat)    soft_spi_write_8bit(&ips200_spi, dat)
                       #define ips200_write_16bit_data(dat)   soft_spi_write_16bit(&ips200_spi, dat)
               #elif (IPS200_USE_INTERFACE==HARDWARE_SPI)
   75                  #define ips200_write_8bit_data(dat)    spi_write_8bit(IPS200_SPI, dat)
   76                  #define ips200_write_16bit_data(dat)   spi_write_16bit(IPS200_SPI, dat)
   77          #endif
   78          
   79          //-------------------------------------------------------------------------------------------------------
             -------------
   80          // ๅฝๆฐ็ฎไป       ๅๅฝไปค ๅ้จ่ฐ็จ
   81          // @note        ๅ้จ่ฐ็จ ็จๆทๆ ้ๅณๅฟ
   82          //-------------------------------------------------------------------------------------------------------
             -------------
   83          static void ips200_write_index (uint8 dat)
   84          {
   85   1          IPS200_CS(1);
   86   1          IPS200_CS(0);
   87   1          IPS200_DC(0);
   88   1          ips200_write_8bit_data(dat);
   89   1          IPS200_DC(1);
   90   1          IPS200_CS(1);
   91   1          IPS200_CS(0);
   92   1      }
   93          
   94          //-------------------------------------------------------------------------------------------------------
             -------------
   95          // ๅฝๆฐ็ฎไป       ่ฎพ็ฝฎๆพ็คบๅบๅ ๅ้จ่ฐ็จ
   96          // ๅๆฐ่ฏดๆ       x1              ่ตทๅงx่ฝดๅๆ 
   97          // ๅๆฐ่ฏดๆ       y1              ่ตทๅงy่ฝดๅๆ 
   98          // ๅๆฐ่ฏดๆ       x2              ็ปๆx่ฝดๅๆ 
   99          // ๅๆฐ่ฏดๆ       y2              ็ปๆy่ฝดๅๆ 
  100          // ่ฟๅๅๆฐ      void
  101          // @note        ๅ้จ่ฐ็จ ็จๆทๆ ้ๅณๅฟ
  102          //-------------------------------------------------------------------------------------------------------
             -------------
  103          static void ips200_set_region (uint16 x1, uint16 y1, uint16 x2, uint16 y2)
  104          {
  105   1          zf_assert(x1 < ips200_x_max);
  106   1          zf_assert(y1 < ips200_y_max);
  107   1          zf_assert(x2 < ips200_x_max);
  108   1          zf_assert(y2 < ips200_y_max);
  109   1      
  110   1      
C251 COMPILER V5.60.0,  zf_device_ips200                                                   25/02/26  13:16:59  PAGE 3   

  111   1              ips200_write_index(0x2a);                                               // ๅๅฐๅ่ฎพ็ฝฎ
  112   1              ips200_write_16bit_data(x1);
  113   1              ips200_write_16bit_data(x2);
  114   1              ips200_write_index(0x2b);                                               // ่กๅฐๅ่ฎพ็ฝฎ
  115   1              ips200_write_16bit_data(y1);
  116   1              ips200_write_16bit_data(y2);
  117   1              ips200_write_index(0x2c);                                               // ๅจๅญๅจๅ
  118   1      
  119   1      }
  120          
  121          //-------------------------------------------------------------------------------------------------------
             -------------
  122          // ๅฝๆฐ็ฎไป       ๆถฒๆถๆธๅฑๅฝๆฐ
  123          // ๅๆฐ่ฏดๆ       color           ้ข่ฒๆ ผๅผ RGB565 ๆ่ๅฏไปฅไฝฟ็จ zf_common_font.h ๅๅธธ็จ้ข
             -่ฒๅฎๅฎไน
  124          // ่ฟๅๅๆฐ      void
  125          // ไฝฟ็จ็คบไพ                ips200_clear(YELLOW);
  126          //-------------------------------------------------------------------------------------------------------
             -------------
  127          void ips200_clear (uint16 color)
  128          {
  129   1          uint16 i, j;
  130   1          ips200_set_region(0, 0, ips200_x_max - 1, ips200_y_max - 1);
  131   1              
  132   1              for(i = 0; i < ips200_x_max; i ++)
  133   1          {
  134   2              for (j = 0; j < ips200_y_max; j ++)
  135   2              {
  136   3                  ips200_write_16bit_data(color);              
  137   3              }
  138   2          }
  139   1      
  140   1      }
  141          
  142          //-------------------------------------------------------------------------------------------------------
             -------------
  143          // ๅฝๆฐ็ฎไป       ่ฎพ็ฝฎๆพ็คบๆนๅ ่ฟไธชๅฝๆฐๅชๆๅจๅๅงๅๅฑๅนไนๅ่ฐ็จๆ็ๆ
  144          // ๅๆฐ่ฏดๆ       dir             ๆพ็คบๆนๅ  ๅ็ง zf_device_ips200.h ๅ ips200_dir_enum ๆไธพไ
             -ฝๅฎไน
  145          // ่ฟๅๅๆฐ      void
  146          // ไฝฟ็จ็คบไพ                ips200_set_dir(IPS200_CROSSWISE);
  147          //-------------------------------------------------------------------------------------------------------
             -------------
  148          void ips200_set_dir (ips200_dir_enum dir)
  149          {
  150   1          ips200_display_dir = dir;
  151   1      //    if(dir < 2)
  152   1      //    {
  153   1      //        ips200_x_max = IPS_WIGHT;
  154   1      //        ips200_y_max = IPS_LEN;
  155   1      //    }
  156   1      //    else
  157   1      //    {
  158   1      //        ips200_x_max = IPS_LEN;
  159   1      //        ips200_y_max = IPS_WIGHT;
  160   1      //    }
  161   1      }
  162          
  163          //-------------------------------------------------------------------------------------------------------
             -------------
  164          // ๅฝๆฐ็ฎไป       ่ฎพ็ฝฎๆพ็คบ้ข่ฒ
  165          // ๅๆฐ่ฏดๆ       pen             ้ข่ฒๆ ผๅผ RGB565 ๆ่ๅฏไปฅไฝฟ็จ zf_common_font.h ๅๅธธ็จ้ข
             -่ฒๅฎๅฎไน
  166          // ๅๆฐ่ฏดๆ       bgcolor         ้ข่ฒๆ ผๅผ RGB565 ๆ่ๅฏไปฅไฝฟ็จ zf_common_font.h ๅๅธธ็จ้ข
             -่ฒๅฎๅฎไน
  167          // ่ฟๅๅๆฐ      void
C251 COMPILER V5.60.0,  zf_device_ips200                                                   25/02/26  13:16:59  PAGE 4   

  168          // ไฝฟ็จ็คบไพ                ips200_set_color(WHITE,BLACK);
  169          //-------------------------------------------------------------------------------------------------------
             -------------
  170          void ips200_set_color (uint16 pen, uint16 bgcolor)
  171          {
  172   1          ips200_pencolor = pen;
  173   1          ips200_bgcolor = bgcolor;
  174   1      }
  175          
  176          //-------------------------------------------------------------------------------------------------------
             -------------
  177          // ๅฝๆฐ็ฎไป       ๆถฒๆถ็ป็น
  178          // ๅๆฐ่ฏดๆ       x               ๅๆ xๆนๅ็่ตท็น ๅๆฐ่ๅด [0, ips200_x_max-1]
  179          // ๅๆฐ่ฏดๆ       y               ๅๆ yๆนๅ็่ตท็น ๅๆฐ่ๅด [0, ips200_y_max-1]
  180          // ๅๆฐ่ฏดๆ       dat             ้่ฆๆพ็คบ็้ข่ฒ
  181          // ่ฟๅๅๆฐ      void
  182          // ไฝฟ็จ็คบไพ                ips200_draw_point(0,0,RED);                     // ๅๆ  0,0 ็ปไธไธช็บข
             -่ฒ็็น
  183          //-------------------------------------------------------------------------------------------------------
             -------------
  184          void ips200_draw_point (uint16 x,uint16 y,uint16 color)
  185          {
  186   1          zf_assert(x < ips200_x_max);
  187   1          zf_assert(y < ips200_y_max);
  188   1      
  189   1          ips200_set_region(x,y,x,y);
  190   1          ips200_write_16bit_data(color);
  191   1      }
  192          
  193          //-------------------------------------------------------------------------------------------------------
             -------------
  194          // ๅฝๆฐ็ฎไป       ๆถฒๆถๆพ็คบๅญ็ฌฆ
  195          // ๅๆฐ่ฏดๆ       x               ๅๆ xๆนๅ็่ตท็น ๅๆฐ่ๅด [0, ips200_x_max-1]
  196          // ๅๆฐ่ฏดๆ       y               ๅๆ yๆนๅ็่ตท็น ๅๆฐ่ๅด [0, ips200_y_max-1]
  197          // ๅๆฐ่ฏดๆ       dat             ้่ฆๆพ็คบ็ๅญ็ฌฆ
  198          // ่ฟๅๅๆฐ      void
  199          // ไฝฟ็จ็คบไพ                ips200_show_char(0,0,'x');                      // ๅๆ  0,0 ๅไธไธชๅญ
             -็ฌฆ x
  200          //-------------------------------------------------------------------------------------------------------
             -------------
  201          void ips200_show_char (uint16 x,uint16 y,const char dat)
  202          {
  203   1              uint8 i,j;
  204   1          uint8 temp;
  205   1              
  206   1          zf_assert(x < ips200_x_max);
  207   1          zf_assert(y < ips200_y_max);
  208   1      
  209   1          for(i=0; i<16; i++)
  210   1          {
  211   2              ips200_set_region(x,y+i,x+7,y+i);
  212   2              temp = ascii_font_8x16[dat-32][i];                                            //ๅ 32 ๅ ไธบๆฏๅ
             -ๆจกๆฏไป็ฉบๆ ผๅผๅงๅๅพ ็ฉบๆ ผๅจ ascii ไธญๅบๅทๆฏ 32
  213   2              for(j=0; j<8; j++)
  214   2              {
  215   3                  if(temp&0x01)   
  216   3                      ips200_write_16bit_data(ips200_pencolor);
  217   3                  else
  218   3                      ips200_write_16bit_data(ips200_bgcolor);
  219   3                  temp>>=1;
  220   3              }
  221   2          }
  222   1      }
  223          
  224          //-------------------------------------------------------------------------------------------------------
             -------------
C251 COMPILER V5.60.0,  zf_device_ips200                                                   25/02/26  13:16:59  PAGE 5   

  225          // ๅฝๆฐ็ฎไป       ๆถฒๆถๆพ็คบๅญ็ฌฆไธฒ
  226          // ๅๆฐ่ฏดๆ       x               ๅๆ xๆนๅ็่ตท็น ๅๆฐ่ๅด [0, ips200_x_max-1]
  227          // ๅๆฐ่ฏดๆ       y               ๅๆ yๆนๅ็่ตท็น ๅๆฐ่ๅด [0, ips200_y_max-1]
  228          // ๅๆฐ่ฏดๆ       dat             ้่ฆๆพ็คบ็ๅญ็ฌฆไธฒ
  229          // ่ฟๅๅๆฐ      void
  230          // ไฝฟ็จ็คบไพ                ips200_show_string(0,0,"seekfree");
  231          //-------------------------------------------------------------------------------------------------------
             -------------
  232          void ips200_show_string (uint16 x,uint16 y,const char dat[])
  233          {
  234   1              uint16 j = 0;
  235   1              
  236   1          zf_assert(x < ips200_x_max);
  237   1          zf_assert(y < ips200_y_max);
  238   1      
  239   1          while(dat[j] != '\0')
  240   1          {
  241   2              ips200_show_char(x+8*j,y,dat[j]);
  242   2              j++;
  243   2          }
  244   1      }
  245          
  246          //-------------------------------------------------------------------------------------------------------
             -------------
  247          //  @brief      ๆถฒๆถๆพ็คบ8ไฝๆ็ฌฆๅท
  248          // ๅๆฐ่ฏดๆ       x               ๅๆ xๆนๅ็่ตท็น ๅๆฐ่ๅด [0, ips200_x_max-1]
  249          // ๅๆฐ่ฏดๆ       y               ๅๆ yๆนๅ็่ตท็น ๅๆฐ่ๅด [0, ips200_y_max-1]
  250          //  @param      dat             ้่ฆๆพ็คบ็ๅ้๏ผๆฐๆฎ็ฑปๅint8
  251          //  @return     void
  252          //  Sample usage:               ips200_show_int8(0,0,x);                        // xไธบ int8 ็ฑปๅ
  253          //-------------------------------------------------------------------------------------------------------
             -------------
  254          void ips200_show_int8(uint16 x,uint16 y,int8 dat)
  255          {
  256   1              uint8 a[3];
  257   1          uint8 i;
  258   1              
  259   1          zf_assert(x < ips200_x_max);
  260   1          zf_assert(y < ips200_y_max);
  261   1      
  262   1          if(dat<0)
  263   1          {
  264   2              ips200_show_char(x,y,'-');
  265   2              dat = -dat;
  266   2          }
  267   1          else
  268   1              ips200_show_char(x,y,' ');
  269   1          
  270   1          a[0] = dat/100;
  271   1          a[1] = dat/10%10;
  272   1          a[2] = dat%10;
  273   1          i = 0;
  274   1          while(i<3)
  275   1          {
  276   2              ips200_show_char(x+(8*(i+1)),y,(uint8)('0' + a[i]));
  277   2              i++;
  278   2          }
  279   1      }
  280          
  281          //-------------------------------------------------------------------------------------------------------
             -------------
  282          // ๅฝๆฐ็ฎไป       ๆถฒๆถๆพ็คบ8ไฝๆ ็ฌฆๅท
  283          // ๅๆฐ่ฏดๆ       x               ๅๆ xๆนๅ็่ตท็น ๅๆฐ่ๅด [0, ips200_x_max-1]
  284          // ๅๆฐ่ฏดๆ       y               ๅๆ yๆนๅ็่ตท็น ๅๆฐ่ๅด [0, ips200_y_max-1]
  285          // ๅๆฐ่ฏดๆ       dat             ้่ฆๆพ็คบ็ๅ้ ๆฐๆฎ็ฑปๅuint8
  286          // ่ฟๅๅๆฐ      void
C251 COMPILER V5.60.0,  zf_device_ips200                                                   25/02/26  13:16:59  PAGE 6   

  287          // ไฝฟ็จ็คบไพ                ips200_show_uint8(0,0,x);                       // x ไธบ uint8 ็ฑปๅ
  288          //-------------------------------------------------------------------------------------------------------
             -------------
  289          void ips200_show_uint8(uint16 x,uint16 y,uint8 dat)
  290          {
  291   1              
  292   1          uint8 a[3];
  293   1          uint8 i;
  294   1              
  295   1          zf_assert(x < ips200_x_max);
  296   1          zf_assert(y < ips200_y_max);
  297   1      
  298   1          a[0] = dat/100;
  299   1          a[1] = dat/10%10;
  300   1          a[2] = dat%10;
  301   1          i = 0;
  302   1          while(i<3)
  303   1          {
  304   2              ips200_show_char(x+(8*i),y,(uint8)('0' + a[i]));
  305   2              i++;
  306   2          }
  307   1          
  308   1      }
  309          
  310          //-------------------------------------------------------------------------------------------------------
             -------------
  311          // ๅฝๆฐ็ฎไป       ๆถฒๆถๆพ็คบ16ไฝๆ็ฌฆๅท
  312          // ๅๆฐ่ฏดๆ       x               ๅๆ xๆนๅ็่ตท็น ๅๆฐ่ๅด [0, ips200_x_max-1]
  313          // ๅๆฐ่ฏดๆ       y               ๅๆ yๆนๅ็่ตท็น ๅๆฐ่ๅด [0, ips200_y_max-1]
  314          // ๅๆฐ่ฏดๆ       dat             ้่ฆๆพ็คบ็ๅ้ ๆฐๆฎ็ฑปๅint16
  315          // ่ฟๅๅๆฐ      void
  316          // ไฝฟ็จ็คบไพ                ips200_show_int16(0,0,x);                       // x ไธบ int16 ็ฑปๅ
  317          //-------------------------------------------------------------------------------------------------------
             -------------
  318          void ips200_show_int16(uint16 x,uint16 y,int16 dat)
  319          {
  320   1              uint8 a[5];
  321   1          uint8 i;
  322   1      
  323   1          zf_assert(x < ips200_x_max);
  324   1          zf_assert(y < ips200_y_max);
  325   1      
  326   1          if(dat<0)
  327   1          {
  328   2              ips200_show_char(x,y,'-');
  329   2              dat = -dat;
  330   2          }
  331   1          else    ips200_show_char(x,y,' ');
  332   1      
  333   1          a[0] = dat/10000;
  334   1          a[1] = dat/1000%10;
  335   1          a[2] = dat/100%10;
  336   1          a[3] = dat/10%10;
  337   1          a[4] = dat%10;
  338   1          
  339   1          i = 0;
  340   1          while(i<5)
  341   1          {
  342   2              ips200_show_char(x+(8*(i+1)),y,(uint8)('0' + a[i]));
  343   2              i++;
  344   2          }
  345   1      }
  346          
  347          //-------------------------------------------------------------------------------------------------------
             -------------
  348          // ๅฝๆฐ็ฎไป       ๆถฒๆถๆพ็คบ16ไฝๆ ็ฌฆๅท
C251 COMPILER V5.60.0,  zf_device_ips200                                                   25/02/26  13:16:59  PAGE 7   

  349          // ๅๆฐ่ฏดๆ       x               ๅๆ xๆนๅ็่ตท็น ๅๆฐ่ๅด [0, ips200_x_max-1]
  350          // ๅๆฐ่ฏดๆ       y               ๅๆ yๆนๅ็่ตท็น ๅๆฐ่ๅด [0, ips200_y_max-1]
  351          // ๅๆฐ่ฏดๆ       dat             ้่ฆๆพ็คบ็ๅ้๏ผๆฐๆฎ็ฑปๅuint16
  352          // ่ฟๅๅๆฐ      void
  353          // ไฝฟ็จ็คบไพ                ips200_show_uint16(0,0,x);                      // x ไธบ uint16 ็ฑปๅ
  354          //-------------------------------------------------------------------------------------------------------
             -------------
  355          void ips200_show_uint16(uint16 x,uint16 y,uint16 dat)
  356          {
  357   1          uint8 a[5];
  358   1          uint8 i;
  359   1              
  360   1          zf_assert(x < ips200_x_max);
  361   1          zf_assert(y < ips200_y_max);
  362   1              
  363   1          a[0] = dat/10000;
  364   1          a[1] = dat/1000%10;
  365   1          a[2] = dat/100%10;
  366   1          a[3] = dat/10%10;
  367   1          a[4] = dat%10;
  368   1          
  369   1          i = 0;
  370   1          while(i<5)
  371   1          {
  372   2              ips200_show_char(x+(8*i),y,(uint8)('0' + a[i]));
  373   2              i++;
  374   2          }
  375   1      }
  376          
  377          //-------------------------------------------------------------------------------------------------------
             -------------
  378          // ๅฝๆฐ็ฎไป       ๆถฒๆถๆพ็คบ32ไฝๆ็ฌฆๅท(ๅป้คๆดๆฐ้จๅๆ ๆ็0)
  379          // ๅๆฐ่ฏดๆ       x               ๅๆ xๆนๅ็่ตท็น ๅๆฐ่ๅด [0, ips200_x_max-1]
  380          // ๅๆฐ่ฏดๆ       y               ๅๆ yๆนๅ็่ตท็น ๅๆฐ่ๅด [0, ips200_y_max-1]
  381          // ๅๆฐ่ฏดๆ       dat             ้่ฆๆพ็คบ็ๅ้๏ผๆฐๆฎ็ฑปๅuint32
  382          // ๅๆฐ่ฏดๆ       num             ้่ฆๆพ็คบ็ไฝๆฐ ๆ้ซ10ไฝ  ไธๅๅซๆญฃ่ดๅท
  383          // ่ฟๅๅๆฐ      void
  384          // ไฝฟ็จ็คบไพ                ips200_showuint32(0,0,x,3);                     // x ๅฏไปฅไธบ int32 uint1
             -6 int16 uint8 int8 ็ฑปๅ
  385          // note:                        ่ดๆฐไผๆพ็คบไธไธช โ-โๅท   ๆญฃๆฐๆพ็คบไธไธช็ฉบๆ ผ
  386          //-------------------------------------------------------------------------------------------------------
             -------------
  387          void ips200_show_int32(uint16 x,uint16 y,int32 dat,uint8 num)
  388          {
  389   1          int8    buff[34];
  390   1          uint8   length;
  391   1              
  392   1          zf_assert(x < ips200_x_max);
  393   1          zf_assert(y < ips200_y_max);
  394   1              
  395   1          if(10<num)      num = 10;
  396   1          
  397   1          num++;
  398   1          if(0>dat)   length = zf_sprintf( &buff[0],(const int8 *)"%d",dat);        // ่ดๆฐ
  399   1          else
  400   1          {
  401   2              buff[0] = ' ';
  402   2              length = zf_sprintf( &buff[1],(const int8 *)"%d",dat);
  403   2              length++;
  404   2          }
  405   1          while(length < num)
  406   1          {
  407   2              buff[length] = ' ';
  408   2              length++;
  409   2          }
  410   1          buff[num] = '\0';
C251 COMPILER V5.60.0,  zf_device_ips200                                                   25/02/26  13:16:59  PAGE 8   

  411   1      
  412   1          ips200_show_string(x, y, (const char *)buff);                               // ๆพ็คบๆฐๅญ
  413   1      }
  414          
  415          //-------------------------------------------------------------------------------------------------------
             -------------
  416          // ๅฝๆฐ็ฎไป       ๆถฒๆถๆพ็คบๆตฎ็นๆฐ(ๅป้คๆดๆฐ้จๅๆ ๆ็0)
  417          // ๅๆฐ่ฏดๆ       x               ๅๆ xๆนๅ็่ตท็น ๅๆฐ่ๅด [0, ips200_x_max-1]
  418          // ๅๆฐ่ฏดๆ       y               ๅๆ yๆนๅ็่ตท็น ๅๆฐ่ๅด [0, ips200_y_max-1]
  419          // ๅๆฐ่ฏดๆ       dat             ้่ฆๆพ็คบ็ๅ้๏ผๆฐๆฎ็ฑปๅfloatๆdouble
  420          // ๅๆฐ่ฏดๆ       num             ๆดๆฐไฝๆพ็คบ้ฟๅบฆ   ๆ้ซ10ไฝ
  421          // ๅๆฐ่ฏดๆ       pointnum        ๅฐๆฐไฝๆพ็คบ้ฟๅบฆ   ๆ้ซ6ไฝ
  422          // ่ฟๅๅๆฐ      void
  423          // ไฝฟ็จ็คบไพ                ips200_showfloat(0,0,x,2,3);                    // ๆพ็คบๆตฎ็นๆฐ   ๆดๆ
             -ฐๆพ็คบ2ไฝ   ๅฐๆฐๆพ็คบไธไฝ
  424          // @note                        ็นๅซๆณจๆๅฝๅ็ฐๅฐๆฐ้จๅๆพ็คบ็ๅผไธไฝ ๅๅฅ็ๅผไธไธๆ ท็
             -ๆถๅ๏ผ
  425          //                              ๅฏ่ฝๆฏ็ฑไบๆตฎ็นๆฐ็ฒพๅบฆไธขๅคฑ้ฎ้ขๅฏผ่ด็๏ผ่ฟๅนถไธๆฏๆพ็คบๅ
             -ฝๆฐ็้ฎ้ข๏ผ
  426          //                              ๆๅณ้ฎ้ข็่ฏฆๆ๏ผ่ฏท่ช่ก็พๅบฆๅญฆไน    ๆตฎ็นๆฐ็ฒพๅบฆไธขๅคฑ้ฎ้
             -ขใ
  427          //                              ่ดๆฐไผๆพ็คบไธไธช โ-โๅท   ๆญฃๆฐๆพ็คบไธไธช็ฉบๆ ผ
  428          //-------------------------------------------------------------------------------------------------------
             -------------
  429          void ips200_show_float(uint16 x,uint16 y,double dat,uint8 num,uint8 pointnum)
  430          {
  431   1          uint8   length;
  432   1          int8    buff[34];
  433   1          int8    start,end,point;
  434   1              
  435   1          zf_assert(x < ips200_x_max);
  436   1          zf_assert(y < ips200_y_max);
  437   1      
  438   1          if(6<pointnum)  pointnum = 6;
  439   1          if(10<num)      num = 10;
  440   1              
  441   1          if(0>dat)   length = zf_sprintf( &buff[0],(const int8 *)"%f",dat);        // ่ดๆฐ
  442   1          else
  443   1          {
  444   2              length = zf_sprintf( &buff[1],(const int8 *)"%f",dat);
  445   2              length++;
  446   2          }
  447   1          point = length - 7;                                                         // ่ฎก็ฎๅฐๆฐ็นไฝ็ฝฎ
  448   1          start = point - num - 1;                                                    // ่ฎก็ฎ่ตทๅงไฝ
  449   1          end = point + pointnum + 1;                                                 // ่ฎก็ฎ็ปๆไฝ
  450   1          while(0>start)                                                              // ๆดๆฐไฝไธๅค  ๆซๅฐ
             -พๅบ่ฏฅๅกซๅ็ฉบๆ ผ
  451   1          {
  452   2              buff[end] = ' ';
  453   2              end++;
  454   2              start++;
  455   2          }
  456   1          
  457   1          if(0>dat)   buff[start] = '-';
  458   1          else        buff[start] = ' ';
  459   1          
  460   1          buff[end] = '\0';
  461   1      
  462   1          ips200_show_string(x, y, (const char *)buff);                               // ๆพ็คบๆฐๅญ
  463   1      }
  464          
  465          
  466          //-------------------------------------------------------------------------------------------------------
             -------------
  467          // ๅฝๆฐ็ฎไป       IPS200 ๆพ็คบๆณขๅฝข
  468          // ๅๆฐ่ฏดๆ       x               ๅๆ xๆนๅ็่ตท็น ๅๆฐ่ๅด [0, ips200_x_max-1]
C251 COMPILER V5.60.0,  zf_device_ips200                                                   25/02/26  13:16:59  PAGE 9   

  469          // ๅๆฐ่ฏดๆ       y               ๅๆ yๆนๅ็่ตท็น ๅๆฐ่ๅด [0, ips200_y_max-1]
  470          // ๅๆฐ่ฏดๆ       *p              ๆณขๅฝขๆฐ็ปๆ้
  471          // ๅๆฐ่ฏดๆ       width           ๆณขๅฝขๅฎ้ๅฎฝๅบฆ
  472          // ๅๆฐ่ฏดๆ       value_max       ๆณขๅฝขๅฎ้ๆๅคงๅผ
  473          // ๅๆฐ่ฏดๆ       dis_width       ๆณขๅฝขๆพ็คบๅฎฝๅบฆ ๅๆฐ่ๅด [0, ips200_x_max]
  474          // ๅๆฐ่ฏดๆ       dis_value_max   ๆณขๅฝขๆพ็คบๆๅคงๅผ ๅๆฐ่ๅด [0, ips200_y_max]
  475          // ่ฟๅๅๆฐ      void
  476          // ไฝฟ็จ็คบไพ                ips200_show_gray_image(0,0,camera_buffer_addr,MT9V03X_W,MT9V03X_H,240,135,
             -128);
  477          //-------------------------------------------------------------------------------------------------------
             -------------
  478          void ips200_show_wave(uint16 x, uint16 y, uint8 *p, uint16 width, uint16 value_max, uint16 dis_width, uin
             -t16 dis_value_max)
  479          {
  480   1          uint32 i = 0, j = 0;
  481   1          uint32 width_index, value_max_index;
  482   1              
  483   1          zf_assert(x < ips200_x_max);
  484   1          zf_assert(y < ips200_y_max);
  485   1              
  486   1          ips200_set_region(x, y, x+dis_width-1, y+dis_value_max-1);                  // ่ฎพ็ฝฎๆพ็คบๅบๅ
  487   1          for(i=0;i<dis_value_max;i++)
  488   1          {
  489   2              for(j=0;j<dis_width;j++)
  490   2              {
  491   3                  ips200_write_16bit_data(ips200_bgcolor); 
  492   3              }
  493   2          }
  494   1      
  495   1          for(i=0;i<dis_width;i++)
  496   1          {
  497   2              width_index = i*width/dis_width;
  498   2              value_max_index = *(p+width_index)*(dis_value_max-1)/value_max;
  499   2              ips200_draw_point(i+x, (dis_value_max-1)-value_max_index+y, ips200_pencolor);
  500   2          }
  501   1      }
  502          
  503          //-------------------------------------------------------------------------------------------------------
             -------------
  504          // ๅฝๆฐ็ฎไป       ๆฑๅญๆพ็คบ
  505          // ๅๆฐ่ฏดๆ       x               ๅๆ xๆนๅ็่ตท็น ๅๆฐ่ๅด [0, ips200_x_max-1]
  506          // ๅๆฐ่ฏดๆ       y               ๅๆ yๆนๅ็่ตท็น ๅๆฐ่ๅด [0, ips200_y_max-1]
  507          // ๅๆฐ่ฏดๆ       siz            ๅๆจก็ๆถๅ่ฎพ็ฝฎ็ๆฑๅญๅญไฝๅคงๅฐ ไนๅฐฑๆฏไธไธชๆฑๅญๅ ็
             -จ็็น้ต้ฟๅฎฝไธบๅคๅฐไธช็น ๅๆจก็ๆถๅ้่ฆ้ฟๅฎฝๆฏไธๆ ท็
  508          // ๅๆฐ่ฏดๆ       *p              ้่ฆๆพ็คบ็ๆฑๅญๆฐ็ป
  509          // ๅๆฐ่ฏดๆ       number          ้่ฆๆพ็คบๅคๅฐไฝ
  510          // ๅๆฐ่ฏดๆ       color           ๆพ็คบ้ข่ฒ
  511          // ่ฟๅๅๆฐ      void
  512          // ไฝฟ็จ็คบไพ                ips200_show_chinese(0,0,16,chinese_test[0],4,RED);//ๆพ็คบfontๆไปถ้้ข
             -็ ็คบไพ
  513          // ๅคๆณจไฟกๆฏ                        ไฝฟ็จPCtoLCD2002่ฝฏไปถๅๆจก           ้ด็ ใ้่กๅผใ้กบๅ
             -   16*16
  514          //-------------------------------------------------------------------------------------------------------
             -------------
  515          void ips200_show_chinese (uint16 x, uint16 y, uint8 siz, const uint8 *p, uint8 number, uint16 color)
  516          {
  517   1              int i, j, k; 
  518   1          uint8 temp, temp1, temp2;
  519   1          const uint8 *p_data;
  520   1              
  521   1          zf_assert(x < ips200_x_max);
  522   1          zf_assert(y < ips200_y_max);
  523   1      
  524   1          temp2 = siz/8;
  525   1          
  526   1          ips200_set_region(x,y,number*siz-1+x,y+siz-1);
C251 COMPILER V5.60.0,  zf_device_ips200                                                   25/02/26  13:16:59  PAGE 10  

  527   1          
  528   1          for(i=0;i<siz;i++)
  529   1          {
  530   2              temp1 = number;
  531   2              p_data = p+i*temp2;
  532   2              while(temp1--)
  533   2              {
  534   3                  for(k=0;k<temp2;k++)
  535   3                  {
  536   4                      for(j=8;j>0;j--)
  537   4                      {
  538   5                          temp = (*p_data>>(j-1)) & 0x01;
  539   5                          if(temp)    ips200_write_16bit_data(color);
  540   5                          else        ips200_write_16bit_data(ips200_bgcolor);
  541   5                      }
  542   4                      p_data++;
  543   4                  }
  544   3                  p_data = p_data - temp2 + temp2*siz;
  545   3              }   
  546   2          }
  547   1      }
  548          
  549          //-------------------------------------------------------------------------------------------------------
             -------------
  550          // ๅฝๆฐ็ฎไป       1.14ๅฏธ IPSๆถฒๆถๅๅงๅ
  551          // ่ฟๅๅๆฐ      void
  552          // ไฝฟ็จ็คบไพ                ips200_init();
  553          //-------------------------------------------------------------------------------------------------------
             -------------
  554          void ips200_init (void)
  555          {
  556   1      #if (IPS200_USE_INTERFACE==SOFT_SPI)
                   soft_spi_init(&ips200_spi, SPI_MODE0, IPS200_SOFT_SPI_DELAY, IPS200_SCL_PIN, IPS200_SDA_PIN, SOFT_SPI
             -_PIN_NULL, SOFT_SPI_PIN_NULL);
               #elif (IPS200_USE_INTERFACE==HARDWARE_SPI)
  559   1          zf_assert(IPS200_SPI != (IPS200_SCL_PIN&0xF000>>12));
  560   1          zf_assert(IPS200_SPI != (IPS200_SDA_PIN&0xF000>>12));
  561   1          spi_init(IPS200_SPI, SPI_MODE0, IPS200_SPI_SPEED, IPS200_SCL_PIN, IPS200_SDA_PIN, SPI_MISO_NULL, SPI_
             -CS_NULL);
  562   1      #endif
  563   1      
  564   1      //    gpio_init(IPS200_DC_PIN, GPO, GPIO_LOW, GPO_PUSH_PULL);
  565   1      //    gpio_init(IPS200_RST_PIN, GPO, GPIO_LOW, GPO_PUSH_PULL);
  566   1      //    gpio_init(IPS200_CS_PIN, GPO, GPIO_LOW, GPO_PUSH_PULL);
  567   1      //    gpio_init(IPS200_BLK_PIN, GPO, GPIO_HIGH, GPO_PUSH_PULL);
  568   1      
  569   1          ips200_set_dir(ips200_display_dir);
  570   1          ips200_set_color(ips200_pencolor, ips200_bgcolor);
  571   1      
  572   1          IPS200_RST(0);
  573   1          system_delay_ms(200);
  574   1      
  575   1          IPS200_RST(1);
  576   1          system_delay_ms(100);
  577   1      
  578   1          ips200_write_index(0x36);
  579   1          system_delay_ms(100);
  580   1          if      (ips200_display_dir==0) ips200_write_8bit_data(0x00);
  581   1          else if (ips200_display_dir==1) ips200_write_8bit_data(0xC0);
  582   1          else if (ips200_display_dir==2) ips200_write_8bit_data(0x70);
  583   1          else                            ips200_write_8bit_data(0xA0);
  584   1      
  585   1          ips200_write_index(0x3A);
  586   1          ips200_write_8bit_data(0x05);
  587   1      
  588   1          ips200_write_index(0xB2);
C251 COMPILER V5.60.0,  zf_device_ips200                                                   25/02/26  13:16:59  PAGE 11  

  589   1          ips200_write_8bit_data(0x0C);
  590   1          ips200_write_8bit_data(0x0C);
  591   1          ips200_write_8bit_data(0x00);
  592   1          ips200_write_8bit_data(0x33);
  593   1          ips200_write_8bit_data(0x33);
  594   1      
  595   1          ips200_write_index(0xB7);
  596   1          ips200_write_8bit_data(0x35);
  597   1      
  598   1          ips200_write_index(0xBB);
  599   1          ips200_write_8bit_data(0x37);
  600   1      
  601   1          ips200_write_index(0xC0);
  602   1          ips200_write_8bit_data(0x2C);
  603   1      
  604   1          ips200_write_index(0xC2);
  605   1          ips200_write_8bit_data(0x01);
  606   1      
  607   1          ips200_write_index(0xC3);
  608   1          ips200_write_8bit_data(0x12);
  609   1      
  610   1          ips200_write_index(0xC4);
  611   1          ips200_write_8bit_data(0x20);
  612   1      
  613   1          ips200_write_index(0xC6);
  614   1          ips200_write_8bit_data(0x0F);
  615   1      
  616   1          ips200_write_index(0xD0);
  617   1          ips200_write_8bit_data(0xA4);
  618   1          ips200_write_8bit_data(0xA1);
  619   1      
  620   1          ips200_write_index(0xE0);
  621   1          ips200_write_8bit_data(0xD0);
  622   1          ips200_write_8bit_data(0x04);
  623   1          ips200_write_8bit_data(0x0D);
  624   1          ips200_write_8bit_data(0x11);
  625   1          ips200_write_8bit_data(0x13);
  626   1          ips200_write_8bit_data(0x2B);
  627   1          ips200_write_8bit_data(0x3F);
  628   1          ips200_write_8bit_data(0x54);
  629   1          ips200_write_8bit_data(0x4C);
  630   1          ips200_write_8bit_data(0x18);
  631   1          ips200_write_8bit_data(0x0D);
  632   1          ips200_write_8bit_data(0x0B);
  633   1          ips200_write_8bit_data(0x1F);
  634   1          ips200_write_8bit_data(0x23);
  635   1      
  636   1          ips200_write_index(0xE1);
  637   1          ips200_write_8bit_data(0xD0);
  638   1          ips200_write_8bit_data(0x04);
  639   1          ips200_write_8bit_data(0x0C);
  640   1          ips200_write_8bit_data(0x11);
  641   1          ips200_write_8bit_data(0x13);
  642   1          ips200_write_8bit_data(0x2C);
  643   1          ips200_write_8bit_data(0x3F);
  644   1          ips200_write_8bit_data(0x44);
  645   1          ips200_write_8bit_data(0x51);
  646   1          ips200_write_8bit_data(0x2F);
  647   1          ips200_write_8bit_data(0x1F);
  648   1          ips200_write_8bit_data(0x1F);
  649   1          ips200_write_8bit_data(0x20);
  650   1          ips200_write_8bit_data(0x23);
  651   1      
  652   1          ips200_write_index(0x21);
  653   1      
  654   1          ips200_write_index(0x11);
C251 COMPILER V5.60.0,  zf_device_ips200                                                   25/02/26  13:16:59  PAGE 12  

  655   1          system_delay_ms(120);
  656   1      
  657   1          ips200_write_index(0x29);
  658   1      
  659   1          ips200_clear(ips200_bgcolor);
  660   1      }


Module Information          Static   Overlayable
------------------------------------------------
  code size            =      4842     ------
  ecode size           =    ------     ------
  data size            =    ------     ------
  idata size           =    ------     ------
  pdata size           =    ------     ------
  xdata size           =       246     ------
  xdata-const size     =    ------     ------
  edata size           =    ------     ------
  bit size             =    ------     ------
  ebit size            =    ------     ------
  bitaddressable size  =    ------     ------
  ebitaddressable size =    ------     ------
  far data size        =    ------     ------
  huge data size       =    ------     ------
  const size           =    ------     ------
  hconst size          =        86     ------
End of Module Information.


C251 COMPILATION COMPLETE.  0 WARNING(S),  0 ERROR(S)
