C251 COMPILER V5.60.0,  zf_driver_pwm                                                      25/02/26  13:16:54  PAGE 1   


C251 COMPILER V5.60.0, COMPILATION OF MODULE zf_driver_pwm
OBJECT MODULE PLACED IN .\out_file\zf_driver_pwm.obj
COMPILER INVOKED BY: D:\keil\C251\BIN\C251.EXE ..\..\libraries\zf_driver\zf_driver_pwm.c LARGE NOALIAS WARNINGLEVEL(3) O
                    -PTIMIZE(0,SIZE) BROWSE INCDIR(..\..\libraries\zf_common;..\..\libraries\zf_components;..\..\libraries\zf_device;..\..\li
                    -braries\zf_driver;..\user;..\code) DEBUG PRINT(.\out_file\zf_driver_pwm.lst) OBJECT(.\out_file\zf_driver_pwm.obj) 

stmt  level    source

    1          /********************************************************************************************************
             -*************
    2          * STC32G Opensourec Library МДЃЈSTC32G ПЊдДПтЃЉЪЧвЛИіЛљгкЙйЗН SDK НгПкЕФЕкШ§ЗНПЊдДПт
    3          * Copyright (c) 2022 SEEKFREE ж№ЗЩПЦММ
    4          *
    5          * БОЮФМўЪЧSTC ПЊдДПтЕФвЛВПЗж
    6          *
    7          * STC32G ПЊдДПт ЪЧУтЗбШэМў
    8          * ФњПЩвдИљОнздгЩШэМўЛљН№ЛсЗЂВМЕФ GPLЃЈGNU General Public LicenseЃЌМД GNUЭЈгУЙЋЙВаэПЩжЄЃЉЕФЬѕПю
    9          * МД GPL ЕФЕк3АцЃЈМД GPL3.0ЃЉЛђЃЈФњбЁдёЕФЃЉШЮКЮКѓРДЕФАцБОЃЌжиаТЗЂВМКЭ/ЛђаоИФЫќ
   10          *
   11          * БОПЊдДПтЕФЗЂВМЪЧЯЃЭћЫќФмЗЂЛгзїгУЃЌЕЋВЂЮДЖдЦфзїШЮКЮЕФБЃжЄ
   12          * ЩѕжСУЛгавўКЌЕФЪЪЯњадЛђЪЪКЯЬиЖЈгУЭОЕФБЃжЄ
   13          * ИќЖрЯИНкЧыВЮМћ GPL
   14          *
   15          * ФњгІИУдкЪеЕНБОПЊдДПтЕФЭЌЪБЪеЕНвЛЗн GPL ЕФИББО
   16          * ШчЙћУЛгаЃЌЧыВЮдФ<https://www.gnu.org/licenses/>
   17          *
   18          * ЖюЭтзЂУїЃК
   19          * БОПЊдДПтЪЙгУ GPL3.0 ПЊдДаэПЩжЄа­вщ вдЩЯаэПЩЩъУїЮЊвыЮФАцБО
   20          * аэПЩЩъУїгЂЮФАцдк libraries/doc ЮФМўМаЯТЕФ GPL3_permission_statement.txt ЮФМўжа
   21          * аэПЩжЄИББОдк libraries ЮФМўМаЯТ МДИУЮФМўМаЯТЕФ LICENSE ЮФМў
   22          * ЛЖг­ИїЮЛЪЙгУВЂДЋВЅБОГЬађ ЕЋаоИФФкШнЪББиаыБЃСєж№ЗЩПЦММЕФАцШЈЩљУїЃЈМДБОЩљУїЃЉ
   23          *
   24          * ЮФМўУћГЦ
   25          * ЙЋЫОУћГЦ          ГЩЖМж№ЗЩПЦММгаЯоЙЋЫО
   26          * АцБОаХЯЂ          ВщПД libraries/doc ЮФМўМаФк version ЮФМў АцБОЫЕУї
   27          * ПЊЗЂЛЗОГ          MDK FOR C251
   28          * ЪЪгУЦНЬЈ          STC32G
   29          * ЕъЦЬСДНг          https://seekfree.taobao.com/
   30          *
   31          * аоИФМЧТМ
   32          * ШеЦк              зїеп           БИзЂ
   33          * 2024-08-01        ДѓW            first version
   34          * 2025-07-16        гХЛЏ           ДњТыПЩЖСадЁЂдЫЫуаЇТЪМАНЁзГадгХЛЏ
   35          *********************************************************************************************************
             -***********/
   36          
   37          #include "zf_common_clock.h"
   38          #include "zf_common_debug.h"
   39          
   40          #include "zf_driver_pwm.h"
   41          #include "zf_driver_gpio.h"
   42          #include "zf_driver_uart.h"
   43          
   44          
   45          
   46          
   47          // ВЖЛёБШНЯФЃЪНМФДцЦї
   48          const uint32 PWM_CCMR_ADDR[] = {0x7efec8, 0x7efec9, 0x7efeca, 0x7efecb,
   49                                          0x7efee8, 0x7efee9, 0x7efeea, 0x7efeeb
   50                                         };
   51          
   52          // ВЖЛёБШНЯЪЙФмМФДцЦї
   53          const uint32 PWM_CCER_ADDR[] = {0x7efecc, 0x7efecd,             // PWMA_CCERX
   54                                          0x7efeec, 0x7efeed
   55                                         };       // PWMB_CCERX
C251 COMPILER V5.60.0,  zf_driver_pwm                                                      25/02/26  13:16:54  PAGE 2   

   56          
   57          // ПижЦМФДцЦї,Ип8ЮЛЕижЗ  ЕЭ8ЮЛЕижЗ + 1МДПЩ
   58          const uint32 PWM_CCR_ADDR[] = {0x7efed5, 0x7efed7, 0x7efed9, 0x7efedb,
   59                                         0x7efef5, 0x7efef7, 0x7efef9, 0x7efefb
   60                                        };
   61          
   62          // ПижЦМФДцЦї,Ип8ЮЛЕижЗ  ЕЭ8ЮЛЕижЗ + 1МДПЩ
   63          const uint32 PWM_ARR_ADDR[] = {0x7efed2, 0x7efef2};
   64          
   65          // дЄЗжЦЕМФДцЦї,Ип8ЮЛЕижЗ  ЕЭ8ЮЛЕижЗ + 1МДПЩ
   66          const uint32 PWM_PSCR_ADDR[] = {0x7efed0, 0x7efef0};
   67          
   68          
   69          #define PWMX_CCERX(pin)         (*(unsigned char volatile far *)(PWM_CCER_ADDR[((pin >> 12 & 0x02) >> 1) + ((pin
             - >> 15 & 0x1) * 2)]))
   70          
   71          #define PWMX_CCRXH(pin)         (*(unsigned char volatile far *)(PWM_CCR_ADDR[((pin >> 15 & 0x1) * 4) + (pin >> 
             -12 & 0x7)]))
   72          #define PWMX_CCRXL(pin)         (*(unsigned char volatile far *)(PWM_CCR_ADDR[((pin >> 15 & 0x1) * 4) + (pin >> 
             -12 & 0x7)] + 1))
   73          
   74          #define PWMX_ARRH(pin)          (*(unsigned char volatile far *)(PWM_ARR_ADDR[(pin >> 15 & 0x1) * 1]))
   75          #define PWMX_ARRL(pin)          (*(unsigned char volatile far *)(PWM_ARR_ADDR[(pin >> 15 & 0x1) * 1] + 1))
   76          
   77          #define PWMX_PSCRH(pin)         (*(unsigned char volatile far *)(PWM_PSCR_ADDR[(pin >> 15 & 0x1) * 1]))
   78          #define PWMX_PSCRL(pin)         (*(unsigned char volatile far *)(PWM_PSCR_ADDR[(pin >> 15 & 0x1) * 1] + 1))
   79          
   80          #define PWMX_CCMRX(pin)         (*(unsigned char volatile far *)(PWM_CCMR_ADDR[((pin >> 15 & 0x1) * 4) + (pin >>
             - 12 & 0x7)]))
   81          
   82          
   83          //-------------------------------------------------------------------------------------------------------
             -------------
   84          // КЏЪ§МђНщ     PWMЦЕТЪКЭеМПеБШЩшжУ
   85          // ВЮЪ§ЫЕУї     pin             PWMЭЈЕРКХМАв§НХ
   86          // ВЮЪ§ЫЕУї     freq            PWMЦЕТЪ
   87          // ВЮЪ§ЫЕУї     duty                    PWMеМПеБШ
   88          // ЗЕЛиВЮЪ§     void
   89          // ЪЙгУЪОР§     pwm_set_freq(PWMB_CH1_P01, 50, 1000);   //PWMB ЪЙгУв§НХP01 ЦЕТЪ50HZ еМПеБШЮЊАйЗжжЎ 1000/P
             -WM_DUTY_MAX*100
   90          //                                                                              PWM_DUTY_MAXдкzf_driver_pwm.hЮФМўжа ФЌШЯЮЊ10000
   91          //-------------------------------------------------------------------------------------------------------
             -------------
   92          void pwm_set_freq(pwm_channel_enum pin, uint32 freq, uint32 duty)
   93          {
   94   1          uint32 match_temp = 0;
   95   1          uint32 period_temp = 0;
   96   1          uint16 freq_div = 0;
   97   1              
   98   1              // ШчЙћЪЧетвЛааБЈДэ ФЧФуЕУШЅПДПДзюДѓеМПеБШЪЧЯоЖЈЕФЖрЩй еМПеБШаДШыДэЮѓ
   99   1          zf_assert(PWM_DUTY_MAX >= duty);
  100   1              
  101   1          //ЗжЦЕМЦЫуЃЌжмЦкМЦЫуЃЌеМПеБШМЦЫу
  102   1          freq_div = (system_clock / freq) >> 16;                                                             // ЖрЩйЗжЦЕ
  103   1          period_temp = system_clock / freq;
  104   1          period_temp = period_temp / (freq_div + 1) - 1;                                     // жмЦк
  105   1      
  106   1          if(duty != PWM_DUTY_MAX)
  107   1          {
  108   2              match_temp = period_temp * ((float)duty / PWM_DUTY_MAX);        // еМПеБШ
  109   2          }
  110   1          else
  111   1          {
  112   2              match_temp = period_temp + 1;                                                           // dutyЮЊ100%
  113   2              }
  114   1      
C251 COMPILER V5.60.0,  zf_driver_pwm                                                      25/02/26  13:16:54  PAGE 3   

  115   1              PWMX_PSCRH(pin) = (uint8)(freq_div >> 8);           // ЩшжУдЄЗжЦЕжЕ
  116   1              PWMX_PSCRL(pin) = (uint8)freq_div;
  117   1              
  118   1              PWMX_ARRH(pin) = (uint8)(period_temp >> 8);             // жмЦкжЕ Ип8ЮЛ
  119   1              PWMX_ARRL(pin) = (uint8)period_temp;                    // жмЦкжЕ ЕЭ8ЮЛ
  120   1      
  121   1          PWMX_CCRXH(pin) = match_temp >> 8;                          // БШНЯжЕ Ип8ЮЛ
  122   1          PWMX_CCRXL(pin) = (uint8)match_temp;                        // БШНЯжЕ ЕЭ8ЮЛ
  123   1      }
  124          
  125          //-------------------------------------------------------------------------------------------------------
             -------------
  126          // КЏЪ§МђНщ     PWMеМПеБШЩшЖЈ
  127          // ВЮЪ§ЫЕУї     pwmch           PWMЭЈЕРКХМАв§НХ
  128          // ВЮЪ§ЫЕУї     duty            PWMеМПеБШ
  129          // ЗЕЛиВЮЪ§     void
  130          // ЪЙгУЪОР§     pwm_set_duty(PWMB_CH1_P01, 5000);   //PWMB ЪЙгУв§НХP01 еМПеБШЮЊАйЗжжЎ 5000/PWM_DUTY_MAX*1
             -00
  131          //                                                                      PWM_DUTY_MAXдкzf_driver_pwm.hЮФМўжа ФЌШЯЮЊ10000
  132          //-------------------------------------------------------------------------------------------------------
             -------------
  133          void pwm_set_duty(pwm_channel_enum pin, uint32 duty)
  134          {
  135   1          uint32 match_temp;
  136   1          uint32 arr = (PWMX_ARRH(pin) << 8) | PWMX_ARRL(pin);
  137   1              
  138   1              // ШчЙћЪЧетвЛааБЈДэ ФЧФуЕУШЅПДПДзюДѓеМПеБШЪЧЯоЖЈЕФЖрЩй еМПеБШаДШыДэЮѓ
  139   1          zf_assert(PWM_DUTY_MAX >= duty);
  140   1              
  141   1          if(duty != PWM_DUTY_MAX)
  142   1          {
  143   2              match_temp = arr * ((float)duty / PWM_DUTY_MAX);                                //еМПеБШ
  144   2          }
  145   1          else
  146   1          {
  147   2              match_temp = arr + 1;
  148   2          }
  149   1      
  150   1          //ЩшжУВЖЛёжЕ|БШНЯжЕ
  151   1          PWMX_CCRXH(pin) = match_temp >> 8;                          // БШНЯжЕ Ип8ЮЛ
  152   1          PWMX_CCRXL(pin) = (uint8)match_temp;                        // БШНЯжЕ ЕЭ8ЮЛ
  153   1              
  154   1      }
  155          
  156          //-------------------------------------------------------------------------------------------------------
             -------------
  157          // КЏЪ§МђНщ     PWMГѕЪМЛЏ
  158          // ВЮЪ§ЫЕУї     pin                             PWMЭЈЕРКХМАв§НХ
  159          // ВЮЪ§ЫЕУї     freq            PWMЦЕТЪ
  160          // ВЮЪ§ЫЕУї     duty            PWMеМПеБШ
  161          // ЗЕЛиВЮЪ§     void
  162          // ЪЙгУЪОР§     pwm_init(PWMB_CH1_P01, 50, 5000);   //ГѕЪМЛЏPWMB ЪЙгУв§НХP01  ЪфГіPWMЦЕТЪ50HZ   еМПеБШЮЊА
             -йЗжжЎ 5000/PWM_DUTY_MAX*100
  163          //                                                                      PWM_DUTY_MAXдкzf_driver_pwm.hЮФМўжа ФЌШЯЮЊ10000
  164          //-------------------------------------------------------------------------------------------------------
             -------------
  165          void pwm_init(pwm_channel_enum pin, uint32 freq, uint32 duty)
  166          {
  167   1      
  168   1          uint16 match_temp = 0;                                              // еМПеБШжЕ
  169   1          uint32 period_temp = 0;                                             // жмЦкжЕ
  170   1          uint16 freq_div = 0;                                                // ЗжЦЕжЕ
  171   1          
  172   1              // ШчЙћЪЧетвЛааБЈДэ ФЧФуЕУШЅПДПДзюДѓеМПеБШЪЧЯоЖЈЕФЖрЩй еМПеБШаДШыДэЮѓ
  173   1          zf_assert(PWM_DUTY_MAX >= duty);
  174   1              
C251 COMPILER V5.60.0,  zf_driver_pwm                                                      25/02/26  13:16:54  PAGE 4   

  175   1          gpio_init(pin  & 0xFF, GPO, 1, GPO_PUSH_PULL);                                                      // GPIOашвЊЩшжУЮЊЭЦЭьЪфГі
  176   1          
  177   1          
  178   1          //ЗжЦЕМЦЫуЃЌжмЦкМЦЫуЃЌеМПеБШМЦЫу
  179   1          freq_div = (system_clock / freq) >> 16;                                                             // ЗжЦЕжЕ
  180   1          period_temp = system_clock / freq;
  181   1          period_temp = period_temp / (freq_div + 1) - 1;                                             // жмЦкжЕ
  182   1              
  183   1          if(duty != PWM_DUTY_MAX)
  184   1          {           
  185   2              match_temp = period_temp * ((float)duty / PWM_DUTY_MAX);                // еМПеБШ
  186   2          }
  187   1          else
  188   1          {
  189   2              match_temp = period_temp + 1;                                                                   // dutyЮЊ100%
  190   2          }
  191   1      
  192   1              PWMX_PSCRH(pin) = (uint8)(freq_div >> 8);           // ЩшжУдЄЗжЦЕжЕ
  193   1              PWMX_PSCRL(pin) = (uint8)freq_div;
  194   1              
  195   1              PWMX_ARRH(pin) = (uint8)(period_temp >> 8);             // жмЦкжЕ Ип8ЮЛ
  196   1              PWMX_ARRL(pin) = (uint8)period_temp;                    // жмЦкжЕ ЕЭ8ЮЛ
  197   1      
  198   1          PWMX_CCRXH(pin) = (uint8)(match_temp >> 8);         // БШНЯжЕ Ип8ЮЛ
  199   1          PWMX_CCRXL(pin) = (uint8)match_temp;                        // БШНЯжЕ ЕЭ8ЮЛ
  200   1              
  201   1          if(((pin >> 15) & 0x01) == 0)                                       // PWMA
  202   1          {
  203   2              PWMA_ENO |= 1 << ((((pin >> 12) & 0x07) * 2) + ((pin >> 11) & 0x01));           // ЪЙФмЭЈЕР
  204   2              PWMA_PS  |= ((pin >> 9) & 0x03) << (((pin >> 12) & 0x07) * 2);                          // бЁдёв§НХ
  205   2              PWMX_CCERX(pin) |= 1 << ((pin >> 12 & 0x01) * 4 + (pin >> 11 & 0x01) * 2);      // ЩшжУЪфГіМЋад
  206   2      
  207   2              PWMA_BKR = 0x80;                                                        // жїЪфГіЪЙФм ЯрЕБгкзмПЊЙи
  208   2              PWMA_CR1 = 0x01;                                                        // PWMПЊЪММЦЪ§
  209   2          }
  210   1          else if(((pin >> 15) & 0x01) == 1)                          // PWMB
  211   1          {
  212   2              PWMB_ENO |= 1 << ((((pin >> 12) & 0x07) * 2) + ((pin >> 11) & 0x01));           // ЪЙФмЭЈЕР
  213   2              PWMB_PS  |= ((pin >> 9) & 0x03) << (((pin >> 12) & 0x07) * 2);                          // бЁдёв§НХ
  214   2              PWMX_CCERX(pin) |= 1 << ((pin >> 12 & 0x01) * 4);                                                       // ЩшжУЪфГіМЋад
  215   2      
  216   2              PWMB_BKR = 0x80;                                                        // жїЪфГіЪЙФм ЯрЕБгкзмПЊЙи
  217   2              PWMB_CR1 = 0x01;                                                        // PWMПЊЪММЦЪ§
  218   2          }
  219   1      
  220   1              PWMX_CCMRX(pin) |= 0x06 << 4;                                   // ЩшжУЮЊPWMФЃЪН1
  221   1              PWMX_CCMRX(pin) |= 1 << 3;                                              // ПЊЦєPWMМФДцЦїЕФдЄзАдиЙІ
  222   1      }


Module Information          Static   Overlayable
------------------------------------------------
  code size            =      2796     ------
  ecode size           =    ------     ------
  data size            =    ------     ------
  idata size           =    ------     ------
  pdata size           =    ------     ------
  xdata size           =        52     ------
  xdata-const size     =    ------     ------
  edata size           =    ------     ------
  bit size             =    ------     ------
  ebit size            =    ------     ------
  bitaddressable size  =    ------     ------
  ebitaddressable size =    ------     ------
  far data size        =    ------     ------
  huge data size       =    ------     ------
  const size           =    ------     ------
C251 COMPILER V5.60.0,  zf_driver_pwm                                                      25/02/26  13:16:54  PAGE 5   

  hconst size          =       138     ------
End of Module Information.


C251 COMPILATION COMPLETE.  0 WARNING(S),  0 ERROR(S)
