C251 COMPILER V5.60.0,  zf_device_imu963ra                                                 25/02/26  13:16:58  PAGE 1   


C251 COMPILER V5.60.0, COMPILATION OF MODULE zf_device_imu963ra
OBJECT MODULE PLACED IN .\out_file\zf_device_imu963ra.obj
COMPILER INVOKED BY: D:\keil\C251\BIN\C251.EXE ..\..\libraries\zf_device\zf_device_imu963ra.c LARGE NOALIAS WARNINGLEVEL
                    -(3) OPTIMIZE(0,SIZE) BROWSE INCDIR(..\..\libraries\zf_common;..\..\libraries\zf_components;..\..\libraries\zf_device;..\
                    -..\libraries\zf_driver;..\user;..\code) DEBUG PRINT(.\out_file\zf_device_imu963ra.lst) OBJECT(.\out_file\zf_device_imu96
                    -3ra.obj) 

stmt  level    source

    1          /********************************************************************************************************
             -*************
    2          * STC32G Opensourec Library еҚіпјҲSTC32G ејҖжәҗеә“пјүжҳҜдёҖдёӘеҹәдәҺе®ҳж–№ SDK жҺҘеҸЈзҡ„з¬¬дёүж–№ејҖжәҗеә
             -“
    3          * Copyright (c) 2022 SEEKFREE йҖҗйЈһз§‘жҠҖ
    4          *
    5          * жң¬ж–Үд»¶жҳҜSTC ејҖжәҗеә“зҡ„дёҖйғЁеҲҶ
    6          *
    7          * STC32G ејҖжәҗеә“ жҳҜе…Қиҙ№иҪҜд»¶
    8          * жӮЁеҸҜд»Ҙж №жҚ®иҮӘз”ұиҪҜд»¶еҹәйҮ‘дјҡеҸ‘еёғзҡ„ GPLпјҲGNU General Public LicenseпјҢеҚі GNUйҖҡз”Ёе…¬е…ұи®ё
             -еҸҜиҜҒпјүзҡ„жқЎж¬ҫ
    9          * еҚі GPL зҡ„з¬¬3зүҲпјҲеҚі GPL3.0пјүжҲ–пјҲжӮЁйҖүжӢ©зҡ„пјүд»»дҪ•еҗҺжқҘзҡ„зүҲжң¬пјҢйҮҚж–°еҸ‘еёғе’Ң/жҲ–дҝ®ж”
             -№е®ғ
   10          *
   11          * жң¬ејҖжәҗеә“зҡ„еҸ‘еёғжҳҜеёҢжңӣе®ғиғҪеҸ‘жҢҘдҪңз”ЁпјҢдҪҶе№¶жңӘеҜ№е…¶дҪңд»»дҪ•зҡ„дҝқиҜҒ
   12          * з”ҡиҮіжІЎжңүйҡҗеҗ«зҡ„йҖӮй”ҖжҖ§жҲ–йҖӮеҗҲзү№е®ҡз”ЁйҖ”зҡ„дҝқиҜҒ
   13          * жӣҙеӨҡз»ҶиҠӮиҜ·еҸӮи§Ғ GPL
   14          *
   15          * жӮЁеә”иҜҘеңЁж”¶еҲ°жң¬ејҖжәҗеә“зҡ„еҗҢж—¶ж”¶еҲ°дёҖд»Ҫ GPL зҡ„еүҜжң¬
   16          * еҰӮжһңжІЎжңүпјҢиҜ·еҸӮйҳ…<https://www.gnu.org/licenses/>
   17          *
   18          * йўқеӨ–жіЁжҳҺпјҡ
   19          * жң¬ејҖжәҗеә“дҪҝз”Ё GPL3.0 ејҖжәҗи®ёеҸҜиҜҒеҚҸи®® д»ҘдёҠи®ёеҸҜз”іжҳҺдёәиҜ‘ж–ҮзүҲжң¬
   20          * и®ёеҸҜз”іжҳҺиӢұж–ҮзүҲеңЁ libraries/doc ж–Үд»¶еӨ№дёӢзҡ„ GPL3_permission_statement.txt ж–Үд»¶дёӯ
   21          * и®ёеҸҜиҜҒеүҜжң¬еңЁ libraries ж–Үд»¶еӨ№дёӢ еҚіиҜҘж–Үд»¶еӨ№дёӢзҡ„ LICENSE ж–Үд»¶
   22          * ж¬ўиҝҺеҗ„дҪҚдҪҝз”Ёе№¶дј ж’ӯжң¬зЁӢеәҸ дҪҶдҝ®ж”№еҶ…е®№ж—¶еҝ…йЎ»дҝқз•ҷйҖҗйЈһз§‘жҠҖзҡ„зүҲжқғеЈ°жҳҺпјҲеҚіжң¬
             -еЈ°жҳҺпјү
   23          *
   24          * ж–Үд»¶еҗҚз§°          
   25          * е…¬еҸёеҗҚз§°          жҲҗйғҪйҖҗйЈһз§‘жҠҖжңүйҷҗе…¬еҸё
   26          * зүҲжң¬дҝЎжҒҜ          жҹҘзңӢ libraries/doc ж–Үд»¶еӨ№еҶ… version ж–Үд»¶ зүҲжң¬иҜҙжҳҺ
   27          * ејҖеҸ‘зҺҜеўғ          MDK FOR C251
   28          * йҖӮз”Ёе№іеҸ°          STC32G
   29          * еә—й“әй“ҫжҺҘ          https://seekfree.taobao.com/
   30          *
   31          * дҝ®ж”№и®°еҪ•
   32          * ж—Ҙжңҹ              дҪңиҖ…           еӨҮжіЁ
   33          * 2024-08-01        еӨ§W            first version
   34          *********************************************************************************************************
             -***********/
   35          /********************************************************************************************************
             -*************
   36          * жҺҘзәҝе®ҡд№үпјҡ
   37          *                   ------------------------------------
   38          *                   жЁЎеқ—з®Ўи„ҡ            еҚ•зүҮжңәз®Ўи„ҡ
   39          *                   // зЎ¬д»¶ SPI еј•и„ҡ
   40          *                   SCL/SPC             жҹҘзңӢ zf_device_imu963ra.h дёӯ IMU963RA_SPC_PIN е®Ҹе®ҡд№ү
   41          *                   SDA/DSI             жҹҘзңӢ zf_device_imu963ra.h дёӯ IMU963RA_SDI_PIN е®Ҹе®ҡд№ү
   42          *                   SA0/SDO             жҹҘзңӢ zf_device_imu963ra.h дёӯ IMU963RA_SDO_PIN е®Ҹе®ҡд№ү
   43          *                   CS                  жҹҘзңӢ zf_device_imu963ra.h дёӯ IMU963RA_CS_PIN  е®Ҹе®ҡд№ү
   44          *                   VCC                 3.3Vз”өжәҗ
   45          *                   GND                 з”өжәҗең°
   46          *                   е…¶дҪҷеј•и„ҡжӮ¬з©ә
   47          *
   48          *                   // иҪҜд»¶ IIC еј•и„ҡ
   49          *                   SCL/SPC             жҹҘзңӢ zf_device_imu963ra.h дёӯ IMU963RA_SCL_PIN е®Ҹе®ҡд№ү
C251 COMPILER V5.60.0,  zf_device_imu963ra                                                 25/02/26  13:16:58  PAGE 2   

   50          *                   SDA/DSI             жҹҘзңӢ zf_device_imu963ra.h дёӯ IMU963RA_SDA_PIN е®Ҹе®ҡд№ү
   51          *                   VCC                 3.3Vз”өжәҗ
   52          *                   GND                 з”өжәҗең°
   53          *                   е…¶дҪҷеј•и„ҡжӮ¬з©ә
   54          *                   ------------------------------------
   55          *********************************************************************************************************
             -***********/
   56          
   57          #include "zf_common_clock.h"
   58          #include "zf_common_debug.h"
   59          #include "zf_driver_delay.h"
   60          #include "zf_driver_spi.h"
   61          #include "zf_driver_soft_iic.h"
   62          #include "zf_driver_soft_spi.h"
   63          
   64          #include "zf_device_imu963ra.h"
   65          
   66          #pragma warning disable = 183
   67          #pragma warning disable = 177
   68          
   69          int16 imu963ra_gyro_x = 0, imu963ra_gyro_y = 0, imu963ra_gyro_z = 0;
   70          int16 imu963ra_acc_x = 0,  imu963ra_acc_y = 0,  imu963ra_acc_z = 0;
   71          int16 imu963ra_mag_x = 0,  imu963ra_mag_y = 0,  imu963ra_mag_z = 0;
   72          float imu963ra_transition_factor[3] = {4098, 14.3, 3000};
   73          
   74          
   75          #if (IMU963RA_USE_INTERFACE==HARDWARE_SPI)
                       //------------------------------------------------------------------------------------------------------
             --------------
                       // еҮҪж•°з®Җд»Ӣ     IMU963RA еҶҷеҜ„еӯҳеҷЁ
                       // еҸӮж•°иҜҙжҳҺ     reg             еҜ„еӯҳеҷЁең°еқҖ
                       // еҸӮж•°иҜҙжҳҺ     dat            ж•°жҚ®
                       // иҝ”еӣһеҸӮж•°     void
                       // дҪҝз”ЁзӨәдҫӢ     imu963ra_write_acc_gyro_register(IMU963RA_SLV0_CONFIG, 0x00);
                       // еӨҮжіЁдҝЎжҒҜ     еҶ…йғЁи°ғз”Ё
                       //------------------------------------------------------------------------------------------------------
             --------------
                       static void imu963ra_write_acc_gyro_register(uint8 reg, uint8 dat)
                       {
                               IMU963RA_CS(0);
                               spi_write_8bit_register(IMU963RA_SPI, reg | IMU963RA_SPI_W, dat);
                               IMU963RA_CS(1);
                       }
               
                       //------------------------------------------------------------------------------------------------------
             --------------
                       // еҮҪж•°з®Җд»Ӣ     IMU963RA иҜ»еҜ„еӯҳеҷЁ
                       // еҸӮж•°иҜҙжҳҺ     reg             еҜ„еӯҳеҷЁең°еқҖ
                       // иҝ”еӣһеҸӮж•°     uint8           ж•°жҚ®
                       // дҪҝз”ЁзӨәдҫӢ     imu963ra_read_acc_gyro_register(IMU963RA_STATUS_MASTER);
                       // еӨҮжіЁдҝЎжҒҜ     еҶ…йғЁи°ғз”Ё
                       //------------------------------------------------------------------------------------------------------
             --------------
                       static uint8 imu963ra_read_acc_gyro_register(uint8 reg)
                       {
                               uint8 dat = 0;
                               IMU963RA_CS(0);
                               dat = spi_read_8bit_register(IMU963RA_SPI, reg | IMU963RA_SPI_R);
                               IMU963RA_CS(1);
                               return dat;
                       }
               
                       //------------------------------------------------------------------------------------------------------
             --------------
                       // еҮҪж•°з®Җд»Ӣ     IMU963RA иҜ»ж•°жҚ® еҶ…йғЁи°ғз”Ё
                       // еҸӮж•°иҜҙжҳҺ     reg             еҜ„еӯҳеҷЁең°еқҖ
C251 COMPILER V5.60.0,  zf_device_imu963ra                                                 25/02/26  13:16:58  PAGE 3   

                       // еҸӮж•°иҜҙжҳҺ     dat            ж•°жҚ®зј“еҶІеҢә
                       // еҸӮж•°иҜҙжҳҺ     len             ж•°жҚ®й•ҝеәҰ
                       // иҝ”еӣһеҸӮж•°     void
                       // дҪҝз”ЁзӨәдҫӢ     imu963ra_read_acc_gyro_registers(IMU963RA_OUTX_L_A, dat, 6);
                       // еӨҮжіЁдҝЎжҒҜ     еҶ…йғЁи°ғз”Ё
                       //------------------------------------------------------------------------------------------------------
             --------------
                       static void imu963ra_read_acc_gyro_registers(uint8 reg, uint8 *dat, uint32 len)
                       {
                               IMU963RA_CS(0);
                               spi_read_8bit_registers(IMU963RA_SPI, reg | IMU963RA_SPI_R, dat, len);
                               IMU963RA_CS(1);
                       }
                       
               #elif (IMU963RA_USE_INTERFACE==SOFT_SPI)
  124                  
  125                  #define IMU963RA_SCK(x)                         IMU963RA_SPC_PIN  = x
  126                  #define IMU963RA_MOSI(x)                        IMU963RA_SDI_PIN = x
  127                  #define IMU963RA_CS(x)                          IMU963RA_CS_PIN  = x
  128                  #define IMU963RA_MISO                           IMU963RA_SDO_PIN
  129          
  130                  //------------------------------------------------------------------------------------------------------
             --------------
  131                  //  @brief      йҖҡиҝҮSPIеҶҷдёҖдёӘbyte,еҗҢж—¶иҜ»еҸ–дёҖдёӘbyte
  132                  //  @param      byte        еҸ‘йҖҒзҡ„ж•°жҚ®
  133                  //  @return     uint8 edata       return иҝ”еӣһstatusзҠ¶жҖҒ
  134                  //  @since      v1.0
  135                  //  Sample usage:
  136                  //------------------------------------------------------------------------------------------------------
             --------------
  137                  static uint8 imu963ra_simspi_wr_byte(uint8 byte)
  138                  {
  139   1                      uint8 i;
  140   1                      for(i=0; i<8; i++)
  141   1                      {
  142   2                              IMU963RA_SCK (0);
  143   2                              IMU963RA_MOSI(byte&0x80);
  144   2                              byte <<= 1;
  145   2                              IMU963RA_SCK (1);
  146   2                              byte |= IMU963RA_MISO;
  147   2                      }
  148   1                      IMU963RA_SCK (0);
  149   1                      return(byte);
  150   1              }
  151                  
  152                  
  153                  //------------------------------------------------------------------------------------------------------
             --------------
  154                  //  @brief      е°ҶvalеҶҷе…ҘcmdеҜ№еә”зҡ„еҜ„еӯҳеҷЁең°еқҖ,еҗҢж—¶иҝ”еӣһstatusеӯ—иҠӮ
  155                  //  @param      cmd         е‘Ҫд»Өеӯ—
  156                  //  @param      val         еҫ…еҶҷе…ҘеҜ„еӯҳеҷЁзҡ„ж•°еҖј
  157                  //  @since      v1.0
  158                  //  Sample usage:
  159                  //------------------------------------------------------------------------------------------------------
             --------------
  160                  static void imu963ra_simspi_w_reg_byte(uint8 cmd, uint8 val)
  161                  {
  162   1                      IMU963RA_CS(0);
  163   1                      cmd |= IMU963RA_SPI_W;
  164   1                      imu963ra_simspi_wr_byte(cmd);
  165   1                      imu963ra_simspi_wr_byte(val);
  166   1                      IMU963RA_CS(1);
  167   1              }
  168          
  169                  //------------------------------------------------------------------------------------------------------
             --------------
C251 COMPILER V5.60.0,  zf_device_imu963ra                                                 25/02/26  13:16:58  PAGE 4   

  170                  //  @brief      иҜ»еҸ–cmdжүҖеҜ№еә”зҡ„еҜ„еӯҳеҷЁең°еқҖ
  171                  //  @param      cmd         е‘Ҫд»Өеӯ—
  172                  //  @param      *val        еӯҳеӮЁиҜ»еҸ–зҡ„ж•°жҚ®ең°еқҖ
  173                  //  @since      v1.0
  174                  //  Sample usage:
  175                  //------------------------------------------------------------------------------------------------------
             --------------
  176                  static void imu963ra_simspi_r_reg_byte(uint8 cmd, uint8 *val)
  177                  {
  178   1                      IMU963RA_CS(0);
  179   1                      cmd |= IMU963RA_SPI_R;
  180   1                      imu963ra_simspi_wr_byte(cmd);
  181   1                      *val = imu963ra_simspi_wr_byte(0);
  182   1                      IMU963RA_CS(1);
  183   1              }
  184          
  185                  //------------------------------------------------------------------------------------------------------
             --------------
  186                  //  @brief      иҜ»еҸ–cmdжүҖеҜ№еә”зҡ„еҜ„еӯҳеҷЁең°еқҖ
  187                  //  @param      cmd         е‘Ҫд»Өеӯ—
  188                  //  @param      *val        еӯҳеӮЁиҜ»еҸ–зҡ„ж•°жҚ®ең°еқҖ
  189                  //  @param      num         иҜ»еҸ–зҡ„ж•°йҮҸ
  190                  //  @since      v1.0
  191                  //  Sample usage:
  192                  //------------------------------------------------------------------------------------------------------
             --------------
  193                  static void imu963ra_simspi_r_reg_bytes(uint8 cmd, uint8 *val, uint32 num)
  194                  {
  195   1                      cmd |= IMU963RA_SPI_R;
  196   1                      imu963ra_simspi_wr_byte(cmd);
  197   1                      while(num--)
  198   1                      {
  199   2                              *val++ = imu963ra_simspi_wr_byte(0);
  200   2                      }
  201   1              }
  202          
  203                  //------------------------------------------------------------------------------------------------------
             --------------
  204                  // еҮҪж•°з®Җд»Ӣ     IMU963RA еҶҷеҜ„еӯҳеҷЁ
  205                  // еҸӮж•°иҜҙжҳҺ     reg             еҜ„еӯҳеҷЁең°еқҖ
  206                  // еҸӮж•°иҜҙжҳҺ     dat            ж•°жҚ®
  207                  // иҝ”еӣһеҸӮж•°     void
  208                  // дҪҝз”ЁзӨәдҫӢ     imu963ra_write_acc_gyro_register(IMU963RA_SLV0_CONFIG, 0x00);
  209                  // еӨҮжіЁдҝЎжҒҜ     еҶ…йғЁи°ғз”Ё
  210                  //------------------------------------------------------------------------------------------------------
             --------------
  211                  static void imu963ra_write_acc_gyro_register(uint8 reg, uint8 dat)
  212                  {
  213   1                      IMU963RA_CS(0);
  214   1                      imu963ra_simspi_w_reg_byte(reg | IMU963RA_SPI_W, dat);
  215   1                      IMU963RA_CS(1);
  216   1              }
  217          
  218                  //------------------------------------------------------------------------------------------------------
             --------------
  219                  // еҮҪж•°з®Җд»Ӣ     IMU963RA иҜ»еҜ„еӯҳеҷЁ
  220                  // еҸӮж•°иҜҙжҳҺ     reg             еҜ„еӯҳеҷЁең°еқҖ
  221                  // иҝ”еӣһеҸӮж•°     uint8 edata           ж•°жҚ®
  222                  // дҪҝз”ЁзӨәдҫӢ     imu963ra_read_acc_gyro_register(IMU963RA_STATUS_MASTER);
  223                  // еӨҮжіЁдҝЎжҒҜ     еҶ…йғЁи°ғз”Ё
  224                  //------------------------------------------------------------------------------------------------------
             --------------
  225                  static uint8 imu963ra_read_acc_gyro_register(uint8 reg)
  226                  {
  227   1                      uint8 dat = 0;
  228   1                      IMU963RA_CS(0);
C251 COMPILER V5.60.0,  zf_device_imu963ra                                                 25/02/26  13:16:58  PAGE 5   

  229   1                      imu963ra_simspi_r_reg_byte(reg | IMU963RA_SPI_R, &dat);
  230   1                      IMU963RA_CS(1);
  231   1                      return dat;
  232   1              }
  233          
  234                  //------------------------------------------------------------------------------------------------------
             --------------
  235                  // еҮҪж•°з®Җд»Ӣ     IMU963RA иҜ»ж•°жҚ® еҶ…йғЁи°ғз”Ё
  236                  // еҸӮж•°иҜҙжҳҺ     reg             еҜ„еӯҳеҷЁең°еқҖ
  237                  // еҸӮж•°иҜҙжҳҺ     dat            ж•°жҚ®зј“еҶІеҢә
  238                  // еҸӮж•°иҜҙжҳҺ     len             ж•°жҚ®й•ҝеәҰ
  239                  // иҝ”еӣһеҸӮж•°     void
  240                  // дҪҝз”ЁзӨәдҫӢ     imu963ra_read_acc_gyro_registers(IMU963RA_OUTX_L_A, dat, 6);
  241                  // еӨҮжіЁдҝЎжҒҜ     еҶ…йғЁи°ғз”Ё
  242                  //------------------------------------------------------------------------------------------------------
             --------------
  243                  static void imu963ra_read_acc_gyro_registers(uint8 reg, uint8 *dat, uint32 len)
  244                  {
  245   1                      IMU963RA_CS(0);
  246   1                      imu963ra_simspi_r_reg_bytes( reg | IMU963RA_SPI_R, dat, len);
  247   1                      IMU963RA_CS(1);
  248   1              }
  249                  
  250          #elif (IMU963RA_USE_INTERFACE==SOFT_IIC)
                       static soft_iic_info_struct imu963ra_iic_struct;
               
                       //------------------------------------------------------------------------------------------------------
             --------------
                       // еҮҪж•°з®Җд»Ӣ     IMU963RA еҶҷеҜ„еӯҳеҷЁ
                       // еҸӮж•°иҜҙжҳҺ     reg             еҜ„еӯҳеҷЁең°еқҖ
                       // еҸӮж•°иҜҙжҳҺ     dat            ж•°жҚ®
                       // иҝ”еӣһеҸӮж•°     void
                       // дҪҝз”ЁзӨәдҫӢ     imu963ra_write_acc_gyro_register(IMU963RA_SLV0_CONFIG, 0x00);
                       // еӨҮжіЁдҝЎжҒҜ     еҶ…йғЁи°ғз”Ё
                       //------------------------------------------------------------------------------------------------------
             --------------
                       #define imu963ra_write_acc_gyro_register(reg,dat)       (soft_iic_write_8bit_register(&imu963ra_iic_stru
             -ct,reg,dat))
               
                       //------------------------------------------------------------------------------------------------------
             --------------
                       // еҮҪж•°з®Җд»Ӣ     IMU963RA иҜ»еҜ„еӯҳеҷЁ
                       // еҸӮж•°иҜҙжҳҺ     reg             еҜ„еӯҳеҷЁең°еқҖ
                       // иҝ”еӣһеҸӮж•°     uint8           ж•°жҚ®
                       // дҪҝз”ЁзӨәдҫӢ     imu963ra_read_acc_gyro_register(IMU963RA_STATUS_MASTER);
                       // еӨҮжіЁдҝЎжҒҜ     еҶ…йғЁи°ғз”Ё
                       //------------------------------------------------------------------------------------------------------
             --------------
                       #define imu963ra_read_acc_gyro_register(reg)             (soft_iic_sccb_read_register(&imu963ra_iic_stru
             -ct,reg))
               
                       //------------------------------------------------------------------------------------------------------
             --------------
                       // еҮҪж•°з®Җд»Ӣ     IMU963RA иҜ»ж•°жҚ® еҶ…йғЁи°ғз”Ё
                       // еҸӮж•°иҜҙжҳҺ     reg             еҜ„еӯҳеҷЁең°еқҖ
                       // еҸӮж•°иҜҙжҳҺ     dat            ж•°жҚ®зј“еҶІеҢә
                       // еҸӮж•°иҜҙжҳҺ     len             ж•°жҚ®й•ҝеәҰ
                       // иҝ”еӣһеҸӮж•°     void
                       // дҪҝз”ЁзӨәдҫӢ     imu963ra_read_acc_gyro_registers(IMU963RA_OUTX_L_A, dat, 6);
                       // еӨҮжіЁдҝЎжҒҜ     еҶ…йғЁи°ғз”Ё
                       //------------------------------------------------------------------------------------------------------
             --------------
                       #define imu963ra_read_acc_gyro_registers(reg,dat,len)   (soft_iic_read_8bit_registers(&imu963ra_iic_stru
             -ct,reg,dat,len))
               #endif
  283          
C251 COMPILER V5.60.0,  zf_device_imu963ra                                                 25/02/26  13:16:58  PAGE 6   

  284          //-------------------------------------------------------------------------------------------------------
             -------------
  285          // еҮҪж•°з®Җд»Ӣ     IMU963RA дҪңдёә IIC дё»жңәеҗ‘зЈҒеҠӣи®ЎеҶҷж•°жҚ®
  286          // еҸӮж•°иҜҙжҳҺ     addr            зӣ®ж Үең°еқҖ
  287          // еҸӮж•°иҜҙжҳҺ     reg             зӣ®ж ҮеҜ„еӯҳеҷЁ
  288          // еҸӮж•°иҜҙжҳҺ     dat            ж•°жҚ®
  289          // иҝ”еӣһеҸӮж•°     uint8           1-еӨұиҙҘ 0-жҲҗеҠҹ
  290          // дҪҝз”ЁзӨәдҫӢ     imu963ra_write_mag_register(IMU963RA_MAG_ADDR, IMU963RA_MAG_CONTROL2, 0x80);
  291          // еӨҮжіЁдҝЎжҒҜ     еҶ…йғЁи°ғз”Ё
  292          //-------------------------------------------------------------------------------------------------------
             -------------
  293          static uint8 imu963ra_write_mag_register (uint8 addr, uint8 reg, uint8 dat)
  294          {
  295   1          uint8 return_state = 0;
  296   1          uint16 timeout_count = 0;
  297   1          
  298   1          addr = addr << 1;
  299   1          imu963ra_write_acc_gyro_register(IMU963RA_SLV0_CONFIG, 0x00);               // д»Һжңә0й…ҚзҪ®жё…йҷӨ
  300   1          imu963ra_write_acc_gyro_register(IMU963RA_SLV0_ADD, addr | 0);              // и®ҫзҪ®ең°зЈҒи®Ўең°еқҖп
             -јҲжіЁж„ҸиҝҷйҮҢйңҖиҰҒи®ҫзҪ®8дҪҚзҡ„I2Cең°еқҖпјү 0x2C
  301   1          imu963ra_write_acc_gyro_register(IMU963RA_SLV0_SUBADD, reg);                // йңҖиҰҒеҶҷе…Ҙзҡ„еҜ„еӯҳе
             -ҷЁең°еқҖ
  302   1          imu963ra_write_acc_gyro_register(IMU963RA_DATAWRITE_SLV0, dat);            // йңҖиҰҒеҶҷе…Ҙзҡ„ж•°жҚ®
  303   1          imu963ra_write_acc_gyro_register(IMU963RA_MASTER_CONFIG, 0x4C);             // д»…еңЁз¬¬дёҖдёӘе‘Ёжңҹе
             -җҜз”ЁйҖҡи®Ҝ ејҖеҗҜдёҠжӢү I2Cдё»жңәдҪҝиғҪ
  304   1          
  305   1          // зӯүеҫ…йҖҡи®ҜжҲҗеҠҹ
  306   1          while(0 == (0x80 & imu963ra_read_acc_gyro_register(IMU963RA_STATUS_MASTER)))
  307   1          {
  308   2              if(IMU963RA_TIMEOUT_COUNT < timeout_count ++)
  309   2              {
  310   3                  return_state = 1;
  311   3                  break;
  312   3              }
  313   2              
  314   2              system_delay_ms(2);
  315   2          }
  316   1          
  317   1          return return_state;
  318   1      }
  319          
  320          //-------------------------------------------------------------------------------------------------------
             -------------
  321          // еҮҪж•°з®Җд»Ӣ     IMU963RA дҪңдёә IIC дё»жңәеҗ‘зЈҒеҠӣи®ЎиҜ»ж•°жҚ®
  322          // еҸӮж•°иҜҙжҳҺ     addr            зӣ®ж Үең°еқҖ
  323          // еҸӮж•°иҜҙжҳҺ     reg             зӣ®ж ҮеҜ„еӯҳеҷЁ
  324          // иҝ”еӣһеҸӮж•°     uint8           иҜ»еҸ–зҡ„ж•°жҚ®
  325          // дҪҝз”ЁзӨәдҫӢ     imu963ra_read_mag_register(IMU963RA_MAG_ADDR, IMU963RA_MAG_CHIP_ID);
  326          // еӨҮжіЁдҝЎжҒҜ     еҶ…йғЁи°ғз”Ё
  327          //-------------------------------------------------------------------------------------------------------
             -------------
  328          static uint8 imu963ra_read_mag_register (uint8 addr, uint8 reg)
  329          {
  330   1          uint16 timeout_count = 0;
  331   1          
  332   1          addr = addr << 1;
  333   1          imu963ra_write_acc_gyro_register(IMU963RA_SLV0_ADD, addr | 1);              // и®ҫзҪ®ең°зЈҒи®Ўең°еқҖп
             -јҲжіЁж„ҸиҝҷйҮҢйңҖиҰҒи®ҫзҪ®8дҪҚзҡ„I2Cең°еқҖпјү 0x2C
  334   1          imu963ra_write_acc_gyro_register(IMU963RA_SLV0_SUBADD, reg);                // йңҖиҰҒиҜ»еҸ–зҡ„еҜ„еӯҳе
             -ҷЁең°еқҖ
  335   1          imu963ra_write_acc_gyro_register(IMU963RA_SLV0_CONFIG, 0x01);
  336   1          imu963ra_write_acc_gyro_register(IMU963RA_MASTER_CONFIG, 0x4C);             // д»…еңЁз¬¬дёҖдёӘе‘Ёжңҹе
             -җҜз”ЁйҖҡи®Ҝ ејҖеҗҜдёҠжӢү I2Cдё»жңәдҪҝиғҪ
  337   1          
  338   1          // зӯүеҫ…йҖҡи®ҜжҲҗеҠҹ
  339   1          while(0 == (0x01 & imu963ra_read_acc_gyro_register(IMU963RA_STATUS_MASTER)))
C251 COMPILER V5.60.0,  zf_device_imu963ra                                                 25/02/26  13:16:58  PAGE 7   

  340   1          {
  341   2              if(IMU963RA_TIMEOUT_COUNT < timeout_count ++)
  342   2              {
  343   3                  break;
  344   3              }
  345   2              
  346   2              system_delay_ms(2);
  347   2          }
  348   1          
  349   1          return (imu963ra_read_acc_gyro_register(IMU963RA_SENSOR_HUB_1));            // иҝ”еӣһиҜ»еҸ–еҲ°зҡ„ж•°ж
             -Қ®
  350   1      }
  351          
  352          //-------------------------------------------------------------------------------------------------------
             -------------
  353          // еҮҪж•°з®Җд»Ӣ     IMU963RA дҪңдёә IIC дё»жңәеҗ‘зЈҒеҠӣи®ЎиҮӘеҠЁеҶҷж•°жҚ®
  354          // еҸӮж•°иҜҙжҳҺ     addr            зӣ®ж Үең°еқҖ
  355          // еҸӮж•°иҜҙжҳҺ     reg             зӣ®ж ҮеҜ„еӯҳеҷЁ
  356          // иҝ”еӣһеҸӮж•°     void
  357          // дҪҝз”ЁзӨәдҫӢ     imu963ra_connect_mag(IMU963RA_MAG_ADDR, IMU963RA_MAG_OUTX_L);
  358          // еӨҮжіЁдҝЎжҒҜ     еҶ…йғЁи°ғз”Ё
  359          //-------------------------------------------------------------------------------------------------------
             -------------
  360          static void imu963ra_connect_mag (uint8 addr, uint8 reg)
  361          {
  362   1          addr = addr << 1;
  363   1          
  364   1          imu963ra_write_acc_gyro_register(IMU963RA_SLV0_ADD, addr | 1);              // и®ҫзҪ®ең°зЈҒи®Ўең°еқҖп
             -јҲжіЁж„ҸиҝҷйҮҢйңҖиҰҒи®ҫзҪ®8дҪҚзҡ„I2Cең°еқҖпјү 0x2C
  365   1          imu963ra_write_acc_gyro_register(IMU963RA_SLV0_SUBADD, reg);                // йңҖиҰҒиҜ»еҸ–зҡ„еҜ„еӯҳе
             -ҷЁең°еқҖ
  366   1          imu963ra_write_acc_gyro_register(IMU963RA_SLV0_CONFIG, 0x06);
  367   1          imu963ra_write_acc_gyro_register(IMU963RA_MASTER_CONFIG, 0x6C);             // д»…еңЁз¬¬дёҖдёӘе‘Ёжңҹе
             -җҜз”ЁйҖҡи®Ҝ ејҖеҗҜдёҠжӢү I2Cдё»жңәдҪҝиғҪ
  368   1      }
  369          
  370          
  371          //-------------------------------------------------------------------------------------------------------
             -------------
  372          // еҮҪж•°з®Җд»Ӣ     IMU963RA е…ӯиҪҙиҮӘжЈҖ еҶ…йғЁи°ғз”Ё
  373          // еҸӮж•°иҜҙжҳҺ     void
  374          // иҝ”еӣһеҸӮж•°     uint8           1-иҮӘжЈҖеӨұиҙҘ 0-иҮӘжЈҖжҲҗеҠҹ
  375          // дҪҝз”ЁзӨәдҫӢ     imu963ra_acc_gyro_self_check();
  376          // еӨҮжіЁдҝЎжҒҜ     еҶ…йғЁи°ғз”Ё
  377          //-------------------------------------------------------------------------------------------------------
             -------------
  378          static uint8 imu963ra_acc_gyro_self_check (void)
  379          {
  380   1          uint8 return_state = 0;
  381   1          uint8 dat = 0;
  382   1          uint16 timeout_count = 0;
  383   1          
  384   1          while(0x6B != dat)                                                          // еҲӨж–ӯ ID жҳҜеҗҰжӯЈзЎ®
  385   1          {
  386   2              if(IMU963RA_TIMEOUT_COUNT < timeout_count ++)
  387   2              {
  388   3                  return_state = 1;
  389   3                  break;
  390   3              }
  391   2              
  392   2              dat = imu963ra_read_acc_gyro_register(IMU963RA_WHO_AM_I);
  393   2                      printf("dat = %d\r\n", dat);
  394   2              system_delay_ms(10);
  395   2          }
  396   1          
  397   1          return return_state;
C251 COMPILER V5.60.0,  zf_device_imu963ra                                                 25/02/26  13:16:58  PAGE 8   

  398   1      }
  399          
  400          //-------------------------------------------------------------------------------------------------------
             -------------
  401          // еҮҪж•°з®Җд»Ӣ     IMU963RA зЈҒеҠӣи®ЎиҮӘжЈҖ еҶ…йғЁи°ғз”Ё
  402          // еҸӮж•°иҜҙжҳҺ     void
  403          // иҝ”еӣһеҸӮж•°     uint8           1-иҮӘжЈҖеӨұиҙҘ 0-иҮӘжЈҖжҲҗеҠҹ
  404          // дҪҝз”ЁзӨәдҫӢ     imu963ra_mag_self_check();
  405          // еӨҮжіЁдҝЎжҒҜ     еҶ…йғЁи°ғз”Ё
  406          //-------------------------------------------------------------------------------------------------------
             -------------
  407          static uint8 imu963ra_mag_self_check (void)
  408          {
  409   1          uint8 return_state = 0;
  410   1          uint8 dat = 0;
  411   1          uint16 timeout_count = 0;
  412   1          
  413   1          while(0xff != dat)                                                          // еҲӨж–ӯ ID жҳҜеҗҰжӯЈзЎ®
  414   1          {
  415   2              if(IMU963RA_TIMEOUT_COUNT < timeout_count ++)
  416   2              {
  417   3                  return_state = 1;
  418   3                  break;
  419   3              }
  420   2              
  421   2              dat = imu963ra_read_mag_register(IMU963RA_MAG_ADDR, IMU963RA_MAG_CHIP_ID);
  422   2              system_delay_ms(10);
  423   2          }
  424   1          
  425   1          return return_state;
  426   1      }
  427          
  428          //-------------------------------------------------------------------------------------------------------
             -------------
  429          // еҮҪж•°з®Җд»Ӣ     иҺ·еҸ– IMU963RA еҠ йҖҹеәҰи®Ўж•°жҚ®
  430          // еҸӮж•°иҜҙжҳҺ     void
  431          // иҝ”еӣһеҸӮж•°     void
  432          // дҪҝз”ЁзӨәдҫӢ     imu963ra_get_acc();
  433          // еӨҮжіЁдҝЎжҒҜ     жү§иЎҢиҜҘеҮҪж•°еҗҺпјҢзӣҙжҺҘжҹҘзңӢеҜ№еә”зҡ„еҸҳйҮҸеҚіеҸҜ
  434          //-------------------------------------------------------------------------------------------------------
             -------------
  435          void imu963ra_get_acc (void)
  436          {
  437   1          uint8 dat[6];
  438   1          
  439   1          imu963ra_read_acc_gyro_registers(IMU963RA_OUTX_L_A, dat, 6);
  440   1          imu963ra_acc_x = (int16)(((uint16)dat[1] << 8 | dat[0]));
  441   1          imu963ra_acc_y = (int16)(((uint16)dat[3] << 8 | dat[2]));
  442   1          imu963ra_acc_z = (int16)(((uint16)dat[5] << 8 | dat[4]));
  443   1      }
  444          
  445          
  446          //-------------------------------------------------------------------------------------------------------
             -------------
  447          // еҮҪж•°з®Җд»Ӣ     иҺ·еҸ–IMU963RAйҷҖиһәд»Әж•°жҚ®
  448          // еҸӮж•°иҜҙжҳҺ     void
  449          // иҝ”еӣһеҸӮж•°     void
  450          // дҪҝз”ЁзӨәдҫӢ     imu963ra_get_gyro();
  451          // еӨҮжіЁдҝЎжҒҜ     жү§иЎҢиҜҘеҮҪж•°еҗҺпјҢзӣҙжҺҘжҹҘзңӢеҜ№еә”зҡ„еҸҳйҮҸеҚіеҸҜ
  452          //-------------------------------------------------------------------------------------------------------
             -------------
  453          void imu963ra_get_gyro (void)
  454          {
  455   1          uint8 dat[6];
  456   1          
  457   1          imu963ra_read_acc_gyro_registers(IMU963RA_OUTX_L_G, dat, 6);
C251 COMPILER V5.60.0,  zf_device_imu963ra                                                 25/02/26  13:16:58  PAGE 9   

  458   1          imu963ra_gyro_x = (int16)(((uint16)dat[1] << 8 | dat[0]));
  459   1          imu963ra_gyro_y = (int16)(((uint16)dat[3] << 8 | dat[2]));
  460   1          imu963ra_gyro_z = (int16)(((uint16)dat[5] << 8 | dat[4]));
  461   1      }
  462          
  463          
  464          //-------------------------------------------------------------------------------------------------------
             -------------
  465          // еҮҪж•°з®Җд»Ӣ     иҺ·еҸ– IMU963RA зЈҒеҠӣи®Ўж•°жҚ®
  466          // еҸӮж•°иҜҙжҳҺ     void
  467          // иҝ”еӣһеҸӮж•°     void
  468          // дҪҝз”ЁзӨәдҫӢ     imu963ra_get_mag();
  469          // еӨҮжіЁдҝЎжҒҜ     жү§иЎҢиҜҘеҮҪж•°еҗҺпјҢзӣҙжҺҘжҹҘзңӢеҜ№еә”зҡ„еҸҳйҮҸеҚіеҸҜ
  470          //-------------------------------------------------------------------------------------------------------
             -------------
  471          void imu963ra_get_mag (void)
  472          {
  473   1          uint8 temp_status;
  474   1          uint8 dat[6];
  475   1          
  476   1          imu963ra_write_acc_gyro_register(IMU963RA_FUNC_CFG_ACCESS, 0x40);
  477   1          temp_status = imu963ra_read_acc_gyro_register(IMU963RA_STATUS_MASTER);
  478   1          
  479   1          if(0x01 & temp_status)
  480   1          {
  481   2              imu963ra_read_acc_gyro_registers(IMU963RA_SENSOR_HUB_1, dat, 6);
  482   2              imu963ra_mag_x = (int16)(((uint16)dat[1] << 8 | dat[0]));
  483   2              imu963ra_mag_y = (int16)(((uint16)dat[3] << 8 | dat[2]));
  484   2              imu963ra_mag_z = (int16)(((uint16)dat[5] << 8 | dat[4]));
  485   2          }
  486   1          
  487   1          imu963ra_write_acc_gyro_register(IMU963RA_FUNC_CFG_ACCESS, 0x00);
  488   1      }
  489          
  490          //-------------------------------------------------------------------------------------------------------
             -------------
  491          // еҮҪж•°з®Җд»Ӣ     еҲқе§ӢеҢ– IMU963RA
  492          // еҸӮж•°иҜҙжҳҺ     void
  493          // иҝ”еӣһеҸӮж•°     uint8           1-еҲқе§ӢеҢ–еӨұиҙҘ 0-еҲқе§ӢеҢ–жҲҗеҠҹ
  494          // дҪҝз”ЁзӨәдҫӢ     imu963ra_init();
  495          // еӨҮжіЁдҝЎжҒҜ
  496          //-------------------------------------------------------------------------------------------------------
             -------------
  497          uint8 imu963ra_init (void)
  498          {
  499   1          uint8 return_state = 0;
  500   1          system_delay_ms(10);                                                        // дёҠз”өе»¶ж—¶
  501   1          
  502   1      #if (IMU963RA_USE_INTERFACE==HARDWARE_SPI)
                       
                       spi_init(IMU963RA_SPI, SPI_MODE0, IMU963RA_SPI_SPEED, IMU963RA_SPC_PIN, IMU963RA_SDI_PIN, IMU963RA_SDO_P
             -IN, SPI_CS_NULL);
                   gpio_init(IMU963RA_CS_PIN, GPO, GPIO_HIGH, GPO_PUSH_PULL);
                       
               #elif (IMU963RA_USE_INTERFACE==SOFT_SPI)
  508   1              
  509   1      // й»ҳи®ӨдҪҝз”ЁеҸҢеҗ‘IOпјҢдёҚйңҖиҰҒеҲқе§ӢеҢ–гҖӮ
  510   1      //      soft_spi_init(IMU963RA_SPI, SPI_MODE0, 0, IMU963RA_SPC_PIN, IMU963RA_SDI_PIN, IMU963RA_SDO_PIN, IMU963
             -RA_CS_PIN);
  511   1              
  512   1      #elif (IMU963RA_USE_INTERFACE==SOFT_IIC)
                       
                       soft_iic_init(&imu963ra_iic_struct, IMU963RA_DEV_ADDR, IMU963RA_SOFT_IIC_DELAY, IMU963RA_SCL_PIN, IMU963
             -RA_SDA_PIN);
                       
               #endif
C251 COMPILER V5.60.0,  zf_device_imu963ra                                                 25/02/26  13:16:58  PAGE 10  

  517   1              
  518   1          do
  519   1          {
  520   2              imu963ra_write_acc_gyro_register(IMU963RA_FUNC_CFG_ACCESS, 0x00);       // е…ій—ӯHUBеҜ„еӯҳеҷЁи®ҝй
             -—®
  521   2              imu963ra_write_acc_gyro_register(IMU963RA_CTRL3_C, 0x01);               // еӨҚдҪҚи®ҫеӨҮ
  522   2              system_delay_ms(2);
  523   2              imu963ra_write_acc_gyro_register(IMU963RA_FUNC_CFG_ACCESS, 0x00);       // е…ій—ӯHUBеҜ„еӯҳеҷЁи®ҝй
             -—®
  524   2              
  525   2              if(imu963ra_acc_gyro_self_check())
  526   2              {
  527   3                  printf( "IMU963RA acc and gyro self check error.");
  528   3                  return_state = 1;
  529   3                  break;
  530   3              }
  531   2              
  532   2              imu963ra_write_acc_gyro_register(IMU963RA_INT1_CTRL, 0x03);             // ејҖеҗҜйҷҖиһәд»Ә еҠ йҖҹ
             -еәҰж•°жҚ®е°ұз»Әдёӯж–ӯ
  533   2              
  534   2              // IMU963RA_CTRL1_XL еҜ„еӯҳеҷЁ
  535   2              // и®ҫзҪ®дёә 0x30 еҠ йҖҹеәҰйҮҸзЁӢдёә Вұ2  G    иҺ·еҸ–еҲ°зҡ„еҠ йҖҹеәҰи®Ўж•°жҚ®йҷӨд»Ҙ 16393  еҸҜд»Ҙ
             -иҪ¬еҢ–дёәеёҰзү©зҗҶеҚ•дҪҚзҡ„ж•°жҚ® еҚ•дҪҚ g(m/s^2)
  536   2              // и®ҫзҪ®дёә 0x38 еҠ йҖҹеәҰйҮҸзЁӢдёә Вұ4  G    иҺ·еҸ–еҲ°зҡ„еҠ йҖҹеәҰи®Ўж•°жҚ®йҷӨд»Ҙ 8197   еҸҜд»Ҙ
             -иҪ¬еҢ–дёәеёҰзү©зҗҶеҚ•дҪҚзҡ„ж•°жҚ® еҚ•дҪҚ g(m/s^2)
  537   2              // и®ҫзҪ®дёә 0x3C еҠ йҖҹеәҰйҮҸзЁӢдёә Вұ8  G    иҺ·еҸ–еҲ°зҡ„еҠ йҖҹеәҰи®Ўж•°жҚ®йҷӨд»Ҙ 4098   еҸҜд»Ҙ
             -иҪ¬еҢ–дёәеёҰзү©зҗҶеҚ•дҪҚзҡ„ж•°жҚ® еҚ•дҪҚ g(m/s^2)
  538   2              // и®ҫзҪ®дёә 0x34 еҠ йҖҹеәҰйҮҸзЁӢдёә Вұ16 G    иҺ·еҸ–еҲ°зҡ„еҠ йҖҹеәҰи®Ўж•°жҚ®йҷӨд»Ҙ 2049   еҸҜд»Ҙ
             -иҪ¬еҢ–дёәеёҰзү©зҗҶеҚ•дҪҚзҡ„ж•°жҚ® еҚ•дҪҚ g(m/s^2)
  539   2              switch(IMU963RA_ACC_SAMPLE_DEFAULT)
  540   2              {
  541   3                  default:
  542   3                  {
  543   4                      printf( "IMU963RA_ACC_SAMPLE_DEFAULT set error.\r\n");
  544   4                      return_state = 1;
  545   4                  }
  546   3                  break;
  547   3                  
  548   3                  case IMU963RA_ACC_SAMPLE_SGN_2G:
  549   3                  {
  550   4                      imu963ra_write_acc_gyro_register(IMU963RA_CTRL1_XL, 0x30);
  551   4                      imu963ra_transition_factor[0] = 16393;
  552   4                  }
  553   3                  break;
  554   3                  
  555   3                  case IMU963RA_ACC_SAMPLE_SGN_4G:
  556   3                  {
  557   4                      imu963ra_write_acc_gyro_register(IMU963RA_CTRL1_XL, 0x38);
  558   4                      imu963ra_transition_factor[0] = 8197;
  559   4                  }
  560   3                  break;
  561   3                  
  562   3                  case IMU963RA_ACC_SAMPLE_SGN_8G:
  563   3                  {
  564   4                      imu963ra_write_acc_gyro_register(IMU963RA_CTRL1_XL, 0x3C);
  565   4                      imu963ra_transition_factor[0] = 4098;
  566   4                  }
  567   3                  break;
  568   3                  
  569   3                  case IMU963RA_ACC_SAMPLE_SGN_16G:
  570   3                  {
  571   4                      imu963ra_write_acc_gyro_register(IMU963RA_CTRL1_XL, 0x34);
  572   4                      imu963ra_transition_factor[0] = 2049;
  573   4                  }
  574   3                  break;
  575   3              }
C251 COMPILER V5.60.0,  zf_device_imu963ra                                                 25/02/26  13:16:58  PAGE 11  

  576   2              
  577   2              if(1 == return_state)
  578   2              {
  579   3                  break;
  580   3              }
  581   2              
  582   2              // IMU963RA_CTRL2_G еҜ„еӯҳеҷЁ
  583   2              // и®ҫзҪ®дёә 0x52 йҷҖиһәд»ӘйҮҸзЁӢдёә Вұ125  dps    иҺ·еҸ–еҲ°зҡ„йҷҖиһәд»Әж•°жҚ®йҷӨд»Ҙ 228.6   еҸҜд
             -»ҘиҪ¬еҢ–дёәеёҰзү©зҗҶеҚ•дҪҚзҡ„ж•°жҚ® еҚ•дҪҚдёә В°/s
  584   2              // и®ҫзҪ®дёә 0x50 йҷҖиһәд»ӘйҮҸзЁӢдёә Вұ250  dps    иҺ·еҸ–еҲ°зҡ„йҷҖиһәд»Әж•°жҚ®йҷӨд»Ҙ 114.3   еҸҜд
             -»ҘиҪ¬еҢ–дёәеёҰзү©зҗҶеҚ•дҪҚзҡ„ж•°жҚ® еҚ•дҪҚдёә В°/s
  585   2              // и®ҫзҪ®дёә 0x54 йҷҖиһәд»ӘйҮҸзЁӢдёә Вұ500  dps    иҺ·еҸ–еҲ°зҡ„йҷҖиһәд»Әж•°жҚ®йҷӨд»Ҙ 57.1    еҸҜд
             -»ҘиҪ¬еҢ–дёәеёҰзү©зҗҶеҚ•дҪҚзҡ„ж•°жҚ® еҚ•дҪҚдёә В°/s
  586   2              // и®ҫзҪ®дёә 0x58 йҷҖиһәд»ӘйҮҸзЁӢдёә Вұ1000 dps    иҺ·еҸ–еҲ°зҡ„йҷҖиһәд»Әж•°жҚ®йҷӨд»Ҙ 28.6    еҸҜд
             -»ҘиҪ¬еҢ–дёәеёҰзү©зҗҶеҚ•дҪҚзҡ„ж•°жҚ® еҚ•дҪҚдёә В°/s
  587   2              // и®ҫзҪ®дёә 0x5C йҷҖиһәд»ӘйҮҸзЁӢдёә Вұ2000 dps    иҺ·еҸ–еҲ°зҡ„йҷҖиһәд»Әж•°жҚ®йҷӨд»Ҙ 14.3    еҸҜд
             -»ҘиҪ¬еҢ–дёәеёҰзү©зҗҶеҚ•дҪҚзҡ„ж•°жҚ® еҚ•дҪҚдёә В°/s
  588   2              // и®ҫзҪ®дёә 0x51 йҷҖиһәд»ӘйҮҸзЁӢдёә Вұ4000 dps    иҺ·еҸ–еҲ°зҡ„йҷҖиһәд»Әж•°жҚ®йҷӨд»Ҙ 7.1     еҸҜд
             -»ҘиҪ¬еҢ–дёәеёҰзү©зҗҶеҚ•дҪҚзҡ„ж•°жҚ® еҚ•дҪҚдёә В°/s
  589   2              switch(IMU963RA_GYRO_SAMPLE_DEFAULT)
  590   2              {
  591   3                  default:
  592   3                  {
  593   4                      printf( "IMU963RA_GYRO_SAMPLE_DEFAULT set error.\r\n");
  594   4                      return_state = 1;
  595   4                  }
  596   3                  break;
  597   3                  
  598   3                  case IMU963RA_GYRO_SAMPLE_SGN_125DPS:
  599   3                  {
  600   4                      imu963ra_write_acc_gyro_register(IMU963RA_CTRL2_G, 0x52);
  601   4                      imu963ra_transition_factor[1] = 228.6;
  602   4                  }
  603   3                  break;
  604   3                  
  605   3                  case IMU963RA_GYRO_SAMPLE_SGN_250DPS:
  606   3                  {
  607   4                      imu963ra_write_acc_gyro_register(IMU963RA_CTRL2_G, 0x50);
  608   4                      imu963ra_transition_factor[1] = 114.3;
  609   4                  }
  610   3                  break;
  611   3                  
  612   3                  case IMU963RA_GYRO_SAMPLE_SGN_500DPS:
  613   3                  {
  614   4                      imu963ra_write_acc_gyro_register(IMU963RA_CTRL2_G, 0x54);
  615   4                      imu963ra_transition_factor[1] = 57.1;
  616   4                  }
  617   3                  break;
  618   3                  
  619   3                  case IMU963RA_GYRO_SAMPLE_SGN_1000DPS:
  620   3                  {
  621   4                      imu963ra_write_acc_gyro_register(IMU963RA_CTRL2_G, 0x58);
  622   4                      imu963ra_transition_factor[1] = 28.6;
  623   4                  }
  624   3                  break;
  625   3                  
  626   3                  case IMU963RA_GYRO_SAMPLE_SGN_2000DPS:
  627   3                  {
  628   4                      imu963ra_write_acc_gyro_register(IMU963RA_CTRL2_G, 0x5C);
  629   4                      imu963ra_transition_factor[1] = 14.3;
  630   4                  }
  631   3                  break;
  632   3                  
  633   3                  case IMU963RA_GYRO_SAMPLE_SGN_4000DPS:
  634   3                  {
  635   4                      imu963ra_write_acc_gyro_register(IMU963RA_CTRL2_G, 0x51);
C251 COMPILER V5.60.0,  zf_device_imu963ra                                                 25/02/26  13:16:58  PAGE 12  

  636   4                      imu963ra_transition_factor[1] = 7.1;
  637   4                  }
  638   3                  break;
  639   3              }
  640   2              
  641   2              if(1 == return_state)
  642   2              {
  643   3                  break;
  644   3              }
  645   2              
  646   2              imu963ra_write_acc_gyro_register(IMU963RA_CTRL3_C, 0x44);               // дҪҝиғҪйҷҖиһәд»Әж•°еӯ—д
             -ҪҺйҖҡж»ӨжіўеҷЁ
  647   2              imu963ra_write_acc_gyro_register(IMU963RA_CTRL4_C, 0x02);               // дҪҝиғҪж•°еӯ—дҪҺйҖҡж»Өж
             -іўеҷЁ
  648   2              imu963ra_write_acc_gyro_register(IMU963RA_CTRL5_C, 0x00);               // еҠ йҖҹеәҰи®ЎдёҺйҷҖиһәд
             -»ӘеӣӣиҲҚдә”е…Ҙ
  649   2              imu963ra_write_acc_gyro_register(IMU963RA_CTRL6_C, 0x00);               // ејҖеҗҜеҠ йҖҹеәҰи®Ўй«ҳж
             -Җ§иғҪжЁЎејҸ йҷҖиһәд»ӘдҪҺйҖҡж»Өжіў 133hz
  650   2              imu963ra_write_acc_gyro_register(IMU963RA_CTRL7_G, 0x00);               // ејҖеҗҜйҷҖиһәд»Әй«ҳжҖ§и
             -ғҪжЁЎејҸ е…ій—ӯй«ҳйҖҡж»Өжіў
  651   2              imu963ra_write_acc_gyro_register(IMU963RA_CTRL9_XL, 0x01);              // е…ій—ӯI3CжҺҘеҸЈ
  652   2              
  653   2              imu963ra_write_acc_gyro_register(IMU963RA_FUNC_CFG_ACCESS, 0x40);       // ејҖеҗҜHUBеҜ„еӯҳеҷЁи®ҝй
             -—® з”ЁдәҺй…ҚзҪ®ең°зЈҒи®Ў
  654   2              imu963ra_write_acc_gyro_register(IMU963RA_MASTER_CONFIG, 0x80);         // еӨҚдҪҚI2Cдё»жңә
  655   2              system_delay_ms(2);
  656   2              imu963ra_write_acc_gyro_register(IMU963RA_MASTER_CONFIG, 0x00);         // жё…йҷӨеӨҚдҪҚж Үеҝ—
  657   2              system_delay_ms(2);
  658   2              
  659   2              imu963ra_write_mag_register(IMU963RA_MAG_ADDR, IMU963RA_MAG_CONTROL2, 0x80);// еӨҚдҪҚиҝһжҺҘзҡ„еӨ–
             -и®ҫ
  660   2              system_delay_ms(2);
  661   2              imu963ra_write_mag_register(IMU963RA_MAG_ADDR, IMU963RA_MAG_CONTROL2, 0x00);
  662   2              system_delay_ms(2);
  663   2              
  664   2              if(imu963ra_mag_self_check())
  665   2              {
  666   3                  printf( "IMU963RA mag self check error.\r\n");
  667   3                  return_state = 1;
  668   3                  break;
  669   3              }
  670   2              
  671   2              // IMU963RA_MAG_ADDR еҜ„еӯҳеҷЁ
  672   2              // и®ҫзҪ®дёә 0x09 зЈҒеҠӣи®ЎйҮҸзЁӢдёә 2G   иҺ·еҸ–еҲ°зҡ„зЈҒеҠӣи®Ўж•°жҚ®йҷӨд»Ҙ 12000   еҸҜд»ҘиҪ¬еҢ–д
             -ёәеёҰзү©зҗҶеҚ•дҪҚзҡ„ж•°жҚ® еҚ•дҪҚ G(й«ҳж–Ҝ)
  673   2              // и®ҫзҪ®дёә 0x19 зЈҒеҠӣи®ЎйҮҸзЁӢдёә 8G   иҺ·еҸ–еҲ°зҡ„зЈҒеҠӣи®Ўж•°жҚ®йҷӨд»Ҙ 3000    еҸҜд»ҘиҪ¬еҢ–д
             -ёәеёҰзү©зҗҶеҚ•дҪҚзҡ„ж•°жҚ® еҚ•дҪҚ G(й«ҳж–Ҝ)
  674   2              switch(IMU963RA_MAG_SAMPLE_DEFAULT)
  675   2              {
  676   3                  default:
  677   3                  {
  678   4                      printf( "IMU963RA_MAG_SAMPLE_DEFAULT set error.\r\n");
  679   4                      return_state = 1;
  680   4                  }
  681   3                  break;
  682   3                  
  683   3                  case IMU963RA_MAG_SAMPLE_2G:
  684   3                  {
  685   4                      imu963ra_write_mag_register(IMU963RA_MAG_ADDR, IMU963RA_MAG_CONTROL1, 0x09);
  686   4                      imu963ra_transition_factor[2] = 12000;
  687   4                  }
  688   3                  break;
  689   3                  
  690   3                  case IMU963RA_MAG_SAMPLE_8G:
  691   3                  {
  692   4                      imu963ra_write_mag_register(IMU963RA_MAG_ADDR, IMU963RA_MAG_CONTROL1, 0x19);
C251 COMPILER V5.60.0,  zf_device_imu963ra                                                 25/02/26  13:16:58  PAGE 13  

  693   4                      imu963ra_transition_factor[2] = 3000;
  694   4                  }
  695   3                  break;
  696   3              }
  697   2              
  698   2              if(1 == return_state)
  699   2              {
  700   3                  break;
  701   3              }
  702   2              
  703   2              imu963ra_write_mag_register(IMU963RA_MAG_ADDR, IMU963RA_MAG_FBR, 0x01);
  704   2              imu963ra_connect_mag(IMU963RA_MAG_ADDR, IMU963RA_MAG_OUTX_L);
  705   2              
  706   2              imu963ra_write_acc_gyro_register(IMU963RA_FUNC_CFG_ACCESS, 0x00);       // е…ій—ӯHUBеҜ„еӯҳеҷЁи®ҝй
             -—®
  707   2              
  708   2              system_delay_ms(20);                                                    // зӯүеҫ…зЈҒеҠӣи®ЎиҺ·еҸ–ж
             -•°жҚ®
  709   2          }
  710   1          while(0);
  711   1          
  712   1          return return_state;
  713   1      }


Module Information          Static   Overlayable
------------------------------------------------
  code size            =      1986     ------
  ecode size           =    ------     ------
  data size            =    ------     ------
  idata size           =    ------     ------
  pdata size           =    ------     ------
  xdata size           =       101     ------
  xdata-const size     =    ------     ------
  edata size           =    ------     ------
  bit size             =    ------     ------
  ebit size            =    ------     ------
  bitaddressable size  =    ------     ------
  ebitaddressable size =    ------     ------
  far data size        =    ------     ------
  huge data size       =    ------     ------
  const size           =    ------     ------
  hconst size          =       288     ------
End of Module Information.


C251 COMPILATION COMPLETE.  0 WARNING(S),  0 ERROR(S)
