C251 COMPILER V5.60.0,  zf_driver_encoder                                                  25/02/26  13:16:53  PAGE 1   


C251 COMPILER V5.60.0, COMPILATION OF MODULE zf_driver_encoder
OBJECT MODULE PLACED IN .\out_file\zf_driver_encoder.obj
COMPILER INVOKED BY: D:\keil\C251\BIN\C251.EXE ..\..\libraries\zf_driver\zf_driver_encoder.c LARGE NOALIAS WARNINGLEVEL(
                    -3) OPTIMIZE(0,SIZE) BROWSE INCDIR(..\..\libraries\zf_common;..\..\libraries\zf_components;..\..\libraries\zf_device;..\.
                    -.\libraries\zf_driver;..\user;..\code) DEBUG PRINT(.\out_file\zf_driver_encoder.lst) OBJECT(.\out_file\zf_driver_encoder
                    -.obj) 

stmt  level    source

    1          /********************************************************************************************************
             -*************
    2          * STC32G Opensourec Library МДЃЈSTC32G ПЊдДПтЃЉЪЧвЛИіЛљгкЙйЗН SDK НгПкЕФЕкШ§ЗНПЊдДПт
    3          * Copyright (c) 2022 SEEKFREE ж№ЗЩПЦММ
    4          *
    5          * БОЮФМўЪЧSTC ПЊдДПтЕФвЛВПЗж
    6          *
    7          * STC32G ПЊдДПт ЪЧУтЗбШэМў
    8          * ФњПЩвдИљОнздгЩШэМўЛљН№ЛсЗЂВМЕФ GPLЃЈGNU General Public LicenseЃЌМД GNUЭЈгУЙЋЙВаэПЩжЄЃЉЕФЬѕПю
    9          * МД GPL ЕФЕк3АцЃЈМД GPL3.0ЃЉЛђЃЈФњбЁдёЕФЃЉШЮКЮКѓРДЕФАцБОЃЌжиаТЗЂВМКЭ/ЛђаоИФЫќ
   10          *
   11          * БОПЊдДПтЕФЗЂВМЪЧЯЃЭћЫќФмЗЂЛгзїгУЃЌЕЋВЂЮДЖдЦфзїШЮКЮЕФБЃжЄ
   12          * ЩѕжСУЛгавўКЌЕФЪЪЯњадЛђЪЪКЯЬиЖЈгУЭОЕФБЃжЄ
   13          * ИќЖрЯИНкЧыВЮМћ GPL
   14          *
   15          * ФњгІИУдкЪеЕНБОПЊдДПтЕФЭЌЪБЪеЕНвЛЗн GPL ЕФИББО
   16          * ШчЙћУЛгаЃЌЧыВЮдФ<https://www.gnu.org/licenses/>
   17          *
   18          * ЖюЭтзЂУїЃК
   19          * БОПЊдДПтЪЙгУ GPL3.0 ПЊдДаэПЩжЄа­вщ вдЩЯаэПЩЩъУїЮЊвыЮФАцБО
   20          * аэПЩЩъУїгЂЮФАцдк libraries/doc ЮФМўМаЯТЕФ GPL3_permission_statement.txt ЮФМўжа
   21          * аэПЩжЄИББОдк libraries ЮФМўМаЯТ МДИУЮФМўМаЯТЕФ LICENSE ЮФМў
   22          * ЛЖг­ИїЮЛЪЙгУВЂДЋВЅБОГЬађ ЕЋаоИФФкШнЪББиаыБЃСєж№ЗЩПЦММЕФАцШЈЩљУїЃЈМДБОЩљУїЃЉ
   23          *
   24          * ЮФМўУћГЦ          
   25          * ЙЋЫОУћГЦ          ГЩЖМж№ЗЩПЦММгаЯоЙЋЫО
   26          * АцБОаХЯЂ          ВщПД libraries/doc ЮФМўМаФк version ЮФМў АцБОЫЕУї
   27          * ПЊЗЂЛЗОГ          MDK FOR C251
   28          * ЪЪгУЦНЬЈ          STC32G
   29          * ЕъЦЬСДНг          https://seekfree.taobao.com/
   30          *
   31          * аоИФМЧТМ
   32          * ШеЦк              зїеп           БИзЂ
   33          * 2024-08-01        ДѓW            first version
   34          *********************************************************************************************************
             -***********/
   35          #include "zf_driver_gpio.h"
   36          #include "zf_driver_encoder.h"
   37          
   38          static volatile uint8 encoder_dir_pin[6] = { 0xFF, 0xFF, 0xFF, 0xFF, 0xFF, 0xFF};
   39          
   40          //-------------------------------------------------------------------------------------------------------
             -------------
   41          // КЏЪ§МђНщ     ЖЈЪБЦїБрТыЦїНтТыШЁжЕ
   42          // ВЮЪ§ЫЕУї     encoder_n      ЖЈЪБЦїУЖОйЬх
   43          // ЗЕЛиВЮЪ§     void
   44          // БИзЂаХЯЂ
   45          // ЪЙгУЪОР§    encoder_get_count(TIM2_ENCOEDER)  // ЛёШЁЖЈЪБЦї2ЕФВЩМЏЕНЕФБрТыЦїЪ§Он
   46          //-------------------------------------------------------------------------------------------------------
             -------------
   47          int16 encoder_get_count(encoder_index_enum encoder_n)
   48          {
   49   1          int16 dat = 0;
   50   1          switch(encoder_n)
   51   1          {
   52   2              case TIM0_ENCOEDER:
C251 COMPILER V5.60.0,  zf_driver_encoder                                                  25/02/26  13:16:53  PAGE 2   

   53   2              {
   54   3                  dat = (uint16)TH0 << 8;
   55   3                  dat = ((uint8)TL0) | dat;
   56   3                  break;
   57   3              }
   58   2              case TIM1_ENCOEDER:
   59   2              {
   60   3                  dat = (uint16)TH1 << 8;
   61   3                  dat = ((uint8)TL1) | dat;
   62   3                  break;
   63   3              }
   64   2              case TIM2_ENCOEDER:
   65   2              {
   66   3                  dat = (uint16)T2H << 8;
   67   3                  dat = ((uint8)T2L) | dat;
   68   3                  break;
   69   3              }
   70   2              case TIM3_ENCOEDER:
   71   2              {
   72   3                  dat = (uint16)T3H << 8;
   73   3                  dat = ((uint8)T3L) | dat;
   74   3                  break;
   75   3              }
   76   2              case TIM4_ENCOEDER:
   77   2              {
   78   3                  dat = (uint16)T4H << 8;
   79   3                  dat = ((uint8)T4L) | dat;
   80   3                  break;
   81   3              }
   82   2          }
   83   1          if(gpio_get_level(encoder_dir_pin[encoder_n]))
   84   1          {
   85   2              return (-dat);
   86   2          }
   87   1          return dat;
   88   1      }
   89          
   90          //-------------------------------------------------------------------------------------------------------
             -------------
   91          // КЏЪ§МђНщ     ЖЈЪБЦїЕФМЦЪ§ЦїЧхПе
   92          // ВЮЪ§ЫЕУї     encoder_n      ЖЈЪБЦїУЖОйЬх
   93          // ЗЕЛиВЮЪ§     void
   94          // БИзЂаХЯЂ
   95          // ЪЙгУЪОР§    encoder_clear_count(TIM1_ENCOEDER)  //ЧхГ§ЖЈЪБЦї1ВЩМЏЕНЕФБрТыЦїЪ§Он
   96          //-------------------------------------------------------------------------------------------------------
             -------------
   97          void encoder_clear_count(encoder_index_enum encoder_n)
   98          {
   99   1          switch(encoder_n)
  100   1          {
  101   2              case TIM0_ENCOEDER:
  102   2              {
  103   3                  TR0 = 0;
  104   3                  TH0 = 0;
  105   3                  TL0 = 0;
  106   3                  TR0 = 1;
  107   3                  break;
  108   3              }
  109   2              case TIM1_ENCOEDER:
  110   2              {
  111   3                  TR1 = 0;
  112   3                  TH1 = 0;
  113   3                  TL1 = 0;
  114   3                  TR1 = 1;
  115   3                  break;
  116   3              }
C251 COMPILER V5.60.0,  zf_driver_encoder                                                  25/02/26  13:16:53  PAGE 3   

  117   2              case TIM2_ENCOEDER:
  118   2              {
  119   3                  AUXR &= ~(1 << 4);
  120   3                  T2H = 0;
  121   3                  T2L = 0;
  122   3                  AUXR |= 1 << 4;
  123   3                  break;
  124   3              }
  125   2              case TIM3_ENCOEDER:
  126   2              {
  127   3                  T4T3M &= ~(1 << 3);
  128   3                  T3H = 0;
  129   3                  T3L = 0;
  130   3                  T4T3M |= (1 << 3);
  131   3                  break;
  132   3              }
  133   2              case TIM4_ENCOEDER:
  134   2              {
  135   3                  T4T3M &= ~(1 << 7);
  136   3                  T4H = 0;
  137   3                  T4L = 0;
  138   3                  T4T3M |= (1 << 7);
  139   3                  break;
  140   3              }
  141   2          }
  142   1      }
  143          
  144          //-------------------------------------------------------------------------------------------------------
             -------------
  145          // КЏЪ§МђНщ     БрТыЦїНтТыГѕЪМЛЏ
  146          // ВЮЪ§ЫЕУї     timer_ch        ЖЈЪБЦїУЖОйЬх
  147          // ВЮЪ§ЫЕУї     lsb_pin         БрТыЦїТіГхв§НХ
  148          // ВЮЪ§ЫЕУї     dir_pin         БрТыЦїЗНЯђв§НХ
  149          // ЗЕЛиВЮЪ§     void
  150          //          ЭЦМіЪЙгУДјЗНЯђНтТыБрТыЦїЁЃ
  151          // ЪЙгУЪОР§      encoder_init_dir(TIM1_ENCOEDER, TIM1_CH1_ENCOEDER_E9, TIM1_CH2_ENCOEDER_E11)
  152          //                              // ЪЙгУЖЈЪБЦї1 зіДјЗНЯђЕФБрТыЦїНтТыЃЌ ЭЈЕР1ЗНЯђаХКХв§НХE9ЃЌЭЈЕР2ТіГхаХКХв
             -§НХE11
  153          //-------------------------------------------------------------------------------------------------------
             -------------
  154          void encoder_dir_init(encoder_index_enum encoder_n, gpio_pin_enum dir_pin, encoder_channel_enum lsb_pin)
  155          {
  156   1          // ШчЙћГЬађдкЪфГіСЫЖЯбдаХЯЂ ВЂЧвЬсЪОГіДэЮЛжУдкетРя
  157   1          // ОЭШЅВщПДФудкЪВУДЕиЗНЕїгУетИіКЏЪ§ МьВщФуЕФДЋШыВЮЪ§
  158   1          // етРяЪЧМьВщЪЧЗёгажиИДЪЙгУЖЈЪБЦї
  159   1          // БШШчГѕЪМЛЏСЫ TIM1_PWM ШЛКѓгжГѕЪМЛЏГЩ TIM1_ENCODER етжжгУЗЈЪЧВЛдЪаэЕФ
  160   1          zf_assert(timer_funciton_check(encoder_n, TIMER_FUNCTION_ENCODER));
  161   1          zf_assert((dir_pin >> 8) == 0x00);
  162   1          zf_assert((lsb_pin >> 8) == encoder_n);
  163   1          // ГѕЪМЛЏЗНЯђв§НХ
  164   1          gpio_init(dir_pin, GPI, 0, GPI_PULL_UP);
  165   1          gpio_init(lsb_pin&0xFF, GPI, 0, GPI_PULL_UP);
  166   1          encoder_dir_pin[encoder_n] = dir_pin;                               // НЋЗНЯђв§НХКХДцШыЪ§зщжа
  167   1          switch(encoder_n)
  168   1          {
  169   2              case TIM0_ENCOEDER:
  170   2              {
  171   3                  TL0 = 0;
  172   3                  TH0 = 0;
  173   3                  TMOD |= 0x04; //ЭтВПМЦЪ§ФЃЪН
  174   3                  TR0 = 1; //ЦєЖЏЖЈЪБЦї
  175   3                  break;
  176   3              }
  177   2              case TIM1_ENCOEDER:
  178   2              {
  179   3                  TL1 = 0x00;
C251 COMPILER V5.60.0,  zf_driver_encoder                                                  25/02/26  13:16:53  PAGE 4   

  180   3                  TH1 = 0x00;
  181   3                  TMOD |= 0x40; // ЭтВПМЦЪ§ФЃЪН
  182   3                  TR1 = 1; // ЦєЖЏЖЈЪБЦї
  183   3                  break;
  184   3              }
  185   2              case TIM2_ENCOEDER:
  186   2              {
  187   3                  T2L = 0x00;
  188   3                  T2H = 0x00;
  189   3                  AUXR |= 0x18; // ЩшжУЭтВПМЦЪ§ФЃЪНВЂЦєЖЏЖЈЪБЦї
  190   3                  break;
  191   3              }
  192   2              case TIM3_ENCOEDER:
  193   2              {
  194   3                  T3L = 0;
  195   3                  T3H = 0;
  196   3                  T4T3M |= 0x0c; // ЩшжУЭтВПМЦЪ§ФЃЪНВЂЦєЖЏЖЈЪБЦї
  197   3                  break;
  198   3              }
  199   2              case TIM4_ENCOEDER:
  200   2              {
  201   3                  T4L = 0;
  202   3                  T4H = 0;
  203   3                  T4T3M |= 0xc0; // ЩшжУЭтВПМЦЪ§ФЃЪНВЂЦєЖЏЖЈЪБЦї
  204   3                  break;
  205   3              }
  206   2          }
  207   1      }


Module Information          Static   Overlayable
------------------------------------------------
  code size            =       635     ------
  ecode size           =    ------     ------
  data size            =    ------     ------
  idata size           =    ------     ------
  pdata size           =    ------     ------
  xdata size           =        18     ------
  xdata-const size     =    ------     ------
  edata size           =    ------     ------
  bit size             =    ------     ------
  ebit size            =    ------     ------
  bitaddressable size  =    ------     ------
  ebitaddressable size =    ------     ------
  far data size        =    ------     ------
  huge data size       =    ------     ------
  const size           =    ------     ------
  hconst size          =        57     ------
End of Module Information.


C251 COMPILATION COMPLETE.  0 WARNING(S),  0 ERROR(S)
