C251 COMPILER V5.60.0,  filter                                                             01/03/26  18:13:44  PAGE 1   


C251 COMPILER V5.60.0, COMPILATION OF MODULE filter
OBJECT MODULE PLACED IN .\out_file\filter.obj
COMPILER INVOKED BY: D:\keil\C251\BIN\C251.EXE filter.c LARGE NOALIAS WARNINGLEVEL(3) OPTIMIZE(0,SIZE) BROWSE INCDIR(..\
                    -..\libraries\zf_common;..\..\libraries\zf_components;..\..\libraries\zf_device;..\..\libraries\zf_driver;..\user;..\code
                    -) DEBUG PRINT(.\out_file\filter.lst) OBJECT(.\out_file\filter.obj) 

stmt  level    source

    1          #include "filter.h"
    2          
    3          //==============================================================================
    4          // 홍애긴좆
    5          //==============================================================================
    6          int L1_filt, L2_filt, L3_filt, L4_filt;
    7          static uint16 history[4][FILTER_WINDOW_SIZE];
    8          static uint8 index;
    9          
   10          //==============================================================================
   11          // 쫀꺼놓迦뺏
   12          //==============================================================================
   13          void Filter_Init(void)
   14          {
   15   1          uint8 i, j;
   16   1          
   17   1          for(i = 0; i < 4; i++) {
   18   2              for(j = 0; j < FILTER_WINDOW_SIZE; j++) {
   19   3                  history[i][j] = 0;
   20   3              }
   21   2          }
   22   1          index = 0;
   23   1          L1_filt = L2_filt = L3_filt = L4_filt = 0;
   24   1      }
   25          
   26          //==============================================================================
   27          // 뺄땡틱엇쫀꺼뇹잿
   28          //==============================================================================
   29          void Filter_Process(void)
   30          {
   31   1          uint8 i;
   32   1          uint32 sum1, sum2, sum3, sum4;
   33   1          
   34   1          // 뫘劤저袈鑒앴
   35   1          history[0][index] = L1_filt;
   36   1          history[1][index] = L2_filt;
   37   1          history[2][index] = L3_filt;
   38   1          history[3][index] = L4_filt;
   39   1          
   40   1          // 셕炬悧뵨
   41   1          sum1 = sum2 = sum3 = sum4 = 0;
   42   1          for(i = 0; i < FILTER_WINDOW_SIZE; i++) {
   43   2              sum1 += history[0][i];
   44   2              sum2 += history[1][i];
   45   2              sum3 += history[2][i];
   46   2              sum4 += history[3][i];
   47   2          }
   48   1          
   49   1          // 셕炬틱엇令
   50   1          L1_filt = sum1 / FILTER_WINDOW_SIZE;
   51   1          L2_filt = sum2 / FILTER_WINDOW_SIZE;
   52   1          L3_filt = sum3 / FILTER_WINDOW_SIZE;
   53   1          L4_filt = sum4 / FILTER_WINDOW_SIZE;
   54   1          
   55   1          // 뫘劤乞多
   56   1          index = (index + 1) % FILTER_WINDOW_SIZE;
   57   1      }
C251 COMPILER V5.60.0,  filter                                                             01/03/26  18:13:44  PAGE 2   



Module Information          Static   Overlayable
------------------------------------------------
  code size            =       645     ------
  ecode size           =    ------     ------
  data size            =    ------     ------
  idata size           =    ------     ------
  pdata size           =    ------     ------
  xdata size           =        68     ------
  xdata-const size     =    ------     ------
  edata size           =    ------     ------
  bit size             =    ------     ------
  ebit size            =    ------     ------
  bitaddressable size  =    ------     ------
  ebitaddressable size =    ------     ------
  far data size        =    ------     ------
  huge data size       =    ------     ------
  const size           =    ------     ------
  hconst size          =    ------     ------
End of Module Information.


C251 COMPILATION COMPLETE.  0 WARNING(S),  0 ERROR(S)
