C251 COMPILER V5.60.0,  path                                                               01/03/26  18:13:43  PAGE 1   


C251 COMPILER V5.60.0, COMPILATION OF MODULE path
OBJECT MODULE PLACED IN .\out_file\path.obj
COMPILER INVOKED BY: D:\keil\C251\BIN\C251.EXE path.c LARGE NOALIAS WARNINGLEVEL(3) OPTIMIZE(0,SIZE) BROWSE INCDIR(..\..
                    -\libraries\zf_common;..\..\libraries\zf_components;..\..\libraries\zf_device;..\..\libraries\zf_driver;..\user;..\code) 
                    -DEBUG PRINT(.\out_file\path.lst) OBJECT(.\out_file\path.obj) 

stmt  level    source

    1          #include "path.h"
    2          #include <stdlib.h>
    3          
    4          //==============================================================================
    5          // ľ˛Ě¬±äÁż
    6          //==============================================================================
    7          static PathType_t current_path;
    8          static int path_counter;
    9          
   10          //==============================================================================
   11          // Â·ľ¶łőĘĽ»Ż
   12          //==============================================================================
   13          void Path_Init(void)
   14          {
   15   1          current_path = PATH_STRAIGHT;
   16   1          path_counter = 0;
   17   1      }
   18          
   19          //==============================================================================
   20          // Â·ľ¶ŔŕĐÍĽě˛â
   21          //==============================================================================
   22          PathType_t Path_Detect(int L1, int L2, int L3, int L4)
   23          {
   24   1          int edge_diff;
   25   1          int middle_sum;
   26   1          
   27   1          // Ľě˛âĆ˝µŘ
   28   1          if(L1 < THRESHOLD_BLACK && L2 < THRESHOLD_BLACK && 
   29   1             L3 < THRESHOLD_BLACK && L4 < THRESHOLD_BLACK) {
   30   2              return PATH_FLAT;
   31   2          }
   32   1          
   33   1          // Ľě˛âĘ®×ÖÂ·żÚ
   34   1          if(L1 > THRESHOLD_CROSS && L2 > THRESHOLD_CROSS && 
   35   1             L3 > THRESHOLD_CROSS && L4 > THRESHOLD_CROSS) {
   36   2              return PATH_CROSSROAD;
   37   2          }
   38   1          
   39   1          // Ľě˛âÖ±˝ÇÍä
   40   1          edge_diff = abs(L1 - L4);
   41   1          middle_sum = L2 + L3;
   42   1          
   43   1          if(edge_diff > THRESHOLD_EDGE && middle_sum < THRESHOLD_BLACK * 2) {
   44   2              if(L1 > L4) {
   45   3                  return PATH_LEFT_ANGLE;
   46   3              } else {
   47   3                  return PATH_RIGHT_ANGLE;
   48   3              }
   49   2          }
   50   1          
   51   1          return PATH_STRAIGHT;
   52   1      }
   53          
   54          //==============================================================================
   55          // »ńČˇÂ·ľ¶·˝ĎňŁ¨Ć«ŔëÖĐĐÄłĚ¶ČŁ©
   56          //==============================================================================
   57          PathDirection_t Path_Get_Direction(int L1, int L2, int L3, int L4)
C251 COMPILER V5.60.0,  path                                                               01/03/26  18:13:43  PAGE 2   

   58          {
   59   1          int sum;
   60   1          int weighted;
   61   1          int position;
   62   1          
   63   1          sum = L1 + L2 + L3 + L4;
   64   1          if(sum == 0) return DIR_STRAIGHT;
   65   1          
   66   1          weighted = L1 * 1 + L2 * 2 + L3 * 3 + L4 * 4;
   67   1          position = (weighted * 100) / sum;
   68   1          
   69   1          if(position < 225) {
   70   2              return DIR_LEFT;
   71   2          } else if(position > 275) {
   72   2              return DIR_RIGHT;
   73   2          } else {
   74   2              return DIR_STRAIGHT;
   75   2          }
   76   1      }
   77          
   78          //==============================================================================
   79          // »ńČˇżŘÖĆ¶Ż×÷
   80          //==============================================================================
   81          PathAction_t Path_Get_Action(PathType_t path, int L1, int L2, int L3, int L4)
   82          {
   83   1          PathAction_t action = ACTION_TRACKING;
   84   1          
   85   1          (void)L2;    // ĎűłýÎ´ĘąÓĂ˛ÎĘýľŻ¸ć
*** WARNING C138 IN LINE 85 OF path.c: expression with possibly no effect
   86   1          (void)L3;
*** WARNING C138 IN LINE 86 OF path.c: expression with possibly no effect
   87   1          
   88   1          switch(path)
   89   1          {
   90   2              case PATH_STRAIGHT:
   91   2                  action = ACTION_TRACKING;
   92   2                  break;
   93   2                  
   94   2              case PATH_LEFT_ANGLE:
   95   2              case PATH_RIGHT_ANGLE:
   96   2                  path_counter++;
   97   2                  if(path_counter < 20) {
   98   3                      if(L1 > L4) {
   99   4                          action = ACTION_TURN_LEFT_HARD;
  100   4                      } else {
  101   4                          action = ACTION_TURN_RIGHT_HARD;
  102   4                      }
  103   3                  } else {
  104   3                      path_counter = 0;
  105   3                      action = ACTION_TRACKING;
  106   3                  }
  107   2                  break;
  108   2                  
  109   2              case PATH_CIRCULAR:
  110   2                  if(L1 > L4) {
  111   3                      action = ACTION_TURN_LEFT_SMOOTH;
  112   3                  } else {
  113   3                      action = ACTION_TURN_RIGHT_SMOOTH;
  114   3                  }
  115   2                  break;
  116   2                  
  117   2              case PATH_CROSSROAD:
  118   2                  action = ACTION_TRACKING;
  119   2                  break;
  120   2                  
  121   2              case PATH_ZIGZAG:
C251 COMPILER V5.60.0,  path                                                               01/03/26  18:13:43  PAGE 3   

  122   2                  action = ACTION_TRACKING_FAST;
  123   2                  break;
  124   2                  
  125   2              case PATH_ROUNDABOUT:
  126   2                  action = ACTION_ROUNDABOUT;
  127   2                  break;
  128   2                  
  129   2              case PATH_FLAT:
  130   2              default:
  131   2                  action = ACTION_TRACKING;
  132   2                  break;
  133   2          }
  134   1          
  135   1          return action;
  136   1      }


Module Information          Static   Overlayable
------------------------------------------------
  code size            =       724     ------
  ecode size           =    ------     ------
  data size            =    ------     ------
  idata size           =    ------     ------
  pdata size           =    ------     ------
  xdata size           =        38     ------
  xdata-const size     =    ------     ------
  edata size           =    ------     ------
  bit size             =    ------     ------
  ebit size            =    ------     ------
  bitaddressable size  =    ------     ------
  ebitaddressable size =    ------     ------
  far data size        =    ------     ------
  huge data size       =    ------     ------
  const size           =    ------     ------
  hconst size          =    ------     ------
End of Module Information.


C251 COMPILATION COMPLETE.  2 WARNING(S),  0 ERROR(S)
