C251 COMPILER V5.60.0,  zf_device_imu660rb                                                 01/03/26  18:13:40  PAGE 1   


C251 COMPILER V5.60.0, COMPILATION OF MODULE zf_device_imu660rb
OBJECT MODULE PLACED IN .\out_file\zf_device_imu660rb.obj
COMPILER INVOKED BY: D:\keil\C251\BIN\C251.EXE ..\..\libraries\zf_device\zf_device_imu660rb.c LARGE NOALIAS WARNINGLEVEL
                    -(3) OPTIMIZE(0,SIZE) BROWSE INCDIR(..\..\libraries\zf_common;..\..\libraries\zf_components;..\..\libraries\zf_device;..\
                    -..\libraries\zf_driver;..\user;..\code) DEBUG PRINT(.\out_file\zf_device_imu660rb.lst) OBJECT(.\out_file\zf_device_imu66
                    -0rb.obj) 

stmt  level    source

    1          /********************************************************************************************************
             -*************
    2          * STC32G Opensourec Library МДЃЈSTC32G ПЊдДПтЃЉЪЧвЛИіЛљгкЙйЗН SDK НгПкЕФЕкШ§ЗНПЊдДПт
    3          * Copyright (c) 2022 SEEKFREE ж№ЗЩПЦММ
    4          *
    5          * БОЮФМўЪЧSTC ПЊдДПтЕФвЛВПЗж
    6          *
    7          * STC32G ПЊдДПт ЪЧУтЗбШэМў
    8          * ФњПЩвдИљОнздгЩШэМўЛљН№ЛсЗЂВМЕФ GPLЃЈGNU General Public LicenseЃЌМД GNUЭЈгУЙЋЙВаэПЩжЄЃЉЕФЬѕПю
    9          * МД GPL ЕФЕк3АцЃЈМД GPL3.0ЃЉЛђЃЈФњбЁдёЕФЃЉШЮКЮКѓРДЕФАцБОЃЌжиаТЗЂВМКЭ/ЛђаоИФЫќ
   10          *
   11          * БОПЊдДПтЕФЗЂВМЪЧЯЃЭћЫќФмЗЂЛгзїгУЃЌЕЋВЂЮДЖдЦфзїШЮКЮЕФБЃжЄ
   12          * ЩѕжСУЛгавўКЌЕФЪЪЯњадЛђЪЪКЯЬиЖЈгУЭОЕФБЃжЄ
   13          * ИќЖрЯИНкЧыВЮМћ GPL
   14          *
   15          * ФњгІИУдкЪеЕНБОПЊдДПтЕФЭЌЪБЪеЕНвЛЗн GPL ЕФИББО
   16          * ШчЙћУЛгаЃЌЧыВЮдФ<https://www.gnu.org/licenses/>
   17          *
   18          * ЖюЭтзЂУїЃК
   19          * БОПЊдДПтЪЙгУ GPL3.0 ПЊдДаэПЩжЄа­вщ вдЩЯаэПЩЩъУїЮЊвыЮФАцБО
   20          * аэПЩЩъУїгЂЮФАцдк libraries/doc ЮФМўМаЯТЕФ GPL3_permission_statement.txt ЮФМўжа
   21          * аэПЩжЄИББОдк libraries ЮФМўМаЯТ МДИУЮФМўМаЯТЕФ LICENSE ЮФМў
   22          * ЛЖг­ИїЮЛЪЙгУВЂДЋВЅБОГЬађ ЕЋаоИФФкШнЪББиаыБЃСєж№ЗЩПЦММЕФАцШЈЩљУїЃЈМДБОЩљУїЃЉ
   23          *
   24          * ЮФМўУћГЦ          
   25          * ЙЋЫОУћГЦ          ГЩЖМж№ЗЩПЦММгаЯоЙЋЫО
   26          * АцБОаХЯЂ          ВщПД libraries/doc ЮФМўМаФк version ЮФМў АцБОЫЕУї
   27          * ПЊЗЂЛЗОГ          MDK FOR C251
   28          * ЪЪгУЦНЬЈ          STC32G
   29          * ЕъЦЬСДНг          https://seekfree.taobao.com/
   30          *
   31          * аоИФМЧТМ
   32          * ШеЦк              зїеп           БИзЂ
   33          * 2024-08-01        ДѓW            first version
   34          *********************************************************************************************************
             -***********/
   35          /********************************************************************************************************
             -*************
   36          * НгЯпЖЈвхЃК
   37          *                   ------------------------------------
   38          *                   ФЃПщЙмНХ            ЕЅЦЌЛњЙмНХ
   39          *                   // гВМў SPI в§НХ
   40          *                   SCL/SPC           ВщПД zf_device_imu660rb.h жа IMU660RB_SPC_PIN КъЖЈвх
   41          *                   SDA/DSI           ВщПД zf_device_imu660rb.h жа IMU660RB_SDI_PIN КъЖЈвх
   42          *                   SA0/SDO           ВщПД zf_device_imu660rb.h жа IMU660RB_SDO_PIN КъЖЈвх
   43          *                   CS                ВщПД zf_device_imu660rb.h жа IMU660RB_CS_PIN КъЖЈвх
   44          *                   VCC               3.3VЕчдД
   45          *                   GND               ЕчдДЕи
   46          *                   Цфгрв§НХаќПе
   47          *
   48          *                   // ШэМў IIC в§НХ
   49          *                   SCL/SPC           ВщПД zf_device_imu660rb.h жа IMU660RB_SCL_PIN КъЖЈвх
   50          *                   SDA/DSI           ВщПД zf_device_imu660rb.h жа IMU660RB_SDA_PIN КъЖЈвх
   51          *                   VCC               3.3VЕчдД
   52          *                   GND               ЕчдДЕи
   53          *                   Цфгрв§НХаќПе
C251 COMPILER V5.60.0,  zf_device_imu660rb                                                 01/03/26  18:13:40  PAGE 2   

   54          *                   ------------------------------------
   55          *********************************************************************************************************
             -***********/
   56          
   57          #include "zf_common_debug.h"
   58          #include "zf_driver_delay.h"
   59          #include "zf_driver_spi.h"
   60          #include "zf_driver_gpio.h"
   61          #include "zf_driver_soft_iic.h"
   62          #include "zf_device_config.h"
   63          #include "zf_device_imu660rb.h"
   64          
   65          #pragma warning disable = 177
   66          #pragma warning disable = 183
   67          
   68          int16 imu660rb_gyro_x = 0, imu660rb_gyro_y = 0, imu660rb_gyro_z = 0;            // Ш§жсЭгТнвЧЪ§Он   gyro 
             -(ЭгТнвЧ)
   69          int16 imu660rb_acc_x = 0, imu660rb_acc_y = 0, imu660rb_acc_z = 0;               // Ш§жсМгЫйЖШМЦЪ§Он acc  
             -(accelerometer МгЫйЖШМЦ)
   70          
   71          
   72          #if (IMU660RB_USE_INTERFACE==HARDWARE_SPI) 
               
                       //------------------------------------------------------------------------------------------------------
             --------------
                       // КЏЪ§МђНщ     IMU660RB аДМФДцЦї
                       // ВЮЪ§ЫЕУї     reg             МФДцЦїЕижЗ
                       // ВЮЪ§ЫЕУї     dat            Ъ§Он
                       // ЗЕЛиВЮЪ§     void
                       // ЪЙгУЪОР§     imu660rb_write_register(IMU660RB_PWR_CONF, 0x00);                   // ЙиБеИпМЖЪЁЕчФЃЪН
                       // БИзЂаХЯЂ     ФкВПЕїгУ
                       //------------------------------------------------------------------------------------------------------
             --------------
                       static void imu660rb_write_register(uint8 reg, uint8 dat)
                       {
                               IMU660RB_CS(0);
                               spi_write_8bit_register(IMU660RB_SPI, reg | IMU660RB_SPI_W, dat);
                               IMU660RB_CS(1);
                       }
               
                       //------------------------------------------------------------------------------------------------------
             --------------
                       // КЏЪ§МђНщ     IMU660RB аДЪ§Он
                       // ВЮЪ§ЫЕУї     reg             МФДцЦїЕижЗ
                       // ВЮЪ§ЫЕУї     dat            Ъ§Он
                       // ЗЕЛиВЮЪ§     void
                       // ЪЙгУЪОР§     imu660rb_write_registers(IMU660RB_INIT_DATA, imu660rb_config_file, sizeof(imu660rb_confi
             -g_file));
                       // БИзЂаХЯЂ     ФкВПЕїгУ
                       //------------------------------------------------------------------------------------------------------
             --------------
                       // static void imu660rb_write_registers(uint8 reg, const uint8 *dat, uint32 len)
                       // {
                       //     IMU660RB_CS(0);
                       //     spi_write_8bit_registers(IMU660RB_SPI, reg | IMU660RB_SPI_W, dat, len);
                       //     IMU660RB_CS(1);
                       // }
               
                       //------------------------------------------------------------------------------------------------------
             --------------
                       // КЏЪ§МђНщ     IMU660RB ЖСМФДцЦї
                       // ВЮЪ§ЫЕУї     reg             МФДцЦїЕижЗ
                       // ЗЕЛиВЮЪ§     uint8           Ъ§Он
                       // ЪЙгУЪОР§     imu660rb_read_register(IMU660RB_CHIP_ID);
                       // БИзЂаХЯЂ     ФкВПЕїгУ
                       //------------------------------------------------------------------------------------------------------
C251 COMPILER V5.60.0,  zf_device_imu660rb                                                 01/03/26  18:13:40  PAGE 3   

             --------------
                       static uint8 imu660rb_read_register(uint8 reg)
                       {
                               uint8 dat;
                               IMU660RB_CS(0);
                               dat = spi_read_8bit_register(IMU660RB_SPI, reg | IMU660RB_SPI_R);
                               IMU660RB_CS(1);
                               return dat;
                       }
               
                       //------------------------------------------------------------------------------------------------------
             --------------
                       // КЏЪ§МђНщ     IMU660RB ЖСЪ§Он
                       // ВЮЪ§ЫЕУї     reg             МФДцЦїЕижЗ
                       // ВЮЪ§ЫЕУї     dat            Ъ§ОнЛКГхЧј
                       // ВЮЪ§ЫЕУї     len             Ъ§ОнГЄЖШ
                       // ЗЕЛиВЮЪ§     void
                       // ЪЙгУЪОР§     imu660rb_read_registers(IMU660RB_ACC_ADDRESS, dat, 6);
                       // БИзЂаХЯЂ     ФкВПЕїгУ
                       //------------------------------------------------------------------------------------------------------
             --------------
                       static void imu660rb_read_registers(uint8 reg, uint8 *dat, uint32 len)
                       {
                               IMU660RB_CS(0);
                               spi_read_8bit_registers(IMU660RB_SPI, reg | IMU660RB_SPI_R, dat, len);
                               IMU660RB_CS(1);
               
                       }
               
               #elif (IMU660RB_USE_INTERFACE==SOFT_SPI)
  138                  
  139                  
  140                  #define IMU660RB_SCK(x)                         IMU660RB_SPC_PIN  = x
  141                  #define IMU660RB_MOSI(x)                        IMU660RB_SDI_PIN = x
  142                  #define IMU660RB_MISO                           IMU660RB_SDO_PIN
  143                  #define IMU660RB_CS(x)                          IMU660RB_CS_PIN  = x
  144          
  145                  //------------------------------------------------------------------------------------------------------
             --------------
  146                  //  @brief      ЭЈЙ§SPIаДвЛИіbyte,ЭЌЪБЖСШЁвЛИіbyte
  147                  //  @param      byte        ЗЂЫЭЕФЪ§Он
  148                  //  @return     uint8 edata       return ЗЕЛиstatusзДЬЌ
  149                  //  @since      v1.0
  150                  //  Sample usage:
  151                  //------------------------------------------------------------------------------------------------------
             --------------
  152                  static uint8 imu660rb_simspi_wr_byte(uint8 byte)
  153                  {
  154   1                      uint8 i;
  155   1                      for(i=0; i<8; i++)
  156   1                      {
  157   2                              IMU660RB_SCK (0);
  158   2                              IMU660RB_MOSI(byte&0x80);
  159   2                              byte <<= 1;
  160   2                              IMU660RB_SCK (1);
  161   2                              byte |= IMU660RB_MISO;
  162   2                      }
  163   1                      IMU660RB_SCK (0);
  164   1                      return(byte);
  165   1              }
  166                  
  167                  //------------------------------------------------------------------------------------------------------
             --------------
  168                  //  @brief      НЋvalаДШыcmdЖдгІЕФМФДцЦїЕижЗ,ЭЌЪБЗЕЛиstatusзжНк
  169                  //  @param      cmd         УќСюзж
  170                  //  @param      val         Д§аДШыМФДцЦїЕФЪ§жЕ
C251 COMPILER V5.60.0,  zf_device_imu660rb                                                 01/03/26  18:13:40  PAGE 4   

  171                  //  @since      v1.0
  172                  //  Sample usage:
  173                  //------------------------------------------------------------------------------------------------------
             --------------
  174                  static void imu660rb_simspi_w_reg_byte(uint8 cmd, uint8 val)
  175                  {
  176   1                      cmd |= IMU660RB_SPI_W;
  177   1                      imu660rb_simspi_wr_byte(cmd);
  178   1                      imu660rb_simspi_wr_byte(val);
  179   1              }
  180          
  181                  //------------------------------------------------------------------------------------------------------
             --------------
  182                  //  @brief      ЖСШЁcmdЫљЖдгІЕФМФДцЦїЕижЗ
  183                  //  @param      cmd         УќСюзж
  184                  //  @param      *val        ДцДЂЖСШЁЕФЪ§ОнЕижЗ
  185                  //  @since      v1.0
  186                  //  Sample usage:
  187                  //------------------------------------------------------------------------------------------------------
             --------------
  188                  static void imu660rb_simspi_r_reg_byte(uint8 cmd, uint8 *val)
  189                  {
  190   1                      IMU660RB_SCK(0);
  191   1                      cmd |= IMU660RB_SPI_R;
  192   1                      imu660rb_simspi_wr_byte(cmd);
  193   1                      *val = imu660rb_simspi_wr_byte(0);
  194   1                      IMU660RB_SCK(1);
  195   1              }
  196                  
  197          
  198          //      //----------------------------------------------------------------------------------------------------
             ----------------
  199          //      //  @brief      НЋvalаДШыcmdЖдгІЕФМФДцЦїЕижЗ
  200          //      //  @param      cmd         УќСюзж
  201          //      //  @param      val         Д§аДШыМФДцЦїЕФЪ§жЕ
  202          //      //  @since      v1.0
  203          //      //  Sample usage:
  204          //      //----------------------------------------------------------------------------------------------------
             ----------------
  205          //      static void imu660rb_simspi_w_reg_bytes(uint8 cmd, uint8 *dat_addr, uint32 len)
  206          //      {
  207          //              cmd |= IMU660RB_SPI_W;
  208          //              imu660rb_simspi_wr_byte(cmd);
  209          //              while(len--)
  210          //              {
  211          //                      imu660rb_simspi_wr_byte(*dat_addr++);
  212          //              }
  213          //      }
  214          
  215                  //------------------------------------------------------------------------------------------------------
             --------------
  216                  //  @brief      ЖСШЁcmdЫљЖдгІЕФМФДцЦїЕижЗ
  217                  //  @param      cmd         УќСюзж
  218                  //  @param      *val        ДцДЂЖСШЁЕФЪ§ОнЕижЗ
  219                  //  @param      num         ЖСШЁЕФЪ§СП
  220                  //  @since      v1.0
  221                  //  Sample usage:
  222                  //------------------------------------------------------------------------------------------------------
             --------------
  223                  static void imu660rb_simspi_r_reg_bytes(uint8 cmd, uint8 *val, uint32 num)
  224                  {
  225   1                      cmd |= IMU660RB_SPI_R;
  226   1                      imu660rb_simspi_wr_byte(cmd);
  227   1                      while(num--)
  228   1                      {
  229   2                              *val++ = imu660rb_simspi_wr_byte(0);
C251 COMPILER V5.60.0,  zf_device_imu660rb                                                 01/03/26  18:13:40  PAGE 5   

  230   2                      }
  231   1              }
  232                  
  233                  //------------------------------------------------------------------------------------------------------
             --------------
  234                  // КЏЪ§МђНщ     IMU660RB аДМФДцЦї
  235                  // ВЮЪ§ЫЕУї     reg             МФДцЦїЕижЗ
  236                  // ВЮЪ§ЫЕУї     dat            Ъ§Он
  237                  // ЗЕЛиВЮЪ§     void
  238                  // ЪЙгУЪОР§     imu660rb_write_register(IMU660RB_PWR_CONF, 0x00);                   // ЙиБеИпМЖЪЁЕчФЃЪН
  239                  // БИзЂаХЯЂ     ФкВПЕїгУ
  240                  //------------------------------------------------------------------------------------------------------
             --------------
  241                  static void imu660rb_write_register(uint8 reg, uint8 dat)
  242                  {
  243   1                      IMU660RB_CS(0);
  244   1                      imu660rb_simspi_w_reg_byte(reg | IMU660RB_SPI_W, dat);
  245   1                      IMU660RB_CS(1);
  246   1              }
  247          
  248                  //------------------------------------------------------------------------------------------------------
             --------------
  249                  // КЏЪ§МђНщ     IMU660RB ЖСМФДцЦї
  250                  // ВЮЪ§ЫЕУї     reg             МФДцЦїЕижЗ
  251                  // ЗЕЛиВЮЪ§     uint8           Ъ§Он
  252                  // ЪЙгУЪОР§     imu660rb_read_register(IMU660RB_CHIP_ID);
  253                  // БИзЂаХЯЂ     ФкВПЕїгУ
  254                  //------------------------------------------------------------------------------------------------------
             --------------
  255                  static uint8 imu660rb_read_register(uint8 reg)
  256                  {
  257   1                      uint8 dat;
  258   1                      IMU660RB_CS(0);
  259   1                      imu660rb_simspi_r_reg_byte(reg | IMU660RB_SPI_R, &dat);
  260   1                      IMU660RB_CS(1);
  261   1                      return dat;
  262   1              }
  263          
  264                  //------------------------------------------------------------------------------------------------------
             --------------
  265                  // КЏЪ§МђНщ     IMU660RB ЖСЪ§Он
  266                  // ВЮЪ§ЫЕУї     reg             МФДцЦїЕижЗ
  267                  // ВЮЪ§ЫЕУї     dat            Ъ§ОнЛКГхЧј
  268                  // ВЮЪ§ЫЕУї     len             Ъ§ОнГЄЖШ
  269                  // ЗЕЛиВЮЪ§     void
  270                  // ЪЙгУЪОР§     imu660rb_read_registers(IMU660RB_ACC_ADDRESS, dat, 6);
  271                  // БИзЂаХЯЂ     ФкВПЕїгУ
  272                  //------------------------------------------------------------------------------------------------------
             --------------
  273                  static void imu660rb_read_registers(uint8 reg, uint8 *dat, uint32 len)
  274                  {
  275   1                      IMU660RB_CS(0);
  276   1                      imu660rb_simspi_r_reg_bytes(reg | IMU660RB_SPI_R, dat, len);
  277   1                      IMU660RB_CS(1);
  278   1              }
  279                  
  280                  
  281          
  282          #elif (IMU660RB_USE_INTERFACE==SOFT_IIC)
                       
                       static soft_iic_info_struct imu660rb_iic_struct;
               
                       #define imu660rb_write_register(reg, dat)        (soft_iic_write_8bit_register (&imu660rb_iic_struct, (r
             -eg), (dat)))
                       #define imu660rb_write_registers(reg, dat, len)  (soft_iic_write_8bit_registers(&imu660rb_iic_struct, (r
             -eg), (dat), (len)))
C251 COMPILER V5.60.0,  zf_device_imu660rb                                                 01/03/26  18:13:40  PAGE 6   

                       #define imu660rb_read_register(reg)               (soft_iic_read_8bit_register  (&imu660rb_iic_struct, (
             -reg)))
                       #define imu660rb_read_registers(reg, dat, len)   (soft_iic_read_8bit_registers (&imu660rb_iic_struct, (r
             -eg), (dat), (len)))
               
               #endif
  292          
  293          //-------------------------------------------------------------------------------------------------------
             -------------
  294          // КЏЪ§МђНщ     IMU660RB здМь
  295          // ВЮЪ§ЫЕУї     void
  296          // ЗЕЛиВЮЪ§     uint8           1-здМьЪЇАм 0-здМьГЩЙІ
  297          // ЪЙгУЪОР§     imu660rb_self_check();
  298          // БИзЂаХЯЂ     ФкВПЕїгУ
  299          //-------------------------------------------------------------------------------------------------------
             -------------
  300          static uint8 imu660rb_self_check (void)
  301          {
  302   1          uint8 dat = 0, return_state = 0;
  303   1          uint16 timeout_count = 0;
  304   1          do
  305   1          {
  306   2              if(timeout_count ++ > IMU660RB_TIMEOUT_COUNT)
  307   2              {
  308   3                  return_state =  1;
  309   3                  break;
  310   3              }
  311   2              dat = imu660rb_read_register(IMU660RB_CHIP_ID);
  312   2              system_delay_ms(1);
  313   2          }while(0x6B != dat);                                                        // ЖСШЁЩшБИIDЪЧЗёЕШгк0X24
             -ЃЌШчЙћВЛЪЧ0X24дђШЯЮЊУЛМьВтЕНЩшБИ
  314   1          return return_state;
  315   1      }
  316          
  317          //-------------------------------------------------------------------------------------------------------
             -------------
  318          // КЏЪ§МђНщ     ЛёШЁ IMU660RB МгЫйЖШМЦЪ§Он
  319          // ВЮЪ§ЫЕУї     void
  320          // ЗЕЛиВЮЪ§     void
  321          // ЪЙгУЪОР§     imu660rb_get_acc();                                             // жДааИУКЏЪ§КѓЃЌжБНгВщПД
             -ЖдгІЕФБфСПМДПЩ
  322          // БИзЂаХЯЂ     ЪЙгУ SPI ЕФВЩМЏЪБМфЮЊ69us
  323          //             ЪЙгУ IIC ЕФВЩМЏЪБМфЮЊ126us        ВЩМЏМгЫйЖШМЦЕФЪБМфгыВЩМЏЭгТнвЧЕФЪБМфвЛжТЕФд­вђЪЧЖМжЛЪЧЖС
             -ШЁМФДцЦїЪ§Он
  324          //-------------------------------------------------------------------------------------------------------
             -------------
  325          void imu660rb_get_acc (void)
  326          {
  327   1          uint8 dat[6];
  328   1      
  329   1          imu660rb_read_registers(IMU660RB_ACC_ADDRESS, dat, 6);
  330   1          imu660rb_acc_x = (int16)(((uint16)dat[1]<<8 | dat[0]));
  331   1          imu660rb_acc_y = (int16)(((uint16)dat[3]<<8 | dat[2]));
  332   1          imu660rb_acc_z = (int16)(((uint16)dat[5]<<8 | dat[4]));
  333   1      }
  334          //-------------------------------------------------------------------------------------------------------
             -------------
  335          // КЏЪ§МђНщ     ЛёШЁ IMU660RB ЭгТнвЧЪ§Он
  336          // ВЮЪ§ЫЕУї     void
  337          // ЗЕЛиВЮЪ§     void
  338          // ЪЙгУЪОР§     imu660rb_get_gyro();                                            // жДааИУКЏЪ§КѓЃЌжБНгВщПД
             -ЖдгІЕФБфСПМДПЩ
  339          // БИзЂаХЯЂ     ЪЙгУ SPI ЕФВЩМЏЪБМфЮЊ69us
  340          //             ЪЙгУ IIC ЕФВЩМЏЪБМфЮЊ126us
  341          //-------------------------------------------------------------------------------------------------------
             -------------
C251 COMPILER V5.60.0,  zf_device_imu660rb                                                 01/03/26  18:13:40  PAGE 7   

  342          void imu660rb_get_gyro (void)
  343          {
  344   1          uint8 dat[6];
  345   1      
  346   1          imu660rb_read_registers(IMU660RB_GYRO_ADDRESS, dat, 6);
  347   1          imu660rb_gyro_x = (int16)(((uint16)dat[1]<<8 | dat[0]));
  348   1          imu660rb_gyro_y = (int16)(((uint16)dat[3]<<8 | dat[2]));
  349   1          imu660rb_gyro_z = (int16)(((uint16)dat[5]<<8 | dat[4]));
  350   1      }
  351          
  352          //-------------------------------------------------------------------------------------------------------
             -------------
  353          // КЏЪ§МђНщ     НЋ IMU660RB МгЫйЖШМЦЪ§ОнзЊЛЛЮЊЪЕМЪЮяРэЪ§Он
  354          // ВЮЪ§ЫЕУї     gyro_value      ШЮвтжсЕФМгЫйЖШМЦЪ§Он
  355          // ЗЕЛиВЮЪ§     void
  356          // ЪЙгУЪОР§     float dat = imu660rb_acc_transition(imu660rb_acc_x);           // ЕЅЮЛЮЊ g(m/s^2)
  357          // БИзЂаХЯЂ
  358          //-------------------------------------------------------------------------------------------------------
             -------------
  359          float imu660rb_acc_transition (int16 acc_value)
  360          {
  361   1          float acc_data = 0;
  362   1          switch(IMU660RB_ACC_SAMPLE)
  363   1          {
  364   2              case 0x30: acc_data = (float)acc_value / 16393; break;                  // 0x30 МгЫйЖШСПГЬЮЊ:ЁР2G
             -      ЛёШЁЕНЕФМгЫйЖШМЦЪ§Он Г§вд 16393 ЃЌПЩвдзЊЛЏЮЊДјЮяРэЕЅЮЛЕФЪ§ОнЃЌЕЅЮЛЃКg(m/s^2)
  365   2              case 0x38: acc_data = (float)acc_value / 8197;  break;                  // 0x38 МгЫйЖШСПГЬЮЊ:ЁР4G
             -      ЛёШЁЕНЕФМгЫйЖШМЦЪ§Он Г§вд 8197 ЃЌ ПЩвдзЊЛЏЮЊДјЮяРэЕЅЮЛЕФЪ§ОнЃЌЕЅЮЛЃКg(m/s^2)
  366   2              case 0x3C: acc_data = (float)acc_value / 4098;  break;                  // 0x3C МгЫйЖШСПГЬЮЊ:ЁР8G
             -      ЛёШЁЕНЕФМгЫйЖШМЦЪ§Он Г§вд 4098 ЃЌ ПЩвдзЊЛЏЮЊДјЮяРэЕЅЮЛЕФЪ§ОнЃЌЕЅЮЛЃКg(m/s^2)
  367   2              case 0x34: acc_data = (float)acc_value / 2049;  break;                  // 0x34 МгЫйЖШСПГЬЮЊ:ЁР16
             -G     ЛёШЁЕНЕФМгЫйЖШМЦЪ§Он Г§вд 2049 ЃЌ ПЩвдзЊЛЏЮЊДјЮяРэЕЅЮЛЕФЪ§ОнЃЌЕЅЮЛЃКg(m/s^2)
  368   2              default: break;
  369   2          }
  370   1          return acc_data;
  371   1      }
  372          
  373          //-------------------------------------------------------------------------------------------------------
             -------------
  374          // КЏЪ§МђНщ     НЋ IMU660RB ЭгТнвЧЪ§ОнзЊЛЛЮЊЪЕМЪЮяРэЪ§Он
  375          // ВЮЪ§ЫЕУї     gyro_value      ШЮвтжсЕФЭгТнвЧЪ§Он
  376          // ЗЕЛиВЮЪ§     void
  377          // ЪЙгУЪОР§     float dat = imu660rb_gyro_transition(imu660rb_gyro_x);         // ЕЅЮЛЮЊЁу/s
  378          // БИзЂаХЯЂ
  379          //-------------------------------------------------------------------------------------------------------
             -------------
  380          float imu660rb_gyro_transition (int16 gyro_value)
  381          {
  382   1          float gyro_data = 0;
  383   1          switch(IMU660RB_GYR_SAMPLE)
  384   1          {
  385   2              case 0x52: gyro_data = (float)gyro_value / 228.6f;  break;              //  0x52 ЭгТнвЧСПГЬЮЊ:ЁР1
             -25dps  ЛёШЁЕНЕФЭгТнвЧЪ§ОнГ§вд 228.6ЃЌ   ПЩвдзЊЛЏЮЊДјЮяРэЕЅЮЛЕФЪ§ОнЃЌЕЅЮЛЮЊЃКЁу/s
  386   2              case 0x50: gyro_data = (float)gyro_value / 114.3f;  break;              //  0x50 ЭгТнвЧСПГЬЮЊ:ЁР2
             -50dps  ЛёШЁЕНЕФЭгТнвЧЪ§ОнГ§вд 114.3ЃЌ   ПЩвдзЊЛЏЮЊДјЮяРэЕЅЮЛЕФЪ§ОнЃЌЕЅЮЛЮЊЃКЁу/s
  387   2              case 0x54: gyro_data = (float)gyro_value / 57.1f;   break;              //  0x54 ЭгТнвЧСПГЬЮЊ:ЁР5
             -00dps  ЛёШЁЕНЕФЭгТнвЧЪ§ОнГ§вд 57.1ЃЌ    ПЩвдзЊЛЏЮЊДјЮяРэЕЅЮЛЕФЪ§ОнЃЌЕЅЮЛЮЊЃКЁу/s
  388   2              case 0x58: gyro_data = (float)gyro_value / 28.6f;   break;              //  0x58 ЭгТнвЧСПГЬЮЊ:ЁР1
             -000dps ЛёШЁЕНЕФЭгТнвЧЪ§ОнГ§вд 28.6ЃЌ    ПЩвдзЊЛЏЮЊДјЮяРэЕЅЮЛЕФЪ§ОнЃЌЕЅЮЛЮЊЃКЁу/s
  389   2              case 0x5C: gyro_data = (float)gyro_value / 14.3f;   break;              //  0x5C ЭгТнвЧСПГЬЮЊ:ЁР2
             -000dps ЛёШЁЕНЕФЭгТнвЧЪ§ОнГ§вд 14.3ЃЌ    ПЩвдзЊЛЏЮЊДјЮяРэЕЅЮЛЕФЪ§ОнЃЌЕЅЮЛЮЊЃКЁу/s
  390   2              case 0x51: gyro_data = (float)gyro_value / 7.1f;    break;              //  0x51 ЭгТнвЧСПГЬЮЊ:ЁР4
             -000dps ЛёШЁЕНЕФЭгТнвЧЪ§ОнГ§вд 7.1ЃЌ     ПЩвдзЊЛЏЮЊДјЮяРэЕЅЮЛЕФЪ§ОнЃЌЕЅЮЛЮЊЃКЁу/s
  391   2              default: break;
  392   2          }
  393   1          return gyro_data;
C251 COMPILER V5.60.0,  zf_device_imu660rb                                                 01/03/26  18:13:40  PAGE 8   

  394   1      }
  395          
  396          //-------------------------------------------------------------------------------------------------------
             -------------
  397          // КЏЪ§МђНщ     ГѕЪМЛЏ IMU660RB
  398          // ВЮЪ§ЫЕУї     void
  399          // ЗЕЛиВЮЪ§     uint8           1-ГѕЪМЛЏЪЇАм 0-ГѕЪМЛЏГЩЙІ
  400          // ЪЙгУЪОР§     imu660rb_init();
  401          // БИзЂаХЯЂ
  402          //-------------------------------------------------------------------------------------------------------
             -------------
  403          uint8 imu660rb_init (void)
  404          {
  405   1          uint8 return_state = 0;
  406   1          system_delay_ms(20);                                                        // ЕШД§ЩшБИЩЯЕчГЩЙІ
  407   1      
  408   1      #if (IMU660RB_USE_INTERFACE==HARDWARE_SPI)
                       
                   spi_init(IMU660RB_SPI, SPI_MODE0, IMU660RB_SPI_SPEED, IMU660RB_SPC_PIN, IMU660RB_SDI_PIN, IMU660RB_SD
             -O_PIN, SPI_CS_NULL);   // ХфжУ IMU660RB ЕФ SPI ЖЫПк
                   gpio_init(IMU660RB_CS_PIN, GPO, GPIO_HIGH, GPO_PUSH_PULL);                  // ХфжУ IMU660RB ЕФ CS ЖЫ
             -Пк
               //    imu660rb_read_register(IMU660RB_CHIP_ID);                                   // ЖСШЁвЛЯТЩшБИID НЋЩшБ
             -ИЩшжУЮЊSPIФЃЪН
                       
               #elif (IMU660RB_USE_INTERFACE==SOFT_SPI)
  415   1              
  416   1      // ФЌШЯЪЙгУЫЋЯђIOЃЌВЛашвЊГѕЪМЛЏЁЃ
  417   1      //      soft_spi_init(IMU660RB_SPI, SPI_MODE0, 0, IMU963RA_SPC_PIN, IMU963RA_SDI_PIN, IMU963RA_SDO_PIN, IMU963
             -RA_CS_PIN);
  418   1              
  419   1      #elif (IMU660RB_USE_INTERFACE==SOFT_IIC)
                       
                       soft_iic_init(&imu660rb_iic_struct, IMU660RB_DEV_ADDR, IMU660RB_SOFT_IIC_DELAY, IMU660RB_SCL_PIN, IMU660
             -RB_SDA_PIN);        // ХфжУ IMU660RB ЕФ IIC ЖЫПк
                       
               #endif
  424   1              
  425   1              
  426   1          do{
  427   2              if(imu660rb_self_check())                                               // IMU660RB здМь
  428   2              {
  429   3                  // ШчЙћГЬађдкЪфГіСЫЖЯбдаХЯЂ ВЂЧвЬсЪОГіДэЮЛжУдкетРя
  430   3                  // ФЧУДОЭЪЧ IMU660RB здМьГіДэВЂГЌЪБЭЫГіСЫ
  431   3                  // МьВщвЛЯТНгЯпгаУЛгаЮЪЬт ШчЙћУЛЮЪЬтПЩФмОЭЪЧЛЕСЫ
  432   3                  printf("imu660rb self check error.");
  433   3                  return_state = 1;
  434   3                  break;
  435   3              }
  436   2      
  437   2              imu660rb_write_register(IMU660RB_INT1_CTRL, 0x03);                      // ПЊЦєЭгТнвЧ МгЫйЖШЪ§ОнО
             -ЭаїжаЖЯ
  438   2              imu660rb_write_register(IMU660RB_CTRL1_XL, IMU660RB_ACC_SAMPLE);        // ЩшжУМгЫйЖШМЦСПГЬ ЁР8G 
             -вдМАЪ§ОнЪфГіЫйТЪ 52hz вдМАМгЫйЖШаХЯЂДгЕквЛМЖТЫВЈЦїЪфГі
  439   2              // IMU660RB_CTRL1_XL МФДцЦї
  440   2              // ЩшжУЮЊ:0x30 МгЫйЖШСПГЬЮЊ:ЁР2G      ЛёШЁЕНЕФМгЫйЖШМЦЪ§Он Г§вд16393ЃЌПЩвдзЊЛЏЮЊДјЮяРэЕЅЮЛЕФЪ§ОнЃ
             -ЌЕЅЮЛЃКg(m/s^2)
  441   2              // ЩшжУЮЊ:0x38 МгЫйЖШСПГЬЮЊ:ЁР4G      ЛёШЁЕНЕФМгЫйЖШМЦЪ§Он Г§вд8197ЃЌ ПЩвдзЊЛЏЮЊДјЮяРэЕЅЮЛЕФЪ§ОнЃ
             -ЌЕЅЮЛЃКg(m/s^2)
  442   2              // ЩшжУЮЊ:0x3C МгЫйЖШСПГЬЮЊ:ЁР8G      ЛёШЁЕНЕФМгЫйЖШМЦЪ§Он Г§вд4098ЃЌ ПЩвдзЊЛЏЮЊДјЮяРэЕЅЮЛЕФЪ§ОнЃ
             -ЌЕЅЮЛЃКg(m/s^2)
  443   2              // ЩшжУЮЊ:0x34 МгЫйЖШСПГЬЮЊ:ЁР16G     ЛёШЁЕНЕФМгЫйЖШМЦЪ§Он Г§вд2049ЃЌ ПЩвдзЊЛЏЮЊДјЮяРэЕЅЮЛЕФЪ§ОнЃ
             -ЌЕЅЮЛЃКg(m/s^2)
  444   2      
  445   2              imu660rb_write_register(IMU660RB_CTRL2_G, IMU660RB_GYR_SAMPLE);         // ЩшжУЭгТнвЧМЦСПГЬ ЁР200
             -0dps вдМАЪ§ОнЪфГіЫйТЪ 208hz
C251 COMPILER V5.60.0,  zf_device_imu660rb                                                 01/03/26  18:13:40  PAGE 9   

  446   2              // IMU660RB_CTRL2_G МФДцЦї
  447   2              // ЩшжУЮЊ:0x52 ЭгТнвЧСПГЬЮЊ:ЁР125dps  ЛёШЁЕНЕФЭгТнвЧЪ§ОнГ§вд228.6ЃЌ   ПЩвдзЊЛЏЮЊДјЮяРэЕЅЮЛЕФЪ§ОнЃ
             -ЌЕЅЮЛЮЊЃКЁу/s
  448   2              // ЩшжУЮЊ:0x50 ЭгТнвЧСПГЬЮЊ:ЁР250dps  ЛёШЁЕНЕФЭгТнвЧЪ§ОнГ§вд114.3ЃЌ   ПЩвдзЊЛЏЮЊДјЮяРэЕЅЮЛЕФЪ§ОнЃ
             -ЌЕЅЮЛЮЊЃКЁу/s
  449   2              // ЩшжУЮЊ:0x54 ЭгТнвЧСПГЬЮЊ:ЁР500dps  ЛёШЁЕНЕФЭгТнвЧЪ§ОнГ§вд57.1ЃЌ    ПЩвдзЊЛЏЮЊДјЮяРэЕЅЮЛЕФЪ§ОнЃ
             -ЌЕЅЮЛЮЊЃКЁу/s
  450   2              // ЩшжУЮЊ:0x58 ЭгТнвЧСПГЬЮЊ:ЁР1000dps ЛёШЁЕНЕФЭгТнвЧЪ§ОнГ§вд28.6ЃЌ    ПЩвдзЊЛЏЮЊДјЮяРэЕЅЮЛЕФЪ§ОнЃ
             -ЌЕЅЮЛЮЊЃКЁу/s
  451   2              // ЩшжУЮЊ:0x5C ЭгТнвЧСПГЬЮЊ:ЁР2000dps ЛёШЁЕНЕФЭгТнвЧЪ§ОнГ§вд14.3ЃЌ    ПЩвдзЊЛЏЮЊДјЮяРэЕЅЮЛЕФЪ§ОнЃ
             -ЌЕЅЮЛЮЊЃКЁу/s
  452   2              // ЩшжУЮЊ:0x51 ЭгТнвЧСПГЬЮЊ:ЁР4000dps ЛёШЁЕНЕФЭгТнвЧЪ§ОнГ§вд7.1ЃЌ     ПЩвдзЊЛЏЮЊДјЮяРэЕЅЮЛЕФЪ§ОнЃ
             -ЌЕЅЮЛЮЊЃКЁу/s
  453   2      
  454   2              imu660rb_write_register(IMU660RB_CTRL3_C, 0x44);                        // ЪЙФмЭгТнвЧЪ§зжЕЭЭЈТЫВЈ
             -Цї
  455   2              imu660rb_write_register(IMU660RB_CTRL4_C, 0x02);                        // ЪЙФмЪ§зжЕЭЭЈТЫВЈЦї
  456   2              imu660rb_write_register(IMU660RB_CTRL5_C, 0x00);                        // МгЫйЖШМЦгыЭгТнвЧЫФЩсЮх
             -Шы
  457   2              imu660rb_write_register(IMU660RB_CTRL6_C, 0x00);                        // ПЊЦєМгЫйЖШМЦИпадФмФЃЪН
             - ЭгТнвЧЕЭЭЈТЫВЈ 133hz
  458   2              imu660rb_write_register(IMU660RB_CTRL7_G, 0x00);                        // ПЊЦєЭгТнвЧИпадФмФЃЪН Й
             -иБеИпЭЈТЫВЈ
  459   2              imu660rb_write_register(IMU660RB_CTRL9_XL, 0x01);                       // ЙиБеI3CНгПк
  460   2      
  461   2          }while(0);
  462   1          return return_state;
  463   1      }
  464          
  465          


Module Information          Static   Overlayable
------------------------------------------------
  code size            =      1247     ------
  ecode size           =    ------     ------
  data size            =    ------     ------
  idata size           =    ------     ------
  pdata size           =    ------     ------
  xdata size           =        72     ------
  xdata-const size     =    ------     ------
  edata size           =    ------     ------
  bit size             =    ------     ------
  ebit size            =    ------     ------
  bitaddressable size  =    ------     ------
  ebitaddressable size =    ------     ------
  far data size        =    ------     ------
  huge data size       =    ------     ------
  const size           =    ------     ------
  hconst size          =        69     ------
End of Module Information.


C251 COMPILATION COMPLETE.  0 WARNING(S),  0 ERROR(S)
